2025-07-31 09:02:58,072 [INFO] Activator:176 - 


2025-07-31 09:02:58,075 [INFO] Activator:177 - !SESSION log4j initialized
2025-07-31 09:03:01,703 [INFO] LogOutputStream:77 - [STDOUT_REDIRECT] 
2025-07-31 09:03:02,514 [INFO] ApplicationProperties:184 - Using Application install path: C:\ST\STM32CubeIDE_1.19.0\STM32CubeIDE\plugins\com.st.stm32cube.common.mx_6.15.0.202507011659
2025-07-31 09:03:02,529 [INFO] DbMcusXml:78 - Set database path to: C:\ST\STM32CubeIDE_1.19.0\STM32CubeIDE\plugins\com.st.stm32cube.common.mx_6.15.0.202507011659\\db\/mcu/
2025-07-31 09:03:02,530 [INFO] ApiDb:274 - Set plugin database path to: C:\ST\STM32CubeIDE_1.19.0\STM32CubeIDE\plugins\com.st.stm32cube.common.mx_6.15.0.202507011659\\db\/plugins/boardmanager/
2025-07-31 09:03:02,530 [WARN] ApiDb:259 - Overriding images path with different value:  => C:\ST\STM32CubeIDE_1.19.0\STM32CubeIDE\plugins\com.st.stm32cube.common.mx_6.15.0.202507011659\\db\/plugins/mcufinder/images/
2025-07-31 09:03:02,534 [INFO] ApiDb:250 - Set database path to: C:\Users\User\.stmcufinder\plugins\mcufinder//mcu/
2025-07-31 09:03:02,536 [INFO] DbMcusAds:125 - Set database path to: C:\Users\User\.stmcufinder\plugins\mcufinder//mcu/
2025-07-31 09:03:02,537 [INFO] CrossReferenceDbSqlite:203 - Set database path to: C:\Users\User\.stmcufinder\plugins\mcufinder//mcu/cs/
2025-07-31 09:03:02,629 [INFO] RulesReader:64 - Compatibility file has been processed (317 Rules)
2025-07-31 09:03:02,679 [INFO] DbMcusXml:78 - Set database path to: C:\ST\STM32CubeIDE_1.19.0\STM32CubeIDE\plugins\com.st.stm32cube.common.mx_6.15.0.202507011659\\db\/mcu/
2025-07-31 09:03:02,679 [INFO] ApiDb:274 - Set plugin database path to: C:\ST\STM32CubeIDE_1.19.0\STM32CubeIDE\plugins\com.st.stm32cube.common.mx_6.15.0.202507011659\\db\/plugins/boardmanager/
2025-07-31 09:03:02,679 [INFO] ApiDb:261 - Set plugin images path to: C:\ST\STM32CubeIDE_1.19.0\STM32CubeIDE\plugins\com.st.stm32cube.common.mx_6.15.0.202507011659\\db\/plugins/mcufinder/images/
2025-07-31 09:03:02,680 [WARN] DbFile:41 - Overriding database path with different value: C:\Users\User\.stmcufinder\plugins\mcufinder/ => C:\Users\User\.stmcufinder\plugins\mcufinder
2025-07-31 09:03:02,680 [INFO] ApiDb:250 - Set database path to: C:\Users\User\.stmcufinder\plugins\mcufinder//mcu/
2025-07-31 09:03:02,680 [WARN] DbFile:41 - Overriding database path with different value: C:\Users\User\.stmcufinder\plugins\mcufinder/ => C:\Users\User\.stmcufinder\plugins\mcufinder
2025-07-31 09:03:02,680 [INFO] DbMcusAds:125 - Set database path to: C:\Users\User\.stmcufinder\plugins\mcufinder//mcu/
2025-07-31 09:03:02,680 [WARN] DbFile:41 - Overriding database path with different value: C:\Users\User\.stmcufinder\plugins\mcufinder/ => C:\Users\User\.stmcufinder\plugins\mcufinder
2025-07-31 09:03:02,680 [WARN] DbFile:41 - Overriding database path with different value: C:\Users\User\.stmcufinder\plugins\mcufinder/ => C:\Users\User\.stmcufinder\plugins\mcufinder
2025-07-31 09:03:02,680 [INFO] CrossReferenceDbSqlite:203 - Set database path to: C:\Users\User\.stmcufinder\plugins\mcufinder//mcu/cs/
2025-07-31 09:03:02,740 [INFO] MainPanel:274 - HeapMemory: 269484032
2025-07-31 09:03:02,801 [INFO] DbMcusXml:78 - Set database path to: C:\ST\STM32CubeIDE_1.19.0\STM32CubeIDE\plugins\com.st.stm32cube.common.mx_6.15.0.202507011659\\db\/mcu/
2025-07-31 09:03:02,801 [INFO] ApiDb:274 - Set plugin database path to: C:\ST\STM32CubeIDE_1.19.0\STM32CubeIDE\plugins\com.st.stm32cube.common.mx_6.15.0.202507011659\\db\/plugins/boardmanager/
2025-07-31 09:03:02,801 [INFO] ApiDb:261 - Set plugin images path to: C:\ST\STM32CubeIDE_1.19.0\STM32CubeIDE\plugins\com.st.stm32cube.common.mx_6.15.0.202507011659\\db\/plugins/mcufinder/images/
2025-07-31 09:03:02,801 [WARN] DbFile:41 - Overriding database path with different value: C:\Users\User\.stmcufinder\plugins\mcufinder/ => C:\Users\User\.stmcufinder\plugins\mcufinder
2025-07-31 09:03:02,802 [INFO] ApiDb:250 - Set database path to: C:\Users\User\.stmcufinder\plugins\mcufinder//mcu/
2025-07-31 09:03:02,802 [WARN] DbFile:41 - Overriding database path with different value: C:\Users\User\.stmcufinder\plugins\mcufinder/ => C:\Users\User\.stmcufinder\plugins\mcufinder
2025-07-31 09:03:02,802 [INFO] DbMcusAds:125 - Set database path to: C:\Users\User\.stmcufinder\plugins\mcufinder//mcu/
2025-07-31 09:03:02,802 [WARN] DbFile:41 - Overriding database path with different value: C:\Users\User\.stmcufinder\plugins\mcufinder/ => C:\Users\User\.stmcufinder\plugins\mcufinder
2025-07-31 09:03:02,802 [WARN] DbFile:41 - Overriding database path with different value: C:\Users\User\.stmcufinder\plugins\mcufinder/ => C:\Users\User\.stmcufinder\plugins\mcufinder
2025-07-31 09:03:02,802 [INFO] CrossReferenceDbSqlite:203 - Set database path to: C:\Users\User\.stmcufinder\plugins\mcufinder//mcu/cs/
2025-07-31 09:03:02,813 [INFO] ApplicationProperties:184 - Using Application install path: C:\ST\STM32CubeIDE_1.19.0\STM32CubeIDE\plugins\com.st.stm32cube.common.mx_6.15.0.202507011659
2025-07-31 09:03:02,815 [INFO] PluginManage:196 - Search for loadable plugins [exclusion list=, ]
2025-07-31 09:03:02,815 [INFO] PluginManage:310 - Check plugin analytics
2025-07-31 09:03:02,949 [INFO] AnalyticsPlugin:253 - Accepted Software Licenses: 
2025-07-31 09:03:02,949 [INFO] AnalyticsPlugin:255 - Accepted CMSIS Pack Licenses: 
2025-07-31 09:03:02,949 [INFO] AnalyticsPlugin:257 - Accepted Firmware Licenses: FW.WL.1.3.0
2025-07-31 09:03:02,952 [INFO] PluginManage:359 - Loaded plugin analytics (category:tool,tabindex:-1)
2025-07-31 09:03:02,952 [INFO] PluginManage:310 - Check plugin cadmodel
2025-07-31 09:03:02,956 [INFO] CADModel:105 - Init CAD model plugin
2025-07-31 09:03:02,956 [INFO] PluginManage:359 - Loaded plugin cadmodel (category:power,tabindex:5)
2025-07-31 09:03:02,956 [INFO] PluginManage:310 - Check plugin clock
2025-07-31 09:03:02,963 [INFO] PluginManage:359 - Loaded plugin clock (category:base,tabindex:2)
2025-07-31 09:03:02,963 [INFO] PluginManage:310 - Check plugin ddr
2025-07-31 09:03:02,965 [INFO] PluginManage:359 - Loaded plugin ddr (category:tool,tabindex:6)
2025-07-31 09:03:02,966 [INFO] PluginManage:310 - Check plugin filemanager
2025-07-31 09:03:03,071 [INFO] PluginManage:359 - Loaded plugin filemanager (category:base,tabindex:10)
2025-07-31 09:03:03,071 [INFO] PluginManage:310 - Check plugin ipmanager
2025-07-31 09:03:03,076 [INFO] PluginManage:359 - Loaded plugin ipmanager (category:base,tabindex:5)
2025-07-31 09:03:03,077 [INFO] PluginManage:310 - Check plugin lpbam
2025-07-31 09:03:03,085 [INFO] PluginManage:359 - Loaded plugin lpbam (category:base,tabindex:0)
2025-07-31 09:03:03,085 [INFO] PluginManage:310 - Check plugin memorymap
2025-07-31 09:03:03,096 [INFO] PluginManage:359 - Loaded plugin memorymap (category:base,tabindex:4)
2025-07-31 09:03:03,096 [INFO] PluginManage:310 - Check plugin pinoutandconfiguration
2025-07-31 09:03:03,103 [INFO] PluginManage:359 - Loaded plugin pinoutandconfiguration (category:base,tabindex:1)
2025-07-31 09:03:03,103 [INFO] PluginManage:310 - Check plugin pinoutconfig
2025-07-31 09:03:03,168 [WARN] SupportedApi:132 - Cannot load RTOS API schema: s4s-elt-must-match.1: The content of 'definitions' must match (annotation?, (simpleType | complexType)?, (unique | key | keyref)*)). A problem was found starting at: attribute.
2025-07-31 09:03:03,282 [INFO] PluginManage:359 - Loaded plugin pinoutconfig (category:base,tabindex:0)
2025-07-31 09:03:03,282 [INFO] PluginManage:310 - Check plugin power
2025-07-31 09:03:03,287 [INFO] PluginManage:359 - Loaded plugin power (category:power,tabindex:4)
2025-07-31 09:03:03,287 [INFO] PluginManage:310 - Check plugin projectmanager
2025-07-31 09:03:03,299 [INFO] PluginManage:359 - Loaded plugin projectmanager (category:projectmanager,tabindex:4)
2025-07-31 09:03:03,299 [INFO] PluginManage:310 - Check plugin rif
2025-07-31 09:03:03,305 [INFO] PluginManage:359 - Loaded plugin rif (category:base,tabindex:3)
2025-07-31 09:03:03,305 [INFO] PluginManage:310 - Check plugin thirdparty
2025-07-31 09:03:03,394 [WARN] IntegrityCheckThread:84 - waiting for thirdparty lock release [integrity check]
2025-07-31 09:03:03,394 [INFO] IntegrityCheckThread:86 - entering critical section [integrity check]
2025-07-31 09:03:03,394 [INFO] PluginManage:359 - Loaded plugin thirdparty (category:base,tabindex:-1)
2025-07-31 09:03:03,394 [INFO] PluginManage:310 - Check plugin tools
2025-07-31 09:03:03,394 [INFO] ThirdPartyUpdaterWithRetryManager:70 - Updater plugin not ready yet. [1/15]
2025-07-31 09:03:03,397 [INFO] PluginManage:359 - Loaded plugin tools (category:base,tabindex:7)
2025-07-31 09:03:03,397 [INFO] PluginManage:310 - Check plugin tutovideos
2025-07-31 09:03:03,575 [INFO] PluginManage:359 - Loaded plugin tutovideos (category:base,tabindex:-1)
2025-07-31 09:03:03,576 [INFO] PluginManage:310 - Check plugin updater
2025-07-31 09:03:03,594 [INFO] PluginManage:359 - Loaded plugin updater (category:base,tabindex:12)
2025-07-31 09:03:03,594 [INFO] PluginManage:310 - Check plugin userauth
2025-07-31 09:03:03,598 [INFO] UserAuth:118 - Init User Auth plugin
2025-07-31 09:03:03,599 [INFO] PluginManage:359 - Loaded plugin userauth (category:base,tabindex:14)
2025-07-31 09:03:03,600 [INFO] PluginManage:283 - PluginManage : Loaded plugins [18]
2025-07-31 09:03:03,753 [INFO] PinOutPanel:1589 - setPackage(No Configuration,No Configuration)
2025-07-31 09:03:03,817 [INFO] CADModel:165 - CPN selected for project level
2025-07-31 09:03:03,817 [INFO] CADModel:114 - Register for checkConnection events
2025-07-31 09:03:03,830 [INFO] IPUIPlugin:80 - create IPUIPlugin
2025-07-31 09:03:03,830 [INFO] PluginManager:220 - loadIPPluginJar : add adc
2025-07-31 09:03:03,832 [INFO] IPUIPlugin:80 - create IPUIPlugin
2025-07-31 09:03:03,832 [INFO] PluginManager:220 - loadIPPluginJar : add aes
2025-07-31 09:03:03,835 [INFO] IPUIPlugin:80 - create IPUIPlugin
2025-07-31 09:03:03,835 [INFO] PluginManager:220 - loadIPPluginJar : add can
2025-07-31 09:03:03,836 [INFO] IPUIPlugin:80 - create IPUIPlugin
2025-07-31 09:03:03,836 [INFO] PluginManager:220 - loadIPPluginJar : add comp
2025-07-31 09:03:03,837 [INFO] IPUIPlugin:80 - create IPUIPlugin
2025-07-31 09:03:03,837 [INFO] PluginManager:220 - loadIPPluginJar : add cryp
2025-07-31 09:03:03,839 [INFO] IPUIPlugin:80 - create IPUIPlugin
2025-07-31 09:03:03,839 [INFO] PluginManager:220 - loadIPPluginJar : add ddr_ctrl_phy
2025-07-31 09:03:03,841 [INFO] IPUIPlugin:80 - create IPUIPlugin
2025-07-31 09:03:03,841 [INFO] PluginManager:220 - loadIPPluginJar : add dfsdm
2025-07-31 09:03:03,845 [INFO] IPUIPlugin:80 - create IPUIPlugin
2025-07-31 09:03:03,845 [INFO] PluginManager:220 - loadIPPluginJar : add dma
2025-07-31 09:03:03,846 [INFO] IPUIPlugin:80 - create IPUIPlugin
2025-07-31 09:03:03,846 [INFO] PluginManager:220 - loadIPPluginJar : add dma3
2025-07-31 09:03:03,848 [INFO] IPUIPlugin:80 - create IPUIPlugin
2025-07-31 09:03:03,849 [INFO] PluginManager:220 - loadIPPluginJar : add extmemmanager
2025-07-31 09:03:03,849 [INFO] IPUIPlugin:80 - create IPUIPlugin
2025-07-31 09:03:03,850 [INFO] PluginManager:220 - loadIPPluginJar : add fatfs
2025-07-31 09:03:03,854 [INFO] IPUIPlugin:80 - create IPUIPlugin
2025-07-31 09:03:03,854 [INFO] PluginManager:220 - loadIPPluginJar : add fmc
2025-07-31 09:03:03,859 [INFO] IPUIPlugin:80 - create IPUIPlugin
2025-07-31 09:03:03,859 [INFO] PluginManager:220 - loadIPPluginJar : add freertos
2025-07-31 09:03:03,860 [INFO] IPUIPlugin:80 - create IPUIPlugin
2025-07-31 09:03:03,860 [INFO] PluginManager:220 - loadIPPluginJar : add genericplugin
2025-07-31 09:03:03,862 [INFO] IPUIPlugin:80 - create IPUIPlugin
2025-07-31 09:03:03,862 [INFO] PluginManager:220 - loadIPPluginJar : add gfxmmu
2025-07-31 09:03:03,867 [INFO] IPUIPlugin:80 - create IPUIPlugin
2025-07-31 09:03:03,867 [INFO] PluginManager:220 - loadIPPluginJar : add gic
2025-07-31 09:03:03,871 [INFO] IPUIPlugin:80 - create IPUIPlugin
2025-07-31 09:03:03,871 [INFO] PluginManager:220 - loadIPPluginJar : add gpio
2025-07-31 09:03:03,873 [INFO] IPUIPlugin:80 - create IPUIPlugin
2025-07-31 09:03:03,873 [INFO] PluginManager:220 - loadIPPluginJar : add gtzc
2025-07-31 09:03:03,875 [INFO] IPUIPlugin:80 - create IPUIPlugin
2025-07-31 09:03:03,875 [INFO] PluginManager:220 - loadIPPluginJar : add hash
2025-07-31 09:03:03,876 [INFO] IPUIPlugin:80 - create IPUIPlugin
2025-07-31 09:03:03,876 [INFO] PluginManager:220 - loadIPPluginJar : add i2c
2025-07-31 09:03:03,878 [INFO] IPUIPlugin:80 - create IPUIPlugin
2025-07-31 09:03:03,878 [INFO] PluginManager:220 - loadIPPluginJar : add i2s
2025-07-31 09:03:03,880 [INFO] IPUIPlugin:80 - create IPUIPlugin
2025-07-31 09:03:03,880 [INFO] PluginManager:220 - loadIPPluginJar : add i3c
2025-07-31 09:03:03,883 [INFO] IPUIPlugin:80 - create IPUIPlugin
2025-07-31 09:03:03,883 [INFO] PluginManager:220 - loadIPPluginJar : add ipddr
2025-07-31 09:03:03,888 [INFO] IPUIPlugin:80 - create IPUIPlugin
2025-07-31 09:03:03,888 [INFO] PluginManager:220 - loadIPPluginJar : add linkedlist
2025-07-31 09:03:03,890 [INFO] IPUIPlugin:80 - create IPUIPlugin
2025-07-31 09:03:03,890 [INFO] PluginManager:220 - loadIPPluginJar : add lorawan
2025-07-31 09:03:03,891 [INFO] IPUIPlugin:80 - create IPUIPlugin
2025-07-31 09:03:03,891 [INFO] PluginManager:220 - loadIPPluginJar : add ltdc
2025-07-31 09:03:03,895 [INFO] IPUIPlugin:80 - create IPUIPlugin
2025-07-31 09:03:03,895 [INFO] PluginManager:220 - loadIPPluginJar : add mdma
2025-07-31 09:03:03,898 [INFO] IPUIPlugin:80 - create IPUIPlugin
2025-07-31 09:03:03,898 [INFO] PluginManager:220 - loadIPPluginJar : add nvic
2025-07-31 09:03:03,900 [INFO] IPUIPlugin:80 - create IPUIPlugin
2025-07-31 09:03:03,900 [INFO] PluginManager:220 - loadIPPluginJar : add opamp
2025-07-31 09:03:03,903 [INFO] IPUIPlugin:80 - create IPUIPlugin
2025-07-31 09:03:03,903 [INFO] PluginManager:220 - loadIPPluginJar : add openamp
2025-07-31 09:03:03,905 [INFO] IPUIPlugin:80 - create IPUIPlugin
2025-07-31 09:03:03,905 [INFO] PluginManager:220 - loadIPPluginJar : add pdm2pcm
2025-07-31 09:03:03,908 [INFO] IPUIPlugin:80 - create IPUIPlugin
2025-07-31 09:03:03,910 [INFO] PluginManager:220 - loadIPPluginJar : add plateformsettings
2025-07-31 09:03:03,911 [INFO] IPUIPlugin:80 - create IPUIPlugin
2025-07-31 09:03:03,911 [INFO] PluginManager:220 - loadIPPluginJar : add quadspi
2025-07-31 09:03:03,912 [INFO] IPUIPlugin:80 - create IPUIPlugin
2025-07-31 09:03:03,913 [INFO] PluginManager:220 - loadIPPluginJar : add radio
2025-07-31 09:03:03,915 [INFO] IPUIPlugin:80 - create IPUIPlugin
2025-07-31 09:03:03,915 [INFO] PluginManager:220 - loadIPPluginJar : add resmgrutility
2025-07-31 09:03:03,917 [INFO] IPUIPlugin:80 - create IPUIPlugin
2025-07-31 09:03:03,917 [INFO] PluginManager:220 - loadIPPluginJar : add sai
2025-07-31 09:03:03,918 [INFO] IPUIPlugin:80 - create IPUIPlugin
2025-07-31 09:03:03,918 [INFO] PluginManager:220 - loadIPPluginJar : add spi
2025-07-31 09:03:03,924 [INFO] IPUIPlugin:80 - create IPUIPlugin
2025-07-31 09:03:03,925 [INFO] PluginManager:220 - loadIPPluginJar : add stm32_wpan
2025-07-31 09:03:03,926 [INFO] IPUIPlugin:80 - create IPUIPlugin
2025-07-31 09:03:03,926 [INFO] PluginManager:220 - loadIPPluginJar : add tim
2025-07-31 09:03:03,928 [INFO] IPUIPlugin:80 - create IPUIPlugin
2025-07-31 09:03:03,928 [INFO] PluginManager:220 - loadIPPluginJar : add touchsensing
2025-07-31 09:03:03,930 [INFO] IPUIPlugin:80 - create IPUIPlugin
2025-07-31 09:03:03,930 [INFO] PluginManager:220 - loadIPPluginJar : add tracer_emb
2025-07-31 09:03:03,932 [INFO] IPUIPlugin:80 - create IPUIPlugin
2025-07-31 09:03:03,932 [INFO] PluginManager:220 - loadIPPluginJar : add ts
2025-07-31 09:03:03,933 [INFO] IPUIPlugin:80 - create IPUIPlugin
2025-07-31 09:03:03,933 [INFO] PluginManager:220 - loadIPPluginJar : add tsc
2025-07-31 09:03:03,935 [INFO] IPUIPlugin:80 - create IPUIPlugin
2025-07-31 09:03:03,935 [INFO] PluginManager:220 - loadIPPluginJar : add ucpd
2025-07-31 09:03:03,938 [INFO] IPUIPlugin:80 - create IPUIPlugin
2025-07-31 09:03:03,938 [INFO] PluginManager:220 - loadIPPluginJar : add usart
2025-07-31 09:03:03,940 [INFO] IPUIPlugin:80 - create IPUIPlugin
2025-07-31 09:03:03,940 [INFO] PluginManager:220 - loadIPPluginJar : add usbx
2025-07-31 09:03:04,047 [FATAL] Updater:351 - Updater called before beeing initialized
2025-07-31 09:03:04,067 [INFO] RulesReader:64 - Compatibility file has been processed (317 Rules)
2025-07-31 09:03:04,074 [INFO] RulesReader:64 - Compatibility file has been processed (317 Rules)
2025-07-31 09:03:04,085 [INFO] CADModel:165 - CPN selected for project level
2025-07-31 09:03:04,085 [INFO] CADModel:114 - Register for checkConnection events
2025-07-31 09:03:04,086 [FATAL] Updater:351 - Updater called before beeing initialized
2025-07-31 09:03:04,086 [ERROR] CADModel:125 - Updater not yet initialized, retry later 
2025-07-31 09:03:04,186 [FATAL] Updater:351 - Updater called before beeing initialized
2025-07-31 09:03:04,187 [INFO] CADModel:165 - CPN selected for project level
2025-07-31 09:03:04,187 [INFO] CADModel:114 - Register for checkConnection events
2025-07-31 09:03:04,187 [FATAL] Updater:351 - Updater called before beeing initialized
2025-07-31 09:03:04,187 [ERROR] CADModel:125 - Updater not yet initialized, retry later 
2025-07-31 09:03:04,189 [FATAL] Updater:351 - Updater called before beeing initialized
2025-07-31 09:03:04,259 [FATAL] Updater:351 - Updater called before beeing initialized
2025-07-31 09:03:04,262 [INFO] DbMcusAds:53 - JSON generation date=Tue Jul 08 13:44:23 IST 2025 (1751962463562)
2025-07-31 09:03:04,262 [FATAL] Updater:351 - Updater called before beeing initialized
2025-07-31 09:03:04,283 [WARN] DetailPanel:346 - Failed to get advertising image, set to default
2025-07-31 09:03:04,337 [FATAL] Updater:351 - Updater called before beeing initialized
2025-07-31 09:03:04,339 [FATAL] Updater:351 - Updater called before beeing initialized
2025-07-31 09:03:04,339 [FATAL] Updater:351 - Updater called before beeing initialized
2025-07-31 09:03:04,339 [WARN] DetailPanel:346 - Failed to get advertising image, set to default
2025-07-31 09:03:04,340 [FATAL] Updater:351 - Updater called before beeing initialized
2025-07-31 09:03:04,368 [ERROR] Updater:1198 - MainUpdater not yet initialized. External WinMGr cannot be set.
2025-07-31 09:03:04,369 [INFO] Updater:1134 - Updater Version found : 6.15.0
2025-07-31 09:03:04,385 [INFO] ApplicationProperties:184 - Using Application install path: C:\ST\STM32CubeIDE_1.19.0\STM32CubeIDE\plugins\com.st.stm32cube.common.mx_6.15.0.202507011659
2025-07-31 09:03:05,951 [ERROR] LogOutputStream:75 - [STDERR_REDIRECT] Jul 31, 2025 9:03:05 AM java.util.prefs.WindowsPreferences <init>
2025-07-31 09:03:05,953 [ERROR] LogOutputStream:75 - [STDERR_REDIRECT] WARNING: Could not open/create prefs root node Software\JavaSoft\Prefs at root 0xffffffff80000002. Windows RegCreateKeyEx(...) returned error code 5.
2025-07-31 09:03:05,953 [ERROR] LogOutputStream:75 - [STDERR_REDIRECT] 
2025-07-31 09:03:06,195 [INFO] MainUpdater:2872 - connection check result : 10
2025-07-31 09:03:06,196 [INFO] MainUpdater:289 - Updater Check For Update Now.
2025-07-31 09:03:06,196 [INFO] MicroXplorer:498 - Change Database Version : DB.6.0.150
2025-07-31 09:03:06,201 [INFO] McuFinderGlobals:63 - Set McuFinder mode to 2 (CubeIDE integrated)
2025-07-31 09:03:06,201 [INFO] UserAuth:487 - Internet connection configuration mode: 1
2025-07-31 09:03:06,254 [INFO] JxBrowserEngine:152 - Initiate JxBrowser Engine with user profile folder
2025-07-31 09:03:06,389 [INFO] CheckServerUpdateThread:120 - End of CheckServer Thread
2025-07-31 09:03:06,506 [WARN] PackLoader:240 - Cannot read IP mode file for STMicroelectronics.FP-SNS-MOTENVWB1.1.4.0
2025-07-31 09:03:06,514 [WARN] PackLoader:240 - Cannot read IP mode file for STMicroelectronics.FP-ATR-ASTRA1.2.0.2
2025-07-31 09:03:06,521 [WARN] PackLoader:240 - Cannot read IP mode file for STMicroelectronics.X-CUBE-SMBUS.2.1.0
2025-07-31 09:03:06,524 [WARN] PackLoader:240 - Cannot read IP mode file for STMicroelectronics.X-CUBE-ST60.1.0.0
2025-07-31 09:03:06,548 [WARN] PackLoader:240 - Cannot read IP mode file for STMicroelectronics.X-CUBE-AZRTOS-F7.1.1.0
2025-07-31 09:03:06,578 [WARN] PackLoader:240 - Cannot read IP mode file for Infineon.AIROC-Wi-Fi-Bluetooth-STM32.1.7.1
2025-07-31 09:03:06,620 [WARN] PackLoader:240 - Cannot read IP mode file for STMicroelectronics.X-CUBE-AZRTOS-H7.3.4.0
2025-07-31 09:03:06,632 [WARN] PackLoader:240 - Cannot read IP mode file for STMicroelectronics.X-CUBE-DISPLAY.3.0.0
2025-07-31 09:03:06,641 [WARN] PackLoader:240 - Cannot read IP mode file for STMicroelectronics.X-CUBE-NFC10.1.0.0
2025-07-31 09:03:06,648 [WARN] PackLoader:240 - Cannot read IP mode file for emotas.I-CUBE-CANOPEN.1.3.0
2025-07-31 09:03:06,654 [WARN] PackLoader:240 - Cannot read IP mode file for STMicroelectronics.FP-SNS-SMARTAG2.1.2.0
2025-07-31 09:03:06,657 [WARN] PackLoader:240 - Cannot read IP mode file for STMicroelectronics.FP-SNS-FLIGHT1.5.1.0
2025-07-31 09:03:06,666 [INFO] LogOutputStream:77 - [STDOUT_REDIRECT] 1 : Invalid condition id : UX_CORESTACK_Condition cause : null
2025-07-31 09:03:06,667 [INFO] LogOutputStream:77 - [STDOUT_REDIRECT] 1 : Invalid condition id : UX_CORESTACK_Condition cause : null
2025-07-31 09:03:06,668 [INFO] LogOutputStream:77 - [STDOUT_REDIRECT] 1 : Invalid condition id : UX_CORESTACK_Condition cause : null
2025-07-31 09:03:06,669 [INFO] LogOutputStream:77 - [STDOUT_REDIRECT] 1 : Invalid condition id : UX_CORESTACK_Condition cause : null
2025-07-31 09:03:06,671 [INFO] LogOutputStream:77 - [STDOUT_REDIRECT] 1 : Invalid condition id : UX_CORESTACK_Condition cause : null
2025-07-31 09:03:06,673 [WARN] PackLoader:240 - Cannot read IP mode file for STMicroelectronics.X-CUBE-AZRTOS-WL.2.0.0
2025-07-31 09:03:06,678 [WARN] PackLoader:240 - Cannot read IP mode file for STMicroelectronics.FP-SNS-MOTENV1.5.0.0
2025-07-31 09:03:06,685 [WARN] PackLoader:240 - Cannot read IP mode file for WES.I-CUBE-Cesium.1.3.0
2025-07-31 09:03:06,691 [WARN] PackLoader:240 - Cannot read IP mode file for STMicroelectronics.X-CUBE-BLE2.3.3.0
2025-07-31 09:03:06,695 [WARN] PackLoader:240 - Cannot read IP mode file for STMicroelectronics.X-CUBE-NFC9.1.0.0
2025-07-31 09:03:06,700 [WARN] PackLoader:240 - Cannot read IP mode file for wolfSSL.I-CUBE-wolfSSL.5.8.0
2025-07-31 09:03:06,703 [WARN] PackLoader:240 - Cannot read IP mode file for STMicroelectronics.X-CUBE-BLE1.7.1.0
2025-07-31 09:03:06,706 [WARN] PackLoader:240 - Cannot read IP mode file for wolfSSL.I-CUBE-wolfMQTT.1.19.2
2025-07-31 09:03:06,710 [WARN] PackLoader:240 - Cannot read IP mode file for STMicroelectronics.X-CUBE-EEPRMA1.5.2.0
2025-07-31 09:03:06,715 [WARN] PackLoader:240 - Cannot read IP mode file for STMicroelectronics.X-CUBE-AI.10.1.0
2025-07-31 09:03:06,724 [WARN] PackLoader:240 - Cannot read IP mode file for STMicroelectronics.X-CUBE-AZRTOS-G0.1.1.0
2025-07-31 09:03:06,729 [WARN] PackLoader:240 - Cannot read IP mode file for STMicroelectronics.X-CUBE-SAFEA1.1.2.2
2025-07-31 09:03:06,732 [WARN] PackLoader:240 - Cannot read IP mode file for STMicroelectronics.X-CUBE-NFC4.3.0.0
2025-07-31 09:03:06,737 [WARN] PackLoader:240 - Cannot read IP mode file for EmbeddedOffice.I-CUBE-FS-RTOS.1.0.1
2025-07-31 09:03:06,740 [WARN] PackLoader:240 - Cannot read IP mode file for STMicroelectronics.X-CUBE-WB05N.2.0.0
2025-07-31 09:03:06,742 [WARN] PackLoader:240 - Cannot read IP mode file for wolfSSL.I-CUBE-wolfTPM.3.8.0
2025-07-31 09:03:06,745 [WARN] PackLoader:240 - Cannot read IP mode file for STMicroelectronics.X-CUBE-TCPP.4.2.0
2025-07-31 09:03:06,748 [WARN] PackLoader:240 - Cannot read IP mode file for RealThread.X-CUBE-RT-Thread_Nano.4.1.1
2025-07-31 09:03:06,750 [WARN] PackLoader:240 - Cannot read IP mode file for STMicroelectronics.FP-ATR-SIGFOX1.3.2.0
2025-07-31 09:03:06,752 [WARN] PackLoader:240 - Cannot read IP mode file for ITTIA_DB.I-CUBE-ITTIADB.8.9.0
2025-07-31 09:03:06,757 [WARN] PackLoader:240 - Cannot read IP mode file for STMicroelectronics.X-CUBE-ST67W61.1.0.0
2025-07-31 09:03:06,778 [WARN] PackLoader:240 - Cannot read IP mode file for SEGGER.I-CUBE-embOS.1.3.1
2025-07-31 09:03:06,782 [INFO] WebApp:169 - Instantiating new browser for Auth
2025-07-31 09:03:06,850 [WARN] PackLoader:240 - Cannot read IP mode file for STMicroelectronics.X-CUBE-ALGOBUILD.1.4.0
2025-07-31 09:03:06,913 [WARN] PackLoader:240 - Cannot read IP mode file for STMicroelectronics.X-CUBE-MEMS1.11.3.0
2025-07-31 09:03:06,997 [WARN] PackLoader:240 - Cannot read IP mode file for STMicroelectronics.X-CUBE-PM33A1.1.0.0
2025-07-31 09:03:07,008 [WARN] PackLoader:240 - Cannot read IP mode file for STMicroelectronics.X-CUBE-AZRTOS-F4.1.1.0
2025-07-31 09:03:07,012 [WARN] PackLoader:240 - Cannot read IP mode file for STMicroelectronics.X-CUBE-ISPU.2.1.0
2025-07-31 09:03:07,017 [WARN] PackLoader:240 - Cannot read IP mode file for STMicroelectronics.X-CUBE-NFC12.1.0.0
2025-07-31 09:03:07,029 [WARN] PackLoader:240 - Cannot read IP mode file for STMicroelectronics.X-CUBE-AZRTOS-L5.2.0.0
2025-07-31 09:03:07,033 [WARN] PackLoader:240 - Cannot read IP mode file for STMicroelectronics.X-CUBE-NFC6.3.1.0
2025-07-31 09:03:07,038 [WARN] PackLoader:240 - Cannot read IP mode file for STMicroelectronics.X-CUBE-FREERTOS.1.3.1
2025-07-31 09:03:07,040 [WARN] PackLoader:240 - Cannot read IP mode file for STMicroelectronics.FP-SNS-STAIOTCFT.1.0.0
2025-07-31 09:03:07,044 [WARN] PackLoader:240 - Cannot read IP mode file for STMicroelectronics.X-CUBE-DPower.1.3.0
2025-07-31 09:03:07,052 [WARN] ConditionMgr:438 - getConditionDescription Invalid condition id : LAN8742 Phy interface Condition cause : null
2025-07-31 09:03:07,052 [WARN] PackLoader:240 - Cannot read IP mode file for STMicroelectronics.X-CUBE-AZRTOS-L4.2.0.0
2025-07-31 09:03:07,053 [WARN] ConditionMgr:1044 - genDependencies : Invalid condition id : LAN8742 Phy interface Condition cause : null
2025-07-31 09:03:07,053 [WARN] ConditionMgr:1044 - genDependencies : Invalid condition id : LAN8742 Phy interface Condition cause : null
2025-07-31 09:03:07,053 [WARN] ConditionMgr:1044 - genDependencies : Invalid condition id : LAN8742 Phy interface Condition cause : null
2025-07-31 09:03:07,057 [WARN] PackLoader:240 - Cannot read IP mode file for STMicroelectronics.X-CUBE-SFXS2LP1.4.0.0
2025-07-31 09:03:07,063 [WARN] PackLoader:240 - Cannot read IP mode file for STMicroelectronics.X-CUBE-BLEMGR.4.1.0
2025-07-31 09:03:07,069 [WARN] ConditionMgr:438 - getConditionDescription Invalid condition id : UX DEVICE CLASS RTOS Condition cause : null
2025-07-31 09:03:07,070 [WARN] ConditionMgr:438 - getConditionDescription Invalid condition id : UX DEVICE CLASS RTOS Condition cause : null
2025-07-31 09:03:07,070 [WARN] PackLoader:240 - Cannot read IP mode file for STMicroelectronics.X-CUBE-AZRTOS-WB.2.0.0
2025-07-31 09:03:07,071 [WARN] ConditionMgr:1044 - genDependencies : Invalid condition id : UX DEVICE CLASS RTOS Condition cause : null
2025-07-31 09:03:07,071 [WARN] ConditionMgr:1044 - genDependencies : Invalid condition id : UX DEVICE CLASS RTOS Condition cause : null
2025-07-31 09:03:07,071 [WARN] ConditionMgr:1044 - genDependencies : Invalid condition id : UX DEVICE CLASS RTOS Condition cause : null
2025-07-31 09:03:07,071 [WARN] ConditionMgr:1044 - genDependencies : Invalid condition id : UX DEVICE CLASS RTOS Condition cause : null
2025-07-31 09:03:07,071 [WARN] ConditionMgr:1044 - genDependencies : Invalid condition id : UX DEVICE CLASS RTOS Condition cause : null
2025-07-31 09:03:07,074 [WARN] PackLoader:240 - Cannot read IP mode file for STMicroelectronics.X-CUBE-GNSS1.7.0.1
2025-07-31 09:03:07,078 [WARN] PackLoader:240 - Cannot read IP mode file for STMicroelectronics.X-CUBE-TOUCHGFX.4.25.0
2025-07-31 09:03:07,085 [WARN] PackLoader:240 - Cannot read IP mode file for STMicroelectronics.FP-SNS-STBOX1.2.0.0
2025-07-31 09:03:07,088 [WARN] ConditionMgr:438 - getConditionDescription Invalid condition id : Cortex-A Device cause : null
2025-07-31 09:03:07,097 [WARN] ConditionMgr:1044 - genDependencies : Invalid condition id : Cortex-A Device cause : null
2025-07-31 09:03:07,097 [WARN] ConditionMgr:1044 - genDependencies : Invalid condition id : Cortex-A Device cause : null
2025-07-31 09:03:07,097 [WARN] ConditionMgr:1044 - genDependencies : Invalid condition id : Cortex-A Device cause : null
2025-07-31 09:03:07,102 [WARN] PackLoader:240 - Cannot read IP mode file for STMicroelectronics.X-CUBE-SUBG2.5.0.0
2025-07-31 09:03:07,111 [WARN] PackLoader:240 - Cannot read IP mode file for STMicroelectronics.X-CUBE-AZRTOS-H7RS.1.1.0
2025-07-31 09:03:07,115 [WARN] PackLoader:240 - Cannot read IP mode file for Cesanta.I-CUBE-Mongoose.7.13.0
2025-07-31 09:03:07,121 [WARN] PackLoader:240 - Cannot read IP mode file for STMicroelectronics.X-CUBE-AZRTOS-G4.2.0.0
2025-07-31 09:03:07,124 [WARN] PackLoader:240 - Cannot read IP mode file for wolfSSL.I-CUBE-wolfSSH.1.4.20
2025-07-31 09:03:07,127 [WARN] PackLoader:240 - Cannot read IP mode file for STMicroelectronics.X-CUBE-NFC7.2.0.0
2025-07-31 09:03:07,137 [WARN] PackLoader:240 - Cannot read IP mode file for STMicroelectronics.X-CUBE-IPS.3.1.0
2025-07-31 09:03:07,143 [WARN] PackLoader:240 - Cannot read IP mode file for STMicroelectronics.X-CUBE-ALS.1.0.2
2025-07-31 09:03:07,146 [WARN] PackLoader:240 - Cannot read IP mode file for portGmbH.I-Cube-SoM-uGOAL.1.1.0
2025-07-31 09:03:07,153 [WARN] PackLoader:240 - Cannot read IP mode file for STMicroelectronics.X-CUBE-TOF1.3.4.3
2025-07-31 09:03:07,157 [INFO] ThirdParty:978 - Integrity check success = true
2025-07-31 09:03:07,157 [INFO] IntegrityCheckThread:100 - exiting critical section [integrity check]
2025-07-31 09:03:07,157 [INFO] IntegrityCheckThread:103 - End integrity checks thread
2025-07-31 09:03:07,377 [INFO] WebApp:463 - Apply proxy settings
2025-07-31 09:03:07,377 [INFO] WebApp:548 - Chromium requires no authentication
2025-07-31 09:03:07,385 [INFO] WebApp:491 - Direct internet connection detected
2025-07-31 09:03:07,399 [INFO] WebApp:900 - Register for checkConnection events
2025-07-31 09:03:07,399 [INFO] WebApp:463 - Apply proxy settings
2025-07-31 09:03:07,399 [INFO] WebApp:548 - Chromium requires no authentication
2025-07-31 09:03:07,400 [INFO] WebApp:491 - Direct internet connection detected
2025-07-31 09:03:07,498 [INFO] WebApp:225 - Starting web application
2025-07-31 09:03:07,498 [INFO] WebApp:593 - Web application path used C:\ST\STM32CubeIDE_1.19.0\STM32CubeIDE\plugins\com.st.stm32cube.common.mx_6.15.0.202507011659\db\plugins\mcufinder\reactClient1\index.html
2025-07-31 09:03:07,553 [INFO] UserAuth:487 - Internet connection configuration mode: 1
2025-07-31 09:03:08,108 [INFO] WebApp:191 - Connection restablished
2025-07-31 09:05:17,088 [INFO] WebApp:194 - Connection lost
2025-07-31 09:05:17,485 [INFO] WebApp:191 - Connection restablished
2025-07-31 09:05:22,112 [INFO] WebApp:194 - Connection lost
2025-07-31 09:05:22,325 [INFO] WebApp:191 - Connection restablished
2025-07-31 09:05:34,583 [INFO] WebApp:194 - Connection lost
2025-07-31 09:05:34,768 [INFO] WebApp:191 - Connection restablished
2025-07-31 09:05:38,609 [INFO] WebApp:194 - Connection lost
2025-07-31 09:05:38,783 [INFO] WebApp:191 - Connection restablished
2025-07-31 09:10:20,388 [INFO] WebApp:403 - JxBrowser engine has been closed 
2025-07-31 09:12:11,309 [INFO] Activator:176 - 


2025-07-31 09:12:11,311 [INFO] Activator:177 - !SESSION log4j initialized
2025-07-31 09:12:15,199 [INFO] LogOutputStream:77 - [STDOUT_REDIRECT] 
2025-07-31 09:12:16,018 [INFO] ApplicationProperties:184 - Using Application install path: C:\ST\STM32CubeIDE_1.19.0\STM32CubeIDE\plugins\com.st.stm32cube.common.mx_6.15.0.202507011659
2025-07-31 09:12:16,035 [INFO] DbMcusXml:78 - Set database path to: C:\ST\STM32CubeIDE_1.19.0\STM32CubeIDE\plugins\com.st.stm32cube.common.mx_6.15.0.202507011659\\db\/mcu/
2025-07-31 09:12:16,035 [INFO] ApiDb:274 - Set plugin database path to: C:\ST\STM32CubeIDE_1.19.0\STM32CubeIDE\plugins\com.st.stm32cube.common.mx_6.15.0.202507011659\\db\/plugins/boardmanager/
2025-07-31 09:12:16,035 [WARN] ApiDb:259 - Overriding images path with different value:  => C:\ST\STM32CubeIDE_1.19.0\STM32CubeIDE\plugins\com.st.stm32cube.common.mx_6.15.0.202507011659\\db\/plugins/mcufinder/images/
2025-07-31 09:12:16,044 [INFO] ApiDb:250 - Set database path to: C:\Users\User\.stmcufinder\plugins\mcufinder//mcu/
2025-07-31 09:12:16,045 [INFO] DbMcusAds:125 - Set database path to: C:\Users\User\.stmcufinder\plugins\mcufinder//mcu/
2025-07-31 09:12:16,047 [INFO] CrossReferenceDbSqlite:203 - Set database path to: C:\Users\User\.stmcufinder\plugins\mcufinder//mcu/cs/
2025-07-31 09:12:16,142 [INFO] RulesReader:64 - Compatibility file has been processed (317 Rules)
2025-07-31 09:12:16,186 [INFO] DbMcusXml:78 - Set database path to: C:\ST\STM32CubeIDE_1.19.0\STM32CubeIDE\plugins\com.st.stm32cube.common.mx_6.15.0.202507011659\\db\/mcu/
2025-07-31 09:12:16,186 [INFO] ApiDb:274 - Set plugin database path to: C:\ST\STM32CubeIDE_1.19.0\STM32CubeIDE\plugins\com.st.stm32cube.common.mx_6.15.0.202507011659\\db\/plugins/boardmanager/
2025-07-31 09:12:16,186 [INFO] ApiDb:261 - Set plugin images path to: C:\ST\STM32CubeIDE_1.19.0\STM32CubeIDE\plugins\com.st.stm32cube.common.mx_6.15.0.202507011659\\db\/plugins/mcufinder/images/
2025-07-31 09:12:16,186 [WARN] DbFile:41 - Overriding database path with different value: C:\Users\User\.stmcufinder\plugins\mcufinder/ => C:\Users\User\.stmcufinder\plugins\mcufinder
2025-07-31 09:12:16,186 [INFO] ApiDb:250 - Set database path to: C:\Users\User\.stmcufinder\plugins\mcufinder//mcu/
2025-07-31 09:12:16,186 [WARN] DbFile:41 - Overriding database path with different value: C:\Users\User\.stmcufinder\plugins\mcufinder/ => C:\Users\User\.stmcufinder\plugins\mcufinder
2025-07-31 09:12:16,186 [INFO] DbMcusAds:125 - Set database path to: C:\Users\User\.stmcufinder\plugins\mcufinder//mcu/
2025-07-31 09:12:16,186 [WARN] DbFile:41 - Overriding database path with different value: C:\Users\User\.stmcufinder\plugins\mcufinder/ => C:\Users\User\.stmcufinder\plugins\mcufinder
2025-07-31 09:12:16,186 [WARN] DbFile:41 - Overriding database path with different value: C:\Users\User\.stmcufinder\plugins\mcufinder/ => C:\Users\User\.stmcufinder\plugins\mcufinder
2025-07-31 09:12:16,186 [INFO] CrossReferenceDbSqlite:203 - Set database path to: C:\Users\User\.stmcufinder\plugins\mcufinder//mcu/cs/
2025-07-31 09:12:16,246 [INFO] MainPanel:274 - HeapMemory: 269484032
2025-07-31 09:12:16,353 [INFO] DbMcusXml:78 - Set database path to: C:\ST\STM32CubeIDE_1.19.0\STM32CubeIDE\plugins\com.st.stm32cube.common.mx_6.15.0.202507011659\\db\/mcu/
2025-07-31 09:12:16,353 [INFO] ApiDb:274 - Set plugin database path to: C:\ST\STM32CubeIDE_1.19.0\STM32CubeIDE\plugins\com.st.stm32cube.common.mx_6.15.0.202507011659\\db\/plugins/boardmanager/
2025-07-31 09:12:16,353 [INFO] ApiDb:261 - Set plugin images path to: C:\ST\STM32CubeIDE_1.19.0\STM32CubeIDE\plugins\com.st.stm32cube.common.mx_6.15.0.202507011659\\db\/plugins/mcufinder/images/
2025-07-31 09:12:16,353 [WARN] DbFile:41 - Overriding database path with different value: C:\Users\User\.stmcufinder\plugins\mcufinder/ => C:\Users\User\.stmcufinder\plugins\mcufinder
2025-07-31 09:12:16,353 [INFO] ApiDb:250 - Set database path to: C:\Users\User\.stmcufinder\plugins\mcufinder//mcu/
2025-07-31 09:12:16,353 [WARN] DbFile:41 - Overriding database path with different value: C:\Users\User\.stmcufinder\plugins\mcufinder/ => C:\Users\User\.stmcufinder\plugins\mcufinder
2025-07-31 09:12:16,353 [INFO] DbMcusAds:125 - Set database path to: C:\Users\User\.stmcufinder\plugins\mcufinder//mcu/
2025-07-31 09:12:16,353 [WARN] DbFile:41 - Overriding database path with different value: C:\Users\User\.stmcufinder\plugins\mcufinder/ => C:\Users\User\.stmcufinder\plugins\mcufinder
2025-07-31 09:12:16,353 [WARN] DbFile:41 - Overriding database path with different value: C:\Users\User\.stmcufinder\plugins\mcufinder/ => C:\Users\User\.stmcufinder\plugins\mcufinder
2025-07-31 09:12:16,353 [INFO] CrossReferenceDbSqlite:203 - Set database path to: C:\Users\User\.stmcufinder\plugins\mcufinder//mcu/cs/
2025-07-31 09:12:16,369 [INFO] ApplicationProperties:184 - Using Application install path: C:\ST\STM32CubeIDE_1.19.0\STM32CubeIDE\plugins\com.st.stm32cube.common.mx_6.15.0.202507011659
2025-07-31 09:12:16,371 [INFO] PluginManage:196 - Search for loadable plugins [exclusion list=, ]
2025-07-31 09:12:16,372 [INFO] PluginManage:310 - Check plugin analytics
2025-07-31 09:12:16,495 [INFO] AnalyticsPlugin:253 - Accepted Software Licenses: 
2025-07-31 09:12:16,496 [INFO] AnalyticsPlugin:255 - Accepted CMSIS Pack Licenses: 
2025-07-31 09:12:16,496 [INFO] AnalyticsPlugin:257 - Accepted Firmware Licenses: FW.WL.1.3.0
2025-07-31 09:12:16,498 [INFO] PluginManage:359 - Loaded plugin analytics (category:tool,tabindex:-1)
2025-07-31 09:12:16,498 [INFO] PluginManage:310 - Check plugin cadmodel
2025-07-31 09:12:16,503 [INFO] CADModel:105 - Init CAD model plugin
2025-07-31 09:12:16,503 [INFO] PluginManage:359 - Loaded plugin cadmodel (category:power,tabindex:5)
2025-07-31 09:12:16,503 [INFO] PluginManage:310 - Check plugin clock
2025-07-31 09:12:16,511 [INFO] PluginManage:359 - Loaded plugin clock (category:base,tabindex:2)
2025-07-31 09:12:16,512 [INFO] PluginManage:310 - Check plugin ddr
2025-07-31 09:12:16,514 [INFO] PluginManage:359 - Loaded plugin ddr (category:tool,tabindex:6)
2025-07-31 09:12:16,514 [INFO] PluginManage:310 - Check plugin filemanager
2025-07-31 09:12:16,635 [INFO] PluginManage:359 - Loaded plugin filemanager (category:base,tabindex:10)
2025-07-31 09:12:16,635 [INFO] PluginManage:310 - Check plugin ipmanager
2025-07-31 09:12:16,640 [INFO] PluginManage:359 - Loaded plugin ipmanager (category:base,tabindex:5)
2025-07-31 09:12:16,640 [INFO] PluginManage:310 - Check plugin lpbam
2025-07-31 09:12:16,648 [INFO] PluginManage:359 - Loaded plugin lpbam (category:base,tabindex:0)
2025-07-31 09:12:16,648 [INFO] PluginManage:310 - Check plugin memorymap
2025-07-31 09:12:16,663 [INFO] PluginManage:359 - Loaded plugin memorymap (category:base,tabindex:4)
2025-07-31 09:12:16,664 [INFO] PluginManage:310 - Check plugin pinoutandconfiguration
2025-07-31 09:12:16,672 [INFO] PluginManage:359 - Loaded plugin pinoutandconfiguration (category:base,tabindex:1)
2025-07-31 09:12:16,672 [INFO] PluginManage:310 - Check plugin pinoutconfig
2025-07-31 09:12:16,737 [WARN] SupportedApi:132 - Cannot load RTOS API schema: s4s-elt-must-match.1: The content of 'definitions' must match (annotation?, (simpleType | complexType)?, (unique | key | keyref)*)). A problem was found starting at: attribute.
2025-07-31 09:12:16,860 [INFO] PluginManage:359 - Loaded plugin pinoutconfig (category:base,tabindex:0)
2025-07-31 09:12:16,861 [INFO] PluginManage:310 - Check plugin power
2025-07-31 09:12:16,870 [INFO] PluginManage:359 - Loaded plugin power (category:power,tabindex:4)
2025-07-31 09:12:16,870 [INFO] PluginManage:310 - Check plugin projectmanager
2025-07-31 09:12:16,880 [INFO] PluginManage:359 - Loaded plugin projectmanager (category:projectmanager,tabindex:4)
2025-07-31 09:12:16,881 [INFO] PluginManage:310 - Check plugin rif
2025-07-31 09:12:16,889 [INFO] PluginManage:359 - Loaded plugin rif (category:base,tabindex:3)
2025-07-31 09:12:16,889 [INFO] PluginManage:310 - Check plugin thirdparty
2025-07-31 09:12:17,012 [INFO] PluginManage:359 - Loaded plugin thirdparty (category:base,tabindex:-1)
2025-07-31 09:12:17,012 [INFO] PluginManage:310 - Check plugin tools
2025-07-31 09:12:17,012 [WARN] IntegrityCheckThread:84 - waiting for thirdparty lock release [integrity check]
2025-07-31 09:12:17,012 [INFO] IntegrityCheckThread:86 - entering critical section [integrity check]
2025-07-31 09:12:17,013 [INFO] ThirdPartyUpdaterWithRetryManager:70 - Updater plugin not ready yet. [1/15]
2025-07-31 09:12:17,016 [INFO] PluginManage:359 - Loaded plugin tools (category:base,tabindex:7)
2025-07-31 09:12:17,016 [INFO] PluginManage:310 - Check plugin tutovideos
2025-07-31 09:12:17,220 [INFO] PluginManage:359 - Loaded plugin tutovideos (category:base,tabindex:-1)
2025-07-31 09:12:17,220 [INFO] PluginManage:310 - Check plugin updater
2025-07-31 09:12:17,235 [INFO] PluginManage:359 - Loaded plugin updater (category:base,tabindex:12)
2025-07-31 09:12:17,235 [INFO] PluginManage:310 - Check plugin userauth
2025-07-31 09:12:17,239 [INFO] UserAuth:118 - Init User Auth plugin
2025-07-31 09:12:17,239 [INFO] PluginManage:359 - Loaded plugin userauth (category:base,tabindex:14)
2025-07-31 09:12:17,239 [INFO] PluginManage:283 - PluginManage : Loaded plugins [18]
2025-07-31 09:12:17,387 [INFO] PinOutPanel:1589 - setPackage(No Configuration,No Configuration)
2025-07-31 09:12:17,446 [INFO] CADModel:165 - CPN selected for project level
2025-07-31 09:12:17,446 [INFO] CADModel:114 - Register for checkConnection events
2025-07-31 09:12:17,461 [INFO] IPUIPlugin:80 - create IPUIPlugin
2025-07-31 09:12:17,461 [INFO] PluginManager:220 - loadIPPluginJar : add adc
2025-07-31 09:12:17,463 [INFO] IPUIPlugin:80 - create IPUIPlugin
2025-07-31 09:12:17,463 [INFO] PluginManager:220 - loadIPPluginJar : add aes
2025-07-31 09:12:17,465 [INFO] IPUIPlugin:80 - create IPUIPlugin
2025-07-31 09:12:17,465 [INFO] PluginManager:220 - loadIPPluginJar : add can
2025-07-31 09:12:17,467 [INFO] IPUIPlugin:80 - create IPUIPlugin
2025-07-31 09:12:17,467 [INFO] PluginManager:220 - loadIPPluginJar : add comp
2025-07-31 09:12:17,469 [INFO] IPUIPlugin:80 - create IPUIPlugin
2025-07-31 09:12:17,469 [INFO] PluginManager:220 - loadIPPluginJar : add cryp
2025-07-31 09:12:17,472 [INFO] IPUIPlugin:80 - create IPUIPlugin
2025-07-31 09:12:17,472 [INFO] PluginManager:220 - loadIPPluginJar : add ddr_ctrl_phy
2025-07-31 09:12:17,474 [INFO] IPUIPlugin:80 - create IPUIPlugin
2025-07-31 09:12:17,474 [INFO] PluginManager:220 - loadIPPluginJar : add dfsdm
2025-07-31 09:12:17,477 [INFO] IPUIPlugin:80 - create IPUIPlugin
2025-07-31 09:12:17,478 [INFO] PluginManager:220 - loadIPPluginJar : add dma
2025-07-31 09:12:17,480 [INFO] IPUIPlugin:80 - create IPUIPlugin
2025-07-31 09:12:17,480 [INFO] PluginManager:220 - loadIPPluginJar : add dma3
2025-07-31 09:12:17,482 [INFO] IPUIPlugin:80 - create IPUIPlugin
2025-07-31 09:12:17,482 [INFO] PluginManager:220 - loadIPPluginJar : add extmemmanager
2025-07-31 09:12:17,483 [INFO] IPUIPlugin:80 - create IPUIPlugin
2025-07-31 09:12:17,483 [INFO] PluginManager:220 - loadIPPluginJar : add fatfs
2025-07-31 09:12:17,486 [INFO] IPUIPlugin:80 - create IPUIPlugin
2025-07-31 09:12:17,486 [INFO] PluginManager:220 - loadIPPluginJar : add fmc
2025-07-31 09:12:17,491 [INFO] IPUIPlugin:80 - create IPUIPlugin
2025-07-31 09:12:17,491 [INFO] PluginManager:220 - loadIPPluginJar : add freertos
2025-07-31 09:12:17,492 [INFO] IPUIPlugin:80 - create IPUIPlugin
2025-07-31 09:12:17,492 [INFO] PluginManager:220 - loadIPPluginJar : add genericplugin
2025-07-31 09:12:17,494 [INFO] IPUIPlugin:80 - create IPUIPlugin
2025-07-31 09:12:17,494 [INFO] PluginManager:220 - loadIPPluginJar : add gfxmmu
2025-07-31 09:12:17,497 [INFO] IPUIPlugin:80 - create IPUIPlugin
2025-07-31 09:12:17,497 [INFO] PluginManager:220 - loadIPPluginJar : add gic
2025-07-31 09:12:17,501 [INFO] IPUIPlugin:80 - create IPUIPlugin
2025-07-31 09:12:17,501 [INFO] PluginManager:220 - loadIPPluginJar : add gpio
2025-07-31 09:12:17,503 [INFO] IPUIPlugin:80 - create IPUIPlugin
2025-07-31 09:12:17,503 [INFO] PluginManager:220 - loadIPPluginJar : add gtzc
2025-07-31 09:12:17,505 [INFO] IPUIPlugin:80 - create IPUIPlugin
2025-07-31 09:12:17,505 [INFO] PluginManager:220 - loadIPPluginJar : add hash
2025-07-31 09:12:17,507 [INFO] IPUIPlugin:80 - create IPUIPlugin
2025-07-31 09:12:17,507 [INFO] PluginManager:220 - loadIPPluginJar : add i2c
2025-07-31 09:12:17,508 [INFO] IPUIPlugin:80 - create IPUIPlugin
2025-07-31 09:12:17,509 [INFO] PluginManager:220 - loadIPPluginJar : add i2s
2025-07-31 09:12:17,510 [INFO] IPUIPlugin:80 - create IPUIPlugin
2025-07-31 09:12:17,511 [INFO] PluginManager:220 - loadIPPluginJar : add i3c
2025-07-31 09:12:17,513 [INFO] IPUIPlugin:80 - create IPUIPlugin
2025-07-31 09:12:17,513 [INFO] PluginManager:220 - loadIPPluginJar : add ipddr
2025-07-31 09:12:17,518 [INFO] IPUIPlugin:80 - create IPUIPlugin
2025-07-31 09:12:17,518 [INFO] PluginManager:220 - loadIPPluginJar : add linkedlist
2025-07-31 09:12:17,522 [INFO] IPUIPlugin:80 - create IPUIPlugin
2025-07-31 09:12:17,523 [INFO] PluginManager:220 - loadIPPluginJar : add lorawan
2025-07-31 09:12:17,524 [INFO] IPUIPlugin:80 - create IPUIPlugin
2025-07-31 09:12:17,524 [INFO] PluginManager:220 - loadIPPluginJar : add ltdc
2025-07-31 09:12:17,528 [INFO] IPUIPlugin:80 - create IPUIPlugin
2025-07-31 09:12:17,528 [INFO] PluginManager:220 - loadIPPluginJar : add mdma
2025-07-31 09:12:17,531 [INFO] IPUIPlugin:80 - create IPUIPlugin
2025-07-31 09:12:17,531 [INFO] PluginManager:220 - loadIPPluginJar : add nvic
2025-07-31 09:12:17,533 [INFO] IPUIPlugin:80 - create IPUIPlugin
2025-07-31 09:12:17,533 [INFO] PluginManager:220 - loadIPPluginJar : add opamp
2025-07-31 09:12:17,536 [INFO] IPUIPlugin:80 - create IPUIPlugin
2025-07-31 09:12:17,536 [INFO] PluginManager:220 - loadIPPluginJar : add openamp
2025-07-31 09:12:17,538 [INFO] IPUIPlugin:80 - create IPUIPlugin
2025-07-31 09:12:17,538 [INFO] PluginManager:220 - loadIPPluginJar : add pdm2pcm
2025-07-31 09:12:17,542 [INFO] IPUIPlugin:80 - create IPUIPlugin
2025-07-31 09:12:17,543 [INFO] PluginManager:220 - loadIPPluginJar : add plateformsettings
2025-07-31 09:12:17,545 [INFO] IPUIPlugin:80 - create IPUIPlugin
2025-07-31 09:12:17,545 [INFO] PluginManager:220 - loadIPPluginJar : add quadspi
2025-07-31 09:12:17,546 [INFO] IPUIPlugin:80 - create IPUIPlugin
2025-07-31 09:12:17,546 [INFO] PluginManager:220 - loadIPPluginJar : add radio
2025-07-31 09:12:17,549 [INFO] IPUIPlugin:80 - create IPUIPlugin
2025-07-31 09:12:17,550 [INFO] PluginManager:220 - loadIPPluginJar : add resmgrutility
2025-07-31 09:12:17,552 [INFO] IPUIPlugin:80 - create IPUIPlugin
2025-07-31 09:12:17,552 [INFO] PluginManager:220 - loadIPPluginJar : add sai
2025-07-31 09:12:17,553 [INFO] IPUIPlugin:80 - create IPUIPlugin
2025-07-31 09:12:17,553 [INFO] PluginManager:220 - loadIPPluginJar : add spi
2025-07-31 09:12:17,557 [INFO] IPUIPlugin:80 - create IPUIPlugin
2025-07-31 09:12:17,557 [INFO] PluginManager:220 - loadIPPluginJar : add stm32_wpan
2025-07-31 09:12:17,559 [INFO] IPUIPlugin:80 - create IPUIPlugin
2025-07-31 09:12:17,559 [INFO] PluginManager:220 - loadIPPluginJar : add tim
2025-07-31 09:12:17,561 [INFO] IPUIPlugin:80 - create IPUIPlugin
2025-07-31 09:12:17,561 [INFO] PluginManager:220 - loadIPPluginJar : add touchsensing
2025-07-31 09:12:17,563 [INFO] IPUIPlugin:80 - create IPUIPlugin
2025-07-31 09:12:17,563 [INFO] PluginManager:220 - loadIPPluginJar : add tracer_emb
2025-07-31 09:12:17,564 [INFO] IPUIPlugin:80 - create IPUIPlugin
2025-07-31 09:12:17,565 [INFO] PluginManager:220 - loadIPPluginJar : add ts
2025-07-31 09:12:17,566 [INFO] IPUIPlugin:80 - create IPUIPlugin
2025-07-31 09:12:17,566 [INFO] PluginManager:220 - loadIPPluginJar : add tsc
2025-07-31 09:12:17,567 [INFO] IPUIPlugin:80 - create IPUIPlugin
2025-07-31 09:12:17,567 [INFO] PluginManager:220 - loadIPPluginJar : add ucpd
2025-07-31 09:12:17,569 [INFO] IPUIPlugin:80 - create IPUIPlugin
2025-07-31 09:12:17,569 [INFO] PluginManager:220 - loadIPPluginJar : add usart
2025-07-31 09:12:17,571 [INFO] IPUIPlugin:80 - create IPUIPlugin
2025-07-31 09:12:17,571 [INFO] PluginManager:220 - loadIPPluginJar : add usbx
2025-07-31 09:12:17,681 [FATAL] Updater:351 - Updater called before beeing initialized
2025-07-31 09:12:17,717 [INFO] RulesReader:64 - Compatibility file has been processed (317 Rules)
2025-07-31 09:12:17,724 [INFO] RulesReader:64 - Compatibility file has been processed (317 Rules)
2025-07-31 09:12:17,729 [INFO] CADModel:165 - CPN selected for project level
2025-07-31 09:12:17,729 [INFO] CADModel:114 - Register for checkConnection events
2025-07-31 09:12:17,729 [FATAL] Updater:351 - Updater called before beeing initialized
2025-07-31 09:12:17,729 [ERROR] CADModel:125 - Updater not yet initialized, retry later 
2025-07-31 09:12:17,831 [FATAL] Updater:351 - Updater called before beeing initialized
2025-07-31 09:12:17,833 [INFO] CADModel:165 - CPN selected for project level
2025-07-31 09:12:17,833 [INFO] CADModel:114 - Register for checkConnection events
2025-07-31 09:12:17,833 [FATAL] Updater:351 - Updater called before beeing initialized
2025-07-31 09:12:17,833 [ERROR] CADModel:125 - Updater not yet initialized, retry later 
2025-07-31 09:12:17,835 [FATAL] Updater:351 - Updater called before beeing initialized
2025-07-31 09:12:17,912 [FATAL] Updater:351 - Updater called before beeing initialized
2025-07-31 09:12:17,914 [INFO] DbMcusAds:53 - JSON generation date=Tue Jul 08 13:44:23 IST 2025 (1751962463562)
2025-07-31 09:12:17,914 [FATAL] Updater:351 - Updater called before beeing initialized
2025-07-31 09:12:17,942 [WARN] DetailPanel:346 - Failed to get advertising image, set to default
2025-07-31 09:12:17,996 [FATAL] Updater:351 - Updater called before beeing initialized
2025-07-31 09:12:17,997 [FATAL] Updater:351 - Updater called before beeing initialized
2025-07-31 09:12:17,997 [FATAL] Updater:351 - Updater called before beeing initialized
2025-07-31 09:12:17,997 [WARN] DetailPanel:346 - Failed to get advertising image, set to default
2025-07-31 09:12:17,998 [FATAL] Updater:351 - Updater called before beeing initialized
2025-07-31 09:12:18,028 [ERROR] Updater:1198 - MainUpdater not yet initialized. External WinMGr cannot be set.
2025-07-31 09:12:18,029 [INFO] Updater:1134 - Updater Version found : 6.15.0
2025-07-31 09:12:18,042 [INFO] ApplicationProperties:184 - Using Application install path: C:\ST\STM32CubeIDE_1.19.0\STM32CubeIDE\plugins\com.st.stm32cube.common.mx_6.15.0.202507011659
2025-07-31 09:12:19,638 [ERROR] LogOutputStream:75 - [STDERR_REDIRECT] Jul 31, 2025 9:12:19 AM java.util.prefs.WindowsPreferences <init>
2025-07-31 09:12:19,640 [ERROR] LogOutputStream:75 - [STDERR_REDIRECT] WARNING: Could not open/create prefs root node Software\JavaSoft\Prefs at root 0xffffffff80000002. Windows RegCreateKeyEx(...) returned error code 5.
2025-07-31 09:12:19,640 [ERROR] LogOutputStream:75 - [STDERR_REDIRECT] 
2025-07-31 09:12:19,915 [INFO] MainUpdater:2872 - connection check result : 10
2025-07-31 09:12:19,915 [INFO] MainUpdater:289 - Updater Check For Update Now.
2025-07-31 09:12:19,915 [INFO] MicroXplorer:498 - Change Database Version : DB.6.0.150
2025-07-31 09:12:19,920 [INFO] McuFinderGlobals:63 - Set McuFinder mode to 2 (CubeIDE integrated)
2025-07-31 09:12:19,921 [INFO] UserAuth:487 - Internet connection configuration mode: 1
2025-07-31 09:12:19,941 [INFO] JxBrowserEngine:152 - Initiate JxBrowser Engine with user profile folder
2025-07-31 09:12:20,014 [WARN] MainUpdater:1193 - Updater busy. Cannot search thirdparties
2025-07-31 09:12:20,014 [INFO] ThirdPartyUpdaterWithRetryManager:96 - Updater plugin is busy. [1/15]
2025-07-31 09:12:20,078 [INFO] CheckServerUpdateThread:120 - End of CheckServer Thread
2025-07-31 09:12:21,168 [INFO] WebApp:169 - Instantiating new browser for Auth
2025-07-31 09:12:21,749 [INFO] WebApp:463 - Apply proxy settings
2025-07-31 09:12:21,749 [INFO] WebApp:548 - Chromium requires no authentication
2025-07-31 09:12:21,757 [INFO] WebApp:491 - Direct internet connection detected
2025-07-31 09:12:21,777 [INFO] WebApp:900 - Register for checkConnection events
2025-07-31 09:12:21,777 [INFO] WebApp:463 - Apply proxy settings
2025-07-31 09:12:21,777 [INFO] WebApp:548 - Chromium requires no authentication
2025-07-31 09:12:21,778 [INFO] WebApp:491 - Direct internet connection detected
2025-07-31 09:12:21,924 [INFO] WebApp:225 - Starting web application
2025-07-31 09:12:21,924 [INFO] WebApp:593 - Web application path used C:\ST\STM32CubeIDE_1.19.0\STM32CubeIDE\plugins\com.st.stm32cube.common.mx_6.15.0.202507011659\db\plugins\mcufinder\reactClient1\index.html
2025-07-31 09:12:21,991 [INFO] UserAuth:487 - Internet connection configuration mode: 1
2025-07-31 09:12:22,151 [INFO] WebApp:191 - Connection restablished
2025-07-31 09:12:23,144 [WARN] PackLoader:240 - Cannot read IP mode file for STMicroelectronics.FP-SNS-MOTENVWB1.1.4.0
2025-07-31 09:12:23,150 [WARN] PackLoader:240 - Cannot read IP mode file for STMicroelectronics.FP-ATR-ASTRA1.2.0.2
2025-07-31 09:12:23,155 [WARN] PackLoader:240 - Cannot read IP mode file for STMicroelectronics.X-CUBE-SMBUS.2.1.0
2025-07-31 09:12:23,159 [WARN] PackLoader:240 - Cannot read IP mode file for STMicroelectronics.X-CUBE-ST60.1.0.0
2025-07-31 09:12:23,178 [WARN] PackLoader:240 - Cannot read IP mode file for STMicroelectronics.X-CUBE-AZRTOS-F7.1.1.0
2025-07-31 09:12:23,201 [WARN] PackLoader:240 - Cannot read IP mode file for Infineon.AIROC-Wi-Fi-Bluetooth-STM32.1.7.1
2025-07-31 09:12:23,227 [WARN] PackLoader:240 - Cannot read IP mode file for STMicroelectronics.X-CUBE-AZRTOS-H7.3.4.0
2025-07-31 09:12:23,252 [WARN] PackLoader:240 - Cannot read IP mode file for STMicroelectronics.X-CUBE-DISPLAY.3.0.0
2025-07-31 09:12:23,265 [WARN] PackLoader:240 - Cannot read IP mode file for STMicroelectronics.X-CUBE-NFC10.1.0.0
2025-07-31 09:12:23,272 [WARN] PackLoader:240 - Cannot read IP mode file for emotas.I-CUBE-CANOPEN.1.3.0
2025-07-31 09:12:23,276 [WARN] PackLoader:240 - Cannot read IP mode file for STMicroelectronics.FP-SNS-SMARTAG2.1.2.0
2025-07-31 09:12:23,279 [WARN] PackLoader:240 - Cannot read IP mode file for STMicroelectronics.FP-SNS-FLIGHT1.5.1.0
2025-07-31 09:12:23,289 [INFO] LogOutputStream:77 - [STDOUT_REDIRECT] 1 : Invalid condition id : UX_CORESTACK_Condition cause : null
2025-07-31 09:12:23,290 [INFO] LogOutputStream:77 - [STDOUT_REDIRECT] 1 : Invalid condition id : UX_CORESTACK_Condition cause : null
2025-07-31 09:12:23,291 [INFO] LogOutputStream:77 - [STDOUT_REDIRECT] 1 : Invalid condition id : UX_CORESTACK_Condition cause : null
2025-07-31 09:12:23,291 [INFO] LogOutputStream:77 - [STDOUT_REDIRECT] 1 : Invalid condition id : UX_CORESTACK_Condition cause : null
2025-07-31 09:12:23,292 [INFO] LogOutputStream:77 - [STDOUT_REDIRECT] 1 : Invalid condition id : UX_CORESTACK_Condition cause : null
2025-07-31 09:12:23,294 [WARN] PackLoader:240 - Cannot read IP mode file for STMicroelectronics.X-CUBE-AZRTOS-WL.2.0.0
2025-07-31 09:12:23,297 [WARN] PackLoader:240 - Cannot read IP mode file for STMicroelectronics.FP-SNS-MOTENV1.5.0.0
2025-07-31 09:12:23,303 [WARN] PackLoader:240 - Cannot read IP mode file for WES.I-CUBE-Cesium.1.3.0
2025-07-31 09:12:23,306 [WARN] PackLoader:240 - Cannot read IP mode file for STMicroelectronics.X-CUBE-BLE2.3.3.0
2025-07-31 09:12:23,310 [WARN] PackLoader:240 - Cannot read IP mode file for STMicroelectronics.X-CUBE-NFC9.1.0.0
2025-07-31 09:12:23,314 [WARN] PackLoader:240 - Cannot read IP mode file for wolfSSL.I-CUBE-wolfSSL.5.8.0
2025-07-31 09:12:23,317 [WARN] PackLoader:240 - Cannot read IP mode file for STMicroelectronics.X-CUBE-BLE1.7.1.0
2025-07-31 09:12:23,319 [WARN] PackLoader:240 - Cannot read IP mode file for wolfSSL.I-CUBE-wolfMQTT.1.19.2
2025-07-31 09:12:23,323 [WARN] PackLoader:240 - Cannot read IP mode file for STMicroelectronics.X-CUBE-EEPRMA1.5.2.0
2025-07-31 09:12:23,327 [WARN] PackLoader:240 - Cannot read IP mode file for STMicroelectronics.X-CUBE-AI.10.1.0
2025-07-31 09:12:23,336 [WARN] PackLoader:240 - Cannot read IP mode file for STMicroelectronics.X-CUBE-AZRTOS-G0.1.1.0
2025-07-31 09:12:23,341 [WARN] PackLoader:240 - Cannot read IP mode file for STMicroelectronics.X-CUBE-SAFEA1.1.2.2
2025-07-31 09:12:23,346 [WARN] PackLoader:240 - Cannot read IP mode file for STMicroelectronics.X-CUBE-NFC4.3.0.0
2025-07-31 09:12:23,354 [WARN] PackLoader:240 - Cannot read IP mode file for EmbeddedOffice.I-CUBE-FS-RTOS.1.0.1
2025-07-31 09:12:23,358 [WARN] PackLoader:240 - Cannot read IP mode file for STMicroelectronics.X-CUBE-WB05N.2.0.0
2025-07-31 09:12:23,360 [WARN] PackLoader:240 - Cannot read IP mode file for wolfSSL.I-CUBE-wolfTPM.3.8.0
2025-07-31 09:12:23,364 [WARN] PackLoader:240 - Cannot read IP mode file for STMicroelectronics.X-CUBE-TCPP.4.2.0
2025-07-31 09:12:23,367 [WARN] PackLoader:240 - Cannot read IP mode file for RealThread.X-CUBE-RT-Thread_Nano.4.1.1
2025-07-31 09:12:23,370 [WARN] PackLoader:240 - Cannot read IP mode file for STMicroelectronics.FP-ATR-SIGFOX1.3.2.0
2025-07-31 09:12:23,374 [WARN] PackLoader:240 - Cannot read IP mode file for ITTIA_DB.I-CUBE-ITTIADB.8.9.0
2025-07-31 09:12:23,377 [WARN] PackLoader:240 - Cannot read IP mode file for STMicroelectronics.X-CUBE-ST67W61.1.0.0
2025-07-31 09:12:23,389 [WARN] PackLoader:240 - Cannot read IP mode file for SEGGER.I-CUBE-embOS.1.3.1
2025-07-31 09:12:23,410 [WARN] PackLoader:240 - Cannot read IP mode file for STMicroelectronics.X-CUBE-ALGOBUILD.1.4.0
2025-07-31 09:12:23,431 [WARN] PackLoader:240 - Cannot read IP mode file for STMicroelectronics.X-CUBE-MEMS1.11.3.0
2025-07-31 09:12:23,498 [WARN] PackLoader:240 - Cannot read IP mode file for STMicroelectronics.X-CUBE-PM33A1.1.0.0
2025-07-31 09:12:23,506 [WARN] PackLoader:240 - Cannot read IP mode file for STMicroelectronics.X-CUBE-AZRTOS-F4.1.1.0
2025-07-31 09:12:23,510 [WARN] PackLoader:240 - Cannot read IP mode file for STMicroelectronics.X-CUBE-ISPU.2.1.0
2025-07-31 09:12:23,513 [WARN] PackLoader:240 - Cannot read IP mode file for STMicroelectronics.X-CUBE-NFC12.1.0.0
2025-07-31 09:12:23,521 [WARN] PackLoader:240 - Cannot read IP mode file for STMicroelectronics.X-CUBE-AZRTOS-L5.2.0.0
2025-07-31 09:12:23,526 [WARN] PackLoader:240 - Cannot read IP mode file for STMicroelectronics.X-CUBE-NFC6.3.1.0
2025-07-31 09:12:23,530 [WARN] PackLoader:240 - Cannot read IP mode file for STMicroelectronics.X-CUBE-FREERTOS.1.3.1
2025-07-31 09:12:23,533 [WARN] PackLoader:240 - Cannot read IP mode file for STMicroelectronics.FP-SNS-STAIOTCFT.1.0.0
2025-07-31 09:12:23,537 [WARN] PackLoader:240 - Cannot read IP mode file for STMicroelectronics.X-CUBE-DPower.1.3.0
2025-07-31 09:12:23,549 [WARN] ConditionMgr:438 - getConditionDescription Invalid condition id : LAN8742 Phy interface Condition cause : null
2025-07-31 09:12:23,549 [WARN] PackLoader:240 - Cannot read IP mode file for STMicroelectronics.X-CUBE-AZRTOS-L4.2.0.0
2025-07-31 09:12:23,550 [WARN] ConditionMgr:1044 - genDependencies : Invalid condition id : LAN8742 Phy interface Condition cause : null
2025-07-31 09:12:23,550 [WARN] ConditionMgr:1044 - genDependencies : Invalid condition id : LAN8742 Phy interface Condition cause : null
2025-07-31 09:12:23,550 [WARN] ConditionMgr:1044 - genDependencies : Invalid condition id : LAN8742 Phy interface Condition cause : null
2025-07-31 09:12:23,554 [WARN] PackLoader:240 - Cannot read IP mode file for STMicroelectronics.X-CUBE-SFXS2LP1.4.0.0
2025-07-31 09:12:23,559 [WARN] PackLoader:240 - Cannot read IP mode file for STMicroelectronics.X-CUBE-BLEMGR.4.1.0
2025-07-31 09:12:23,566 [WARN] ConditionMgr:438 - getConditionDescription Invalid condition id : UX DEVICE CLASS RTOS Condition cause : null
2025-07-31 09:12:23,566 [WARN] ConditionMgr:438 - getConditionDescription Invalid condition id : UX DEVICE CLASS RTOS Condition cause : null
2025-07-31 09:12:23,567 [WARN] PackLoader:240 - Cannot read IP mode file for STMicroelectronics.X-CUBE-AZRTOS-WB.2.0.0
2025-07-31 09:12:23,568 [WARN] ConditionMgr:1044 - genDependencies : Invalid condition id : UX DEVICE CLASS RTOS Condition cause : null
2025-07-31 09:12:23,568 [WARN] ConditionMgr:1044 - genDependencies : Invalid condition id : UX DEVICE CLASS RTOS Condition cause : null
2025-07-31 09:12:23,568 [WARN] ConditionMgr:1044 - genDependencies : Invalid condition id : UX DEVICE CLASS RTOS Condition cause : null
2025-07-31 09:12:23,568 [WARN] ConditionMgr:1044 - genDependencies : Invalid condition id : UX DEVICE CLASS RTOS Condition cause : null
2025-07-31 09:12:23,568 [WARN] ConditionMgr:1044 - genDependencies : Invalid condition id : UX DEVICE CLASS RTOS Condition cause : null
2025-07-31 09:12:23,572 [WARN] PackLoader:240 - Cannot read IP mode file for STMicroelectronics.X-CUBE-GNSS1.7.0.1
2025-07-31 09:12:23,576 [WARN] PackLoader:240 - Cannot read IP mode file for STMicroelectronics.X-CUBE-TOUCHGFX.4.25.0
2025-07-31 09:12:23,579 [WARN] PackLoader:240 - Cannot read IP mode file for STMicroelectronics.FP-SNS-STBOX1.2.0.0
2025-07-31 09:12:23,582 [WARN] ConditionMgr:438 - getConditionDescription Invalid condition id : Cortex-A Device cause : null
2025-07-31 09:12:23,592 [WARN] ConditionMgr:1044 - genDependencies : Invalid condition id : Cortex-A Device cause : null
2025-07-31 09:12:23,592 [WARN] ConditionMgr:1044 - genDependencies : Invalid condition id : Cortex-A Device cause : null
2025-07-31 09:12:23,592 [WARN] ConditionMgr:1044 - genDependencies : Invalid condition id : Cortex-A Device cause : null
2025-07-31 09:12:23,598 [WARN] PackLoader:240 - Cannot read IP mode file for STMicroelectronics.X-CUBE-SUBG2.5.0.0
2025-07-31 09:12:23,611 [WARN] PackLoader:240 - Cannot read IP mode file for STMicroelectronics.X-CUBE-AZRTOS-H7RS.1.1.0
2025-07-31 09:12:23,616 [WARN] PackLoader:240 - Cannot read IP mode file for Cesanta.I-CUBE-Mongoose.7.13.0
2025-07-31 09:12:23,623 [WARN] PackLoader:240 - Cannot read IP mode file for STMicroelectronics.X-CUBE-AZRTOS-G4.2.0.0
2025-07-31 09:12:23,632 [WARN] PackLoader:240 - Cannot read IP mode file for wolfSSL.I-CUBE-wolfSSH.1.4.20
2025-07-31 09:12:23,638 [WARN] PackLoader:240 - Cannot read IP mode file for STMicroelectronics.X-CUBE-NFC7.2.0.0
2025-07-31 09:12:23,650 [WARN] PackLoader:240 - Cannot read IP mode file for STMicroelectronics.X-CUBE-IPS.3.1.0
2025-07-31 09:12:23,658 [WARN] PackLoader:240 - Cannot read IP mode file for STMicroelectronics.X-CUBE-ALS.1.0.2
2025-07-31 09:12:23,662 [WARN] PackLoader:240 - Cannot read IP mode file for portGmbH.I-Cube-SoM-uGOAL.1.1.0
2025-07-31 09:12:23,672 [WARN] PackLoader:240 - Cannot read IP mode file for STMicroelectronics.X-CUBE-TOF1.3.4.3
2025-07-31 09:12:23,688 [INFO] ThirdParty:978 - Integrity check success = true
2025-07-31 09:12:23,689 [INFO] IntegrityCheckThread:100 - exiting critical section [integrity check]
2025-07-31 09:12:23,689 [INFO] IntegrityCheckThread:103 - End integrity checks thread
2025-07-31 09:12:56,095 [INFO] WebApp:194 - Connection lost
2025-07-31 09:12:56,430 [INFO] WebApp:191 - Connection restablished
2025-07-31 10:17:26,282 [INFO] WebApp:194 - Connection lost
2025-07-31 10:17:26,759 [INFO] WebApp:191 - Connection restablished
2025-07-31 11:50:11,624 [INFO] WebApp:194 - Connection lost
2025-07-31 11:50:11,916 [INFO] WebApp:191 - Connection restablished
2025-07-31 11:50:39,878 [INFO] WebApp:194 - Connection lost
2025-07-31 11:50:40,054 [INFO] WebApp:191 - Connection restablished
2025-07-31 11:50:43,198 [INFO] WebApp:194 - Connection lost
2025-07-31 11:50:43,390 [INFO] WebApp:191 - Connection restablished
2025-07-31 11:50:46,100 [INFO] WebApp:194 - Connection lost
2025-07-31 11:50:46,279 [INFO] WebApp:191 - Connection restablished
2025-07-31 11:50:49,237 [INFO] WebApp:194 - Connection lost
2025-07-31 11:50:49,415 [INFO] WebApp:191 - Connection restablished
2025-07-31 12:49:27,576 [INFO] WebApp:194 - Connection lost
2025-07-31 12:49:27,965 [INFO] WebApp:191 - Connection restablished
2025-07-31 12:49:33,619 [INFO] WebApp:194 - Connection lost
2025-07-31 12:49:33,800 [INFO] WebApp:191 - Connection restablished
2025-07-31 12:50:11,553 [INFO] WebApp:194 - Connection lost
2025-07-31 12:50:11,828 [INFO] WebApp:191 - Connection restablished
2025-07-31 12:50:16,124 [INFO] WebApp:194 - Connection lost
2025-07-31 12:50:16,302 [INFO] WebApp:191 - Connection restablished
2025-07-31 13:16:36,524 [INFO] WebApp:194 - Connection lost
2025-07-31 13:16:36,886 [INFO] WebApp:191 - Connection restablished
2025-07-31 13:16:42,607 [INFO] WebApp:194 - Connection lost
2025-07-31 13:16:42,823 [INFO] WebApp:191 - Connection restablished
2025-07-31 13:50:21,325 [INFO] WebApp:194 - Connection lost
2025-07-31 13:50:21,666 [INFO] WebApp:191 - Connection restablished
2025-07-31 13:50:51,067 [INFO] WebApp:194 - Connection lost
2025-07-31 13:50:51,243 [INFO] WebApp:191 - Connection restablished
2025-07-31 13:52:18,010 [INFO] WebApp:194 - Connection lost
2025-07-31 13:52:18,315 [INFO] WebApp:191 - Connection restablished
2025-07-31 13:52:22,104 [INFO] WebApp:194 - Connection lost
2025-07-31 13:52:22,306 [INFO] WebApp:191 - Connection restablished
2025-07-31 15:22:23,731 [INFO] WebApp:403 - JxBrowser engine has been closed 
2025-07-31 15:25:22,149 [INFO] Activator:176 - 


2025-07-31 15:25:22,150 [INFO] Activator:177 - !SESSION log4j initialized
2025-07-31 15:25:25,939 [INFO] LogOutputStream:77 - [STDOUT_REDIRECT] 
2025-07-31 15:25:26,748 [INFO] ApplicationProperties:184 - Using Application install path: C:\ST\STM32CubeIDE_1.19.0\STM32CubeIDE\plugins\com.st.stm32cube.common.mx_6.15.0.202507011659
2025-07-31 15:25:26,768 [INFO] DbMcusXml:78 - Set database path to: C:\ST\STM32CubeIDE_1.19.0\STM32CubeIDE\plugins\com.st.stm32cube.common.mx_6.15.0.202507011659\\db\/mcu/
2025-07-31 15:25:26,768 [INFO] ApiDb:274 - Set plugin database path to: C:\ST\STM32CubeIDE_1.19.0\STM32CubeIDE\plugins\com.st.stm32cube.common.mx_6.15.0.202507011659\\db\/plugins/boardmanager/
2025-07-31 15:25:26,768 [WARN] ApiDb:259 - Overriding images path with different value:  => C:\ST\STM32CubeIDE_1.19.0\STM32CubeIDE\plugins\com.st.stm32cube.common.mx_6.15.0.202507011659\\db\/plugins/mcufinder/images/
2025-07-31 15:25:26,777 [INFO] ApiDb:250 - Set database path to: C:\Users\User\.stmcufinder\plugins\mcufinder//mcu/
2025-07-31 15:25:26,778 [INFO] DbMcusAds:125 - Set database path to: C:\Users\User\.stmcufinder\plugins\mcufinder//mcu/
2025-07-31 15:25:26,780 [INFO] CrossReferenceDbSqlite:203 - Set database path to: C:\Users\User\.stmcufinder\plugins\mcufinder//mcu/cs/
2025-07-31 15:25:26,875 [INFO] RulesReader:64 - Compatibility file has been processed (317 Rules)
2025-07-31 15:25:26,918 [INFO] DbMcusXml:78 - Set database path to: C:\ST\STM32CubeIDE_1.19.0\STM32CubeIDE\plugins\com.st.stm32cube.common.mx_6.15.0.202507011659\\db\/mcu/
2025-07-31 15:25:26,918 [INFO] ApiDb:274 - Set plugin database path to: C:\ST\STM32CubeIDE_1.19.0\STM32CubeIDE\plugins\com.st.stm32cube.common.mx_6.15.0.202507011659\\db\/plugins/boardmanager/
2025-07-31 15:25:26,918 [INFO] ApiDb:261 - Set plugin images path to: C:\ST\STM32CubeIDE_1.19.0\STM32CubeIDE\plugins\com.st.stm32cube.common.mx_6.15.0.202507011659\\db\/plugins/mcufinder/images/
2025-07-31 15:25:26,919 [WARN] DbFile:41 - Overriding database path with different value: C:\Users\User\.stmcufinder\plugins\mcufinder/ => C:\Users\User\.stmcufinder\plugins\mcufinder
2025-07-31 15:25:26,919 [INFO] ApiDb:250 - Set database path to: C:\Users\User\.stmcufinder\plugins\mcufinder//mcu/
2025-07-31 15:25:26,919 [WARN] DbFile:41 - Overriding database path with different value: C:\Users\User\.stmcufinder\plugins\mcufinder/ => C:\Users\User\.stmcufinder\plugins\mcufinder
2025-07-31 15:25:26,919 [INFO] DbMcusAds:125 - Set database path to: C:\Users\User\.stmcufinder\plugins\mcufinder//mcu/
2025-07-31 15:25:26,919 [WARN] DbFile:41 - Overriding database path with different value: C:\Users\User\.stmcufinder\plugins\mcufinder/ => C:\Users\User\.stmcufinder\plugins\mcufinder
2025-07-31 15:25:26,919 [WARN] DbFile:41 - Overriding database path with different value: C:\Users\User\.stmcufinder\plugins\mcufinder/ => C:\Users\User\.stmcufinder\plugins\mcufinder
2025-07-31 15:25:26,919 [INFO] CrossReferenceDbSqlite:203 - Set database path to: C:\Users\User\.stmcufinder\plugins\mcufinder//mcu/cs/
2025-07-31 15:25:26,981 [INFO] MainPanel:274 - HeapMemory: 268435456
2025-07-31 15:25:27,085 [INFO] DbMcusXml:78 - Set database path to: C:\ST\STM32CubeIDE_1.19.0\STM32CubeIDE\plugins\com.st.stm32cube.common.mx_6.15.0.202507011659\\db\/mcu/
2025-07-31 15:25:27,085 [INFO] ApiDb:274 - Set plugin database path to: C:\ST\STM32CubeIDE_1.19.0\STM32CubeIDE\plugins\com.st.stm32cube.common.mx_6.15.0.202507011659\\db\/plugins/boardmanager/
2025-07-31 15:25:27,085 [INFO] ApiDb:261 - Set plugin images path to: C:\ST\STM32CubeIDE_1.19.0\STM32CubeIDE\plugins\com.st.stm32cube.common.mx_6.15.0.202507011659\\db\/plugins/mcufinder/images/
2025-07-31 15:25:27,085 [WARN] DbFile:41 - Overriding database path with different value: C:\Users\User\.stmcufinder\plugins\mcufinder/ => C:\Users\User\.stmcufinder\plugins\mcufinder
2025-07-31 15:25:27,085 [INFO] ApiDb:250 - Set database path to: C:\Users\User\.stmcufinder\plugins\mcufinder//mcu/
2025-07-31 15:25:27,085 [WARN] DbFile:41 - Overriding database path with different value: C:\Users\User\.stmcufinder\plugins\mcufinder/ => C:\Users\User\.stmcufinder\plugins\mcufinder
2025-07-31 15:25:27,085 [INFO] DbMcusAds:125 - Set database path to: C:\Users\User\.stmcufinder\plugins\mcufinder//mcu/
2025-07-31 15:25:27,085 [WARN] DbFile:41 - Overriding database path with different value: C:\Users\User\.stmcufinder\plugins\mcufinder/ => C:\Users\User\.stmcufinder\plugins\mcufinder
2025-07-31 15:25:27,085 [WARN] DbFile:41 - Overriding database path with different value: C:\Users\User\.stmcufinder\plugins\mcufinder/ => C:\Users\User\.stmcufinder\plugins\mcufinder
2025-07-31 15:25:27,085 [INFO] CrossReferenceDbSqlite:203 - Set database path to: C:\Users\User\.stmcufinder\plugins\mcufinder//mcu/cs/
2025-07-31 15:25:27,101 [INFO] ApplicationProperties:184 - Using Application install path: C:\ST\STM32CubeIDE_1.19.0\STM32CubeIDE\plugins\com.st.stm32cube.common.mx_6.15.0.202507011659
2025-07-31 15:25:27,102 [INFO] PluginManage:196 - Search for loadable plugins [exclusion list=, ]
2025-07-31 15:25:27,103 [INFO] PluginManage:310 - Check plugin analytics
2025-07-31 15:25:27,225 [INFO] AnalyticsPlugin:253 - Accepted Software Licenses: 
2025-07-31 15:25:27,226 [INFO] AnalyticsPlugin:255 - Accepted CMSIS Pack Licenses: 
2025-07-31 15:25:27,226 [INFO] AnalyticsPlugin:257 - Accepted Firmware Licenses: FW.WL.1.3.0
2025-07-31 15:25:27,228 [INFO] PluginManage:359 - Loaded plugin analytics (category:tool,tabindex:-1)
2025-07-31 15:25:27,228 [INFO] PluginManage:310 - Check plugin cadmodel
2025-07-31 15:25:27,235 [INFO] CADModel:105 - Init CAD model plugin
2025-07-31 15:25:27,235 [INFO] PluginManage:359 - Loaded plugin cadmodel (category:power,tabindex:5)
2025-07-31 15:25:27,235 [INFO] PluginManage:310 - Check plugin clock
2025-07-31 15:25:27,246 [INFO] PluginManage:359 - Loaded plugin clock (category:base,tabindex:2)
2025-07-31 15:25:27,246 [INFO] PluginManage:310 - Check plugin ddr
2025-07-31 15:25:27,249 [INFO] PluginManage:359 - Loaded plugin ddr (category:tool,tabindex:6)
2025-07-31 15:25:27,249 [INFO] PluginManage:310 - Check plugin filemanager
2025-07-31 15:25:27,366 [INFO] PluginManage:359 - Loaded plugin filemanager (category:base,tabindex:10)
2025-07-31 15:25:27,366 [INFO] PluginManage:310 - Check plugin ipmanager
2025-07-31 15:25:27,371 [INFO] PluginManage:359 - Loaded plugin ipmanager (category:base,tabindex:5)
2025-07-31 15:25:27,371 [INFO] PluginManage:310 - Check plugin lpbam
2025-07-31 15:25:27,378 [INFO] PluginManage:359 - Loaded plugin lpbam (category:base,tabindex:0)
2025-07-31 15:25:27,378 [INFO] PluginManage:310 - Check plugin memorymap
2025-07-31 15:25:27,393 [INFO] PluginManage:359 - Loaded plugin memorymap (category:base,tabindex:4)
2025-07-31 15:25:27,393 [INFO] PluginManage:310 - Check plugin pinoutandconfiguration
2025-07-31 15:25:27,401 [INFO] PluginManage:359 - Loaded plugin pinoutandconfiguration (category:base,tabindex:1)
2025-07-31 15:25:27,401 [INFO] PluginManage:310 - Check plugin pinoutconfig
2025-07-31 15:25:27,471 [WARN] SupportedApi:132 - Cannot load RTOS API schema: s4s-elt-must-match.1: The content of 'definitions' must match (annotation?, (simpleType | complexType)?, (unique | key | keyref)*)). A problem was found starting at: attribute.
2025-07-31 15:25:27,590 [INFO] PluginManage:359 - Loaded plugin pinoutconfig (category:base,tabindex:0)
2025-07-31 15:25:27,590 [INFO] PluginManage:310 - Check plugin power
2025-07-31 15:25:27,599 [INFO] PluginManage:359 - Loaded plugin power (category:power,tabindex:4)
2025-07-31 15:25:27,599 [INFO] PluginManage:310 - Check plugin projectmanager
2025-07-31 15:25:27,629 [INFO] PluginManage:359 - Loaded plugin projectmanager (category:projectmanager,tabindex:4)
2025-07-31 15:25:27,629 [INFO] PluginManage:310 - Check plugin rif
2025-07-31 15:25:27,641 [INFO] PluginManage:359 - Loaded plugin rif (category:base,tabindex:3)
2025-07-31 15:25:27,641 [INFO] PluginManage:310 - Check plugin thirdparty
2025-07-31 15:25:27,774 [INFO] PluginManage:359 - Loaded plugin thirdparty (category:base,tabindex:-1)
2025-07-31 15:25:27,774 [INFO] PluginManage:310 - Check plugin tools
2025-07-31 15:25:27,773 [WARN] IntegrityCheckThread:84 - waiting for thirdparty lock release [integrity check]
2025-07-31 15:25:27,774 [INFO] IntegrityCheckThread:86 - entering critical section [integrity check]
2025-07-31 15:25:27,774 [INFO] ThirdPartyUpdaterWithRetryManager:70 - Updater plugin not ready yet. [1/15]
2025-07-31 15:25:27,776 [INFO] PluginManage:359 - Loaded plugin tools (category:base,tabindex:7)
2025-07-31 15:25:27,776 [INFO] PluginManage:310 - Check plugin tutovideos
2025-07-31 15:25:27,947 [INFO] PluginManage:359 - Loaded plugin tutovideos (category:base,tabindex:-1)
2025-07-31 15:25:27,947 [INFO] PluginManage:310 - Check plugin updater
2025-07-31 15:25:27,965 [INFO] PluginManage:359 - Loaded plugin updater (category:base,tabindex:12)
2025-07-31 15:25:27,966 [INFO] PluginManage:310 - Check plugin userauth
2025-07-31 15:25:27,969 [INFO] UserAuth:118 - Init User Auth plugin
2025-07-31 15:25:27,970 [INFO] PluginManage:359 - Loaded plugin userauth (category:base,tabindex:14)
2025-07-31 15:25:27,970 [INFO] PluginManage:283 - PluginManage : Loaded plugins [18]
2025-07-31 15:25:28,122 [INFO] PinOutPanel:1589 - setPackage(No Configuration,No Configuration)
2025-07-31 15:25:28,188 [INFO] CADModel:165 - CPN selected for project level
2025-07-31 15:25:28,189 [INFO] CADModel:114 - Register for checkConnection events
2025-07-31 15:25:28,207 [INFO] IPUIPlugin:80 - create IPUIPlugin
2025-07-31 15:25:28,207 [INFO] PluginManager:220 - loadIPPluginJar : add adc
2025-07-31 15:25:28,209 [INFO] IPUIPlugin:80 - create IPUIPlugin
2025-07-31 15:25:28,210 [INFO] PluginManager:220 - loadIPPluginJar : add aes
2025-07-31 15:25:28,212 [INFO] IPUIPlugin:80 - create IPUIPlugin
2025-07-31 15:25:28,212 [INFO] PluginManager:220 - loadIPPluginJar : add can
2025-07-31 15:25:28,213 [INFO] IPUIPlugin:80 - create IPUIPlugin
2025-07-31 15:25:28,213 [INFO] PluginManager:220 - loadIPPluginJar : add comp
2025-07-31 15:25:28,215 [INFO] IPUIPlugin:80 - create IPUIPlugin
2025-07-31 15:25:28,215 [INFO] PluginManager:220 - loadIPPluginJar : add cryp
2025-07-31 15:25:28,218 [INFO] IPUIPlugin:80 - create IPUIPlugin
2025-07-31 15:25:28,218 [INFO] PluginManager:220 - loadIPPluginJar : add ddr_ctrl_phy
2025-07-31 15:25:28,220 [INFO] IPUIPlugin:80 - create IPUIPlugin
2025-07-31 15:25:28,220 [INFO] PluginManager:220 - loadIPPluginJar : add dfsdm
2025-07-31 15:25:28,224 [INFO] IPUIPlugin:80 - create IPUIPlugin
2025-07-31 15:25:28,225 [INFO] PluginManager:220 - loadIPPluginJar : add dma
2025-07-31 15:25:28,227 [INFO] IPUIPlugin:80 - create IPUIPlugin
2025-07-31 15:25:28,227 [INFO] PluginManager:220 - loadIPPluginJar : add dma3
2025-07-31 15:25:28,229 [INFO] IPUIPlugin:80 - create IPUIPlugin
2025-07-31 15:25:28,229 [INFO] PluginManager:220 - loadIPPluginJar : add extmemmanager
2025-07-31 15:25:28,230 [INFO] IPUIPlugin:80 - create IPUIPlugin
2025-07-31 15:25:28,230 [INFO] PluginManager:220 - loadIPPluginJar : add fatfs
2025-07-31 15:25:28,233 [INFO] IPUIPlugin:80 - create IPUIPlugin
2025-07-31 15:25:28,233 [INFO] PluginManager:220 - loadIPPluginJar : add fmc
2025-07-31 15:25:28,238 [INFO] IPUIPlugin:80 - create IPUIPlugin
2025-07-31 15:25:28,238 [INFO] PluginManager:220 - loadIPPluginJar : add freertos
2025-07-31 15:25:28,240 [INFO] IPUIPlugin:80 - create IPUIPlugin
2025-07-31 15:25:28,240 [INFO] PluginManager:220 - loadIPPluginJar : add genericplugin
2025-07-31 15:25:28,242 [INFO] IPUIPlugin:80 - create IPUIPlugin
2025-07-31 15:25:28,242 [INFO] PluginManager:220 - loadIPPluginJar : add gfxmmu
2025-07-31 15:25:28,245 [INFO] IPUIPlugin:80 - create IPUIPlugin
2025-07-31 15:25:28,245 [INFO] PluginManager:220 - loadIPPluginJar : add gic
2025-07-31 15:25:28,249 [INFO] IPUIPlugin:80 - create IPUIPlugin
2025-07-31 15:25:28,249 [INFO] PluginManager:220 - loadIPPluginJar : add gpio
2025-07-31 15:25:28,251 [INFO] IPUIPlugin:80 - create IPUIPlugin
2025-07-31 15:25:28,251 [INFO] PluginManager:220 - loadIPPluginJar : add gtzc
2025-07-31 15:25:28,252 [INFO] IPUIPlugin:80 - create IPUIPlugin
2025-07-31 15:25:28,253 [INFO] PluginManager:220 - loadIPPluginJar : add hash
2025-07-31 15:25:28,254 [INFO] IPUIPlugin:80 - create IPUIPlugin
2025-07-31 15:25:28,254 [INFO] PluginManager:220 - loadIPPluginJar : add i2c
2025-07-31 15:25:28,256 [INFO] IPUIPlugin:80 - create IPUIPlugin
2025-07-31 15:25:28,256 [INFO] PluginManager:220 - loadIPPluginJar : add i2s
2025-07-31 15:25:28,258 [INFO] IPUIPlugin:80 - create IPUIPlugin
2025-07-31 15:25:28,258 [INFO] PluginManager:220 - loadIPPluginJar : add i3c
2025-07-31 15:25:28,261 [INFO] IPUIPlugin:80 - create IPUIPlugin
2025-07-31 15:25:28,261 [INFO] PluginManager:220 - loadIPPluginJar : add ipddr
2025-07-31 15:25:28,266 [INFO] IPUIPlugin:80 - create IPUIPlugin
2025-07-31 15:25:28,266 [INFO] PluginManager:220 - loadIPPluginJar : add linkedlist
2025-07-31 15:25:28,269 [INFO] IPUIPlugin:80 - create IPUIPlugin
2025-07-31 15:25:28,269 [INFO] PluginManager:220 - loadIPPluginJar : add lorawan
2025-07-31 15:25:28,270 [INFO] IPUIPlugin:80 - create IPUIPlugin
2025-07-31 15:25:28,270 [INFO] PluginManager:220 - loadIPPluginJar : add ltdc
2025-07-31 15:25:28,274 [INFO] IPUIPlugin:80 - create IPUIPlugin
2025-07-31 15:25:28,274 [INFO] PluginManager:220 - loadIPPluginJar : add mdma
2025-07-31 15:25:28,277 [INFO] IPUIPlugin:80 - create IPUIPlugin
2025-07-31 15:25:28,277 [INFO] PluginManager:220 - loadIPPluginJar : add nvic
2025-07-31 15:25:28,279 [INFO] IPUIPlugin:80 - create IPUIPlugin
2025-07-31 15:25:28,279 [INFO] PluginManager:220 - loadIPPluginJar : add opamp
2025-07-31 15:25:28,282 [INFO] IPUIPlugin:80 - create IPUIPlugin
2025-07-31 15:25:28,282 [INFO] PluginManager:220 - loadIPPluginJar : add openamp
2025-07-31 15:25:28,285 [INFO] IPUIPlugin:80 - create IPUIPlugin
2025-07-31 15:25:28,285 [INFO] PluginManager:220 - loadIPPluginJar : add pdm2pcm
2025-07-31 15:25:28,289 [INFO] IPUIPlugin:80 - create IPUIPlugin
2025-07-31 15:25:28,291 [INFO] PluginManager:220 - loadIPPluginJar : add plateformsettings
2025-07-31 15:25:28,292 [INFO] IPUIPlugin:80 - create IPUIPlugin
2025-07-31 15:25:28,292 [INFO] PluginManager:220 - loadIPPluginJar : add quadspi
2025-07-31 15:25:28,294 [INFO] IPUIPlugin:80 - create IPUIPlugin
2025-07-31 15:25:28,294 [INFO] PluginManager:220 - loadIPPluginJar : add radio
2025-07-31 15:25:28,297 [INFO] IPUIPlugin:80 - create IPUIPlugin
2025-07-31 15:25:28,297 [INFO] PluginManager:220 - loadIPPluginJar : add resmgrutility
2025-07-31 15:25:28,300 [INFO] IPUIPlugin:80 - create IPUIPlugin
2025-07-31 15:25:28,300 [INFO] PluginManager:220 - loadIPPluginJar : add sai
2025-07-31 15:25:28,302 [INFO] IPUIPlugin:80 - create IPUIPlugin
2025-07-31 15:25:28,302 [INFO] PluginManager:220 - loadIPPluginJar : add spi
2025-07-31 15:25:28,307 [INFO] IPUIPlugin:80 - create IPUIPlugin
2025-07-31 15:25:28,307 [INFO] PluginManager:220 - loadIPPluginJar : add stm32_wpan
2025-07-31 15:25:28,309 [INFO] IPUIPlugin:80 - create IPUIPlugin
2025-07-31 15:25:28,309 [INFO] PluginManager:220 - loadIPPluginJar : add tim
2025-07-31 15:25:28,311 [INFO] IPUIPlugin:80 - create IPUIPlugin
2025-07-31 15:25:28,311 [INFO] PluginManager:220 - loadIPPluginJar : add touchsensing
2025-07-31 15:25:28,313 [INFO] IPUIPlugin:80 - create IPUIPlugin
2025-07-31 15:25:28,313 [INFO] PluginManager:220 - loadIPPluginJar : add tracer_emb
2025-07-31 15:25:28,315 [INFO] IPUIPlugin:80 - create IPUIPlugin
2025-07-31 15:25:28,315 [INFO] PluginManager:220 - loadIPPluginJar : add ts
2025-07-31 15:25:28,316 [INFO] IPUIPlugin:80 - create IPUIPlugin
2025-07-31 15:25:28,316 [INFO] PluginManager:220 - loadIPPluginJar : add tsc
2025-07-31 15:25:28,318 [INFO] IPUIPlugin:80 - create IPUIPlugin
2025-07-31 15:25:28,318 [INFO] PluginManager:220 - loadIPPluginJar : add ucpd
2025-07-31 15:25:28,320 [INFO] IPUIPlugin:80 - create IPUIPlugin
2025-07-31 15:25:28,320 [INFO] PluginManager:220 - loadIPPluginJar : add usart
2025-07-31 15:25:28,323 [INFO] IPUIPlugin:80 - create IPUIPlugin
2025-07-31 15:25:28,323 [INFO] PluginManager:220 - loadIPPluginJar : add usbx
2025-07-31 15:25:28,432 [FATAL] Updater:351 - Updater called before beeing initialized
2025-07-31 15:25:28,457 [INFO] RulesReader:64 - Compatibility file has been processed (317 Rules)
2025-07-31 15:25:28,464 [INFO] RulesReader:64 - Compatibility file has been processed (317 Rules)
2025-07-31 15:25:28,469 [INFO] CADModel:165 - CPN selected for project level
2025-07-31 15:25:28,469 [INFO] CADModel:114 - Register for checkConnection events
2025-07-31 15:25:28,469 [FATAL] Updater:351 - Updater called before beeing initialized
2025-07-31 15:25:28,469 [ERROR] CADModel:125 - Updater not yet initialized, retry later 
2025-07-31 15:25:28,567 [FATAL] Updater:351 - Updater called before beeing initialized
2025-07-31 15:25:28,569 [INFO] CADModel:165 - CPN selected for project level
2025-07-31 15:25:28,569 [INFO] CADModel:114 - Register for checkConnection events
2025-07-31 15:25:28,569 [FATAL] Updater:351 - Updater called before beeing initialized
2025-07-31 15:25:28,569 [ERROR] CADModel:125 - Updater not yet initialized, retry later 
2025-07-31 15:25:28,571 [FATAL] Updater:351 - Updater called before beeing initialized
2025-07-31 15:25:28,639 [FATAL] Updater:351 - Updater called before beeing initialized
2025-07-31 15:25:28,641 [INFO] DbMcusAds:53 - JSON generation date=Tue Jul 08 13:44:23 IST 2025 (1751962463562)
2025-07-31 15:25:28,641 [FATAL] Updater:351 - Updater called before beeing initialized
2025-07-31 15:25:28,668 [WARN] DetailPanel:346 - Failed to get advertising image, set to default
2025-07-31 15:25:28,721 [FATAL] Updater:351 - Updater called before beeing initialized
2025-07-31 15:25:28,723 [FATAL] Updater:351 - Updater called before beeing initialized
2025-07-31 15:25:28,723 [FATAL] Updater:351 - Updater called before beeing initialized
2025-07-31 15:25:28,723 [WARN] DetailPanel:346 - Failed to get advertising image, set to default
2025-07-31 15:25:28,723 [FATAL] Updater:351 - Updater called before beeing initialized
2025-07-31 15:25:28,756 [ERROR] Updater:1198 - MainUpdater not yet initialized. External WinMGr cannot be set.
2025-07-31 15:25:28,757 [INFO] Updater:1134 - Updater Version found : 6.15.0
2025-07-31 15:25:28,777 [INFO] ApplicationProperties:184 - Using Application install path: C:\ST\STM32CubeIDE_1.19.0\STM32CubeIDE\plugins\com.st.stm32cube.common.mx_6.15.0.202507011659
2025-07-31 15:25:30,365 [ERROR] LogOutputStream:75 - [STDERR_REDIRECT] Jul 31, 2025 3:25:30 PM java.util.prefs.WindowsPreferences <init>
2025-07-31 15:25:30,367 [ERROR] LogOutputStream:75 - [STDERR_REDIRECT] WARNING: Could not open/create prefs root node Software\JavaSoft\Prefs at root 0xffffffff80000002. Windows RegCreateKeyEx(...) returned error code 5.
2025-07-31 15:25:30,368 [ERROR] LogOutputStream:75 - [STDERR_REDIRECT] 
2025-07-31 15:25:30,664 [INFO] MainUpdater:2872 - connection check result : 10
2025-07-31 15:25:30,664 [INFO] MainUpdater:289 - Updater Check For Update Now.
2025-07-31 15:25:30,664 [INFO] MicroXplorer:498 - Change Database Version : DB.6.0.150
2025-07-31 15:25:30,672 [INFO] McuFinderGlobals:63 - Set McuFinder mode to 2 (CubeIDE integrated)
2025-07-31 15:25:30,673 [INFO] UserAuth:487 - Internet connection configuration mode: 1
2025-07-31 15:25:30,711 [INFO] JxBrowserEngine:152 - Initiate JxBrowser Engine with user profile folder
2025-07-31 15:25:30,775 [WARN] MainUpdater:1193 - Updater busy. Cannot search thirdparties
2025-07-31 15:25:30,775 [INFO] ThirdPartyUpdaterWithRetryManager:96 - Updater plugin is busy. [1/15]
2025-07-31 15:25:30,829 [INFO] CheckServerUpdateThread:120 - End of CheckServer Thread
2025-07-31 15:25:31,930 [INFO] WebApp:169 - Instantiating new browser for Auth
2025-07-31 15:25:32,463 [INFO] WebApp:463 - Apply proxy settings
2025-07-31 15:25:32,463 [INFO] WebApp:548 - Chromium requires no authentication
2025-07-31 15:25:32,471 [INFO] WebApp:491 - Direct internet connection detected
2025-07-31 15:25:32,494 [INFO] WebApp:900 - Register for checkConnection events
2025-07-31 15:25:32,495 [INFO] WebApp:463 - Apply proxy settings
2025-07-31 15:25:32,495 [INFO] WebApp:548 - Chromium requires no authentication
2025-07-31 15:25:32,495 [INFO] WebApp:491 - Direct internet connection detected
2025-07-31 15:25:32,634 [INFO] WebApp:225 - Starting web application
2025-07-31 15:25:32,634 [INFO] WebApp:593 - Web application path used C:\ST\STM32CubeIDE_1.19.0\STM32CubeIDE\plugins\com.st.stm32cube.common.mx_6.15.0.202507011659\db\plugins\mcufinder\reactClient1\index.html
2025-07-31 15:25:32,689 [INFO] UserAuth:487 - Internet connection configuration mode: 1
2025-07-31 15:25:32,832 [INFO] WebApp:191 - Connection restablished
2025-07-31 15:25:33,898 [WARN] PackLoader:240 - Cannot read IP mode file for STMicroelectronics.FP-SNS-MOTENVWB1.1.4.0
2025-07-31 15:25:33,904 [WARN] PackLoader:240 - Cannot read IP mode file for STMicroelectronics.FP-ATR-ASTRA1.2.0.2
2025-07-31 15:25:33,909 [WARN] PackLoader:240 - Cannot read IP mode file for STMicroelectronics.X-CUBE-SMBUS.2.1.0
2025-07-31 15:25:33,913 [WARN] PackLoader:240 - Cannot read IP mode file for STMicroelectronics.X-CUBE-ST60.1.0.0
2025-07-31 15:25:33,932 [WARN] PackLoader:240 - Cannot read IP mode file for STMicroelectronics.X-CUBE-AZRTOS-F7.1.1.0
2025-07-31 15:25:33,967 [WARN] PackLoader:240 - Cannot read IP mode file for Infineon.AIROC-Wi-Fi-Bluetooth-STM32.1.7.1
2025-07-31 15:25:34,009 [WARN] PackLoader:240 - Cannot read IP mode file for STMicroelectronics.X-CUBE-AZRTOS-H7.3.4.0
2025-07-31 15:25:34,019 [WARN] PackLoader:240 - Cannot read IP mode file for STMicroelectronics.X-CUBE-DISPLAY.3.0.0
2025-07-31 15:25:34,027 [WARN] PackLoader:240 - Cannot read IP mode file for STMicroelectronics.X-CUBE-NFC10.1.0.0
2025-07-31 15:25:34,032 [WARN] PackLoader:240 - Cannot read IP mode file for emotas.I-CUBE-CANOPEN.1.3.0
2025-07-31 15:25:34,035 [WARN] PackLoader:240 - Cannot read IP mode file for STMicroelectronics.FP-SNS-SMARTAG2.1.2.0
2025-07-31 15:25:34,038 [WARN] PackLoader:240 - Cannot read IP mode file for STMicroelectronics.FP-SNS-FLIGHT1.5.1.0
2025-07-31 15:25:34,043 [INFO] LogOutputStream:77 - [STDOUT_REDIRECT] 1 : Invalid condition id : UX_CORESTACK_Condition cause : null
2025-07-31 15:25:34,044 [INFO] LogOutputStream:77 - [STDOUT_REDIRECT] 1 : Invalid condition id : UX_CORESTACK_Condition cause : null
2025-07-31 15:25:34,044 [INFO] LogOutputStream:77 - [STDOUT_REDIRECT] 1 : Invalid condition id : UX_CORESTACK_Condition cause : null
2025-07-31 15:25:34,045 [INFO] LogOutputStream:77 - [STDOUT_REDIRECT] 1 : Invalid condition id : UX_CORESTACK_Condition cause : null
2025-07-31 15:25:34,045 [INFO] LogOutputStream:77 - [STDOUT_REDIRECT] 1 : Invalid condition id : UX_CORESTACK_Condition cause : null
2025-07-31 15:25:34,047 [WARN] PackLoader:240 - Cannot read IP mode file for STMicroelectronics.X-CUBE-AZRTOS-WL.2.0.0
2025-07-31 15:25:34,050 [WARN] PackLoader:240 - Cannot read IP mode file for STMicroelectronics.FP-SNS-MOTENV1.5.0.0
2025-07-31 15:25:34,055 [WARN] PackLoader:240 - Cannot read IP mode file for WES.I-CUBE-Cesium.1.3.0
2025-07-31 15:25:34,059 [WARN] PackLoader:240 - Cannot read IP mode file for STMicroelectronics.X-CUBE-BLE2.3.3.0
2025-07-31 15:25:34,063 [WARN] PackLoader:240 - Cannot read IP mode file for STMicroelectronics.X-CUBE-NFC9.1.0.0
2025-07-31 15:25:34,067 [WARN] PackLoader:240 - Cannot read IP mode file for wolfSSL.I-CUBE-wolfSSL.5.8.0
2025-07-31 15:25:34,071 [WARN] PackLoader:240 - Cannot read IP mode file for STMicroelectronics.X-CUBE-BLE1.7.1.0
2025-07-31 15:25:34,073 [WARN] PackLoader:240 - Cannot read IP mode file for wolfSSL.I-CUBE-wolfMQTT.1.19.2
2025-07-31 15:25:34,077 [WARN] PackLoader:240 - Cannot read IP mode file for STMicroelectronics.X-CUBE-EEPRMA1.5.2.0
2025-07-31 15:25:34,081 [WARN] PackLoader:240 - Cannot read IP mode file for STMicroelectronics.X-CUBE-AI.10.1.0
2025-07-31 15:25:34,090 [WARN] PackLoader:240 - Cannot read IP mode file for STMicroelectronics.X-CUBE-AZRTOS-G0.1.1.0
2025-07-31 15:25:34,098 [WARN] PackLoader:240 - Cannot read IP mode file for STMicroelectronics.X-CUBE-SAFEA1.1.2.2
2025-07-31 15:25:34,101 [WARN] PackLoader:240 - Cannot read IP mode file for STMicroelectronics.X-CUBE-NFC4.3.0.0
2025-07-31 15:25:34,106 [WARN] PackLoader:240 - Cannot read IP mode file for EmbeddedOffice.I-CUBE-FS-RTOS.1.0.1
2025-07-31 15:25:34,109 [WARN] PackLoader:240 - Cannot read IP mode file for STMicroelectronics.X-CUBE-WB05N.2.0.0
2025-07-31 15:25:34,113 [WARN] PackLoader:240 - Cannot read IP mode file for wolfSSL.I-CUBE-wolfTPM.3.8.0
2025-07-31 15:25:34,116 [WARN] PackLoader:240 - Cannot read IP mode file for STMicroelectronics.X-CUBE-TCPP.4.2.0
2025-07-31 15:25:34,120 [WARN] PackLoader:240 - Cannot read IP mode file for RealThread.X-CUBE-RT-Thread_Nano.4.1.1
2025-07-31 15:25:34,122 [WARN] PackLoader:240 - Cannot read IP mode file for STMicroelectronics.FP-ATR-SIGFOX1.3.2.0
2025-07-31 15:25:34,126 [WARN] PackLoader:240 - Cannot read IP mode file for ITTIA_DB.I-CUBE-ITTIADB.8.9.0
2025-07-31 15:25:34,129 [WARN] PackLoader:240 - Cannot read IP mode file for STMicroelectronics.X-CUBE-ST67W61.1.0.0
2025-07-31 15:25:34,140 [WARN] PackLoader:240 - Cannot read IP mode file for SEGGER.I-CUBE-embOS.1.3.1
2025-07-31 15:25:34,169 [WARN] PackLoader:240 - Cannot read IP mode file for STMicroelectronics.X-CUBE-ALGOBUILD.1.4.0
2025-07-31 15:25:34,187 [WARN] PackLoader:240 - Cannot read IP mode file for STMicroelectronics.X-CUBE-MEMS1.11.3.0
2025-07-31 15:25:34,239 [WARN] PackLoader:240 - Cannot read IP mode file for STMicroelectronics.X-CUBE-PM33A1.1.0.0
2025-07-31 15:25:34,247 [WARN] PackLoader:240 - Cannot read IP mode file for STMicroelectronics.X-CUBE-AZRTOS-F4.1.1.0
2025-07-31 15:25:34,251 [WARN] PackLoader:240 - Cannot read IP mode file for STMicroelectronics.X-CUBE-ISPU.2.1.0
2025-07-31 15:25:34,254 [WARN] PackLoader:240 - Cannot read IP mode file for STMicroelectronics.X-CUBE-NFC12.1.0.0
2025-07-31 15:25:34,265 [WARN] PackLoader:240 - Cannot read IP mode file for STMicroelectronics.X-CUBE-AZRTOS-L5.2.0.0
2025-07-31 15:25:34,270 [WARN] PackLoader:240 - Cannot read IP mode file for STMicroelectronics.X-CUBE-NFC6.3.1.0
2025-07-31 15:25:34,274 [WARN] PackLoader:240 - Cannot read IP mode file for STMicroelectronics.X-CUBE-FREERTOS.1.3.1
2025-07-31 15:25:34,278 [WARN] PackLoader:240 - Cannot read IP mode file for STMicroelectronics.FP-SNS-STAIOTCFT.1.0.0
2025-07-31 15:25:34,281 [WARN] PackLoader:240 - Cannot read IP mode file for STMicroelectronics.X-CUBE-DPower.1.3.0
2025-07-31 15:25:34,290 [WARN] ConditionMgr:438 - getConditionDescription Invalid condition id : LAN8742 Phy interface Condition cause : null
2025-07-31 15:25:34,290 [WARN] PackLoader:240 - Cannot read IP mode file for STMicroelectronics.X-CUBE-AZRTOS-L4.2.0.0
2025-07-31 15:25:34,291 [WARN] ConditionMgr:1044 - genDependencies : Invalid condition id : LAN8742 Phy interface Condition cause : null
2025-07-31 15:25:34,291 [WARN] ConditionMgr:1044 - genDependencies : Invalid condition id : LAN8742 Phy interface Condition cause : null
2025-07-31 15:25:34,291 [WARN] ConditionMgr:1044 - genDependencies : Invalid condition id : LAN8742 Phy interface Condition cause : null
2025-07-31 15:25:34,296 [WARN] PackLoader:240 - Cannot read IP mode file for STMicroelectronics.X-CUBE-SFXS2LP1.4.0.0
2025-07-31 15:25:34,302 [WARN] PackLoader:240 - Cannot read IP mode file for STMicroelectronics.X-CUBE-BLEMGR.4.1.0
2025-07-31 15:25:34,309 [WARN] ConditionMgr:438 - getConditionDescription Invalid condition id : UX DEVICE CLASS RTOS Condition cause : null
2025-07-31 15:25:34,309 [WARN] ConditionMgr:438 - getConditionDescription Invalid condition id : UX DEVICE CLASS RTOS Condition cause : null
2025-07-31 15:25:34,310 [WARN] PackLoader:240 - Cannot read IP mode file for STMicroelectronics.X-CUBE-AZRTOS-WB.2.0.0
2025-07-31 15:25:34,310 [WARN] ConditionMgr:1044 - genDependencies : Invalid condition id : UX DEVICE CLASS RTOS Condition cause : null
2025-07-31 15:25:34,310 [WARN] ConditionMgr:1044 - genDependencies : Invalid condition id : UX DEVICE CLASS RTOS Condition cause : null
2025-07-31 15:25:34,310 [WARN] ConditionMgr:1044 - genDependencies : Invalid condition id : UX DEVICE CLASS RTOS Condition cause : null
2025-07-31 15:25:34,310 [WARN] ConditionMgr:1044 - genDependencies : Invalid condition id : UX DEVICE CLASS RTOS Condition cause : null
2025-07-31 15:25:34,310 [WARN] ConditionMgr:1044 - genDependencies : Invalid condition id : UX DEVICE CLASS RTOS Condition cause : null
2025-07-31 15:25:34,315 [WARN] PackLoader:240 - Cannot read IP mode file for STMicroelectronics.X-CUBE-GNSS1.7.0.1
2025-07-31 15:25:34,319 [WARN] PackLoader:240 - Cannot read IP mode file for STMicroelectronics.X-CUBE-TOUCHGFX.4.25.0
2025-07-31 15:25:34,322 [WARN] PackLoader:240 - Cannot read IP mode file for STMicroelectronics.FP-SNS-STBOX1.2.0.0
2025-07-31 15:25:34,326 [WARN] ConditionMgr:438 - getConditionDescription Invalid condition id : Cortex-A Device cause : null
2025-07-31 15:25:34,335 [WARN] ConditionMgr:1044 - genDependencies : Invalid condition id : Cortex-A Device cause : null
2025-07-31 15:25:34,335 [WARN] ConditionMgr:1044 - genDependencies : Invalid condition id : Cortex-A Device cause : null
2025-07-31 15:25:34,335 [WARN] ConditionMgr:1044 - genDependencies : Invalid condition id : Cortex-A Device cause : null
2025-07-31 15:25:34,343 [WARN] PackLoader:240 - Cannot read IP mode file for STMicroelectronics.X-CUBE-SUBG2.5.0.0
2025-07-31 15:25:34,368 [WARN] PackLoader:240 - Cannot read IP mode file for STMicroelectronics.X-CUBE-AZRTOS-H7RS.1.1.0
2025-07-31 15:25:34,374 [WARN] PackLoader:240 - Cannot read IP mode file for Cesanta.I-CUBE-Mongoose.7.13.0
2025-07-31 15:25:34,387 [WARN] PackLoader:240 - Cannot read IP mode file for STMicroelectronics.X-CUBE-AZRTOS-G4.2.0.0
2025-07-31 15:25:34,393 [WARN] PackLoader:240 - Cannot read IP mode file for wolfSSL.I-CUBE-wolfSSH.1.4.20
2025-07-31 15:25:34,397 [WARN] PackLoader:240 - Cannot read IP mode file for STMicroelectronics.X-CUBE-NFC7.2.0.0
2025-07-31 15:25:34,419 [WARN] PackLoader:240 - Cannot read IP mode file for STMicroelectronics.X-CUBE-IPS.3.1.0
2025-07-31 15:25:34,429 [WARN] PackLoader:240 - Cannot read IP mode file for STMicroelectronics.X-CUBE-ALS.1.0.2
2025-07-31 15:25:34,435 [WARN] PackLoader:240 - Cannot read IP mode file for portGmbH.I-Cube-SoM-uGOAL.1.1.0
2025-07-31 15:25:34,445 [WARN] PackLoader:240 - Cannot read IP mode file for STMicroelectronics.X-CUBE-TOF1.3.4.3
2025-07-31 15:25:34,452 [INFO] ThirdParty:978 - Integrity check success = true
2025-07-31 15:25:34,452 [INFO] IntegrityCheckThread:100 - exiting critical section [integrity check]
2025-07-31 15:25:34,452 [INFO] IntegrityCheckThread:103 - End integrity checks thread
2025-07-31 15:26:01,634 [INFO] WebApp:194 - Connection lost
2025-07-31 15:26:01,807 [INFO] WebApp:191 - Connection restablished
2025-07-31 15:33:42,251 [ERROR] LogOutputStream:75 - [STDERR_REDIRECT] 
