2025-09-17 12:04:21,620 [INFO] Activator:176 - 


2025-09-17 12:04:21,623 [INFO] Activator:177 - !SESSION log4j initialized
2025-09-17 12:04:26,254 [INFO] LogOutputStream:77 - [STDOUT_REDIRECT] 
2025-09-17 12:04:27,047 [INFO] ApplicationProperties:184 - Using Application install path: C:\ST\STM32CubeIDE_1.19.0\STM32CubeIDE\plugins\com.st.stm32cube.common.mx_6.15.0.202507011659
2025-09-17 12:04:27,064 [INFO] DbMcusXml:78 - Set database path to: C:\ST\STM32CubeIDE_1.19.0\STM32CubeIDE\plugins\com.st.stm32cube.common.mx_6.15.0.202507011659\\db\/mcu/
2025-09-17 12:04:27,065 [INFO] ApiDb:274 - Set plugin database path to: C:\ST\STM32CubeIDE_1.19.0\STM32CubeIDE\plugins\com.st.stm32cube.common.mx_6.15.0.202507011659\\db\/plugins/boardmanager/
2025-09-17 12:04:27,065 [WARN] ApiDb:259 - Overriding images path with different value:  => C:\ST\STM32CubeIDE_1.19.0\STM32CubeIDE\plugins\com.st.stm32cube.common.mx_6.15.0.202507011659\\db\/plugins/mcufinder/images/
2025-09-17 12:04:27,070 [INFO] ApiDb:250 - Set database path to: C:\Users\User\.stmcufinder\plugins\mcufinder//mcu/
2025-09-17 12:04:27,071 [INFO] DbMcusAds:125 - Set database path to: C:\Users\User\.stmcufinder\plugins\mcufinder//mcu/
2025-09-17 12:04:27,073 [INFO] CrossReferenceDbSqlite:203 - Set database path to: C:\Users\User\.stmcufinder\plugins\mcufinder//mcu/cs/
2025-09-17 12:04:27,170 [INFO] RulesReader:64 - Compatibility file has been processed (317 Rules)
2025-09-17 12:04:27,222 [INFO] DbMcusXml:78 - Set database path to: C:\ST\STM32CubeIDE_1.19.0\STM32CubeIDE\plugins\com.st.stm32cube.common.mx_6.15.0.202507011659\\db\/mcu/
2025-09-17 12:04:27,222 [INFO] ApiDb:274 - Set plugin database path to: C:\ST\STM32CubeIDE_1.19.0\STM32CubeIDE\plugins\com.st.stm32cube.common.mx_6.15.0.202507011659\\db\/plugins/boardmanager/
2025-09-17 12:04:27,222 [INFO] ApiDb:261 - Set plugin images path to: C:\ST\STM32CubeIDE_1.19.0\STM32CubeIDE\plugins\com.st.stm32cube.common.mx_6.15.0.202507011659\\db\/plugins/mcufinder/images/
2025-09-17 12:04:27,223 [WARN] DbFile:41 - Overriding database path with different value: C:\Users\User\.stmcufinder\plugins\mcufinder/ => C:\Users\User\.stmcufinder\plugins\mcufinder
2025-09-17 12:04:27,223 [INFO] ApiDb:250 - Set database path to: C:\Users\User\.stmcufinder\plugins\mcufinder//mcu/
2025-09-17 12:04:27,223 [WARN] DbFile:41 - Overriding database path with different value: C:\Users\User\.stmcufinder\plugins\mcufinder/ => C:\Users\User\.stmcufinder\plugins\mcufinder
2025-09-17 12:04:27,223 [INFO] DbMcusAds:125 - Set database path to: C:\Users\User\.stmcufinder\plugins\mcufinder//mcu/
2025-09-17 12:04:27,223 [WARN] DbFile:41 - Overriding database path with different value: C:\Users\User\.stmcufinder\plugins\mcufinder/ => C:\Users\User\.stmcufinder\plugins\mcufinder
2025-09-17 12:04:27,223 [WARN] DbFile:41 - Overriding database path with different value: C:\Users\User\.stmcufinder\plugins\mcufinder/ => C:\Users\User\.stmcufinder\plugins\mcufinder
2025-09-17 12:04:27,223 [INFO] CrossReferenceDbSqlite:203 - Set database path to: C:\Users\User\.stmcufinder\plugins\mcufinder//mcu/cs/
2025-09-17 12:04:27,292 [INFO] MainPanel:274 - HeapMemory: 269484032
2025-09-17 12:04:27,396 [INFO] DbMcusXml:78 - Set database path to: C:\ST\STM32CubeIDE_1.19.0\STM32CubeIDE\plugins\com.st.stm32cube.common.mx_6.15.0.202507011659\\db\/mcu/
2025-09-17 12:04:27,396 [INFO] ApiDb:274 - Set plugin database path to: C:\ST\STM32CubeIDE_1.19.0\STM32CubeIDE\plugins\com.st.stm32cube.common.mx_6.15.0.202507011659\\db\/plugins/boardmanager/
2025-09-17 12:04:27,396 [INFO] ApiDb:261 - Set plugin images path to: C:\ST\STM32CubeIDE_1.19.0\STM32CubeIDE\plugins\com.st.stm32cube.common.mx_6.15.0.202507011659\\db\/plugins/mcufinder/images/
2025-09-17 12:04:27,396 [WARN] DbFile:41 - Overriding database path with different value: C:\Users\User\.stmcufinder\plugins\mcufinder/ => C:\Users\User\.stmcufinder\plugins\mcufinder
2025-09-17 12:04:27,396 [INFO] ApiDb:250 - Set database path to: C:\Users\User\.stmcufinder\plugins\mcufinder//mcu/
2025-09-17 12:04:27,396 [WARN] DbFile:41 - Overriding database path with different value: C:\Users\User\.stmcufinder\plugins\mcufinder/ => C:\Users\User\.stmcufinder\plugins\mcufinder
2025-09-17 12:04:27,397 [INFO] DbMcusAds:125 - Set database path to: C:\Users\User\.stmcufinder\plugins\mcufinder//mcu/
2025-09-17 12:04:27,397 [WARN] DbFile:41 - Overriding database path with different value: C:\Users\User\.stmcufinder\plugins\mcufinder/ => C:\Users\User\.stmcufinder\plugins\mcufinder
2025-09-17 12:04:27,397 [WARN] DbFile:41 - Overriding database path with different value: C:\Users\User\.stmcufinder\plugins\mcufinder/ => C:\Users\User\.stmcufinder\plugins\mcufinder
2025-09-17 12:04:27,397 [INFO] CrossReferenceDbSqlite:203 - Set database path to: C:\Users\User\.stmcufinder\plugins\mcufinder//mcu/cs/
2025-09-17 12:04:27,412 [INFO] ApplicationProperties:184 - Using Application install path: C:\ST\STM32CubeIDE_1.19.0\STM32CubeIDE\plugins\com.st.stm32cube.common.mx_6.15.0.202507011659
2025-09-17 12:04:27,413 [INFO] PluginManage:196 - Search for loadable plugins [exclusion list=, ]
2025-09-17 12:04:27,414 [INFO] PluginManage:310 - Check plugin analytics
2025-09-17 12:04:27,549 [INFO] AnalyticsPlugin:253 - Accepted Software Licenses: 
2025-09-17 12:04:27,549 [INFO] AnalyticsPlugin:255 - Accepted CMSIS Pack Licenses: 
2025-09-17 12:04:27,549 [INFO] AnalyticsPlugin:257 - Accepted Firmware Licenses: FW.WL.1.3.0,FW.H7.1.12.0,FW.F4.1.28.0
2025-09-17 12:04:27,552 [INFO] PluginManage:359 - Loaded plugin analytics (category:tool,tabindex:-1)
2025-09-17 12:04:27,552 [INFO] PluginManage:310 - Check plugin cadmodel
2025-09-17 12:04:27,556 [INFO] CADModel:105 - Init CAD model plugin
2025-09-17 12:04:27,556 [INFO] PluginManage:359 - Loaded plugin cadmodel (category:power,tabindex:5)
2025-09-17 12:04:27,557 [INFO] PluginManage:310 - Check plugin clock
2025-09-17 12:04:27,564 [INFO] PluginManage:359 - Loaded plugin clock (category:base,tabindex:2)
2025-09-17 12:04:27,565 [INFO] PluginManage:310 - Check plugin ddr
2025-09-17 12:04:27,567 [INFO] PluginManage:359 - Loaded plugin ddr (category:tool,tabindex:6)
2025-09-17 12:04:27,567 [INFO] PluginManage:310 - Check plugin filemanager
2025-09-17 12:04:27,713 [INFO] PluginManage:359 - Loaded plugin filemanager (category:base,tabindex:10)
2025-09-17 12:04:27,713 [INFO] PluginManage:310 - Check plugin ipmanager
2025-09-17 12:04:27,720 [INFO] PluginManage:359 - Loaded plugin ipmanager (category:base,tabindex:5)
2025-09-17 12:04:27,720 [INFO] PluginManage:310 - Check plugin lpbam
2025-09-17 12:04:27,727 [INFO] PluginManage:359 - Loaded plugin lpbam (category:base,tabindex:0)
2025-09-17 12:04:27,728 [INFO] PluginManage:310 - Check plugin memorymap
2025-09-17 12:04:27,747 [INFO] PluginManage:359 - Loaded plugin memorymap (category:base,tabindex:4)
2025-09-17 12:04:27,747 [INFO] PluginManage:310 - Check plugin pinoutandconfiguration
2025-09-17 12:04:27,769 [INFO] PluginManage:359 - Loaded plugin pinoutandconfiguration (category:base,tabindex:1)
2025-09-17 12:04:27,769 [INFO] PluginManage:310 - Check plugin pinoutconfig
2025-09-17 12:04:27,906 [WARN] SupportedApi:132 - Cannot load RTOS API schema: s4s-elt-must-match.1: The content of 'definitions' must match (annotation?, (simpleType | complexType)?, (unique | key | keyref)*)). A problem was found starting at: attribute.
2025-09-17 12:04:28,060 [INFO] PluginManage:359 - Loaded plugin pinoutconfig (category:base,tabindex:0)
2025-09-17 12:04:28,060 [INFO] PluginManage:310 - Check plugin power
2025-09-17 12:04:28,066 [INFO] PluginManage:359 - Loaded plugin power (category:power,tabindex:4)
2025-09-17 12:04:28,066 [INFO] PluginManage:310 - Check plugin projectmanager
2025-09-17 12:04:28,079 [INFO] PluginManage:359 - Loaded plugin projectmanager (category:projectmanager,tabindex:4)
2025-09-17 12:04:28,079 [INFO] PluginManage:310 - Check plugin rif
2025-09-17 12:04:28,087 [INFO] PluginManage:359 - Loaded plugin rif (category:base,tabindex:3)
2025-09-17 12:04:28,087 [INFO] PluginManage:310 - Check plugin thirdparty
2025-09-17 12:04:28,188 [WARN] IntegrityCheckThread:84 - waiting for thirdparty lock release [integrity check]
2025-09-17 12:04:28,188 [INFO] IntegrityCheckThread:86 - entering critical section [integrity check]
2025-09-17 12:04:28,188 [INFO] PluginManage:359 - Loaded plugin thirdparty (category:base,tabindex:-1)
2025-09-17 12:04:28,188 [INFO] PluginManage:310 - Check plugin tools
2025-09-17 12:04:28,188 [INFO] ThirdPartyUpdaterWithRetryManager:70 - Updater plugin not ready yet. [1/15]
2025-09-17 12:04:28,191 [INFO] PluginManage:359 - Loaded plugin tools (category:base,tabindex:7)
2025-09-17 12:04:28,191 [INFO] PluginManage:310 - Check plugin tutovideos
2025-09-17 12:04:28,384 [INFO] PluginManage:359 - Loaded plugin tutovideos (category:base,tabindex:-1)
2025-09-17 12:04:28,384 [INFO] PluginManage:310 - Check plugin updater
2025-09-17 12:04:28,399 [INFO] PluginManage:359 - Loaded plugin updater (category:base,tabindex:12)
2025-09-17 12:04:28,399 [INFO] PluginManage:310 - Check plugin userauth
2025-09-17 12:04:28,404 [INFO] UserAuth:118 - Init User Auth plugin
2025-09-17 12:04:28,404 [INFO] PluginManage:359 - Loaded plugin userauth (category:base,tabindex:14)
2025-09-17 12:04:28,405 [INFO] PluginManage:283 - PluginManage : Loaded plugins [18]
2025-09-17 12:04:28,571 [INFO] PinOutPanel:1589 - setPackage(No Configuration,No Configuration)
2025-09-17 12:04:28,636 [INFO] CADModel:165 - CPN selected for project level
2025-09-17 12:04:28,636 [INFO] CADModel:114 - Register for checkConnection events
2025-09-17 12:04:28,650 [INFO] IPUIPlugin:80 - create IPUIPlugin
2025-09-17 12:04:28,650 [INFO] PluginManager:220 - loadIPPluginJar : add adc
2025-09-17 12:04:28,652 [INFO] IPUIPlugin:80 - create IPUIPlugin
2025-09-17 12:04:28,653 [INFO] PluginManager:220 - loadIPPluginJar : add aes
2025-09-17 12:04:28,654 [INFO] IPUIPlugin:80 - create IPUIPlugin
2025-09-17 12:04:28,654 [INFO] PluginManager:220 - loadIPPluginJar : add can
2025-09-17 12:04:28,655 [INFO] IPUIPlugin:80 - create IPUIPlugin
2025-09-17 12:04:28,656 [INFO] PluginManager:220 - loadIPPluginJar : add comp
2025-09-17 12:04:28,657 [INFO] IPUIPlugin:80 - create IPUIPlugin
2025-09-17 12:04:28,657 [INFO] PluginManager:220 - loadIPPluginJar : add cryp
2025-09-17 12:04:28,661 [INFO] IPUIPlugin:80 - create IPUIPlugin
2025-09-17 12:04:28,661 [INFO] PluginManager:220 - loadIPPluginJar : add ddr_ctrl_phy
2025-09-17 12:04:28,662 [INFO] IPUIPlugin:80 - create IPUIPlugin
2025-09-17 12:04:28,663 [INFO] PluginManager:220 - loadIPPluginJar : add dfsdm
2025-09-17 12:04:28,666 [INFO] IPUIPlugin:80 - create IPUIPlugin
2025-09-17 12:04:28,667 [INFO] PluginManager:220 - loadIPPluginJar : add dma
2025-09-17 12:04:28,668 [INFO] IPUIPlugin:80 - create IPUIPlugin
2025-09-17 12:04:28,668 [INFO] PluginManager:220 - loadIPPluginJar : add dma3
2025-09-17 12:04:28,670 [INFO] IPUIPlugin:80 - create IPUIPlugin
2025-09-17 12:04:28,670 [INFO] PluginManager:220 - loadIPPluginJar : add extmemmanager
2025-09-17 12:04:28,672 [INFO] IPUIPlugin:80 - create IPUIPlugin
2025-09-17 12:04:28,672 [INFO] PluginManager:220 - loadIPPluginJar : add fatfs
2025-09-17 12:04:28,675 [INFO] IPUIPlugin:80 - create IPUIPlugin
2025-09-17 12:04:28,675 [INFO] PluginManager:220 - loadIPPluginJar : add fmc
2025-09-17 12:04:28,679 [INFO] IPUIPlugin:80 - create IPUIPlugin
2025-09-17 12:04:28,679 [INFO] PluginManager:220 - loadIPPluginJar : add freertos
2025-09-17 12:04:28,680 [INFO] IPUIPlugin:80 - create IPUIPlugin
2025-09-17 12:04:28,681 [INFO] PluginManager:220 - loadIPPluginJar : add genericplugin
2025-09-17 12:04:28,682 [INFO] IPUIPlugin:80 - create IPUIPlugin
2025-09-17 12:04:28,682 [INFO] PluginManager:220 - loadIPPluginJar : add gfxmmu
2025-09-17 12:04:28,684 [INFO] IPUIPlugin:80 - create IPUIPlugin
2025-09-17 12:04:28,684 [INFO] PluginManager:220 - loadIPPluginJar : add gic
2025-09-17 12:04:28,687 [INFO] IPUIPlugin:80 - create IPUIPlugin
2025-09-17 12:04:28,688 [INFO] PluginManager:220 - loadIPPluginJar : add gpio
2025-09-17 12:04:28,689 [INFO] IPUIPlugin:80 - create IPUIPlugin
2025-09-17 12:04:28,689 [INFO] PluginManager:220 - loadIPPluginJar : add gtzc
2025-09-17 12:04:28,690 [INFO] IPUIPlugin:80 - create IPUIPlugin
2025-09-17 12:04:28,691 [INFO] PluginManager:220 - loadIPPluginJar : add hash
2025-09-17 12:04:28,692 [INFO] IPUIPlugin:80 - create IPUIPlugin
2025-09-17 12:04:28,692 [INFO] PluginManager:220 - loadIPPluginJar : add i2c
2025-09-17 12:04:28,694 [INFO] IPUIPlugin:80 - create IPUIPlugin
2025-09-17 12:04:28,694 [INFO] PluginManager:220 - loadIPPluginJar : add i2s
2025-09-17 12:04:28,696 [INFO] IPUIPlugin:80 - create IPUIPlugin
2025-09-17 12:04:28,696 [INFO] PluginManager:220 - loadIPPluginJar : add i3c
2025-09-17 12:04:28,699 [INFO] IPUIPlugin:80 - create IPUIPlugin
2025-09-17 12:04:28,700 [INFO] PluginManager:220 - loadIPPluginJar : add ipddr
2025-09-17 12:04:28,705 [INFO] IPUIPlugin:80 - create IPUIPlugin
2025-09-17 12:04:28,705 [INFO] PluginManager:220 - loadIPPluginJar : add linkedlist
2025-09-17 12:04:28,707 [INFO] IPUIPlugin:80 - create IPUIPlugin
2025-09-17 12:04:28,708 [INFO] PluginManager:220 - loadIPPluginJar : add lorawan
2025-09-17 12:04:28,708 [INFO] IPUIPlugin:80 - create IPUIPlugin
2025-09-17 12:04:28,709 [INFO] PluginManager:220 - loadIPPluginJar : add ltdc
2025-09-17 12:04:28,712 [INFO] IPUIPlugin:80 - create IPUIPlugin
2025-09-17 12:04:28,712 [INFO] PluginManager:220 - loadIPPluginJar : add mdma
2025-09-17 12:04:28,714 [INFO] IPUIPlugin:80 - create IPUIPlugin
2025-09-17 12:04:28,714 [INFO] PluginManager:220 - loadIPPluginJar : add nvic
2025-09-17 12:04:28,716 [INFO] IPUIPlugin:80 - create IPUIPlugin
2025-09-17 12:04:28,716 [INFO] PluginManager:220 - loadIPPluginJar : add opamp
2025-09-17 12:04:28,718 [INFO] IPUIPlugin:80 - create IPUIPlugin
2025-09-17 12:04:28,719 [INFO] PluginManager:220 - loadIPPluginJar : add openamp
2025-09-17 12:04:28,721 [INFO] IPUIPlugin:80 - create IPUIPlugin
2025-09-17 12:04:28,721 [INFO] PluginManager:220 - loadIPPluginJar : add pdm2pcm
2025-09-17 12:04:28,725 [INFO] IPUIPlugin:80 - create IPUIPlugin
2025-09-17 12:04:28,727 [INFO] PluginManager:220 - loadIPPluginJar : add plateformsettings
2025-09-17 12:04:28,729 [INFO] IPUIPlugin:80 - create IPUIPlugin
2025-09-17 12:04:28,729 [INFO] PluginManager:220 - loadIPPluginJar : add quadspi
2025-09-17 12:04:28,730 [INFO] IPUIPlugin:80 - create IPUIPlugin
2025-09-17 12:04:28,730 [INFO] PluginManager:220 - loadIPPluginJar : add radio
2025-09-17 12:04:28,732 [INFO] IPUIPlugin:80 - create IPUIPlugin
2025-09-17 12:04:28,732 [INFO] PluginManager:220 - loadIPPluginJar : add resmgrutility
2025-09-17 12:04:28,734 [INFO] IPUIPlugin:80 - create IPUIPlugin
2025-09-17 12:04:28,734 [INFO] PluginManager:220 - loadIPPluginJar : add sai
2025-09-17 12:04:28,736 [INFO] IPUIPlugin:80 - create IPUIPlugin
2025-09-17 12:04:28,736 [INFO] PluginManager:220 - loadIPPluginJar : add spi
2025-09-17 12:04:28,740 [INFO] IPUIPlugin:80 - create IPUIPlugin
2025-09-17 12:04:28,740 [INFO] PluginManager:220 - loadIPPluginJar : add stm32_wpan
2025-09-17 12:04:28,741 [INFO] IPUIPlugin:80 - create IPUIPlugin
2025-09-17 12:04:28,741 [INFO] PluginManager:220 - loadIPPluginJar : add tim
2025-09-17 12:04:28,744 [INFO] IPUIPlugin:80 - create IPUIPlugin
2025-09-17 12:04:28,745 [INFO] PluginManager:220 - loadIPPluginJar : add touchsensing
2025-09-17 12:04:28,746 [INFO] IPUIPlugin:80 - create IPUIPlugin
2025-09-17 12:04:28,746 [INFO] PluginManager:220 - loadIPPluginJar : add tracer_emb
2025-09-17 12:04:28,747 [INFO] IPUIPlugin:80 - create IPUIPlugin
2025-09-17 12:04:28,747 [INFO] PluginManager:220 - loadIPPluginJar : add ts
2025-09-17 12:04:28,747 [INFO] IPUIPlugin:80 - create IPUIPlugin
2025-09-17 12:04:28,747 [INFO] PluginManager:220 - loadIPPluginJar : add tsc
2025-09-17 12:04:28,749 [INFO] IPUIPlugin:80 - create IPUIPlugin
2025-09-17 12:04:28,749 [INFO] PluginManager:220 - loadIPPluginJar : add ucpd
2025-09-17 12:04:28,751 [INFO] IPUIPlugin:80 - create IPUIPlugin
2025-09-17 12:04:28,751 [INFO] PluginManager:220 - loadIPPluginJar : add usart
2025-09-17 12:04:28,753 [INFO] IPUIPlugin:80 - create IPUIPlugin
2025-09-17 12:04:28,753 [INFO] PluginManager:220 - loadIPPluginJar : add usbx
2025-09-17 12:04:28,871 [FATAL] Updater:351 - Updater called before beeing initialized
2025-09-17 12:04:28,889 [INFO] RulesReader:64 - Compatibility file has been processed (317 Rules)
2025-09-17 12:04:28,895 [INFO] RulesReader:64 - Compatibility file has been processed (317 Rules)
2025-09-17 12:04:28,903 [INFO] CADModel:165 - CPN selected for project level
2025-09-17 12:04:28,903 [INFO] CADModel:114 - Register for checkConnection events
2025-09-17 12:04:28,903 [FATAL] Updater:351 - Updater called before beeing initialized
2025-09-17 12:04:28,903 [ERROR] CADModel:125 - Updater not yet initialized, retry later 
2025-09-17 12:04:29,014 [FATAL] Updater:351 - Updater called before beeing initialized
2025-09-17 12:04:29,015 [INFO] CADModel:165 - CPN selected for project level
2025-09-17 12:04:29,015 [INFO] CADModel:114 - Register for checkConnection events
2025-09-17 12:04:29,015 [FATAL] Updater:351 - Updater called before beeing initialized
2025-09-17 12:04:29,015 [ERROR] CADModel:125 - Updater not yet initialized, retry later 
2025-09-17 12:04:29,018 [FATAL] Updater:351 - Updater called before beeing initialized
2025-09-17 12:04:29,089 [FATAL] Updater:351 - Updater called before beeing initialized
2025-09-17 12:04:29,092 [INFO] DbMcusAds:53 - JSON generation date=Tue Jul 08 13:44:23 IST 2025 (1751962463582)
2025-09-17 12:04:29,092 [FATAL] Updater:351 - Updater called before beeing initialized
2025-09-17 12:04:29,118 [WARN] DetailPanel:346 - Failed to get advertising image, set to default
2025-09-17 12:04:29,180 [FATAL] Updater:351 - Updater called before beeing initialized
2025-09-17 12:04:29,181 [FATAL] Updater:351 - Updater called before beeing initialized
2025-09-17 12:04:29,181 [FATAL] Updater:351 - Updater called before beeing initialized
2025-09-17 12:04:29,181 [WARN] DetailPanel:346 - Failed to get advertising image, set to default
2025-09-17 12:04:29,182 [FATAL] Updater:351 - Updater called before beeing initialized
2025-09-17 12:04:29,215 [ERROR] Updater:1198 - MainUpdater not yet initialized. External WinMGr cannot be set.
2025-09-17 12:04:29,217 [INFO] Updater:1134 - Updater Version found : 6.15.0
2025-09-17 12:04:29,228 [INFO] ApplicationProperties:184 - Using Application install path: C:\ST\STM32CubeIDE_1.19.0\STM32CubeIDE\plugins\com.st.stm32cube.common.mx_6.15.0.202507011659
2025-09-17 12:04:30,797 [ERROR] LogOutputStream:75 - [STDERR_REDIRECT] Sep 17, 2025 12:04:30 PM java.util.prefs.WindowsPreferences <init>
2025-09-17 12:04:30,800 [ERROR] LogOutputStream:75 - [STDERR_REDIRECT] WARNING: Could not open/create prefs root node Software\JavaSoft\Prefs at root 0xffffffff80000002. Windows RegCreateKeyEx(...) returned error code 5.
2025-09-17 12:04:30,800 [ERROR] LogOutputStream:75 - [STDERR_REDIRECT] 
2025-09-17 12:04:31,025 [INFO] MainUpdater:2872 - connection check result : 10
2025-09-17 12:04:31,026 [INFO] MainUpdater:289 - Updater Check For Update Now.
2025-09-17 12:04:31,026 [INFO] MicroXplorer:498 - Change Database Version : DB.6.0.150
2025-09-17 12:04:31,033 [INFO] McuFinderGlobals:63 - Set McuFinder mode to 2 (CubeIDE integrated)
2025-09-17 12:04:31,035 [INFO] UserAuth:487 - Internet connection configuration mode: 1
2025-09-17 12:04:31,067 [INFO] JxBrowserEngine:152 - Initiate JxBrowser Engine with user profile folder
2025-09-17 12:04:31,189 [WARN] MainUpdater:1193 - Updater busy. Cannot search thirdparties
2025-09-17 12:04:31,189 [INFO] ThirdPartyUpdaterWithRetryManager:96 - Updater plugin is busy. [1/15]
2025-09-17 12:04:31,196 [INFO] CheckServerUpdateThread:120 - End of CheckServer Thread
2025-09-17 12:04:32,619 [INFO] WebApp:169 - Instantiating new browser for Auth
2025-09-17 12:04:33,290 [INFO] WebApp:463 - Apply proxy settings
2025-09-17 12:04:33,291 [INFO] WebApp:548 - Chromium requires no authentication
2025-09-17 12:04:33,303 [INFO] WebApp:491 - Direct internet connection detected
2025-09-17 12:04:33,324 [INFO] WebApp:900 - Register for checkConnection events
2025-09-17 12:04:33,324 [INFO] WebApp:463 - Apply proxy settings
2025-09-17 12:04:33,325 [INFO] WebApp:548 - Chromium requires no authentication
2025-09-17 12:04:33,325 [INFO] WebApp:491 - Direct internet connection detected
2025-09-17 12:04:33,516 [INFO] WebApp:225 - Starting web application
2025-09-17 12:04:33,516 [INFO] WebApp:593 - Web application path used C:\ST\STM32CubeIDE_1.19.0\STM32CubeIDE\plugins\com.st.stm32cube.common.mx_6.15.0.202507011659\db\plugins\mcufinder\reactClient1\index.html
2025-09-17 12:04:33,596 [INFO] UserAuth:487 - Internet connection configuration mode: 1
2025-09-17 12:04:34,007 [INFO] WebApp:191 - Connection restablished
2025-09-17 12:04:34,432 [WARN] PackLoader:240 - Cannot read IP mode file for STMicroelectronics.FP-SNS-MOTENVWB1.1.4.0
2025-09-17 12:04:34,441 [WARN] PackLoader:240 - Cannot read IP mode file for STMicroelectronics.FP-ATR-ASTRA1.2.0.2
2025-09-17 12:04:34,451 [WARN] PackLoader:240 - Cannot read IP mode file for STMicroelectronics.X-CUBE-SMBUS.2.1.0
2025-09-17 12:04:34,456 [WARN] PackLoader:240 - Cannot read IP mode file for STMicroelectronics.X-CUBE-ST60.1.0.0
2025-09-17 12:04:34,480 [WARN] PackLoader:240 - Cannot read IP mode file for STMicroelectronics.X-CUBE-AZRTOS-F7.1.1.0
2025-09-17 12:04:34,503 [WARN] PackLoader:240 - Cannot read IP mode file for Infineon.AIROC-Wi-Fi-Bluetooth-STM32.1.7.1
2025-09-17 12:04:34,537 [WARN] PackLoader:240 - Cannot read IP mode file for STMicroelectronics.X-CUBE-AZRTOS-H7.3.4.0
2025-09-17 12:04:34,546 [WARN] PackLoader:240 - Cannot read IP mode file for STMicroelectronics.X-CUBE-DISPLAY.3.0.0
2025-09-17 12:04:34,557 [WARN] PackLoader:240 - Cannot read IP mode file for STMicroelectronics.X-CUBE-NFC10.1.0.0
2025-09-17 12:04:34,563 [WARN] PackLoader:240 - Cannot read IP mode file for emotas.I-CUBE-CANOPEN.1.3.0
2025-09-17 12:04:34,569 [WARN] PackLoader:240 - Cannot read IP mode file for STMicroelectronics.FP-SNS-STBOX1.2.1.0
2025-09-17 12:04:34,574 [WARN] PackLoader:240 - Cannot read IP mode file for STMicroelectronics.FP-SNS-SMARTAG2.1.2.0
2025-09-17 12:04:34,578 [WARN] PackLoader:240 - Cannot read IP mode file for STMicroelectronics.FP-SNS-FLIGHT1.5.1.0
2025-09-17 12:04:34,586 [INFO] LogOutputStream:77 - [STDOUT_REDIRECT] 1 : Invalid condition id : UX_CORESTACK_Condition cause : null
2025-09-17 12:04:34,586 [INFO] LogOutputStream:77 - [STDOUT_REDIRECT] 1 : Invalid condition id : UX_CORESTACK_Condition cause : null
2025-09-17 12:04:34,587 [INFO] LogOutputStream:77 - [STDOUT_REDIRECT] 1 : Invalid condition id : UX_CORESTACK_Condition cause : null
2025-09-17 12:04:34,588 [INFO] LogOutputStream:77 - [STDOUT_REDIRECT] 1 : Invalid condition id : UX_CORESTACK_Condition cause : null
2025-09-17 12:04:34,590 [INFO] LogOutputStream:77 - [STDOUT_REDIRECT] 1 : Invalid condition id : UX_CORESTACK_Condition cause : null
2025-09-17 12:04:34,593 [WARN] PackLoader:240 - Cannot read IP mode file for STMicroelectronics.X-CUBE-AZRTOS-WL.2.0.0
2025-09-17 12:04:34,598 [WARN] PackLoader:240 - Cannot read IP mode file for STMicroelectronics.FP-SNS-MOTENV1.5.0.0
2025-09-17 12:04:34,609 [WARN] PackLoader:240 - Cannot read IP mode file for WES.I-CUBE-Cesium.1.3.0
2025-09-17 12:04:34,616 [WARN] PackLoader:240 - Cannot read IP mode file for STMicroelectronics.X-CUBE-BLE2.3.3.0
2025-09-17 12:04:34,622 [WARN] PackLoader:240 - Cannot read IP mode file for STMicroelectronics.X-CUBE-NFC9.1.0.0
2025-09-17 12:04:34,629 [WARN] PackLoader:240 - Cannot read IP mode file for wolfSSL.I-CUBE-wolfSSL.5.8.0
2025-09-17 12:04:34,635 [WARN] PackLoader:240 - Cannot read IP mode file for STMicroelectronics.X-CUBE-BLE1.7.1.0
2025-09-17 12:04:34,640 [WARN] PackLoader:240 - Cannot read IP mode file for wolfSSL.I-CUBE-wolfMQTT.1.19.2
2025-09-17 12:04:34,647 [WARN] PackLoader:240 - Cannot read IP mode file for STMicroelectronics.X-CUBE-EEPRMA1.5.2.0
2025-09-17 12:04:34,652 [WARN] PackLoader:240 - Cannot read IP mode file for STMicroelectronics.X-CUBE-AI.10.1.0
2025-09-17 12:04:34,666 [WARN] PackLoader:240 - Cannot read IP mode file for STMicroelectronics.X-CUBE-AZRTOS-G0.1.1.0
2025-09-17 12:04:34,674 [WARN] PackLoader:240 - Cannot read IP mode file for STMicroelectronics.X-CUBE-SAFEA1.1.2.2
2025-09-17 12:04:34,681 [WARN] PackLoader:240 - Cannot read IP mode file for STMicroelectronics.X-CUBE-NFC4.3.0.0
2025-09-17 12:04:34,694 [WARN] PackLoader:240 - Cannot read IP mode file for EmbeddedOffice.I-CUBE-FS-RTOS.1.0.1
2025-09-17 12:04:34,700 [WARN] PackLoader:240 - Cannot read IP mode file for STMicroelectronics.X-CUBE-WB05N.2.0.0
2025-09-17 12:04:34,706 [WARN] PackLoader:240 - Cannot read IP mode file for wolfSSL.I-CUBE-wolfTPM.3.8.0
2025-09-17 12:04:34,711 [WARN] PackLoader:240 - Cannot read IP mode file for STMicroelectronics.X-CUBE-TCPP.4.2.0
2025-09-17 12:04:34,718 [WARN] PackLoader:240 - Cannot read IP mode file for RealThread.X-CUBE-RT-Thread_Nano.4.1.1
2025-09-17 12:04:34,723 [WARN] PackLoader:240 - Cannot read IP mode file for STMicroelectronics.FP-ATR-SIGFOX1.3.2.0
2025-09-17 12:04:34,727 [WARN] PackLoader:240 - Cannot read IP mode file for ITTIA_DB.I-CUBE-ITTIADB.8.9.0
2025-09-17 12:04:34,731 [WARN] PackLoader:240 - Cannot read IP mode file for STMicroelectronics.X-CUBE-ST67W61.1.0.0
2025-09-17 12:04:34,734 [WARN] PackLoader:240 - Cannot read IP mode file for STMicroelectronics.X-CUBE-AI.10.2.0
2025-09-17 12:04:34,755 [WARN] PackLoader:240 - Cannot read IP mode file for SEGGER.I-CUBE-embOS.1.3.1
2025-09-17 12:04:34,782 [WARN] PackLoader:240 - Cannot read IP mode file for STMicroelectronics.X-CUBE-ALGOBUILD.1.4.0
2025-09-17 12:04:34,808 [WARN] PackLoader:240 - Cannot read IP mode file for STMicroelectronics.X-CUBE-MEMS1.11.3.0
2025-09-17 12:04:34,923 [WARN] PackLoader:240 - Cannot read IP mode file for STMicroelectronics.X-CUBE-PM33A1.1.0.0
2025-09-17 12:04:34,942 [WARN] PackLoader:240 - Cannot read IP mode file for STMicroelectronics.X-CUBE-AZRTOS-F4.1.1.0
2025-09-17 12:04:34,964 [WARN] PackLoader:240 - Cannot read IP mode file for Avnet-IotConnect.X-CUBE-IoTC-DA16k-PMOD.1.0.0
2025-09-17 12:04:34,971 [WARN] PackLoader:240 - Cannot read IP mode file for STMicroelectronics.X-CUBE-ISPU.2.1.0
2025-09-17 12:04:34,979 [WARN] PackLoader:240 - Cannot read IP mode file for STMicroelectronics.X-CUBE-NFC12.1.0.0
2025-09-17 12:04:34,997 [WARN] PackLoader:240 - Cannot read IP mode file for STMicroelectronics.X-CUBE-AZRTOS-L5.2.0.0
2025-09-17 12:04:35,009 [WARN] PackLoader:240 - Cannot read IP mode file for STMicroelectronics.X-CUBE-NFC6.3.1.0
2025-09-17 12:04:35,017 [WARN] PackLoader:240 - Cannot read IP mode file for STMicroelectronics.X-CUBE-FREERTOS.1.3.1
2025-09-17 12:04:35,023 [WARN] PackLoader:240 - Cannot read IP mode file for STMicroelectronics.FP-SNS-STAIOTCFT.1.0.0
2025-09-17 12:04:35,029 [WARN] PackLoader:240 - Cannot read IP mode file for STMicroelectronics.X-CUBE-DPower.1.3.0
2025-09-17 12:04:35,045 [WARN] ConditionMgr:438 - getConditionDescription Invalid condition id : LAN8742 Phy interface Condition cause : null
2025-09-17 12:04:35,045 [WARN] PackLoader:240 - Cannot read IP mode file for STMicroelectronics.X-CUBE-AZRTOS-L4.2.0.0
2025-09-17 12:04:35,046 [WARN] ConditionMgr:1044 - genDependencies : Invalid condition id : LAN8742 Phy interface Condition cause : null
2025-09-17 12:04:35,047 [WARN] ConditionMgr:1044 - genDependencies : Invalid condition id : LAN8742 Phy interface Condition cause : null
2025-09-17 12:04:35,047 [WARN] ConditionMgr:1044 - genDependencies : Invalid condition id : LAN8742 Phy interface Condition cause : null
2025-09-17 12:04:35,057 [WARN] PackLoader:240 - Cannot read IP mode file for STMicroelectronics.X-CUBE-SFXS2LP1.4.0.0
2025-09-17 12:04:35,073 [WARN] PackLoader:240 - Cannot read IP mode file for STMicroelectronics.X-CUBE-BLEMGR.4.1.0
2025-09-17 12:04:35,083 [WARN] ConditionMgr:438 - getConditionDescription Invalid condition id : UX DEVICE CLASS RTOS Condition cause : null
2025-09-17 12:04:35,083 [WARN] ConditionMgr:438 - getConditionDescription Invalid condition id : UX DEVICE CLASS RTOS Condition cause : null
2025-09-17 12:04:35,085 [WARN] PackLoader:240 - Cannot read IP mode file for STMicroelectronics.X-CUBE-AZRTOS-WB.2.0.0
2025-09-17 12:04:35,085 [WARN] ConditionMgr:1044 - genDependencies : Invalid condition id : UX DEVICE CLASS RTOS Condition cause : null
2025-09-17 12:04:35,086 [WARN] ConditionMgr:1044 - genDependencies : Invalid condition id : UX DEVICE CLASS RTOS Condition cause : null
2025-09-17 12:04:35,086 [WARN] ConditionMgr:1044 - genDependencies : Invalid condition id : UX DEVICE CLASS RTOS Condition cause : null
2025-09-17 12:04:35,086 [WARN] ConditionMgr:1044 - genDependencies : Invalid condition id : UX DEVICE CLASS RTOS Condition cause : null
2025-09-17 12:04:35,086 [WARN] ConditionMgr:1044 - genDependencies : Invalid condition id : UX DEVICE CLASS RTOS Condition cause : null
2025-09-17 12:04:35,092 [WARN] PackLoader:240 - Cannot read IP mode file for STMicroelectronics.X-CUBE-GNSS1.7.0.1
2025-09-17 12:04:35,097 [WARN] PackLoader:240 - Cannot read IP mode file for STMicroelectronics.X-CUBE-TOUCHGFX.4.25.0
2025-09-17 12:04:35,103 [WARN] PackLoader:240 - Cannot read IP mode file for STMicroelectronics.FP-SNS-STBOX1.2.0.0
2025-09-17 12:04:35,107 [WARN] ConditionMgr:438 - getConditionDescription Invalid condition id : Cortex-A Device cause : null
2025-09-17 12:04:35,120 [WARN] ConditionMgr:1044 - genDependencies : Invalid condition id : Cortex-A Device cause : null
2025-09-17 12:04:35,120 [WARN] ConditionMgr:1044 - genDependencies : Invalid condition id : Cortex-A Device cause : null
2025-09-17 12:04:35,121 [WARN] ConditionMgr:1044 - genDependencies : Invalid condition id : Cortex-A Device cause : null
2025-09-17 12:04:35,128 [WARN] PackLoader:240 - Cannot read IP mode file for STMicroelectronics.X-CUBE-SUBG2.5.0.0
2025-09-17 12:04:35,139 [WARN] PackLoader:240 - Cannot read IP mode file for STMicroelectronics.X-CUBE-AZRTOS-H7RS.1.1.0
2025-09-17 12:04:35,146 [WARN] PackLoader:240 - Cannot read IP mode file for Cesanta.I-CUBE-Mongoose.7.13.0
2025-09-17 12:04:35,162 [WARN] PackLoader:240 - Cannot read IP mode file for STMicroelectronics.X-CUBE-AZRTOS-G4.2.0.0
2025-09-17 12:04:35,168 [WARN] PackLoader:240 - Cannot read IP mode file for wolfSSL.I-CUBE-wolfSSH.1.4.20
2025-09-17 12:04:35,174 [WARN] PackLoader:240 - Cannot read IP mode file for STMicroelectronics.X-CUBE-NFC7.2.0.0
2025-09-17 12:04:35,188 [WARN] PackLoader:240 - Cannot read IP mode file for STMicroelectronics.X-CUBE-IPS.3.1.0
2025-09-17 12:04:35,199 [WARN] PackLoader:240 - Cannot read IP mode file for STMicroelectronics.X-CUBE-ALS.1.0.2
2025-09-17 12:04:35,205 [WARN] PackLoader:240 - Cannot read IP mode file for STMicroelectronics.X-CUBE-STSE01.1.0.0
2025-09-17 12:04:35,210 [WARN] PackLoader:240 - Cannot read IP mode file for portGmbH.I-Cube-SoM-uGOAL.1.1.0
2025-09-17 12:04:35,220 [WARN] PackLoader:240 - Cannot read IP mode file for STMicroelectronics.X-CUBE-TOF1.3.4.3
2025-09-17 12:04:35,229 [INFO] ThirdParty:978 - Integrity check success = true
2025-09-17 12:04:35,229 [INFO] IntegrityCheckThread:100 - exiting critical section [integrity check]
2025-09-17 12:04:35,229 [INFO] IntegrityCheckThread:103 - End integrity checks thread
2025-09-17 15:24:29,984 [INFO] WebApp:194 - Connection lost
2025-09-17 15:24:30,400 [INFO] WebApp:191 - Connection restablished
2025-09-17 15:24:32,127 [INFO] WebApp:194 - Connection lost
2025-09-17 15:24:32,384 [INFO] WebApp:191 - Connection restablished
2025-09-17 15:45:34,254 [INFO] WebApp:194 - Connection lost
2025-09-17 15:45:34,679 [INFO] WebApp:191 - Connection restablished
2025-09-17 15:45:40,471 [INFO] WebApp:194 - Connection lost
2025-09-17 15:45:40,709 [INFO] WebApp:191 - Connection restablished
2025-09-17 19:09:00,327 [INFO] WebApp:194 - Connection lost
2025-09-17 19:10:44,272 [INFO] WebApp:191 - Connection restablished
2025-09-17 19:25:56,973 [INFO] WebApp:194 - Connection lost
2025-09-17 19:25:57,535 [INFO] WebApp:191 - Connection restablished
2025-09-17 19:39:51,934 [INFO] WebApp:194 - Connection lost
2025-09-17 19:39:52,531 [INFO] WebApp:191 - Connection restablished
2025-09-17 20:59:01,244 [ERROR] LogOutputStream:75 - [STDERR_REDIRECT] 
2025-09-17 20:59:01,247 [ERROR] LogOutputStream:75 - [STDERR_REDIRECT] 
