2025-08-01 09:07:21,974 [INFO] Activator:176 - 


2025-08-01 09:07:21,977 [INFO] Activator:177 - !SESSION log4j initialized
2025-08-01 09:07:26,043 [INFO] LogOutputStream:77 - [STDOUT_REDIRECT] 
2025-08-01 09:07:26,883 [INFO] ApplicationProperties:184 - Using Application install path: C:\ST\STM32CubeIDE_1.19.0\STM32CubeIDE\plugins\com.st.stm32cube.common.mx_6.15.0.202507011659
2025-08-01 09:07:26,903 [INFO] DbMcusXml:78 - Set database path to: C:\ST\STM32CubeIDE_1.19.0\STM32CubeIDE\plugins\com.st.stm32cube.common.mx_6.15.0.202507011659\\db\/mcu/
2025-08-01 09:07:26,903 [INFO] ApiDb:274 - Set plugin database path to: C:\ST\STM32CubeIDE_1.19.0\STM32CubeIDE\plugins\com.st.stm32cube.common.mx_6.15.0.202507011659\\db\/plugins/boardmanager/
2025-08-01 09:07:26,904 [WARN] ApiDb:259 - Overriding images path with different value:  => C:\ST\STM32CubeIDE_1.19.0\STM32CubeIDE\plugins\com.st.stm32cube.common.mx_6.15.0.202507011659\\db\/plugins/mcufinder/images/
2025-08-01 09:07:26,916 [INFO] ApiDb:250 - Set database path to: C:\Users\User\.stmcufinder\plugins\mcufinder//mcu/
2025-08-01 09:07:26,918 [INFO] DbMcusAds:125 - Set database path to: C:\Users\User\.stmcufinder\plugins\mcufinder//mcu/
2025-08-01 09:07:26,921 [INFO] CrossReferenceDbSqlite:203 - Set database path to: C:\Users\User\.stmcufinder\plugins\mcufinder//mcu/cs/
2025-08-01 09:07:27,031 [INFO] RulesReader:64 - Compatibility file has been processed (317 Rules)
2025-08-01 09:07:27,081 [INFO] DbMcusXml:78 - Set database path to: C:\ST\STM32CubeIDE_1.19.0\STM32CubeIDE\plugins\com.st.stm32cube.common.mx_6.15.0.202507011659\\db\/mcu/
2025-08-01 09:07:27,081 [INFO] ApiDb:274 - Set plugin database path to: C:\ST\STM32CubeIDE_1.19.0\STM32CubeIDE\plugins\com.st.stm32cube.common.mx_6.15.0.202507011659\\db\/plugins/boardmanager/
2025-08-01 09:07:27,082 [INFO] ApiDb:261 - Set plugin images path to: C:\ST\STM32CubeIDE_1.19.0\STM32CubeIDE\plugins\com.st.stm32cube.common.mx_6.15.0.202507011659\\db\/plugins/mcufinder/images/
2025-08-01 09:07:27,082 [WARN] DbFile:41 - Overriding database path with different value: C:\Users\User\.stmcufinder\plugins\mcufinder/ => C:\Users\User\.stmcufinder\plugins\mcufinder
2025-08-01 09:07:27,082 [INFO] ApiDb:250 - Set database path to: C:\Users\User\.stmcufinder\plugins\mcufinder//mcu/
2025-08-01 09:07:27,082 [WARN] DbFile:41 - Overriding database path with different value: C:\Users\User\.stmcufinder\plugins\mcufinder/ => C:\Users\User\.stmcufinder\plugins\mcufinder
2025-08-01 09:07:27,082 [INFO] DbMcusAds:125 - Set database path to: C:\Users\User\.stmcufinder\plugins\mcufinder//mcu/
2025-08-01 09:07:27,082 [WARN] DbFile:41 - Overriding database path with different value: C:\Users\User\.stmcufinder\plugins\mcufinder/ => C:\Users\User\.stmcufinder\plugins\mcufinder
2025-08-01 09:07:27,082 [WARN] DbFile:41 - Overriding database path with different value: C:\Users\User\.stmcufinder\plugins\mcufinder/ => C:\Users\User\.stmcufinder\plugins\mcufinder
2025-08-01 09:07:27,082 [INFO] CrossReferenceDbSqlite:203 - Set database path to: C:\Users\User\.stmcufinder\plugins\mcufinder//mcu/cs/
2025-08-01 09:07:27,153 [INFO] MainPanel:274 - HeapMemory: 268435456
2025-08-01 09:07:27,277 [INFO] DbMcusXml:78 - Set database path to: C:\ST\STM32CubeIDE_1.19.0\STM32CubeIDE\plugins\com.st.stm32cube.common.mx_6.15.0.202507011659\\db\/mcu/
2025-08-01 09:07:27,277 [INFO] ApiDb:274 - Set plugin database path to: C:\ST\STM32CubeIDE_1.19.0\STM32CubeIDE\plugins\com.st.stm32cube.common.mx_6.15.0.202507011659\\db\/plugins/boardmanager/
2025-08-01 09:07:27,277 [INFO] ApiDb:261 - Set plugin images path to: C:\ST\STM32CubeIDE_1.19.0\STM32CubeIDE\plugins\com.st.stm32cube.common.mx_6.15.0.202507011659\\db\/plugins/mcufinder/images/
2025-08-01 09:07:27,277 [WARN] DbFile:41 - Overriding database path with different value: C:\Users\User\.stmcufinder\plugins\mcufinder/ => C:\Users\User\.stmcufinder\plugins\mcufinder
2025-08-01 09:07:27,277 [INFO] ApiDb:250 - Set database path to: C:\Users\User\.stmcufinder\plugins\mcufinder//mcu/
2025-08-01 09:07:27,277 [WARN] DbFile:41 - Overriding database path with different value: C:\Users\User\.stmcufinder\plugins\mcufinder/ => C:\Users\User\.stmcufinder\plugins\mcufinder
2025-08-01 09:07:27,277 [INFO] DbMcusAds:125 - Set database path to: C:\Users\User\.stmcufinder\plugins\mcufinder//mcu/
2025-08-01 09:07:27,277 [WARN] DbFile:41 - Overriding database path with different value: C:\Users\User\.stmcufinder\plugins\mcufinder/ => C:\Users\User\.stmcufinder\plugins\mcufinder
2025-08-01 09:07:27,277 [WARN] DbFile:41 - Overriding database path with different value: C:\Users\User\.stmcufinder\plugins\mcufinder/ => C:\Users\User\.stmcufinder\plugins\mcufinder
2025-08-01 09:07:27,277 [INFO] CrossReferenceDbSqlite:203 - Set database path to: C:\Users\User\.stmcufinder\plugins\mcufinder//mcu/cs/
2025-08-01 09:07:27,295 [INFO] ApplicationProperties:184 - Using Application install path: C:\ST\STM32CubeIDE_1.19.0\STM32CubeIDE\plugins\com.st.stm32cube.common.mx_6.15.0.202507011659
2025-08-01 09:07:27,297 [INFO] PluginManage:196 - Search for loadable plugins [exclusion list=, ]
2025-08-01 09:07:27,300 [INFO] PluginManage:310 - Check plugin analytics
2025-08-01 09:07:27,462 [INFO] AnalyticsPlugin:253 - Accepted Software Licenses: 
2025-08-01 09:07:27,462 [INFO] AnalyticsPlugin:255 - Accepted CMSIS Pack Licenses: 
2025-08-01 09:07:27,462 [INFO] AnalyticsPlugin:257 - Accepted Firmware Licenses: FW.WL.1.3.0
2025-08-01 09:07:27,464 [INFO] PluginManage:359 - Loaded plugin analytics (category:tool,tabindex:-1)
2025-08-01 09:07:27,464 [INFO] PluginManage:310 - Check plugin cadmodel
2025-08-01 09:07:27,470 [INFO] CADModel:105 - Init CAD model plugin
2025-08-01 09:07:27,471 [INFO] PluginManage:359 - Loaded plugin cadmodel (category:power,tabindex:5)
2025-08-01 09:07:27,471 [INFO] PluginManage:310 - Check plugin clock
2025-08-01 09:07:27,481 [INFO] PluginManage:359 - Loaded plugin clock (category:base,tabindex:2)
2025-08-01 09:07:27,481 [INFO] PluginManage:310 - Check plugin ddr
2025-08-01 09:07:27,483 [INFO] PluginManage:359 - Loaded plugin ddr (category:tool,tabindex:6)
2025-08-01 09:07:27,483 [INFO] PluginManage:310 - Check plugin filemanager
2025-08-01 09:07:27,656 [INFO] PluginManage:359 - Loaded plugin filemanager (category:base,tabindex:10)
2025-08-01 09:07:27,656 [INFO] PluginManage:310 - Check plugin ipmanager
2025-08-01 09:07:27,661 [INFO] PluginManage:359 - Loaded plugin ipmanager (category:base,tabindex:5)
2025-08-01 09:07:27,661 [INFO] PluginManage:310 - Check plugin lpbam
2025-08-01 09:07:27,671 [INFO] PluginManage:359 - Loaded plugin lpbam (category:base,tabindex:0)
2025-08-01 09:07:27,671 [INFO] PluginManage:310 - Check plugin memorymap
2025-08-01 09:07:27,689 [INFO] PluginManage:359 - Loaded plugin memorymap (category:base,tabindex:4)
2025-08-01 09:07:27,689 [INFO] PluginManage:310 - Check plugin pinoutandconfiguration
2025-08-01 09:07:27,698 [INFO] PluginManage:359 - Loaded plugin pinoutandconfiguration (category:base,tabindex:1)
2025-08-01 09:07:27,698 [INFO] PluginManage:310 - Check plugin pinoutconfig
2025-08-01 09:07:27,770 [WARN] SupportedApi:132 - Cannot load RTOS API schema: s4s-elt-must-match.1: The content of 'definitions' must match (annotation?, (simpleType | complexType)?, (unique | key | keyref)*)). A problem was found starting at: attribute.
2025-08-01 09:07:27,938 [INFO] PluginManage:359 - Loaded plugin pinoutconfig (category:base,tabindex:0)
2025-08-01 09:07:27,938 [INFO] PluginManage:310 - Check plugin power
2025-08-01 09:07:27,949 [INFO] PluginManage:359 - Loaded plugin power (category:power,tabindex:4)
2025-08-01 09:07:27,949 [INFO] PluginManage:310 - Check plugin projectmanager
2025-08-01 09:07:27,960 [INFO] PluginManage:359 - Loaded plugin projectmanager (category:projectmanager,tabindex:4)
2025-08-01 09:07:27,960 [INFO] PluginManage:310 - Check plugin rif
2025-08-01 09:07:27,969 [INFO] PluginManage:359 - Loaded plugin rif (category:base,tabindex:3)
2025-08-01 09:07:27,969 [INFO] PluginManage:310 - Check plugin thirdparty
2025-08-01 09:07:28,124 [INFO] PluginManage:359 - Loaded plugin thirdparty (category:base,tabindex:-1)
2025-08-01 09:07:28,124 [WARN] IntegrityCheckThread:84 - waiting for thirdparty lock release [integrity check]
2025-08-01 09:07:28,124 [INFO] PluginManage:310 - Check plugin tools
2025-08-01 09:07:28,124 [INFO] IntegrityCheckThread:86 - entering critical section [integrity check]
2025-08-01 09:07:28,124 [INFO] ThirdPartyUpdaterWithRetryManager:70 - Updater plugin not ready yet. [1/15]
2025-08-01 09:07:28,127 [INFO] PluginManage:359 - Loaded plugin tools (category:base,tabindex:7)
2025-08-01 09:07:28,128 [INFO] PluginManage:310 - Check plugin tutovideos
2025-08-01 09:07:28,337 [INFO] PluginManage:359 - Loaded plugin tutovideos (category:base,tabindex:-1)
2025-08-01 09:07:28,337 [INFO] PluginManage:310 - Check plugin updater
2025-08-01 09:07:28,360 [INFO] PluginManage:359 - Loaded plugin updater (category:base,tabindex:12)
2025-08-01 09:07:28,360 [INFO] PluginManage:310 - Check plugin userauth
2025-08-01 09:07:28,366 [INFO] UserAuth:118 - Init User Auth plugin
2025-08-01 09:07:28,366 [INFO] PluginManage:359 - Loaded plugin userauth (category:base,tabindex:14)
2025-08-01 09:07:28,367 [INFO] PluginManage:283 - PluginManage : Loaded plugins [18]
2025-08-01 09:07:28,568 [INFO] PinOutPanel:1589 - setPackage(No Configuration,No Configuration)
2025-08-01 09:07:28,638 [INFO] CADModel:165 - CPN selected for project level
2025-08-01 09:07:28,638 [INFO] CADModel:114 - Register for checkConnection events
2025-08-01 09:07:28,663 [INFO] IPUIPlugin:80 - create IPUIPlugin
2025-08-01 09:07:28,663 [INFO] PluginManager:220 - loadIPPluginJar : add adc
2025-08-01 09:07:28,666 [INFO] IPUIPlugin:80 - create IPUIPlugin
2025-08-01 09:07:28,666 [INFO] PluginManager:220 - loadIPPluginJar : add aes
2025-08-01 09:07:28,668 [INFO] IPUIPlugin:80 - create IPUIPlugin
2025-08-01 09:07:28,668 [INFO] PluginManager:220 - loadIPPluginJar : add can
2025-08-01 09:07:28,669 [INFO] IPUIPlugin:80 - create IPUIPlugin
2025-08-01 09:07:28,669 [INFO] PluginManager:220 - loadIPPluginJar : add comp
2025-08-01 09:07:28,672 [INFO] IPUIPlugin:80 - create IPUIPlugin
2025-08-01 09:07:28,672 [INFO] PluginManager:220 - loadIPPluginJar : add cryp
2025-08-01 09:07:28,676 [INFO] IPUIPlugin:80 - create IPUIPlugin
2025-08-01 09:07:28,676 [INFO] PluginManager:220 - loadIPPluginJar : add ddr_ctrl_phy
2025-08-01 09:07:28,679 [INFO] IPUIPlugin:80 - create IPUIPlugin
2025-08-01 09:07:28,679 [INFO] PluginManager:220 - loadIPPluginJar : add dfsdm
2025-08-01 09:07:28,686 [INFO] IPUIPlugin:80 - create IPUIPlugin
2025-08-01 09:07:28,686 [INFO] PluginManager:220 - loadIPPluginJar : add dma
2025-08-01 09:07:28,689 [INFO] IPUIPlugin:80 - create IPUIPlugin
2025-08-01 09:07:28,689 [INFO] PluginManager:220 - loadIPPluginJar : add dma3
2025-08-01 09:07:28,692 [INFO] IPUIPlugin:80 - create IPUIPlugin
2025-08-01 09:07:28,692 [INFO] PluginManager:220 - loadIPPluginJar : add extmemmanager
2025-08-01 09:07:28,693 [INFO] IPUIPlugin:80 - create IPUIPlugin
2025-08-01 09:07:28,693 [INFO] PluginManager:220 - loadIPPluginJar : add fatfs
2025-08-01 09:07:28,697 [INFO] IPUIPlugin:80 - create IPUIPlugin
2025-08-01 09:07:28,697 [INFO] PluginManager:220 - loadIPPluginJar : add fmc
2025-08-01 09:07:28,705 [INFO] IPUIPlugin:80 - create IPUIPlugin
2025-08-01 09:07:28,705 [INFO] PluginManager:220 - loadIPPluginJar : add freertos
2025-08-01 09:07:28,707 [INFO] IPUIPlugin:80 - create IPUIPlugin
2025-08-01 09:07:28,707 [INFO] PluginManager:220 - loadIPPluginJar : add genericplugin
2025-08-01 09:07:28,709 [INFO] IPUIPlugin:80 - create IPUIPlugin
2025-08-01 09:07:28,709 [INFO] PluginManager:220 - loadIPPluginJar : add gfxmmu
2025-08-01 09:07:28,714 [INFO] IPUIPlugin:80 - create IPUIPlugin
2025-08-01 09:07:28,714 [INFO] PluginManager:220 - loadIPPluginJar : add gic
2025-08-01 09:07:28,719 [INFO] IPUIPlugin:80 - create IPUIPlugin
2025-08-01 09:07:28,719 [INFO] PluginManager:220 - loadIPPluginJar : add gpio
2025-08-01 09:07:28,722 [INFO] IPUIPlugin:80 - create IPUIPlugin
2025-08-01 09:07:28,722 [INFO] PluginManager:220 - loadIPPluginJar : add gtzc
2025-08-01 09:07:28,724 [INFO] IPUIPlugin:80 - create IPUIPlugin
2025-08-01 09:07:28,724 [INFO] PluginManager:220 - loadIPPluginJar : add hash
2025-08-01 09:07:28,726 [INFO] IPUIPlugin:80 - create IPUIPlugin
2025-08-01 09:07:28,727 [INFO] PluginManager:220 - loadIPPluginJar : add i2c
2025-08-01 09:07:28,729 [INFO] IPUIPlugin:80 - create IPUIPlugin
2025-08-01 09:07:28,729 [INFO] PluginManager:220 - loadIPPluginJar : add i2s
2025-08-01 09:07:28,732 [INFO] IPUIPlugin:80 - create IPUIPlugin
2025-08-01 09:07:28,732 [INFO] PluginManager:220 - loadIPPluginJar : add i3c
2025-08-01 09:07:28,734 [INFO] IPUIPlugin:80 - create IPUIPlugin
2025-08-01 09:07:28,735 [INFO] PluginManager:220 - loadIPPluginJar : add ipddr
2025-08-01 09:07:28,741 [INFO] IPUIPlugin:80 - create IPUIPlugin
2025-08-01 09:07:28,741 [INFO] PluginManager:220 - loadIPPluginJar : add linkedlist
2025-08-01 09:07:28,744 [INFO] IPUIPlugin:80 - create IPUIPlugin
2025-08-01 09:07:28,744 [INFO] PluginManager:220 - loadIPPluginJar : add lorawan
2025-08-01 09:07:28,745 [INFO] IPUIPlugin:80 - create IPUIPlugin
2025-08-01 09:07:28,745 [INFO] PluginManager:220 - loadIPPluginJar : add ltdc
2025-08-01 09:07:28,750 [INFO] IPUIPlugin:80 - create IPUIPlugin
2025-08-01 09:07:28,750 [INFO] PluginManager:220 - loadIPPluginJar : add mdma
2025-08-01 09:07:28,753 [INFO] IPUIPlugin:80 - create IPUIPlugin
2025-08-01 09:07:28,753 [INFO] PluginManager:220 - loadIPPluginJar : add nvic
2025-08-01 09:07:28,756 [INFO] IPUIPlugin:80 - create IPUIPlugin
2025-08-01 09:07:28,756 [INFO] PluginManager:220 - loadIPPluginJar : add opamp
2025-08-01 09:07:28,758 [INFO] IPUIPlugin:80 - create IPUIPlugin
2025-08-01 09:07:28,758 [INFO] PluginManager:220 - loadIPPluginJar : add openamp
2025-08-01 09:07:28,761 [INFO] IPUIPlugin:80 - create IPUIPlugin
2025-08-01 09:07:28,761 [INFO] PluginManager:220 - loadIPPluginJar : add pdm2pcm
2025-08-01 09:07:28,766 [INFO] IPUIPlugin:80 - create IPUIPlugin
2025-08-01 09:07:28,767 [INFO] PluginManager:220 - loadIPPluginJar : add plateformsettings
2025-08-01 09:07:28,769 [INFO] IPUIPlugin:80 - create IPUIPlugin
2025-08-01 09:07:28,769 [INFO] PluginManager:220 - loadIPPluginJar : add quadspi
2025-08-01 09:07:28,771 [INFO] IPUIPlugin:80 - create IPUIPlugin
2025-08-01 09:07:28,772 [INFO] PluginManager:220 - loadIPPluginJar : add radio
2025-08-01 09:07:28,776 [INFO] IPUIPlugin:80 - create IPUIPlugin
2025-08-01 09:07:28,776 [INFO] PluginManager:220 - loadIPPluginJar : add resmgrutility
2025-08-01 09:07:28,779 [INFO] IPUIPlugin:80 - create IPUIPlugin
2025-08-01 09:07:28,780 [INFO] PluginManager:220 - loadIPPluginJar : add sai
2025-08-01 09:07:28,782 [INFO] IPUIPlugin:80 - create IPUIPlugin
2025-08-01 09:07:28,782 [INFO] PluginManager:220 - loadIPPluginJar : add spi
2025-08-01 09:07:28,787 [INFO] IPUIPlugin:80 - create IPUIPlugin
2025-08-01 09:07:28,787 [INFO] PluginManager:220 - loadIPPluginJar : add stm32_wpan
2025-08-01 09:07:28,789 [INFO] IPUIPlugin:80 - create IPUIPlugin
2025-08-01 09:07:28,789 [INFO] PluginManager:220 - loadIPPluginJar : add tim
2025-08-01 09:07:28,792 [INFO] IPUIPlugin:80 - create IPUIPlugin
2025-08-01 09:07:28,792 [INFO] PluginManager:220 - loadIPPluginJar : add touchsensing
2025-08-01 09:07:28,795 [INFO] IPUIPlugin:80 - create IPUIPlugin
2025-08-01 09:07:28,795 [INFO] PluginManager:220 - loadIPPluginJar : add tracer_emb
2025-08-01 09:07:28,797 [INFO] IPUIPlugin:80 - create IPUIPlugin
2025-08-01 09:07:28,797 [INFO] PluginManager:220 - loadIPPluginJar : add ts
2025-08-01 09:07:28,799 [INFO] IPUIPlugin:80 - create IPUIPlugin
2025-08-01 09:07:28,799 [INFO] PluginManager:220 - loadIPPluginJar : add tsc
2025-08-01 09:07:28,801 [INFO] IPUIPlugin:80 - create IPUIPlugin
2025-08-01 09:07:28,801 [INFO] PluginManager:220 - loadIPPluginJar : add ucpd
2025-08-01 09:07:28,804 [INFO] IPUIPlugin:80 - create IPUIPlugin
2025-08-01 09:07:28,804 [INFO] PluginManager:220 - loadIPPluginJar : add usart
2025-08-01 09:07:28,809 [INFO] IPUIPlugin:80 - create IPUIPlugin
2025-08-01 09:07:28,809 [INFO] PluginManager:220 - loadIPPluginJar : add usbx
2025-08-01 09:07:28,931 [FATAL] Updater:351 - Updater called before beeing initialized
2025-08-01 09:07:28,958 [INFO] RulesReader:64 - Compatibility file has been processed (317 Rules)
2025-08-01 09:07:28,967 [INFO] RulesReader:64 - Compatibility file has been processed (317 Rules)
2025-08-01 09:07:28,974 [INFO] CADModel:165 - CPN selected for project level
2025-08-01 09:07:28,974 [INFO] CADModel:114 - Register for checkConnection events
2025-08-01 09:07:28,975 [FATAL] Updater:351 - Updater called before beeing initialized
2025-08-01 09:07:28,975 [ERROR] CADModel:125 - Updater not yet initialized, retry later 
2025-08-01 09:07:29,102 [FATAL] Updater:351 - Updater called before beeing initialized
2025-08-01 09:07:29,106 [INFO] CADModel:165 - CPN selected for project level
2025-08-01 09:07:29,106 [INFO] CADModel:114 - Register for checkConnection events
2025-08-01 09:07:29,106 [FATAL] Updater:351 - Updater called before beeing initialized
2025-08-01 09:07:29,106 [ERROR] CADModel:125 - Updater not yet initialized, retry later 
2025-08-01 09:07:29,109 [FATAL] Updater:351 - Updater called before beeing initialized
2025-08-01 09:07:29,197 [FATAL] Updater:351 - Updater called before beeing initialized
2025-08-01 09:07:29,200 [INFO] DbMcusAds:53 - JSON generation date=Tue Jul 08 13:44:23 IST 2025 (1751962463562)
2025-08-01 09:07:29,200 [FATAL] Updater:351 - Updater called before beeing initialized
2025-08-01 09:07:29,230 [WARN] DetailPanel:346 - Failed to get advertising image, set to default
2025-08-01 09:07:29,292 [FATAL] Updater:351 - Updater called before beeing initialized
2025-08-01 09:07:29,293 [FATAL] Updater:351 - Updater called before beeing initialized
2025-08-01 09:07:29,293 [FATAL] Updater:351 - Updater called before beeing initialized
2025-08-01 09:07:29,293 [WARN] DetailPanel:346 - Failed to get advertising image, set to default
2025-08-01 09:07:29,294 [FATAL] Updater:351 - Updater called before beeing initialized
2025-08-01 09:07:29,330 [ERROR] Updater:1198 - MainUpdater not yet initialized. External WinMGr cannot be set.
2025-08-01 09:07:29,332 [INFO] Updater:1134 - Updater Version found : 6.15.0
2025-08-01 09:07:29,349 [INFO] ApplicationProperties:184 - Using Application install path: C:\ST\STM32CubeIDE_1.19.0\STM32CubeIDE\plugins\com.st.stm32cube.common.mx_6.15.0.202507011659
2025-08-01 09:07:30,935 [ERROR] LogOutputStream:75 - [STDERR_REDIRECT] Aug 01, 2025 9:07:30 AM java.util.prefs.WindowsPreferences <init>
2025-08-01 09:07:30,937 [ERROR] LogOutputStream:75 - [STDERR_REDIRECT] WARNING: Could not open/create prefs root node Software\JavaSoft\Prefs at root 0xffffffff80000002. Windows RegCreateKeyEx(...) returned error code 5.
2025-08-01 09:07:30,938 [ERROR] LogOutputStream:75 - [STDERR_REDIRECT] 
2025-08-01 09:07:31,127 [INFO] ThirdPartyUpdaterWithRetryManager:70 - Updater plugin not ready yet. [2/15]
2025-08-01 09:07:31,219 [INFO] MainUpdater:2872 - connection check result : 10
2025-08-01 09:07:31,220 [INFO] MainUpdater:289 - Updater Check For Update Now.
2025-08-01 09:07:31,220 [INFO] MicroXplorer:498 - Change Database Version : DB.6.0.150
2025-08-01 09:07:31,229 [INFO] McuFinderGlobals:63 - Set McuFinder mode to 2 (CubeIDE integrated)
2025-08-01 09:07:31,232 [INFO] UserAuth:487 - Internet connection configuration mode: 1
2025-08-01 09:07:31,271 [INFO] JxBrowserEngine:152 - Initiate JxBrowser Engine with user profile folder
2025-08-01 09:07:31,393 [INFO] CheckServerUpdateThread:120 - End of CheckServer Thread
2025-08-01 09:07:32,913 [INFO] WebApp:169 - Instantiating new browser for Auth
2025-08-01 09:07:33,552 [INFO] WebApp:463 - Apply proxy settings
2025-08-01 09:07:33,553 [INFO] WebApp:548 - Chromium requires no authentication
2025-08-01 09:07:33,562 [INFO] WebApp:491 - Direct internet connection detected
2025-08-01 09:07:33,586 [INFO] WebApp:900 - Register for checkConnection events
2025-08-01 09:07:33,586 [INFO] WebApp:463 - Apply proxy settings
2025-08-01 09:07:33,586 [INFO] WebApp:548 - Chromium requires no authentication
2025-08-01 09:07:33,586 [INFO] WebApp:491 - Direct internet connection detected
2025-08-01 09:07:33,756 [INFO] WebApp:225 - Starting web application
2025-08-01 09:07:33,757 [INFO] WebApp:593 - Web application path used C:\ST\STM32CubeIDE_1.19.0\STM32CubeIDE\plugins\com.st.stm32cube.common.mx_6.15.0.202507011659\db\plugins\mcufinder\reactClient1\index.html
2025-08-01 09:07:33,828 [INFO] UserAuth:487 - Internet connection configuration mode: 1
2025-08-01 09:07:33,930 [INFO] WebApp:191 - Connection restablished
2025-08-01 09:07:34,302 [WARN] PackLoader:240 - Cannot read IP mode file for STMicroelectronics.FP-SNS-MOTENVWB1.1.4.0
2025-08-01 09:07:34,308 [WARN] PackLoader:240 - Cannot read IP mode file for STMicroelectronics.FP-ATR-ASTRA1.2.0.2
2025-08-01 09:07:34,314 [WARN] PackLoader:240 - Cannot read IP mode file for STMicroelectronics.X-CUBE-SMBUS.2.1.0
2025-08-01 09:07:34,318 [WARN] PackLoader:240 - Cannot read IP mode file for STMicroelectronics.X-CUBE-ST60.1.0.0
2025-08-01 09:07:34,334 [WARN] PackLoader:240 - Cannot read IP mode file for STMicroelectronics.X-CUBE-AZRTOS-F7.1.1.0
2025-08-01 09:07:34,353 [WARN] PackLoader:240 - Cannot read IP mode file for Infineon.AIROC-Wi-Fi-Bluetooth-STM32.1.7.1
2025-08-01 09:07:34,367 [WARN] PackLoader:240 - Cannot read IP mode file for STMicroelectronics.X-CUBE-AZRTOS-H7.3.4.0
2025-08-01 09:07:34,374 [WARN] PackLoader:240 - Cannot read IP mode file for STMicroelectronics.X-CUBE-DISPLAY.3.0.0
2025-08-01 09:07:34,383 [WARN] PackLoader:240 - Cannot read IP mode file for STMicroelectronics.X-CUBE-NFC10.1.0.0
2025-08-01 09:07:34,389 [WARN] PackLoader:240 - Cannot read IP mode file for emotas.I-CUBE-CANOPEN.1.3.0
2025-08-01 09:07:34,392 [WARN] PackLoader:240 - Cannot read IP mode file for STMicroelectronics.FP-SNS-SMARTAG2.1.2.0
2025-08-01 09:07:34,396 [WARN] PackLoader:240 - Cannot read IP mode file for STMicroelectronics.FP-SNS-FLIGHT1.5.1.0
2025-08-01 09:07:34,404 [INFO] LogOutputStream:77 - [STDOUT_REDIRECT] 1 : Invalid condition id : UX_CORESTACK_Condition cause : null
2025-08-01 09:07:34,404 [INFO] LogOutputStream:77 - [STDOUT_REDIRECT] 1 : Invalid condition id : UX_CORESTACK_Condition cause : null
2025-08-01 09:07:34,405 [INFO] LogOutputStream:77 - [STDOUT_REDIRECT] 1 : Invalid condition id : UX_CORESTACK_Condition cause : null
2025-08-01 09:07:34,406 [INFO] LogOutputStream:77 - [STDOUT_REDIRECT] 1 : Invalid condition id : UX_CORESTACK_Condition cause : null
2025-08-01 09:07:34,407 [INFO] LogOutputStream:77 - [STDOUT_REDIRECT] 1 : Invalid condition id : UX_CORESTACK_Condition cause : null
2025-08-01 09:07:34,415 [WARN] PackLoader:240 - Cannot read IP mode file for STMicroelectronics.X-CUBE-AZRTOS-WL.2.0.0
2025-08-01 09:07:34,420 [WARN] PackLoader:240 - Cannot read IP mode file for STMicroelectronics.FP-SNS-MOTENV1.5.0.0
2025-08-01 09:07:34,427 [WARN] PackLoader:240 - Cannot read IP mode file for WES.I-CUBE-Cesium.1.3.0
2025-08-01 09:07:34,431 [WARN] PackLoader:240 - Cannot read IP mode file for STMicroelectronics.X-CUBE-BLE2.3.3.0
2025-08-01 09:07:34,435 [WARN] PackLoader:240 - Cannot read IP mode file for STMicroelectronics.X-CUBE-NFC9.1.0.0
2025-08-01 09:07:34,439 [WARN] PackLoader:240 - Cannot read IP mode file for wolfSSL.I-CUBE-wolfSSL.5.8.0
2025-08-01 09:07:34,442 [WARN] PackLoader:240 - Cannot read IP mode file for STMicroelectronics.X-CUBE-BLE1.7.1.0
2025-08-01 09:07:34,446 [WARN] PackLoader:240 - Cannot read IP mode file for wolfSSL.I-CUBE-wolfMQTT.1.19.2
2025-08-01 09:07:34,450 [WARN] PackLoader:240 - Cannot read IP mode file for STMicroelectronics.X-CUBE-EEPRMA1.5.2.0
2025-08-01 09:07:34,454 [WARN] PackLoader:240 - Cannot read IP mode file for STMicroelectronics.X-CUBE-AI.10.1.0
2025-08-01 09:07:34,462 [WARN] PackLoader:240 - Cannot read IP mode file for STMicroelectronics.X-CUBE-AZRTOS-G0.1.1.0
2025-08-01 09:07:34,466 [WARN] PackLoader:240 - Cannot read IP mode file for STMicroelectronics.X-CUBE-SAFEA1.1.2.2
2025-08-01 09:07:34,470 [WARN] PackLoader:240 - Cannot read IP mode file for STMicroelectronics.X-CUBE-NFC4.3.0.0
2025-08-01 09:07:34,475 [WARN] PackLoader:240 - Cannot read IP mode file for EmbeddedOffice.I-CUBE-FS-RTOS.1.0.1
2025-08-01 09:07:34,478 [WARN] PackLoader:240 - Cannot read IP mode file for STMicroelectronics.X-CUBE-WB05N.2.0.0
2025-08-01 09:07:34,481 [WARN] PackLoader:240 - Cannot read IP mode file for wolfSSL.I-CUBE-wolfTPM.3.8.0
2025-08-01 09:07:34,484 [WARN] PackLoader:240 - Cannot read IP mode file for STMicroelectronics.X-CUBE-TCPP.4.2.0
2025-08-01 09:07:34,487 [WARN] PackLoader:240 - Cannot read IP mode file for RealThread.X-CUBE-RT-Thread_Nano.4.1.1
2025-08-01 09:07:34,490 [WARN] PackLoader:240 - Cannot read IP mode file for STMicroelectronics.FP-ATR-SIGFOX1.3.2.0
2025-08-01 09:07:34,494 [WARN] PackLoader:240 - Cannot read IP mode file for ITTIA_DB.I-CUBE-ITTIADB.8.9.0
2025-08-01 09:07:34,497 [WARN] PackLoader:240 - Cannot read IP mode file for STMicroelectronics.X-CUBE-ST67W61.1.0.0
2025-08-01 09:07:34,509 [WARN] PackLoader:240 - Cannot read IP mode file for SEGGER.I-CUBE-embOS.1.3.1
2025-08-01 09:07:34,532 [WARN] PackLoader:240 - Cannot read IP mode file for STMicroelectronics.X-CUBE-ALGOBUILD.1.4.0
2025-08-01 09:07:34,568 [WARN] PackLoader:240 - Cannot read IP mode file for STMicroelectronics.X-CUBE-MEMS1.11.3.0
2025-08-01 09:07:34,755 [WARN] PackLoader:240 - Cannot read IP mode file for STMicroelectronics.X-CUBE-PM33A1.1.0.0
2025-08-01 09:07:34,768 [WARN] PackLoader:240 - Cannot read IP mode file for STMicroelectronics.X-CUBE-AZRTOS-F4.1.1.0
2025-08-01 09:07:34,775 [WARN] PackLoader:240 - Cannot read IP mode file for STMicroelectronics.X-CUBE-ISPU.2.1.0
2025-08-01 09:07:34,780 [WARN] PackLoader:240 - Cannot read IP mode file for STMicroelectronics.X-CUBE-NFC12.1.0.0
2025-08-01 09:07:34,788 [WARN] PackLoader:240 - Cannot read IP mode file for STMicroelectronics.X-CUBE-AZRTOS-L5.2.0.0
2025-08-01 09:07:34,794 [WARN] PackLoader:240 - Cannot read IP mode file for STMicroelectronics.X-CUBE-NFC6.3.1.0
2025-08-01 09:07:34,799 [WARN] PackLoader:240 - Cannot read IP mode file for STMicroelectronics.X-CUBE-FREERTOS.1.3.1
2025-08-01 09:07:34,803 [WARN] PackLoader:240 - Cannot read IP mode file for STMicroelectronics.FP-SNS-STAIOTCFT.1.0.0
2025-08-01 09:07:34,807 [WARN] PackLoader:240 - Cannot read IP mode file for STMicroelectronics.X-CUBE-DPower.1.3.0
2025-08-01 09:07:34,819 [WARN] ConditionMgr:438 - getConditionDescription Invalid condition id : LAN8742 Phy interface Condition cause : null
2025-08-01 09:07:34,819 [WARN] PackLoader:240 - Cannot read IP mode file for STMicroelectronics.X-CUBE-AZRTOS-L4.2.0.0
2025-08-01 09:07:34,820 [WARN] ConditionMgr:1044 - genDependencies : Invalid condition id : LAN8742 Phy interface Condition cause : null
2025-08-01 09:07:34,821 [WARN] ConditionMgr:1044 - genDependencies : Invalid condition id : LAN8742 Phy interface Condition cause : null
2025-08-01 09:07:34,821 [WARN] ConditionMgr:1044 - genDependencies : Invalid condition id : LAN8742 Phy interface Condition cause : null
2025-08-01 09:07:34,826 [WARN] PackLoader:240 - Cannot read IP mode file for STMicroelectronics.X-CUBE-SFXS2LP1.4.0.0
2025-08-01 09:07:34,831 [WARN] PackLoader:240 - Cannot read IP mode file for STMicroelectronics.X-CUBE-BLEMGR.4.1.0
2025-08-01 09:07:34,842 [WARN] ConditionMgr:438 - getConditionDescription Invalid condition id : UX DEVICE CLASS RTOS Condition cause : null
2025-08-01 09:07:34,842 [WARN] ConditionMgr:438 - getConditionDescription Invalid condition id : UX DEVICE CLASS RTOS Condition cause : null
2025-08-01 09:07:34,843 [WARN] PackLoader:240 - Cannot read IP mode file for STMicroelectronics.X-CUBE-AZRTOS-WB.2.0.0
2025-08-01 09:07:34,844 [WARN] ConditionMgr:1044 - genDependencies : Invalid condition id : UX DEVICE CLASS RTOS Condition cause : null
2025-08-01 09:07:34,844 [WARN] ConditionMgr:1044 - genDependencies : Invalid condition id : UX DEVICE CLASS RTOS Condition cause : null
2025-08-01 09:07:34,844 [WARN] ConditionMgr:1044 - genDependencies : Invalid condition id : UX DEVICE CLASS RTOS Condition cause : null
2025-08-01 09:07:34,844 [WARN] ConditionMgr:1044 - genDependencies : Invalid condition id : UX DEVICE CLASS RTOS Condition cause : null
2025-08-01 09:07:34,844 [WARN] ConditionMgr:1044 - genDependencies : Invalid condition id : UX DEVICE CLASS RTOS Condition cause : null
2025-08-01 09:07:34,849 [WARN] PackLoader:240 - Cannot read IP mode file for STMicroelectronics.X-CUBE-GNSS1.7.0.1
2025-08-01 09:07:34,853 [WARN] PackLoader:240 - Cannot read IP mode file for STMicroelectronics.X-CUBE-TOUCHGFX.4.25.0
2025-08-01 09:07:34,857 [WARN] PackLoader:240 - Cannot read IP mode file for STMicroelectronics.FP-SNS-STBOX1.2.0.0
2025-08-01 09:07:34,860 [WARN] ConditionMgr:438 - getConditionDescription Invalid condition id : Cortex-A Device cause : null
2025-08-01 09:07:34,869 [WARN] ConditionMgr:1044 - genDependencies : Invalid condition id : Cortex-A Device cause : null
2025-08-01 09:07:34,869 [WARN] ConditionMgr:1044 - genDependencies : Invalid condition id : Cortex-A Device cause : null
2025-08-01 09:07:34,869 [WARN] ConditionMgr:1044 - genDependencies : Invalid condition id : Cortex-A Device cause : null
2025-08-01 09:07:34,875 [WARN] PackLoader:240 - Cannot read IP mode file for STMicroelectronics.X-CUBE-SUBG2.5.0.0
2025-08-01 09:07:34,886 [WARN] PackLoader:240 - Cannot read IP mode file for STMicroelectronics.X-CUBE-AZRTOS-H7RS.1.1.0
2025-08-01 09:07:34,889 [WARN] PackLoader:240 - Cannot read IP mode file for Cesanta.I-CUBE-Mongoose.7.13.0
2025-08-01 09:07:34,896 [WARN] PackLoader:240 - Cannot read IP mode file for STMicroelectronics.X-CUBE-AZRTOS-G4.2.0.0
2025-08-01 09:07:34,899 [WARN] PackLoader:240 - Cannot read IP mode file for wolfSSL.I-CUBE-wolfSSH.1.4.20
2025-08-01 09:07:34,902 [WARN] PackLoader:240 - Cannot read IP mode file for STMicroelectronics.X-CUBE-NFC7.2.0.0
2025-08-01 09:07:34,908 [WARN] PackLoader:240 - Cannot read IP mode file for STMicroelectronics.X-CUBE-IPS.3.1.0
2025-08-01 09:07:34,913 [WARN] PackLoader:240 - Cannot read IP mode file for STMicroelectronics.X-CUBE-ALS.1.0.2
2025-08-01 09:07:34,916 [WARN] PackLoader:240 - Cannot read IP mode file for portGmbH.I-Cube-SoM-uGOAL.1.1.0
2025-08-01 09:07:34,922 [WARN] PackLoader:240 - Cannot read IP mode file for STMicroelectronics.X-CUBE-TOF1.3.4.3
2025-08-01 09:07:34,926 [INFO] ThirdParty:978 - Integrity check success = true
2025-08-01 09:07:34,926 [INFO] IntegrityCheckThread:100 - exiting critical section [integrity check]
2025-08-01 09:07:34,926 [INFO] IntegrityCheckThread:103 - End integrity checks thread
2025-08-01 09:22:18,860 [INFO] WebApp:194 - Connection lost
2025-08-01 09:22:19,140 [INFO] WebApp:191 - Connection restablished
2025-08-01 09:22:20,560 [INFO] WebApp:194 - Connection lost
2025-08-01 09:22:20,739 [INFO] WebApp:191 - Connection restablished
2025-08-01 09:22:23,710 [INFO] WebApp:194 - Connection lost
2025-08-01 09:22:23,913 [INFO] WebApp:191 - Connection restablished
2025-08-01 09:37:44,834 [ERROR] LogOutputStream:75 - [STDERR_REDIRECT] 
