2025-04-09 00:22:49,960 [INFO] MainUpdater:2872 - connection check result : 10
2025-04-09 00:22:50,028 [INFO] MainUpdater:2872 - connection check result : 10
2025-04-09 00:22:50,187 [INFO] MicroXplorer:468 - Change Database Path : 
2025-04-09 00:22:50,189 [INFO] MicroXplorer:498 - Change Database Version : DB.6.0.140
2025-04-09 00:22:50,277 [ERROR] ProjectManagerView:394 - 
java.lang.NullPointerException: Cannot invoke "javax.swing.JTextField.getText()" because the return value of "java.util.List.get(int)" is null
	at com.st.microxplorer.plugins.projectmanager.gui.ProjectChoiceTab$9.caretUpdate(ProjectChoiceTab.java:2678) ~[filemanager.jar:?]
	at javax.swing.text.JTextComponent.fireCaretUpdate(JTextComponent.java:408) ~[?:?]
	at javax.swing.text.JTextComponent$MutableCaretEvent.fire(JTextComponent.java:4484) ~[?:?]
	at javax.swing.text.JTextComponent$MutableCaretEvent.stateChanged(JTextComponent.java:4506) ~[?:?]
	at javax.swing.text.DefaultCaret.fireStateChanged(DefaultCaret.java:857) ~[?:?]
	at javax.swing.text.DefaultCaret.changeCaretPosition(DefaultCaret.java:1343) ~[?:?]
	at javax.swing.text.DefaultCaret.handleSetDot(DefaultCaret.java:1242) ~[?:?]
	at javax.swing.text.DefaultCaret.setDot(DefaultCaret.java:1223) ~[?:?]
	at javax.swing.text.DefaultCaret$Handler.insertUpdate(DefaultCaret.java:1819) ~[?:?]
	at javax.swing.text.AbstractDocument.fireInsertUpdate(AbstractDocument.java:227) ~[?:?]
	at javax.swing.text.AbstractDocument.handleInsertString(AbstractDocument.java:781) ~[?:?]
	at javax.swing.text.AbstractDocument.insertString(AbstractDocument.java:740) ~[?:?]
	at javax.swing.text.PlainDocument.insertString(PlainDocument.java:131) ~[?:?]
	at javax.swing.text.AbstractDocument.replace(AbstractDocument.java:699) ~[?:?]
	at javax.swing.text.JTextComponent.setText(JTextComponent.java:1725) ~[?:?]
	at com.st.microxplorer.plugins.projectmanager.gui.ProjectChoiceTab.createHeapStackFields(ProjectChoiceTab.java:979) ~[filemanager.jar:?]
	at com.st.microxplorer.plugins.projectmanager.gui.ProjectChoiceTab.buildLinkSettingsPanel(ProjectChoiceTab.java:3766) ~[filemanager.jar:?]
	at com.st.microxplorer.plugins.projectmanager.gui.ProjectChoiceTab.defineWindowsFields(ProjectChoiceTab.java:1962) ~[filemanager.jar:?]
	at com.st.microxplorer.plugins.projectmanager.gui.ProjectChoiceTab.updateSettings(ProjectChoiceTab.java:555) ~[filemanager.jar:?]
	at com.st.microxplorer.plugins.projectmanager.gui.ProjectSettingsPanel.UpdateDialog(ProjectSettingsPanel.java:245) ~[filemanager.jar:?]
	at com.st.microxplorer.plugins.projectmanager.ProjectManagerView.propertyChange(ProjectManagerView.java:391) ~[filemanager.jar:?]
	at java.beans.PropertyChangeSupport.fire(PropertyChangeSupport.java:343) ~[?:?]
	at java.beans.PropertyChangeSupport.firePropertyChange(PropertyChangeSupport.java:335) ~[?:?]
	at java.beans.PropertyChangeSupport.firePropertyChange(PropertyChangeSupport.java:268) ~[?:?]
	at com.st.microxplorer.util.MXPropertyChangeSupport.firePropertyChange(MXPropertyChangeSupport.java:54) ~[STM32CubeMX.jar:?]
	at com.st.microxplorer.mxsystem.MxSystem.closeConfig(MxSystem.java:899) ~[STM32CubeMX.jar:?]
	at com.st.microxplorer.maingui.MainPanel.closeConfig(MainPanel.java:789) ~[STM32CubeMX.jar:?]
	at com.st.microxplorer.plugins.filemanager.engine.OpenFileManager.loadConfigurationFile(OpenFileManager.java:287) ~[filemanager.jar:?]
	at com.st.microxplorer.plugins.filemanager.engine.MainFileManager.userLoadConfig(MainFileManager.java:341) ~[filemanager.jar:?]
	at com.st.microxplorer.plugins.filemanager.engine.MainFileManager.userLoadConfig(MainFileManager.java:319) ~[filemanager.jar:?]
	at com.st.microxplorer.plugins.filemanager.FileManagerView.getSpecificTask(FileManagerView.java:246) ~[filemanager.jar:?]
	at com.st.stm32cube.common.mx.editor.CubeMxEditor.getMxTabbedPaneInstance(CubeMxEditor.java:1198) ~[com.st.stm32cube.common.mx_6.14.0.202502271554/:?]
	at com.st.stm32cube.common.mx.editor.CubeMxEditor$12$1.createSwingComponent(CubeMxEditor.java:1068) ~[com.st.stm32cube.common.mx_6.14.0.202502271554/:?]
	at com.st.stm32cube.common.mx.oss.core.awtswtbridge.EmbeddedSwingComposite.doComponentCreation(EmbeddedSwingComposite.java:492) ~[com.st.stm32cube.common.mx.oss_6.14.0.202502271554/:?]
	at com.st.stm32cube.common.mx.oss.core.awtswtbridge.EmbeddedSwingComposite$4.run(EmbeddedSwingComposite.java:291) ~[com.st.stm32cube.common.mx.oss_6.14.0.202502271554/:?]
	at com.st.stm32cube.common.mx.oss.core.awtswtbridge.AwtEnvironment$2.run(AwtEnvironment.java:166) ~[com.st.stm32cube.common.mx.oss_6.14.0.202502271554/:?]
	at java.awt.event.InvocationEvent.dispatch(InvocationEvent.java:318) ~[?:?]
	at java.awt.EventQueue.dispatchEventImpl(EventQueue.java:773) ~[?:?]
	at java.awt.EventQueue$4.run(EventQueue.java:720) ~[?:?]
	at java.awt.EventQueue$4.run(EventQueue.java:714) ~[?:?]
	at java.security.AccessController.doPrivileged(AccessController.java:400) ~[?:?]
	at java.security.ProtectionDomain$JavaSecurityAccessImpl.doIntersectionPrivilege(ProtectionDomain.java:87) ~[?:?]
	at java.awt.EventQueue.dispatchEvent(EventQueue.java:742) ~[?:?]
	at java.awt.EventDispatchThread.pumpOneEventForFilters(EventDispatchThread.java:203) ~[?:?]
	at java.awt.EventDispatchThread.pumpEventsForFilter(EventDispatchThread.java:124) ~[?:?]
	at java.awt.EventDispatchThread.pumpEventsForHierarchy(EventDispatchThread.java:113) ~[?:?]
	at java.awt.EventDispatchThread.pumpEvents(EventDispatchThread.java:109) ~[?:?]
	at java.awt.EventDispatchThread.pumpEvents(EventDispatchThread.java:101) ~[?:?]
	at java.awt.EventDispatchThread.run(EventDispatchThread.java:90) ~[?:?]
2025-04-09 00:22:50,289 [WARN] ThirdParty:871 - waiting for thirdparty lock release [close project]
2025-04-09 00:22:50,290 [INFO] ThirdParty:873 - entering critical section [close project]
2025-04-09 00:22:50,291 [INFO] ThirdParty:883 - exiting critical section [close project]
2025-04-09 00:22:50,332 [INFO] PinOutPanel:1589 - setPackage(No Configuration,No Configuration)
2025-04-09 00:22:50,378 [INFO] UtilMem:75 - Begin LoadConfig() Used Memory: 576852664 Bytes (899678208)
2025-04-09 00:22:50,382 [INFO] MicroXplorer:468 - Change Database Path : 
2025-04-09 00:22:50,383 [INFO] MicroXplorer:498 - Change Database Version : DB.6.0.140
2025-04-09 00:22:50,383 [INFO] OpenFileManager:354 - Change cursor
2025-04-09 00:22:50,520 [INFO] RulesReader:64 - Compatibility file has been processed (301 Rules)
2025-04-09 00:22:50,565 [INFO] Mcu:2011 - Initializing MCU STM32WLE5CCUx STM32WLE5CCUx STM32WLE5CCU6
2025-04-09 00:22:54,863 [INFO] Context:756 - Trying to add GPIOservice into a context  which must be forbidden
2025-04-09 00:22:56,152 [INFO] ImportTextPane:218 - (OptionalMessage_ERROR) Unable to find key (Mcu.ThirdPartyNb) in loaded IOC file
2025-04-09 00:22:56,152 [INFO] ImportTextPane:218 - (OptionalMessage_ERROR) Unable to find key (Mcu.PinsNb) in loaded IOC file
2025-04-09 00:22:56,152 [INFO] ImportTextPane:218 - (OptionalMessage_ERROR) Pin0 (VP_RIF_VS_RIF1) cannot be retrieved for this MCU
2025-04-09 00:22:56,152 [INFO] ImportTextPane:218 - (OptionalMessage_ERROR) Unable to find key (Mcu.IPNb) in loaded IOC file
2025-04-09 00:22:56,935 [INFO] RtosManager:558 - Registered RTOS mode: class=CMSIS, group=RTOS, mode=CMSIS_V1, owner=FREERTOS
2025-04-09 00:22:56,935 [INFO] RtosManager:558 - Registered RTOS mode: class=CMSIS, group=RTOS2, mode=CMSIS_V2, owner=FREERTOS
2025-04-09 00:22:56,935 [INFO] RtosManager:558 - Registered RTOS mode: class=RTOS, group=Core, mode=CMSIS_V1, owner=FREERTOS
2025-04-09 00:22:56,936 [INFO] RtosManager:558 - Registered RTOS mode: class=RTOS, group=Core, mode=CMSIS_V2, owner=FREERTOS
2025-04-09 00:22:56,936 [WARN] ModelIntegratedComponent:184 - Missing modes for component STMicroelectronics:FreeRTOS:0.0.1:STMicroelectronics:RTOS:FreeRTOS:Core:::10.2.0:
2025-04-09 00:22:56,947 [WARN] ModelIntegratedComponent:63 - No mode defined for component null
2025-04-09 00:22:56,947 [WARN] ModelIntegratedComponent:63 - No mode defined for component null
2025-04-09 00:22:56,947 [WARN] ModelIntegratedComponent:63 - No mode defined for component null
2025-04-09 00:22:56,947 [WARN] ModelIntegratedComponent:63 - No mode defined for component null
2025-04-09 00:22:56,948 [WARN] ModelIntegratedComponent:63 - No mode defined for component null
2025-04-09 00:22:56,948 [WARN] ModelIntegratedComponent:63 - No mode defined for component null
2025-04-09 00:22:56,948 [WARN] ModelIntegratedComponent:63 - No mode defined for component null
2025-04-09 00:22:56,948 [WARN] ModelIntegratedComponent:63 - No mode defined for component null
2025-04-09 00:22:56,948 [WARN] ModelIntegratedComponent:63 - No mode defined for component null
2025-04-09 00:22:56,948 [WARN] ModelIntegratedComponent:63 - No mode defined for component null
2025-04-09 00:22:56,948 [WARN] ModelIntegratedComponent:63 - No mode defined for component null
2025-04-09 00:22:56,948 [WARN] ModelIntegratedComponent:63 - No mode defined for component null
2025-04-09 00:22:56,948 [WARN] ModelIntegratedComponent:63 - No mode defined for component null
2025-04-09 00:22:56,949 [WARN] ModelIntegratedComponent:63 - No mode defined for component null
2025-04-09 00:22:56,949 [WARN] ModelIntegratedComponent:63 - No mode defined for component null
2025-04-09 00:22:56,949 [WARN] ModelIntegratedComponent:63 - No mode defined for component null
2025-04-09 00:22:56,949 [WARN] ModelIntegratedComponent:63 - No mode defined for component null
2025-04-09 00:22:56,949 [WARN] ModelIntegratedComponent:63 - No mode defined for component null
2025-04-09 00:22:56,949 [WARN] ModelIntegratedComponent:63 - No mode defined for component null
2025-04-09 00:22:56,949 [WARN] ModelIntegratedComponent:63 - No mode defined for component null
2025-04-09 00:22:56,950 [WARN] ModelIntegratedComponent:63 - No mode defined for component null
2025-04-09 00:22:56,950 [WARN] ModelIntegratedComponent:63 - No mode defined for component null
2025-04-09 00:22:56,950 [WARN] ModelIntegratedComponent:63 - No mode defined for component null
2025-04-09 00:22:56,950 [WARN] ModelIntegratedComponent:63 - No mode defined for component null
2025-04-09 00:22:56,950 [WARN] ModelIntegratedComponent:63 - No mode defined for component null
2025-04-09 00:22:56,950 [WARN] ModelIntegratedComponent:63 - No mode defined for component null
2025-04-09 00:22:56,951 [WARN] ModelIntegratedComponent:63 - No mode defined for component null
2025-04-09 00:22:56,951 [WARN] ModelIntegratedComponent:63 - No mode defined for component null
2025-04-09 00:22:56,951 [WARN] ModelIntegratedComponent:63 - No mode defined for component null
2025-04-09 00:22:56,952 [WARN] ModelIntegratedComponent:63 - No mode defined for component null
2025-04-09 00:22:56,952 [WARN] ModelIntegratedComponent:63 - No mode defined for component null
2025-04-09 00:22:56,952 [WARN] ModelIntegratedComponent:63 - No mode defined for component null
2025-04-09 00:22:56,952 [WARN] ModelIntegratedComponent:63 - No mode defined for component null
2025-04-09 00:22:56,952 [WARN] ModelIntegratedComponent:63 - No mode defined for component null
2025-04-09 00:22:56,952 [WARN] ModelIntegratedComponent:63 - No mode defined for component null
2025-04-09 00:22:56,953 [WARN] ModelPack:524 - Component already loaded: STMicroelectronics:HAL Drivers:0.0.0:STMicroelectronics:Device:STMicro_Driver:XSPI:HAL::0.0.1:HAL_XSPI
2025-04-09 00:22:57,829 [INFO] ThirdPartyModel:298 - Start build external matchings
2025-04-09 00:23:03,054 [INFO] ThirdPartyModel:316 - End build external matchings
2025-04-09 00:23:03,587 [INFO] UtilMem:75 - End LoadConfig() Used Memory: 444405064 Bytes (899678208)
2025-04-09 00:23:03,979 [WARN] ThirdParty:833 - waiting for thirdparty lock release [change project]
2025-04-09 00:23:03,979 [INFO] ThirdParty:835 - entering critical section [change project]
2025-04-09 00:23:03,979 [INFO] ThirdParty:1030 - CMSIS Pack Vendor :STMicroelectronics USBPD 4.1
2025-04-09 00:23:03,979 [INFO] ThirdParty:1030 - CMSIS Pack Vendor :STMicroelectronics X-CUBE-GNSS1 6.0.0
2025-04-09 00:23:03,979 [INFO] ThirdParty:1030 - CMSIS Pack Vendor :STMicroelectronics USB_HOST 2.0.0
2025-04-09 00:23:03,979 [INFO] ThirdParty:1030 - CMSIS Pack Vendor :STMicroelectronics FP-SNS-MOTENVWB1 1.4.0
2025-04-09 00:23:03,979 [INFO] ThirdParty:1030 - CMSIS Pack Vendor :STMicroelectronics X-CUBE-AZRTOS-F4 1.1.0
2025-04-09 00:23:03,979 [INFO] ThirdParty:1030 - CMSIS Pack Vendor :STMicroelectronics LIBJPEG 8.0.0
2025-04-09 00:23:03,979 [INFO] ThirdParty:1030 - CMSIS Pack Vendor :STMicroelectronics FP-ATR-ASTRA1 2.0.2
2025-04-09 00:23:03,979 [INFO] ThirdParty:1030 - CMSIS Pack Vendor :STMicroelectronics FP-ATR-ASTRA1 2.0.1
2025-04-09 00:23:03,979 [INFO] ThirdParty:1030 - CMSIS Pack Vendor :STMicroelectronics X-CUBE-SMBUS 2.1.0
2025-04-09 00:23:03,979 [INFO] ThirdParty:1030 - CMSIS Pack Vendor :STMicroelectronics X-CUBE-WB05N 1.1.0
2025-04-09 00:23:03,980 [INFO] ThirdParty:1030 - CMSIS Pack Vendor :STMicroelectronics X-CUBE-ISPU 2.1.0
2025-04-09 00:23:03,980 [INFO] ThirdParty:1030 - CMSIS Pack Vendor :STMicroelectronics X-CUBE-FREERTOS 1.2.0
2025-04-09 00:23:03,980 [INFO] ThirdParty:1030 - CMSIS Pack Vendor :STMicroelectronics X-CUBE-AZRTOS-F7 1.1.0
2025-04-09 00:23:03,980 [INFO] ThirdParty:1030 - CMSIS Pack Vendor :STMicroelectronics X-CUBE-AZRTOS-L5 2.0.0
2025-04-09 00:23:03,980 [INFO] ThirdParty:1030 - CMSIS Pack Vendor :STMicroelectronics USB_DEVICE 2.0.0
2025-04-09 00:23:03,980 [INFO] ThirdParty:1030 - CMSIS Pack Vendor :STMicroelectronics X-CUBE-NFC6 3.1.0
2025-04-09 00:23:03,980 [INFO] ThirdParty:1030 - CMSIS Pack Vendor :STMicroelectronics X-CUBE-MEMS1 11.0.0
2025-04-09 00:23:03,980 [INFO] ThirdParty:1030 - CMSIS Pack Vendor :STMicroelectronics FreeRTOS 0.0.1
2025-04-09 00:23:03,980 [INFO] ThirdParty:1030 - CMSIS Pack Vendor :STMicroelectronics X-CUBE-DPower 1.2.0
2025-04-09 00:23:03,980 [INFO] ThirdParty:1030 - CMSIS Pack Vendor :STMicroelectronics FP-SNS-FLIGHT1 5.0.2
2025-04-09 00:23:03,980 [INFO] ThirdParty:1030 - CMSIS Pack Vendor :STMicroelectronics X-CUBE-AI 9.0.0
2025-04-09 00:23:03,980 [INFO] ThirdParty:1030 - CMSIS Pack Vendor :STMicroelectronics PDM2PCM 3.3.0
2025-04-09 00:23:03,980 [INFO] ThirdParty:1030 - CMSIS Pack Vendor :STMicroelectronics X-CUBE-DISPLAY 3.0.0
2025-04-09 00:23:03,981 [INFO] ThirdParty:1030 - CMSIS Pack Vendor :STMicroelectronics X-CUBE-BLE1 7.0.0
2025-04-09 00:23:03,981 [INFO] ThirdParty:1030 - CMSIS Pack Vendor :STMicroelectronics X-CUBE-NFC10 1.0.0
2025-04-09 00:23:03,981 [INFO] ThirdParty:1030 - CMSIS Pack Vendor :STMicroelectronics X-CUBE-BLEMGR 4.0.0
2025-04-09 00:23:03,981 [INFO] ThirdParty:1030 - CMSIS Pack Vendor :STMicroelectronics HAL Drivers 0.0.0
2025-04-09 00:23:03,981 [INFO] ThirdParty:1030 - CMSIS Pack Vendor :emotas I-CUBE-CANOPEN 1.3.0
2025-04-09 00:23:03,981 [INFO] ThirdParty:1030 - CMSIS Pack Vendor :STMicroelectronics X-CUBE-FREERTOS 1.3.0
2025-04-09 00:23:03,981 [INFO] ThirdParty:1030 - CMSIS Pack Vendor :STMicroelectronics X-CUBE-NFC7 1.0.1
2025-04-09 00:23:03,981 [INFO] ThirdParty:1030 - CMSIS Pack Vendor :STMicroelectronics MBEDTLS 2.14.1
2025-04-09 00:23:03,981 [INFO] ThirdParty:1030 - CMSIS Pack Vendor :wolfSSL I-CUBE-wolfTPM 3.2.0
2025-04-09 00:23:03,981 [INFO] ThirdParty:1030 - CMSIS Pack Vendor :STMicroelectronics X-CUBE-BLEMGR 3.1.0
2025-04-09 00:23:03,981 [INFO] ThirdParty:1030 - CMSIS Pack Vendor :STMicroelectronics X-CUBE-AI 10.0.0
2025-04-09 00:23:03,981 [INFO] ThirdParty:1030 - CMSIS Pack Vendor :STMicroelectronics FP-SNS-SMARTAG2 1.2.0
2025-04-09 00:23:03,981 [INFO] ThirdParty:1030 - CMSIS Pack Vendor :STMicroelectronics FP-SNS-FLIGHT1 5.1.0
2025-04-09 00:23:03,981 [INFO] ThirdParty:1030 - CMSIS Pack Vendor :STMicroelectronics X-CUBE-MEMS1 11.1.0
2025-04-09 00:23:03,982 [INFO] ThirdParty:1030 - CMSIS Pack Vendor :STMicroelectronics X-CUBE-AZRTOS-WL 2.0.0
2025-04-09 00:23:03,982 [INFO] ThirdParty:1030 - CMSIS Pack Vendor :STMicroelectronics X-CUBE-DPower 1.3.0
2025-04-09 00:23:03,982 [INFO] ThirdParty:1030 - CMSIS Pack Vendor :STMicroelectronics FP-SNS-MOTENV1 5.0.0
2025-04-09 00:23:03,982 [INFO] ThirdParty:1030 - CMSIS Pack Vendor :STMicroelectronics USB_DEVICE 1.0.0
2025-04-09 00:23:03,983 [INFO] ThirdParty:1030 - CMSIS Pack Vendor :wolfSSL I-CUBE-wolfMQTT 1.19.0
2025-04-09 00:23:03,983 [INFO] ThirdParty:1030 - CMSIS Pack Vendor :STMicroelectronics X-CUBE-AZRTOS-L4 2.0.0
2025-04-09 00:23:03,983 [INFO] ThirdParty:1030 - CMSIS Pack Vendor :STMicroelectronics ThreadX 0.0.2
2025-04-09 00:23:03,983 [INFO] ThirdParty:1030 - CMSIS Pack Vendor :WES I-CUBE-Cesium 1.3.0
2025-04-09 00:23:03,983 [INFO] ThirdParty:1030 - CMSIS Pack Vendor :STMicroelectronics lwIP 2.1.2
2025-04-09 00:23:03,984 [INFO] ThirdParty:1030 - CMSIS Pack Vendor :STMicroelectronics X-CUBE-SFXS2LP1 4.0.0
2025-04-09 00:23:03,984 [INFO] ThirdParty:1030 - CMSIS Pack Vendor :STMicroelectronics X-CUBE-BLE2 3.3.0
2025-04-09 00:23:03,984 [INFO] ThirdParty:1030 - CMSIS Pack Vendor :STMicroelectronics PDM2PCM 3.2.0
2025-04-09 00:23:03,984 [INFO] ThirdParty:1030 - CMSIS Pack Vendor :STMicroelectronics X-CUBE-AZRTOS-H7 3.3.0
2025-04-09 00:23:03,984 [INFO] ThirdParty:1030 - CMSIS Pack Vendor :STMicroelectronics X-CUBE-NFC9 1.0.0
2025-04-09 00:23:03,984 [INFO] ThirdParty:1030 - CMSIS Pack Vendor :STMicroelectronics X-CUBE-BLE1 7.1.0
2025-04-09 00:23:03,984 [INFO] ThirdParty:1030 - CMSIS Pack Vendor :STMicroelectronics USB_DEVICE 3.0.0
2025-04-09 00:23:03,984 [INFO] ThirdParty:1030 - CMSIS Pack Vendor :STMicroelectronics X-CUBE-TCPP 4.1.0
2025-04-09 00:23:03,984 [INFO] ThirdParty:1030 - CMSIS Pack Vendor :STMicroelectronics X-CUBE-IPS 3.0.0
2025-04-09 00:23:03,984 [INFO] ThirdParty:1030 - CMSIS Pack Vendor :STMicroelectronics X-CUBE-AZRTOS-WB 2.0.0
2025-04-09 00:23:03,985 [INFO] ThirdParty:1030 - CMSIS Pack Vendor :STMicroelectronics X-CUBE-GNSS1 7.0.0
2025-04-09 00:23:03,985 [INFO] ThirdParty:1030 - CMSIS Pack Vendor :STMicroelectronics X-CUBE-GNSS1 7.0.1
2025-04-09 00:23:03,985 [INFO] ThirdParty:1030 - CMSIS Pack Vendor :STMicroelectronics X-CUBE-TOUCHGFX 4.25.0
2025-04-09 00:23:03,985 [INFO] ThirdParty:1030 - CMSIS Pack Vendor :STMicroelectronics FP-SNS-STBOX1 2.0.0
2025-04-09 00:23:03,985 [INFO] ThirdParty:1030 - CMSIS Pack Vendor :STMicroelectronics X-CUBE-AZRTOS-G0 1.1.0
2025-04-09 00:23:03,985 [INFO] ThirdParty:1030 - CMSIS Pack Vendor :STMicroelectronics X-CUBE-SAFEA1 1.2.2
2025-04-09 00:23:03,985 [INFO] ThirdParty:1030 - CMSIS Pack Vendor :STMicroelectronics X-CUBE-NFC4 3.0.0
2025-04-09 00:23:03,985 [INFO] ThirdParty:1030 - CMSIS Pack Vendor :STMicroelectronics X-CUBE-SUBG2 5.0.0
2025-04-09 00:23:03,985 [INFO] ThirdParty:1030 - CMSIS Pack Vendor :STMicroelectronics X-CUBE-AZRTOS-H7RS 1.1.0
2025-04-09 00:23:03,985 [INFO] ThirdParty:1030 - CMSIS Pack Vendor :STMicroelectronics STM32_WPAN 1.0.0
2025-04-09 00:23:03,985 [INFO] ThirdParty:1030 - CMSIS Pack Vendor :EmbeddedOffice I-CUBE-FS-RTOS 1.0.1
2025-04-09 00:23:03,985 [INFO] ThirdParty:1030 - CMSIS Pack Vendor :STMicroelectronics lwIP 2.0.3
2025-04-09 00:23:03,986 [INFO] ThirdParty:1030 - CMSIS Pack Vendor :Cesanta I-CUBE-Mongoose 7.13.0
2025-04-09 00:23:03,986 [INFO] ThirdParty:1030 - CMSIS Pack Vendor :STMicroelectronics USB_HOST 1.0.0
2025-04-09 00:23:03,986 [INFO] ThirdParty:1030 - CMSIS Pack Vendor :STMicroelectronics X-CUBE-AZRTOS-G4 2.0.0
2025-04-09 00:23:03,986 [INFO] ThirdParty:1030 - CMSIS Pack Vendor :STMicroelectronics PDM2PCM 3.1.0
2025-04-09 00:23:03,986 [INFO] ThirdParty:1030 - CMSIS Pack Vendor :STMicroelectronics X-CUBE-TCPP 4.2.0
2025-04-09 00:23:03,986 [INFO] ThirdParty:1030 - CMSIS Pack Vendor :RealThread X-CUBE-RT-Thread_Nano 4.1.1
2025-04-09 00:23:03,986 [INFO] ThirdParty:1030 - CMSIS Pack Vendor :STMicroelectronics FP-ATR-SIGFOX1 3.2.0
2025-04-09 00:23:03,986 [INFO] ThirdParty:1030 - CMSIS Pack Vendor :wolfSSL I-CUBE-wolfSSL 5.7.2
2025-04-09 00:23:03,986 [INFO] ThirdParty:1030 - CMSIS Pack Vendor :quantropi X-CUBE-qispace-sdk-base 1.9.3
2025-04-09 00:23:03,986 [INFO] ThirdParty:1030 - CMSIS Pack Vendor :STMicroelectronics X-CUBE-ISPU 2.0.0
2025-04-09 00:23:03,986 [INFO] ThirdParty:1030 - CMSIS Pack Vendor :STMicroelectronics X-CUBE-EEPRMA1 5.1.0
2025-04-09 00:23:03,987 [INFO] ThirdParty:1030 - CMSIS Pack Vendor :STMicroelectronics MBEDTLS 2.16.2
2025-04-09 00:23:03,987 [INFO] ThirdParty:1030 - CMSIS Pack Vendor :STMicroelectronics X-CUBE-IPS 3.1.0
2025-04-09 00:23:03,987 [INFO] ThirdParty:1030 - CMSIS Pack Vendor :STMicroelectronics X-CUBE-ALS 1.0.2
2025-04-09 00:23:03,987 [INFO] ThirdParty:1030 - CMSIS Pack Vendor :STMicroelectronics X-CUBE-MEMS1 10.0.0
2025-04-09 00:23:03,987 [INFO] ThirdParty:1030 - CMSIS Pack Vendor :STMicroelectronics X-CUBE-TOUCHGFX 4.24.0
2025-04-09 00:23:03,987 [INFO] ThirdParty:1030 - CMSIS Pack Vendor :ITTIA_DB I-CUBE-ITTIADB 8.9.0
2025-04-09 00:23:03,987 [INFO] ThirdParty:1030 - CMSIS Pack Vendor :STMicroelectronics X-CUBE-TOUCHGFX 4.24.2
2025-04-09 00:23:03,988 [INFO] ThirdParty:1030 - CMSIS Pack Vendor :STMicroelectronics X-CUBE-TOUCHGFX 4.24.1
2025-04-09 00:23:03,988 [INFO] ThirdParty:1030 - CMSIS Pack Vendor :portGmbH I-Cube-SoM-uGOAL 1.1.0
2025-04-09 00:23:03,988 [INFO] ThirdParty:1030 - CMSIS Pack Vendor :STMicroelectronics ThreadX 1.0.0
2025-04-09 00:23:03,988 [INFO] ThirdParty:1030 - CMSIS Pack Vendor :SEGGER I-CUBE-embOS 1.3.1
2025-04-09 00:23:03,988 [INFO] ThirdParty:1030 - CMSIS Pack Vendor :STMicroelectronics X-CUBE-ALGOBUILD 1.4.0
2025-04-09 00:23:03,988 [INFO] ThirdParty:1030 - CMSIS Pack Vendor :STMicroelectronics X-CUBE-AZRTOS-H7RS 1.0.0
2025-04-09 00:23:03,988 [INFO] ThirdParty:1030 - CMSIS Pack Vendor :STMicroelectronics FP-ATR-ASTRA1 2.0.0
2025-04-09 00:23:03,988 [INFO] ThirdParty:1030 - CMSIS Pack Vendor :STMicroelectronics X-CUBE-TOF1 3.4.2
2025-04-09 00:23:03,988 [INFO] ThirdParty:1030 - CMSIS Pack Vendor :STMicroelectronics X-CUBE-AI 9.1.0
2025-04-09 00:23:03,988 [INFO] ThirdParty:1030 - CMSIS Pack Vendor :STMicroelectronics X-CUBE-AZRTOS-H7 3.2.0
2025-04-09 00:23:03,988 [INFO] ThirdParty:1030 - CMSIS Pack Vendor :Infineon AIROC-Wi-Fi-Bluetooth-STM32 1.6.0
2025-04-09 00:23:03,989 [INFO] ThirdParty:1030 - CMSIS Pack Vendor :wolfSSL I-CUBE-wolfSSH 1.4.17
2025-04-09 00:23:03,989 [INFO] ThirdParty:841 - exiting critical section [change project]
2025-04-09 00:23:04,473 [INFO] PinOutPanel:1589 - setPackage(No Configuration,No Configuration)
2025-04-09 00:23:04,476 [INFO] PinOutPanel:1589 - setPackage(STM32WLE5CCUx,UFQFPN48)
2025-04-09 00:23:05,240 [INFO] UtilMem:75 - Before build in PCC Used Memory: 326356488 Bytes (899678208)
2025-04-09 00:23:07,064 [INFO] UtilMem:75 - After build in PCC Used Memory: 409193968 Bytes (899678208)
2025-04-09 00:23:07,128 [INFO] IPUIPlugin:80 - create IPUIPlugin
2025-04-09 00:23:07,129 [INFO] IPUIPlugin:80 - create IPUIPlugin
2025-04-09 00:23:07,129 [INFO] IPUIPlugin:80 - create IPUIPlugin
2025-04-09 00:23:07,129 [INFO] IPUIPlugin:80 - create IPUIPlugin
2025-04-09 00:23:07,129 [INFO] IPUIPlugin:80 - create IPUIPlugin
2025-04-09 00:23:07,130 [INFO] IPUIPlugin:80 - create IPUIPlugin
2025-04-09 00:23:07,131 [INFO] IPUIPlugin:80 - create IPUIPlugin
2025-04-09 00:23:07,132 [INFO] IPUIPlugin:80 - create IPUIPlugin
2025-04-09 00:23:07,133 [INFO] IPUIPlugin:80 - create IPUIPlugin
2025-04-09 00:23:07,133 [INFO] IPUIPlugin:80 - create IPUIPlugin
2025-04-09 00:23:07,134 [INFO] IPUIPlugin:80 - create IPUIPlugin
2025-04-09 00:23:07,135 [INFO] IPUIPlugin:80 - create IPUIPlugin
2025-04-09 00:23:07,135 [INFO] IPUIPlugin:80 - create IPUIPlugin
2025-04-09 00:23:07,136 [INFO] IPUIPlugin:80 - create IPUIPlugin
2025-04-09 00:23:07,136 [INFO] IPUIPlugin:80 - create IPUIPlugin
2025-04-09 00:23:07,137 [INFO] IPUIPlugin:80 - create IPUIPlugin
2025-04-09 00:23:07,137 [INFO] IPUIPlugin:80 - create IPUIPlugin
2025-04-09 00:23:07,138 [INFO] IPUIPlugin:80 - create IPUIPlugin
2025-04-09 00:23:07,138 [INFO] IPUIPlugin:80 - create IPUIPlugin
2025-04-09 00:23:07,139 [INFO] IPUIPlugin:80 - create IPUIPlugin
2025-04-09 00:23:07,139 [INFO] IPUIPlugin:80 - create IPUIPlugin
2025-04-09 00:23:07,140 [INFO] IPUIPlugin:80 - create IPUIPlugin
2025-04-09 00:23:07,141 [INFO] IPUIPlugin:80 - create IPUIPlugin
2025-04-09 00:23:07,141 [INFO] IPUIPlugin:80 - create IPUIPlugin
2025-04-09 00:23:07,143 [INFO] IPUIPlugin:80 - create IPUIPlugin
2025-04-09 00:23:07,143 [INFO] IPUIPlugin:80 - create IPUIPlugin
2025-04-09 00:23:07,144 [INFO] IPUIPlugin:80 - create IPUIPlugin
2025-04-09 00:23:07,145 [INFO] IPUIPlugin:80 - create IPUIPlugin
2025-04-09 00:23:07,145 [INFO] IPUIPlugin:80 - create IPUIPlugin
2025-04-09 00:23:07,146 [INFO] IPUIPlugin:80 - create IPUIPlugin
2025-04-09 00:23:07,149 [INFO] IPUIPlugin:80 - create IPUIPlugin
2025-04-09 00:23:07,150 [INFO] IPUIPlugin:80 - create IPUIPlugin
2025-04-09 00:23:07,151 [INFO] IPUIPlugin:80 - create IPUIPlugin
2025-04-09 00:23:07,151 [INFO] IPUIPlugin:80 - create IPUIPlugin
2025-04-09 00:23:07,152 [INFO] IPUIPlugin:80 - create IPUIPlugin
2025-04-09 00:23:07,153 [INFO] IPUIPlugin:80 - create IPUIPlugin
2025-04-09 00:23:07,153 [INFO] IPUIPlugin:80 - create IPUIPlugin
2025-04-09 00:23:07,154 [INFO] IPUIPlugin:80 - create IPUIPlugin
2025-04-09 00:23:07,154 [INFO] IPUIPlugin:80 - create IPUIPlugin
2025-04-09 00:23:07,155 [INFO] IPUIPlugin:80 - create IPUIPlugin
2025-04-09 00:23:07,156 [INFO] IPUIPlugin:80 - create IPUIPlugin
2025-04-09 00:23:07,156 [INFO] IPUIPlugin:80 - create IPUIPlugin
2025-04-09 00:23:07,157 [INFO] IPUIPlugin:80 - create IPUIPlugin
2025-04-09 00:23:07,158 [INFO] IPUIPlugin:80 - create IPUIPlugin
2025-04-09 00:23:07,159 [INFO] IPUIPlugin:80 - create IPUIPlugin
2025-04-09 00:23:07,160 [INFO] IPUIPlugin:80 - create IPUIPlugin
2025-04-09 00:23:07,160 [INFO] IPUIPlugin:80 - create IPUIPlugin
2025-04-09 00:23:07,161 [INFO] IPUIPlugin:80 - create IPUIPlugin
2025-04-09 00:23:07,162 [INFO] IPUIPlugin:80 - create IPUIPlugin
2025-04-09 00:23:07,291 [INFO] CADModel:165 - CPN selected for project levelSTM32WLE5CCU6
2025-04-09 00:23:07,291 [INFO] CADModel:114 - Register for checkConnection events
2025-04-09 00:23:07,405 [INFO] OpenFileManager:385 - Restore cursor
2025-04-09 00:23:08,810 [INFO] UtilMem:75 - End SaveConfig() Used Memory: 484177728 Bytes (899678208)
2025-04-09 00:23:09,036 [INFO] UtilMem:75 - End SaveConfig() Used Memory: 500954944 Bytes (899678208)
2025-04-09 00:23:10,169 [INFO] BlockDiagram:2775 - set Specific Code input for plugin: RCC
2025-04-09 00:23:10,170 [INFO] BlockDiagram:2775 - set Specific Code input for plugin: NVIC
2025-04-09 00:23:10,171 [INFO] CodeGenerator:882 - code generatio: config db path: C:\ST\STM32CubeIDE_1.16.0\STM32CubeIDE\plugins\com.st.stm32cube.common.mx_6.14.0.202502271554\\db\
2025-04-09 00:23:10,348 [INFO] CodeEngine:263 - oldGeneratedFile, D:\Projects\LoRa_SOM\RAK3172\rak_lora\MXTmpFiles\license.tmp_save
2025-04-09 00:23:11,274 [INFO] CodeEngine:287 - Generated code: D:\Projects\LoRa_SOM\RAK3172\rak_lora\MXTmpFiles\license.tmp
2025-04-09 00:23:11,309 [INFO] CodeEngine:263 - oldGeneratedFile, D:\Projects\LoRa_SOM\RAK3172\rak_lora\Core\Src\stm32wlxx_it.c_save
2025-04-09 00:23:12,286 [INFO] CodeEngine:287 - Generated code: D:\Projects\LoRa_SOM\RAK3172\rak_lora\Core\Src\stm32wlxx_it.c
2025-04-09 00:23:12,296 [INFO] CodeEngine:263 - oldGeneratedFile, D:\Projects\LoRa_SOM\RAK3172\rak_lora\Core\Inc\stm32wlxx_it.h_save
2025-04-09 00:23:12,658 [INFO] CodeEngine:287 - Generated code: D:\Projects\LoRa_SOM\RAK3172\rak_lora\Core\Inc\stm32wlxx_it.h
2025-04-09 00:23:12,924 [INFO] CodeEngine:263 - oldGeneratedFile, D:\Projects\LoRa_SOM\RAK3172\rak_lora\Core\Src\stm32wlxx_hal_msp.c_save
2025-04-09 00:23:13,521 [INFO] CodeEngine:287 - Generated code: D:\Projects\LoRa_SOM\RAK3172\rak_lora\Core\Src\stm32wlxx_hal_msp.c
2025-04-09 00:23:13,534 [INFO] CodeEngine:263 - oldGeneratedFile, D:\Projects\LoRa_SOM\RAK3172\rak_lora\MXTmpFiles\system.tmp_save
2025-04-09 00:23:13,795 [INFO] CodeEngine:287 - Generated code: D:\Projects\LoRa_SOM\RAK3172\rak_lora\MXTmpFiles\system.tmp
2025-04-09 00:23:13,849 [INFO] CodeEngine:319 - oldGeneratedFile, D:\Projects\LoRa_SOM\RAK3172\rak_lora\Core\Inc\stm32wlxx_hal_conf.h_save
2025-04-09 00:23:14,210 [INFO] CodeEngine:343 - Generated code: D:\Projects\LoRa_SOM\RAK3172\rak_lora\Core\Inc\stm32wlxx_hal_conf.h
2025-04-09 00:23:14,299 [INFO] ApiDbMcu:508 - Load IP Config File for RCC
2025-04-09 00:23:14,360 [INFO] CodeEngine:263 - oldGeneratedFile, D:\Projects\LoRa_SOM\RAK3172\rak_lora\Core\Inc\main.h_save
2025-04-09 00:23:14,756 [INFO] CodeEngine:287 - Generated code: D:\Projects\LoRa_SOM\RAK3172\rak_lora\Core\Inc\main.h
2025-04-09 00:23:14,789 [INFO] CodeEngine:263 - oldGeneratedFile, D:\Projects\LoRa_SOM\RAK3172\rak_lora\Core\Src\main.c_save
2025-04-09 00:23:15,195 [INFO] CodeEngine:287 - Generated code: D:\Projects\LoRa_SOM\RAK3172\rak_lora\Core\Src\main.c
2025-04-09 00:23:16,235 [INFO] ProjectBuilder:3324 - Time for Copy HAL[1] : 401mS.
2025-04-09 00:23:16,245 [INFO] ProjectBuilder:4912 - Project Generator version: 4.6.0-B36
2025-04-09 00:23:16,608 [INFO] ConfigFileManager:1590 - The Die is : DIE497
2025-04-09 00:23:16,642 [INFO] ApiDbMcu:508 - Load IP Config File for FATFS
2025-04-09 00:23:16,695 [INFO] ApiDbMcu:508 - Load IP Config File for FREERTOS
2025-04-09 00:23:16,728 [INFO] ApiDbMcu:508 - Load IP Config File for KMS
2025-04-09 00:23:16,771 [INFO] ApiDbMcu:508 - Load IP Config File for LORAWAN
2025-04-09 00:23:16,813 [INFO] ApiDbMcu:508 - Load IP Config File for SIGFOX
2025-04-09 00:23:16,859 [INFO] ApiDbMcu:508 - Load IP Config File for SUBGHZ_PHY
2025-04-09 00:23:23,971 [INFO] ProjectBuilder:5191 - Time for Generating toolchain IDE Files: 7725mS.
2025-04-09 00:23:23,972 [INFO] ProjectBuilder:3181 - Time for Copy CMSIS : 1mS.
2025-04-09 00:23:23,976 [INFO] ProjectBuilder:3181 - Time for Copy CMSIS : 1mS.
2025-04-09 00:23:26,402 [INFO] McuFinderGlobals:76 - Set McuFinderConnectedMode to true
2025-04-09 00:23:26,418 [INFO] ApiDb:448 - Save user favorites file C:\Users\hashara/.stm32cubeide/favorites.mcus.txt: 0 item(s)
2025-04-09 00:23:26,419 [INFO] ApiDb:452 - User favorites MCUs=[]
