2025-11-10 21:38:16,275 [INFO] Activator:176 - 


2025-11-10 21:38:16,278 [INFO] Activator:177 - !SESSION log4j initialized
2025-11-10 21:38:20,556 [INFO] LogOutputStream:77 - [STDOUT_REDIRECT] 
2025-11-10 21:38:21,307 [INFO] ApplicationProperties:184 - Using Application install path: C:\ST\STM32CubeIDE_1.19.0\STM32CubeIDE\plugins\com.st.stm32cube.common.mx_6.15.0.202507011659
2025-11-10 21:38:21,328 [INFO] DbMcusXml:78 - Set database path to: C:\ST\STM32CubeIDE_1.19.0\STM32CubeIDE\plugins\com.st.stm32cube.common.mx_6.15.0.202507011659\\db\/mcu/
2025-11-10 21:38:21,328 [INFO] ApiDb:274 - Set plugin database path to: C:\ST\STM32CubeIDE_1.19.0\STM32CubeIDE\plugins\com.st.stm32cube.common.mx_6.15.0.202507011659\\db\/plugins/boardmanager/
2025-11-10 21:38:21,329 [WARN] ApiDb:259 - Overriding images path with different value:  => C:\ST\STM32CubeIDE_1.19.0\STM32CubeIDE\plugins\com.st.stm32cube.common.mx_6.15.0.202507011659\\db\/plugins/mcufinder/images/
2025-11-10 21:38:21,343 [INFO] ApiDb:250 - Set database path to: C:\Users\User\.stmcufinder\plugins\mcufinder//mcu/
2025-11-10 21:38:21,344 [INFO] DbMcusAds:125 - Set database path to: C:\Users\User\.stmcufinder\plugins\mcufinder//mcu/
2025-11-10 21:38:21,349 [INFO] CrossReferenceDbSqlite:203 - Set database path to: C:\Users\User\.stmcufinder\plugins\mcufinder//mcu/cs/
2025-11-10 21:38:21,467 [INFO] RulesReader:64 - Compatibility file has been processed (317 Rules)
2025-11-10 21:38:21,521 [INFO] DbMcusXml:78 - Set database path to: C:\ST\STM32CubeIDE_1.19.0\STM32CubeIDE\plugins\com.st.stm32cube.common.mx_6.15.0.202507011659\\db\/mcu/
2025-11-10 21:38:21,521 [INFO] ApiDb:274 - Set plugin database path to: C:\ST\STM32CubeIDE_1.19.0\STM32CubeIDE\plugins\com.st.stm32cube.common.mx_6.15.0.202507011659\\db\/plugins/boardmanager/
2025-11-10 21:38:21,521 [INFO] ApiDb:261 - Set plugin images path to: C:\ST\STM32CubeIDE_1.19.0\STM32CubeIDE\plugins\com.st.stm32cube.common.mx_6.15.0.202507011659\\db\/plugins/mcufinder/images/
2025-11-10 21:38:21,522 [WARN] DbFile:41 - Overriding database path with different value: C:\Users\User\.stmcufinder\plugins\mcufinder/ => C:\Users\User\.stmcufinder\plugins\mcufinder
2025-11-10 21:38:21,522 [INFO] ApiDb:250 - Set database path to: C:\Users\User\.stmcufinder\plugins\mcufinder//mcu/
2025-11-10 21:38:21,522 [WARN] DbFile:41 - Overriding database path with different value: C:\Users\User\.stmcufinder\plugins\mcufinder/ => C:\Users\User\.stmcufinder\plugins\mcufinder
2025-11-10 21:38:21,522 [INFO] DbMcusAds:125 - Set database path to: C:\Users\User\.stmcufinder\plugins\mcufinder//mcu/
2025-11-10 21:38:21,522 [WARN] DbFile:41 - Overriding database path with different value: C:\Users\User\.stmcufinder\plugins\mcufinder/ => C:\Users\User\.stmcufinder\plugins\mcufinder
2025-11-10 21:38:21,522 [WARN] DbFile:41 - Overriding database path with different value: C:\Users\User\.stmcufinder\plugins\mcufinder/ => C:\Users\User\.stmcufinder\plugins\mcufinder
2025-11-10 21:38:21,522 [INFO] CrossReferenceDbSqlite:203 - Set database path to: C:\Users\User\.stmcufinder\plugins\mcufinder//mcu/cs/
2025-11-10 21:38:21,583 [INFO] MainPanel:274 - HeapMemory: 268435456
2025-11-10 21:38:21,676 [INFO] DbMcusXml:78 - Set database path to: C:\ST\STM32CubeIDE_1.19.0\STM32CubeIDE\plugins\com.st.stm32cube.common.mx_6.15.0.202507011659\\db\/mcu/
2025-11-10 21:38:21,676 [INFO] ApiDb:274 - Set plugin database path to: C:\ST\STM32CubeIDE_1.19.0\STM32CubeIDE\plugins\com.st.stm32cube.common.mx_6.15.0.202507011659\\db\/plugins/boardmanager/
2025-11-10 21:38:21,676 [INFO] ApiDb:261 - Set plugin images path to: C:\ST\STM32CubeIDE_1.19.0\STM32CubeIDE\plugins\com.st.stm32cube.common.mx_6.15.0.202507011659\\db\/plugins/mcufinder/images/
2025-11-10 21:38:21,677 [WARN] DbFile:41 - Overriding database path with different value: C:\Users\User\.stmcufinder\plugins\mcufinder/ => C:\Users\User\.stmcufinder\plugins\mcufinder
2025-11-10 21:38:21,677 [INFO] ApiDb:250 - Set database path to: C:\Users\User\.stmcufinder\plugins\mcufinder//mcu/
2025-11-10 21:38:21,677 [WARN] DbFile:41 - Overriding database path with different value: C:\Users\User\.stmcufinder\plugins\mcufinder/ => C:\Users\User\.stmcufinder\plugins\mcufinder
2025-11-10 21:38:21,677 [INFO] DbMcusAds:125 - Set database path to: C:\Users\User\.stmcufinder\plugins\mcufinder//mcu/
2025-11-10 21:38:21,677 [WARN] DbFile:41 - Overriding database path with different value: C:\Users\User\.stmcufinder\plugins\mcufinder/ => C:\Users\User\.stmcufinder\plugins\mcufinder
2025-11-10 21:38:21,677 [WARN] DbFile:41 - Overriding database path with different value: C:\Users\User\.stmcufinder\plugins\mcufinder/ => C:\Users\User\.stmcufinder\plugins\mcufinder
2025-11-10 21:38:21,677 [INFO] CrossReferenceDbSqlite:203 - Set database path to: C:\Users\User\.stmcufinder\plugins\mcufinder//mcu/cs/
2025-11-10 21:38:21,692 [INFO] ApplicationProperties:184 - Using Application install path: C:\ST\STM32CubeIDE_1.19.0\STM32CubeIDE\plugins\com.st.stm32cube.common.mx_6.15.0.202507011659
2025-11-10 21:38:21,693 [INFO] PluginManage:196 - Search for loadable plugins [exclusion list=, ]
2025-11-10 21:38:21,694 [INFO] PluginManage:310 - Check plugin analytics
2025-11-10 21:38:21,841 [INFO] AnalyticsPlugin:253 - Accepted Software Licenses: 
2025-11-10 21:38:21,841 [INFO] AnalyticsPlugin:255 - Accepted CMSIS Pack Licenses: 
2025-11-10 21:38:21,841 [INFO] AnalyticsPlugin:257 - Accepted Firmware Licenses: FW.WL.1.3.0,FW.H7.1.12.0,FW.F4.1.28.0
2025-11-10 21:38:21,843 [INFO] PluginManage:359 - Loaded plugin analytics (category:tool,tabindex:-1)
2025-11-10 21:38:21,844 [INFO] PluginManage:310 - Check plugin cadmodel
2025-11-10 21:38:21,852 [INFO] CADModel:105 - Init CAD model plugin
2025-11-10 21:38:21,852 [INFO] PluginManage:359 - Loaded plugin cadmodel (category:power,tabindex:5)
2025-11-10 21:38:21,853 [INFO] PluginManage:310 - Check plugin clock
2025-11-10 21:38:21,863 [INFO] PluginManage:359 - Loaded plugin clock (category:base,tabindex:2)
2025-11-10 21:38:21,863 [INFO] PluginManage:310 - Check plugin ddr
2025-11-10 21:38:21,866 [INFO] PluginManage:359 - Loaded plugin ddr (category:tool,tabindex:6)
2025-11-10 21:38:21,866 [INFO] PluginManage:310 - Check plugin filemanager
2025-11-10 21:38:22,001 [INFO] PluginManage:359 - Loaded plugin filemanager (category:base,tabindex:10)
2025-11-10 21:38:22,001 [INFO] PluginManage:310 - Check plugin ipmanager
2025-11-10 21:38:22,006 [INFO] PluginManage:359 - Loaded plugin ipmanager (category:base,tabindex:5)
2025-11-10 21:38:22,006 [INFO] PluginManage:310 - Check plugin lpbam
2025-11-10 21:38:22,014 [INFO] PluginManage:359 - Loaded plugin lpbam (category:base,tabindex:0)
2025-11-10 21:38:22,014 [INFO] PluginManage:310 - Check plugin memorymap
2025-11-10 21:38:22,031 [INFO] PluginManage:359 - Loaded plugin memorymap (category:base,tabindex:4)
2025-11-10 21:38:22,031 [INFO] PluginManage:310 - Check plugin pinoutandconfiguration
2025-11-10 21:38:22,040 [INFO] PluginManage:359 - Loaded plugin pinoutandconfiguration (category:base,tabindex:1)
2025-11-10 21:38:22,040 [INFO] PluginManage:310 - Check plugin pinoutconfig
2025-11-10 21:38:22,127 [WARN] SupportedApi:132 - Cannot load RTOS API schema: s4s-elt-must-match.1: The content of 'definitions' must match (annotation?, (simpleType | complexType)?, (unique | key | keyref)*)). A problem was found starting at: attribute.
2025-11-10 21:38:22,251 [INFO] PluginManage:359 - Loaded plugin pinoutconfig (category:base,tabindex:0)
2025-11-10 21:38:22,251 [INFO] PluginManage:310 - Check plugin power
2025-11-10 21:38:22,261 [INFO] PluginManage:359 - Loaded plugin power (category:power,tabindex:4)
2025-11-10 21:38:22,261 [INFO] PluginManage:310 - Check plugin projectmanager
2025-11-10 21:38:22,273 [INFO] PluginManage:359 - Loaded plugin projectmanager (category:projectmanager,tabindex:4)
2025-11-10 21:38:22,273 [INFO] PluginManage:310 - Check plugin rif
2025-11-10 21:38:22,285 [INFO] PluginManage:359 - Loaded plugin rif (category:base,tabindex:3)
2025-11-10 21:38:22,286 [INFO] PluginManage:310 - Check plugin thirdparty
2025-11-10 21:38:22,463 [INFO] PluginManage:359 - Loaded plugin thirdparty (category:base,tabindex:-1)
2025-11-10 21:38:22,463 [WARN] IntegrityCheckThread:84 - waiting for thirdparty lock release [integrity check]
2025-11-10 21:38:22,463 [INFO] PluginManage:310 - Check plugin tools
2025-11-10 21:38:22,463 [INFO] IntegrityCheckThread:86 - entering critical section [integrity check]
2025-11-10 21:38:22,464 [INFO] ThirdPartyUpdaterWithRetryManager:70 - Updater plugin not ready yet. [1/15]
2025-11-10 21:38:22,466 [INFO] PluginManage:359 - Loaded plugin tools (category:base,tabindex:7)
2025-11-10 21:38:22,466 [INFO] PluginManage:310 - Check plugin tutovideos
2025-11-10 21:38:22,691 [INFO] PluginManage:359 - Loaded plugin tutovideos (category:base,tabindex:-1)
2025-11-10 21:38:22,691 [INFO] PluginManage:310 - Check plugin updater
2025-11-10 21:38:22,708 [INFO] PluginManage:359 - Loaded plugin updater (category:base,tabindex:12)
2025-11-10 21:38:22,708 [INFO] PluginManage:310 - Check plugin userauth
2025-11-10 21:38:22,712 [INFO] UserAuth:118 - Init User Auth plugin
2025-11-10 21:38:22,713 [INFO] PluginManage:359 - Loaded plugin userauth (category:base,tabindex:14)
2025-11-10 21:38:22,713 [INFO] PluginManage:283 - PluginManage : Loaded plugins [18]
2025-11-10 21:38:22,927 [INFO] PinOutPanel:1589 - setPackage(No Configuration,No Configuration)
2025-11-10 21:38:23,005 [INFO] CADModel:165 - CPN selected for project level
2025-11-10 21:38:23,005 [INFO] CADModel:114 - Register for checkConnection events
2025-11-10 21:38:23,024 [INFO] IPUIPlugin:80 - create IPUIPlugin
2025-11-10 21:38:23,024 [INFO] PluginManager:220 - loadIPPluginJar : add adc
2025-11-10 21:38:23,028 [INFO] IPUIPlugin:80 - create IPUIPlugin
2025-11-10 21:38:23,028 [INFO] PluginManager:220 - loadIPPluginJar : add aes
2025-11-10 21:38:23,031 [INFO] IPUIPlugin:80 - create IPUIPlugin
2025-11-10 21:38:23,031 [INFO] PluginManager:220 - loadIPPluginJar : add can
2025-11-10 21:38:23,032 [INFO] IPUIPlugin:80 - create IPUIPlugin
2025-11-10 21:38:23,032 [INFO] PluginManager:220 - loadIPPluginJar : add comp
2025-11-10 21:38:23,035 [INFO] IPUIPlugin:80 - create IPUIPlugin
2025-11-10 21:38:23,035 [INFO] PluginManager:220 - loadIPPluginJar : add cryp
2025-11-10 21:38:23,039 [INFO] IPUIPlugin:80 - create IPUIPlugin
2025-11-10 21:38:23,039 [INFO] PluginManager:220 - loadIPPluginJar : add ddr_ctrl_phy
2025-11-10 21:38:23,041 [INFO] IPUIPlugin:80 - create IPUIPlugin
2025-11-10 21:38:23,041 [INFO] PluginManager:220 - loadIPPluginJar : add dfsdm
2025-11-10 21:38:23,049 [INFO] IPUIPlugin:80 - create IPUIPlugin
2025-11-10 21:38:23,049 [INFO] PluginManager:220 - loadIPPluginJar : add dma
2025-11-10 21:38:23,052 [INFO] IPUIPlugin:80 - create IPUIPlugin
2025-11-10 21:38:23,052 [INFO] PluginManager:220 - loadIPPluginJar : add dma3
2025-11-10 21:38:23,055 [INFO] IPUIPlugin:80 - create IPUIPlugin
2025-11-10 21:38:23,055 [INFO] PluginManager:220 - loadIPPluginJar : add extmemmanager
2025-11-10 21:38:23,057 [INFO] IPUIPlugin:80 - create IPUIPlugin
2025-11-10 21:38:23,057 [INFO] PluginManager:220 - loadIPPluginJar : add fatfs
2025-11-10 21:38:23,061 [INFO] IPUIPlugin:80 - create IPUIPlugin
2025-11-10 21:38:23,061 [INFO] PluginManager:220 - loadIPPluginJar : add fmc
2025-11-10 21:38:23,067 [INFO] IPUIPlugin:80 - create IPUIPlugin
2025-11-10 21:38:23,067 [INFO] PluginManager:220 - loadIPPluginJar : add freertos
2025-11-10 21:38:23,069 [INFO] IPUIPlugin:80 - create IPUIPlugin
2025-11-10 21:38:23,069 [INFO] PluginManager:220 - loadIPPluginJar : add genericplugin
2025-11-10 21:38:23,071 [INFO] IPUIPlugin:80 - create IPUIPlugin
2025-11-10 21:38:23,071 [INFO] PluginManager:220 - loadIPPluginJar : add gfxmmu
2025-11-10 21:38:23,076 [INFO] IPUIPlugin:80 - create IPUIPlugin
2025-11-10 21:38:23,076 [INFO] PluginManager:220 - loadIPPluginJar : add gic
2025-11-10 21:38:23,080 [INFO] IPUIPlugin:80 - create IPUIPlugin
2025-11-10 21:38:23,080 [INFO] PluginManager:220 - loadIPPluginJar : add gpio
2025-11-10 21:38:23,082 [INFO] IPUIPlugin:80 - create IPUIPlugin
2025-11-10 21:38:23,082 [INFO] PluginManager:220 - loadIPPluginJar : add gtzc
2025-11-10 21:38:23,084 [INFO] IPUIPlugin:80 - create IPUIPlugin
2025-11-10 21:38:23,084 [INFO] PluginManager:220 - loadIPPluginJar : add hash
2025-11-10 21:38:23,087 [INFO] IPUIPlugin:80 - create IPUIPlugin
2025-11-10 21:38:23,087 [INFO] PluginManager:220 - loadIPPluginJar : add i2c
2025-11-10 21:38:23,089 [INFO] IPUIPlugin:80 - create IPUIPlugin
2025-11-10 21:38:23,090 [INFO] PluginManager:220 - loadIPPluginJar : add i2s
2025-11-10 21:38:23,092 [INFO] IPUIPlugin:80 - create IPUIPlugin
2025-11-10 21:38:23,092 [INFO] PluginManager:220 - loadIPPluginJar : add i3c
2025-11-10 21:38:23,096 [INFO] IPUIPlugin:80 - create IPUIPlugin
2025-11-10 21:38:23,097 [INFO] PluginManager:220 - loadIPPluginJar : add ipddr
2025-11-10 21:38:23,103 [INFO] IPUIPlugin:80 - create IPUIPlugin
2025-11-10 21:38:23,103 [INFO] PluginManager:220 - loadIPPluginJar : add linkedlist
2025-11-10 21:38:23,106 [INFO] IPUIPlugin:80 - create IPUIPlugin
2025-11-10 21:38:23,106 [INFO] PluginManager:220 - loadIPPluginJar : add lorawan
2025-11-10 21:38:23,107 [INFO] IPUIPlugin:80 - create IPUIPlugin
2025-11-10 21:38:23,107 [INFO] PluginManager:220 - loadIPPluginJar : add ltdc
2025-11-10 21:38:23,112 [INFO] IPUIPlugin:80 - create IPUIPlugin
2025-11-10 21:38:23,112 [INFO] PluginManager:220 - loadIPPluginJar : add mdma
2025-11-10 21:38:23,116 [INFO] IPUIPlugin:80 - create IPUIPlugin
2025-11-10 21:38:23,116 [INFO] PluginManager:220 - loadIPPluginJar : add nvic
2025-11-10 21:38:23,119 [INFO] IPUIPlugin:80 - create IPUIPlugin
2025-11-10 21:38:23,119 [INFO] PluginManager:220 - loadIPPluginJar : add opamp
2025-11-10 21:38:23,121 [INFO] IPUIPlugin:80 - create IPUIPlugin
2025-11-10 21:38:23,121 [INFO] PluginManager:220 - loadIPPluginJar : add openamp
2025-11-10 21:38:23,124 [INFO] IPUIPlugin:80 - create IPUIPlugin
2025-11-10 21:38:23,124 [INFO] PluginManager:220 - loadIPPluginJar : add pdm2pcm
2025-11-10 21:38:23,133 [INFO] IPUIPlugin:80 - create IPUIPlugin
2025-11-10 21:38:23,134 [INFO] PluginManager:220 - loadIPPluginJar : add plateformsettings
2025-11-10 21:38:23,136 [INFO] IPUIPlugin:80 - create IPUIPlugin
2025-11-10 21:38:23,136 [INFO] PluginManager:220 - loadIPPluginJar : add quadspi
2025-11-10 21:38:23,138 [INFO] IPUIPlugin:80 - create IPUIPlugin
2025-11-10 21:38:23,138 [INFO] PluginManager:220 - loadIPPluginJar : add radio
2025-11-10 21:38:23,144 [INFO] IPUIPlugin:80 - create IPUIPlugin
2025-11-10 21:38:23,144 [INFO] PluginManager:220 - loadIPPluginJar : add resmgrutility
2025-11-10 21:38:23,147 [INFO] IPUIPlugin:80 - create IPUIPlugin
2025-11-10 21:38:23,147 [INFO] PluginManager:220 - loadIPPluginJar : add sai
2025-11-10 21:38:23,150 [INFO] IPUIPlugin:80 - create IPUIPlugin
2025-11-10 21:38:23,150 [INFO] PluginManager:220 - loadIPPluginJar : add spi
2025-11-10 21:38:23,155 [INFO] IPUIPlugin:80 - create IPUIPlugin
2025-11-10 21:38:23,155 [INFO] PluginManager:220 - loadIPPluginJar : add stm32_wpan
2025-11-10 21:38:23,157 [INFO] IPUIPlugin:80 - create IPUIPlugin
2025-11-10 21:38:23,157 [INFO] PluginManager:220 - loadIPPluginJar : add tim
2025-11-10 21:38:23,161 [INFO] IPUIPlugin:80 - create IPUIPlugin
2025-11-10 21:38:23,161 [INFO] PluginManager:220 - loadIPPluginJar : add touchsensing
2025-11-10 21:38:23,163 [INFO] IPUIPlugin:80 - create IPUIPlugin
2025-11-10 21:38:23,163 [INFO] PluginManager:220 - loadIPPluginJar : add tracer_emb
2025-11-10 21:38:23,165 [INFO] IPUIPlugin:80 - create IPUIPlugin
2025-11-10 21:38:23,165 [INFO] PluginManager:220 - loadIPPluginJar : add ts
2025-11-10 21:38:23,167 [INFO] IPUIPlugin:80 - create IPUIPlugin
2025-11-10 21:38:23,167 [INFO] PluginManager:220 - loadIPPluginJar : add tsc
2025-11-10 21:38:23,168 [INFO] IPUIPlugin:80 - create IPUIPlugin
2025-11-10 21:38:23,168 [INFO] PluginManager:220 - loadIPPluginJar : add ucpd
2025-11-10 21:38:23,171 [INFO] IPUIPlugin:80 - create IPUIPlugin
2025-11-10 21:38:23,171 [INFO] PluginManager:220 - loadIPPluginJar : add usart
2025-11-10 21:38:23,174 [INFO] IPUIPlugin:80 - create IPUIPlugin
2025-11-10 21:38:23,174 [INFO] PluginManager:220 - loadIPPluginJar : add usbx
2025-11-10 21:38:23,287 [FATAL] Updater:351 - Updater called before beeing initialized
2025-11-10 21:38:23,324 [INFO] RulesReader:64 - Compatibility file has been processed (317 Rules)
2025-11-10 21:38:23,329 [INFO] RulesReader:64 - Compatibility file has been processed (317 Rules)
2025-11-10 21:38:23,336 [INFO] CADModel:165 - CPN selected for project level
2025-11-10 21:38:23,337 [INFO] CADModel:114 - Register for checkConnection events
2025-11-10 21:38:23,337 [FATAL] Updater:351 - Updater called before beeing initialized
2025-11-10 21:38:23,337 [ERROR] CADModel:125 - Updater not yet initialized, retry later 
2025-11-10 21:38:23,465 [FATAL] Updater:351 - Updater called before beeing initialized
2025-11-10 21:38:23,467 [INFO] CADModel:165 - CPN selected for project level
2025-11-10 21:38:23,467 [INFO] CADModel:114 - Register for checkConnection events
2025-11-10 21:38:23,467 [FATAL] Updater:351 - Updater called before beeing initialized
2025-11-10 21:38:23,467 [ERROR] CADModel:125 - Updater not yet initialized, retry later 
2025-11-10 21:38:23,471 [FATAL] Updater:351 - Updater called before beeing initialized
2025-11-10 21:38:23,571 [FATAL] Updater:351 - Updater called before beeing initialized
2025-11-10 21:38:23,577 [INFO] DbMcusAds:53 - JSON generation date=Thu Oct 02 15:06:05 IST 2025 (1759397765645)
2025-11-10 21:38:23,577 [FATAL] Updater:351 - Updater called before beeing initialized
2025-11-10 21:38:23,628 [WARN] DetailPanel:346 - Failed to get advertising image, set to default
2025-11-10 21:38:23,697 [FATAL] Updater:351 - Updater called before beeing initialized
2025-11-10 21:38:23,700 [FATAL] Updater:351 - Updater called before beeing initialized
2025-11-10 21:38:23,700 [FATAL] Updater:351 - Updater called before beeing initialized
2025-11-10 21:38:23,700 [WARN] DetailPanel:346 - Failed to get advertising image, set to default
2025-11-10 21:38:23,701 [FATAL] Updater:351 - Updater called before beeing initialized
2025-11-10 21:38:23,748 [ERROR] Updater:1198 - MainUpdater not yet initialized. External WinMGr cannot be set.
2025-11-10 21:38:23,751 [INFO] Updater:1134 - Updater Version found : 6.15.0
2025-11-10 21:38:23,771 [INFO] ApplicationProperties:184 - Using Application install path: C:\ST\STM32CubeIDE_1.19.0\STM32CubeIDE\plugins\com.st.stm32cube.common.mx_6.15.0.202507011659
2025-11-10 21:38:25,348 [ERROR] LogOutputStream:75 - [STDERR_REDIRECT] Nov 10, 2025 9:38:25 PM java.util.prefs.WindowsPreferences <init>
2025-11-10 21:38:25,350 [ERROR] LogOutputStream:75 - [STDERR_REDIRECT] WARNING: Could not open/create prefs root node Software\JavaSoft\Prefs at root 0xffffffff80000002. Windows RegCreateKeyEx(...) returned error code 5.
2025-11-10 21:38:25,350 [ERROR] LogOutputStream:75 - [STDERR_REDIRECT] 
2025-11-10 21:38:25,466 [INFO] ThirdPartyUpdaterWithRetryManager:70 - Updater plugin not ready yet. [2/15]
2025-11-10 21:38:25,816 [INFO] MainUpdater:2872 - connection check result : 10
2025-11-10 21:38:25,816 [INFO] MainUpdater:289 - Updater Check For Update Now.
2025-11-10 21:38:25,816 [INFO] MicroXplorer:498 - Change Database Version : DB.6.0.150
2025-11-10 21:38:25,826 [INFO] McuFinderGlobals:63 - Set McuFinder mode to 2 (CubeIDE integrated)
2025-11-10 21:38:25,828 [INFO] UserAuth:487 - Internet connection configuration mode: 1
2025-11-10 21:38:25,859 [INFO] JxBrowserEngine:152 - Initiate JxBrowser Engine with user profile folder
2025-11-10 21:38:25,975 [INFO] CheckServerUpdateThread:120 - End of CheckServer Thread
2025-11-10 21:38:27,638 [INFO] WebApp:169 - Instantiating new browser for Auth
2025-11-10 21:38:28,397 [INFO] WebApp:463 - Apply proxy settings
2025-11-10 21:38:28,397 [INFO] WebApp:548 - Chromium requires no authentication
2025-11-10 21:38:28,409 [INFO] WebApp:491 - Direct internet connection detected
2025-11-10 21:38:28,437 [INFO] WebApp:900 - Register for checkConnection events
2025-11-10 21:38:28,437 [INFO] WebApp:463 - Apply proxy settings
2025-11-10 21:38:28,437 [INFO] WebApp:548 - Chromium requires no authentication
2025-11-10 21:38:28,438 [INFO] WebApp:491 - Direct internet connection detected
2025-11-10 21:38:28,690 [WARN] PackLoader:240 - Cannot read IP mode file for STMicroelectronics.FP-SNS-MOTENVWB1.1.4.0
2025-11-10 21:38:28,699 [WARN] PackLoader:240 - Cannot read IP mode file for STMicroelectronics.FP-ATR-ASTRA1.2.0.2
2025-11-10 21:38:28,703 [INFO] WebApp:225 - Starting web application
2025-11-10 21:38:28,704 [INFO] WebApp:593 - Web application path used C:\ST\STM32CubeIDE_1.19.0\STM32CubeIDE\plugins\com.st.stm32cube.common.mx_6.15.0.202507011659\db\plugins\mcufinder\reactClient1\index.html
2025-11-10 21:38:28,709 [WARN] PackLoader:240 - Cannot read IP mode file for STMicroelectronics.X-CUBE-SMBUS.2.1.0
2025-11-10 21:38:28,714 [WARN] PackLoader:240 - Cannot read IP mode file for STMicroelectronics.X-CUBE-ST60.1.0.0
2025-11-10 21:38:28,736 [WARN] PackLoader:240 - Cannot read IP mode file for STMicroelectronics.X-CUBE-AZRTOS-F7.1.1.0
2025-11-10 21:38:28,744 [WARN] PackLoader:240 - Cannot read IP mode file for STMicroelectronics.FP-SNS-MOTENV1.5.1.0
2025-11-10 21:38:28,758 [WARN] PackLoader:240 - Cannot read IP mode file for Infineon.AIROC-Wi-Fi-Bluetooth-STM32.1.7.1
2025-11-10 21:38:28,793 [WARN] PackLoader:240 - Cannot read IP mode file for STMicroelectronics.X-CUBE-AZRTOS-H7.3.4.0
2025-11-10 21:38:28,801 [WARN] PackLoader:240 - Cannot read IP mode file for STMicroelectronics.X-CUBE-DISPLAY.3.0.0
2025-11-10 21:38:28,835 [WARN] PackLoader:240 - Cannot read IP mode file for STMicroelectronics.X-CUBE-NFC10.1.0.0
2025-11-10 21:38:28,845 [WARN] PackLoader:240 - Cannot read IP mode file for STMicroelectronics.X-CUBE-ST60.1.1.0
2025-11-10 21:38:28,851 [WARN] PackLoader:240 - Cannot read IP mode file for emotas.I-CUBE-CANOPEN.1.3.0
2025-11-10 21:38:28,855 [INFO] UserAuth:487 - Internet connection configuration mode: 1
2025-11-10 21:38:28,857 [WARN] PackLoader:240 - Cannot read IP mode file for STMicroelectronics.X-CUBE-GNSS1.7.1.0
2025-11-10 21:38:28,867 [WARN] PackLoader:240 - Cannot read IP mode file for STMicroelectronics.FP-SNS-STBOX1.2.1.0
2025-11-10 21:38:28,877 [WARN] PackLoader:240 - Cannot read IP mode file for STMicroelectronics.FP-SNS-SMARTAG2.1.2.0
2025-11-10 21:38:28,882 [WARN] PackLoader:240 - Cannot read IP mode file for STMicroelectronics.FP-SNS-FLIGHT1.5.1.0
2025-11-10 21:38:28,890 [INFO] LogOutputStream:77 - [STDOUT_REDIRECT] 1 : Invalid condition id : UX_CORESTACK_Condition cause : null
2025-11-10 21:38:28,891 [INFO] LogOutputStream:77 - [STDOUT_REDIRECT] 1 : Invalid condition id : UX_CORESTACK_Condition cause : null
2025-11-10 21:38:28,892 [INFO] LogOutputStream:77 - [STDOUT_REDIRECT] 1 : Invalid condition id : UX_CORESTACK_Condition cause : null
2025-11-10 21:38:28,893 [INFO] LogOutputStream:77 - [STDOUT_REDIRECT] 1 : Invalid condition id : UX_CORESTACK_Condition cause : null
2025-11-10 21:38:28,894 [INFO] LogOutputStream:77 - [STDOUT_REDIRECT] 1 : Invalid condition id : UX_CORESTACK_Condition cause : null
2025-11-10 21:38:28,896 [WARN] PackLoader:240 - Cannot read IP mode file for STMicroelectronics.X-CUBE-AZRTOS-WL.2.0.0
2025-11-10 21:38:28,900 [WARN] PackLoader:240 - Cannot read IP mode file for STMicroelectronics.FP-SNS-MOTENV1.5.0.0
2025-11-10 21:38:28,910 [WARN] PackLoader:240 - Cannot read IP mode file for WES.I-CUBE-Cesium.1.3.0
2025-11-10 21:38:28,915 [WARN] PackLoader:240 - Cannot read IP mode file for STMicroelectronics.X-CUBE-BLE2.3.3.0
2025-11-10 21:38:28,945 [WARN] PackLoader:240 - Cannot read IP mode file for STMicroelectronics.X-CUBE-NFC9.1.0.0
2025-11-10 21:38:28,953 [WARN] PackLoader:240 - Cannot read IP mode file for wolfSSL.I-CUBE-wolfSSL.5.8.0
2025-11-10 21:38:28,960 [WARN] PackLoader:240 - Cannot read IP mode file for STMicroelectronics.X-CUBE-BLE1.7.1.0
2025-11-10 21:38:28,964 [WARN] PackLoader:240 - Cannot read IP mode file for wolfSSL.I-CUBE-wolfMQTT.1.19.2
2025-11-10 21:38:28,970 [WARN] PackLoader:240 - Cannot read IP mode file for STMicroelectronics.X-CUBE-EEPRMA1.5.2.0
2025-11-10 21:38:28,980 [WARN] PackLoader:240 - Cannot read IP mode file for STMicroelectronics.X-CUBE-ST67W61.1.1.0
2025-11-10 21:38:28,985 [WARN] PackLoader:240 - Cannot read IP mode file for STMicroelectronics.X-CUBE-AI.10.1.0
2025-11-10 21:38:29,005 [WARN] PackLoader:240 - Cannot read IP mode file for STMicroelectronics.X-CUBE-AZRTOS-G0.1.1.0
2025-11-10 21:38:29,015 [WARN] PackLoader:240 - Cannot read IP mode file for STMicroelectronics.X-CUBE-SAFEA1.1.2.2
2025-11-10 21:38:29,020 [WARN] PackLoader:240 - Cannot read IP mode file for STMicroelectronics.X-CUBE-NFC4.3.0.0
2025-11-10 21:38:29,028 [WARN] PackLoader:240 - Cannot read IP mode file for EmbeddedOffice.I-CUBE-FS-RTOS.1.0.1
2025-11-10 21:38:29,029 [INFO] WebApp:191 - Connection restablished
2025-11-10 21:38:29,035 [WARN] PackLoader:240 - Cannot read IP mode file for STMicroelectronics.X-CUBE-WB05N.2.0.0
2025-11-10 21:38:29,039 [WARN] PackLoader:240 - Cannot read IP mode file for wolfSSL.I-CUBE-wolfTPM.3.8.0
2025-11-10 21:38:29,043 [WARN] PackLoader:240 - Cannot read IP mode file for STMicroelectronics.X-CUBE-TCPP.4.2.0
2025-11-10 21:38:29,049 [WARN] PackLoader:240 - Cannot read IP mode file for RealThread.X-CUBE-RT-Thread_Nano.4.1.1
2025-11-10 21:38:29,053 [WARN] PackLoader:240 - Cannot read IP mode file for STMicroelectronics.FP-ATR-SIGFOX1.3.2.0
2025-11-10 21:38:29,059 [WARN] PackLoader:240 - Cannot read IP mode file for ITTIA_DB.I-CUBE-ITTIADB.8.9.0
2025-11-10 21:38:29,064 [WARN] PackLoader:240 - Cannot read IP mode file for STMicroelectronics.X-CUBE-ST67W61.1.0.0
2025-11-10 21:38:29,068 [WARN] PackLoader:240 - Cannot read IP mode file for STMicroelectronics.X-CUBE-AI.10.2.0
2025-11-10 21:38:29,087 [WARN] PackLoader:240 - Cannot read IP mode file for SEGGER.I-CUBE-embOS.1.3.1
2025-11-10 21:38:29,122 [WARN] PackLoader:240 - Cannot read IP mode file for STMicroelectronics.X-CUBE-ALGOBUILD.1.4.0
2025-11-10 21:38:29,150 [WARN] PackLoader:240 - Cannot read IP mode file for STMicroelectronics.X-CUBE-MEMS1.11.3.0
2025-11-10 21:38:29,241 [WARN] PackLoader:240 - Cannot read IP mode file for STMicroelectronics.X-CUBE-PM33A1.1.0.0
2025-11-10 21:38:29,252 [WARN] PackLoader:240 - Cannot read IP mode file for STMicroelectronics.X-CUBE-AZRTOS-F4.1.1.0
2025-11-10 21:38:29,257 [WARN] PackLoader:240 - Cannot read IP mode file for Avnet-IotConnect.X-CUBE-IoTC-DA16k-PMOD.1.0.0
2025-11-10 21:38:29,261 [WARN] PackLoader:240 - Cannot read IP mode file for STMicroelectronics.X-CUBE-ISPU.2.1.0
2025-11-10 21:38:29,271 [WARN] PackLoader:240 - Cannot read IP mode file for STMicroelectronics.X-CUBE-IPS.3.2.0
2025-11-10 21:38:29,280 [WARN] PackLoader:240 - Cannot read IP mode file for STMicroelectronics.X-CUBE-NFC12.1.0.0
2025-11-10 21:38:29,291 [WARN] PackLoader:240 - Cannot read IP mode file for STMicroelectronics.X-CUBE-AZRTOS-L5.2.0.0
2025-11-10 21:38:29,298 [WARN] PackLoader:240 - Cannot read IP mode file for STMicroelectronics.X-CUBE-NFC6.3.1.0
2025-11-10 21:38:29,304 [WARN] PackLoader:240 - Cannot read IP mode file for STMicroelectronics.X-CUBE-FREERTOS.1.3.1
2025-11-10 21:38:29,309 [WARN] PackLoader:240 - Cannot read IP mode file for STMicroelectronics.X-CUBE-TOUCHGFX.4.26.0
2025-11-10 21:38:29,316 [WARN] PackLoader:240 - Cannot read IP mode file for STMicroelectronics.FP-SNS-STAIOTCFT.1.0.0
2025-11-10 21:38:29,324 [WARN] PackLoader:240 - Cannot read IP mode file for STMicroelectronics.X-CUBE-DPower.1.3.0
2025-11-10 21:38:29,341 [WARN] ConditionMgr:438 - getConditionDescription Invalid condition id : LAN8742 Phy interface Condition cause : null
2025-11-10 21:38:29,341 [WARN] PackLoader:240 - Cannot read IP mode file for STMicroelectronics.X-CUBE-AZRTOS-L4.2.0.0
2025-11-10 21:38:29,342 [WARN] ConditionMgr:1044 - genDependencies : Invalid condition id : LAN8742 Phy interface Condition cause : null
2025-11-10 21:38:29,343 [WARN] ConditionMgr:1044 - genDependencies : Invalid condition id : LAN8742 Phy interface Condition cause : null
2025-11-10 21:38:29,343 [WARN] ConditionMgr:1044 - genDependencies : Invalid condition id : LAN8742 Phy interface Condition cause : null
2025-11-10 21:38:29,349 [WARN] PackLoader:240 - Cannot read IP mode file for STMicroelectronics.X-CUBE-SFXS2LP1.4.0.0
2025-11-10 21:38:29,356 [WARN] PackLoader:240 - Cannot read IP mode file for STMicroelectronics.X-CUBE-BLEMGR.4.1.0
2025-11-10 21:38:29,366 [WARN] ConditionMgr:438 - getConditionDescription Invalid condition id : UX DEVICE CLASS RTOS Condition cause : null
2025-11-10 21:38:29,368 [WARN] ConditionMgr:438 - getConditionDescription Invalid condition id : UX DEVICE CLASS RTOS Condition cause : null
2025-11-10 21:38:29,369 [WARN] PackLoader:240 - Cannot read IP mode file for STMicroelectronics.X-CUBE-AZRTOS-WB.2.0.0
2025-11-10 21:38:29,369 [WARN] ConditionMgr:1044 - genDependencies : Invalid condition id : UX DEVICE CLASS RTOS Condition cause : null
2025-11-10 21:38:29,370 [WARN] ConditionMgr:1044 - genDependencies : Invalid condition id : UX DEVICE CLASS RTOS Condition cause : null
2025-11-10 21:38:29,370 [WARN] ConditionMgr:1044 - genDependencies : Invalid condition id : UX DEVICE CLASS RTOS Condition cause : null
2025-11-10 21:38:29,370 [WARN] ConditionMgr:1044 - genDependencies : Invalid condition id : UX DEVICE CLASS RTOS Condition cause : null
2025-11-10 21:38:29,370 [WARN] ConditionMgr:1044 - genDependencies : Invalid condition id : UX DEVICE CLASS RTOS Condition cause : null
2025-11-10 21:38:29,376 [WARN] PackLoader:240 - Cannot read IP mode file for STMicroelectronics.X-CUBE-GNSS1.7.0.1
2025-11-10 21:38:29,380 [WARN] PackLoader:240 - Cannot read IP mode file for STMicroelectronics.X-CUBE-TOUCHGFX.4.25.0
2025-11-10 21:38:29,393 [WARN] PackLoader:240 - Cannot read IP mode file for STMicroelectronics.FP-SNS-STBOX1.2.0.0
2025-11-10 21:38:29,401 [WARN] ConditionMgr:438 - getConditionDescription Invalid condition id : Cortex-A Device cause : null
2025-11-10 21:38:29,410 [WARN] ConditionMgr:1044 - genDependencies : Invalid condition id : Cortex-A Device cause : null
2025-11-10 21:38:29,410 [WARN] ConditionMgr:1044 - genDependencies : Invalid condition id : Cortex-A Device cause : null
2025-11-10 21:38:29,410 [WARN] ConditionMgr:1044 - genDependencies : Invalid condition id : Cortex-A Device cause : null
2025-11-10 21:38:29,421 [WARN] PackLoader:240 - Cannot read IP mode file for STMicroelectronics.X-CUBE-SUBG2.5.0.0
2025-11-10 21:38:29,437 [WARN] PackLoader:240 - Cannot read IP mode file for STMicroelectronics.X-CUBE-AZRTOS-H7RS.1.1.0
2025-11-10 21:38:29,444 [WARN] PackLoader:240 - Cannot read IP mode file for Cesanta.I-CUBE-Mongoose.7.13.0
2025-11-10 21:38:29,468 [WARN] PackLoader:240 - Cannot read IP mode file for STMicroelectronics.X-CUBE-AZRTOS-G4.2.0.0
2025-11-10 21:38:29,474 [WARN] PackLoader:240 - Cannot read IP mode file for wolfSSL.I-CUBE-wolfSSH.1.4.20
2025-11-10 21:38:29,478 [WARN] PackLoader:240 - Cannot read IP mode file for STMicroelectronics.X-CUBE-NFC7.2.0.0
2025-11-10 21:38:29,486 [WARN] PackLoader:240 - Cannot read IP mode file for STMicroelectronics.X-CUBE-IPS.3.1.0
2025-11-10 21:38:29,494 [WARN] PackLoader:240 - Cannot read IP mode file for STMicroelectronics.X-CUBE-ALS.1.0.2
2025-11-10 21:38:29,502 [WARN] PackLoader:240 - Cannot read IP mode file for STMicroelectronics.X-CUBE-STSE01.1.0.0
2025-11-10 21:38:29,511 [WARN] PackLoader:240 - Cannot read IP mode file for portGmbH.I-Cube-SoM-uGOAL.1.1.0
2025-11-10 21:38:29,520 [WARN] PackLoader:240 - Cannot read IP mode file for STMicroelectronics.X-CUBE-TOF1.3.4.3
2025-11-10 21:38:29,527 [INFO] ThirdParty:978 - Integrity check success = true
2025-11-10 21:38:29,527 [INFO] IntegrityCheckThread:100 - exiting critical section [integrity check]
2025-11-10 21:38:29,527 [INFO] IntegrityCheckThread:103 - End integrity checks thread
2025-11-10 21:43:21,579 [ERROR] LogOutputStream:75 - [STDERR_REDIRECT] 
