2025-10-22 12:43:55,111 [INFO] Activator:176 - 


2025-10-22 12:43:55,114 [INFO] Activator:177 - !SESSION log4j initialized
2025-10-22 12:44:02,308 [INFO] LogOutputStream:77 - [STDOUT_REDIRECT] 
2025-10-22 12:44:03,260 [INFO] ApplicationProperties:184 - Using Application install path: C:\ST\STM32CubeIDE_1.19.0\STM32CubeIDE\plugins\com.st.stm32cube.common.mx_6.15.0.202507011659
2025-10-22 12:44:03,281 [INFO] DbMcusXml:78 - Set database path to: C:\ST\STM32CubeIDE_1.19.0\STM32CubeIDE\plugins\com.st.stm32cube.common.mx_6.15.0.202507011659\\db\/mcu/
2025-10-22 12:44:03,281 [INFO] ApiDb:274 - Set plugin database path to: C:\ST\STM32CubeIDE_1.19.0\STM32CubeIDE\plugins\com.st.stm32cube.common.mx_6.15.0.202507011659\\db\/plugins/boardmanager/
2025-10-22 12:44:03,282 [WARN] ApiDb:259 - Overriding images path with different value:  => C:\ST\STM32CubeIDE_1.19.0\STM32CubeIDE\plugins\com.st.stm32cube.common.mx_6.15.0.202507011659\\db\/plugins/mcufinder/images/
2025-10-22 12:44:03,290 [INFO] ApiDb:250 - Set database path to: C:\Users\User\.stmcufinder\plugins\mcufinder//mcu/
2025-10-22 12:44:03,291 [INFO] DbMcusAds:125 - Set database path to: C:\Users\User\.stmcufinder\plugins\mcufinder//mcu/
2025-10-22 12:44:03,293 [INFO] CrossReferenceDbSqlite:203 - Set database path to: C:\Users\User\.stmcufinder\plugins\mcufinder//mcu/cs/
2025-10-22 12:44:03,414 [INFO] RulesReader:64 - Compatibility file has been processed (317 Rules)
2025-10-22 12:44:03,481 [INFO] DbMcusXml:78 - Set database path to: C:\ST\STM32CubeIDE_1.19.0\STM32CubeIDE\plugins\com.st.stm32cube.common.mx_6.15.0.202507011659\\db\/mcu/
2025-10-22 12:44:03,481 [INFO] ApiDb:274 - Set plugin database path to: C:\ST\STM32CubeIDE_1.19.0\STM32CubeIDE\plugins\com.st.stm32cube.common.mx_6.15.0.202507011659\\db\/plugins/boardmanager/
2025-10-22 12:44:03,481 [INFO] ApiDb:261 - Set plugin images path to: C:\ST\STM32CubeIDE_1.19.0\STM32CubeIDE\plugins\com.st.stm32cube.common.mx_6.15.0.202507011659\\db\/plugins/mcufinder/images/
2025-10-22 12:44:03,482 [WARN] DbFile:41 - Overriding database path with different value: C:\Users\User\.stmcufinder\plugins\mcufinder/ => C:\Users\User\.stmcufinder\plugins\mcufinder
2025-10-22 12:44:03,482 [INFO] ApiDb:250 - Set database path to: C:\Users\User\.stmcufinder\plugins\mcufinder//mcu/
2025-10-22 12:44:03,482 [WARN] DbFile:41 - Overriding database path with different value: C:\Users\User\.stmcufinder\plugins\mcufinder/ => C:\Users\User\.stmcufinder\plugins\mcufinder
2025-10-22 12:44:03,482 [INFO] DbMcusAds:125 - Set database path to: C:\Users\User\.stmcufinder\plugins\mcufinder//mcu/
2025-10-22 12:44:03,482 [WARN] DbFile:41 - Overriding database path with different value: C:\Users\User\.stmcufinder\plugins\mcufinder/ => C:\Users\User\.stmcufinder\plugins\mcufinder
2025-10-22 12:44:03,482 [WARN] DbFile:41 - Overriding database path with different value: C:\Users\User\.stmcufinder\plugins\mcufinder/ => C:\Users\User\.stmcufinder\plugins\mcufinder
2025-10-22 12:44:03,482 [INFO] CrossReferenceDbSqlite:203 - Set database path to: C:\Users\User\.stmcufinder\plugins\mcufinder//mcu/cs/
2025-10-22 12:44:03,566 [INFO] MainPanel:274 - HeapMemory: 276824064
2025-10-22 12:44:03,700 [INFO] DbMcusXml:78 - Set database path to: C:\ST\STM32CubeIDE_1.19.0\STM32CubeIDE\plugins\com.st.stm32cube.common.mx_6.15.0.202507011659\\db\/mcu/
2025-10-22 12:44:03,700 [INFO] ApiDb:274 - Set plugin database path to: C:\ST\STM32CubeIDE_1.19.0\STM32CubeIDE\plugins\com.st.stm32cube.common.mx_6.15.0.202507011659\\db\/plugins/boardmanager/
2025-10-22 12:44:03,700 [INFO] ApiDb:261 - Set plugin images path to: C:\ST\STM32CubeIDE_1.19.0\STM32CubeIDE\plugins\com.st.stm32cube.common.mx_6.15.0.202507011659\\db\/plugins/mcufinder/images/
2025-10-22 12:44:03,702 [WARN] DbFile:41 - Overriding database path with different value: C:\Users\User\.stmcufinder\plugins\mcufinder/ => C:\Users\User\.stmcufinder\plugins\mcufinder
2025-10-22 12:44:03,703 [INFO] ApiDb:250 - Set database path to: C:\Users\User\.stmcufinder\plugins\mcufinder//mcu/
2025-10-22 12:44:03,703 [WARN] DbFile:41 - Overriding database path with different value: C:\Users\User\.stmcufinder\plugins\mcufinder/ => C:\Users\User\.stmcufinder\plugins\mcufinder
2025-10-22 12:44:03,703 [INFO] DbMcusAds:125 - Set database path to: C:\Users\User\.stmcufinder\plugins\mcufinder//mcu/
2025-10-22 12:44:03,703 [WARN] DbFile:41 - Overriding database path with different value: C:\Users\User\.stmcufinder\plugins\mcufinder/ => C:\Users\User\.stmcufinder\plugins\mcufinder
2025-10-22 12:44:03,703 [WARN] DbFile:41 - Overriding database path with different value: C:\Users\User\.stmcufinder\plugins\mcufinder/ => C:\Users\User\.stmcufinder\plugins\mcufinder
2025-10-22 12:44:03,703 [INFO] CrossReferenceDbSqlite:203 - Set database path to: C:\Users\User\.stmcufinder\plugins\mcufinder//mcu/cs/
2025-10-22 12:44:03,725 [INFO] ApplicationProperties:184 - Using Application install path: C:\ST\STM32CubeIDE_1.19.0\STM32CubeIDE\plugins\com.st.stm32cube.common.mx_6.15.0.202507011659
2025-10-22 12:44:03,727 [INFO] PluginManage:196 - Search for loadable plugins [exclusion list=, ]
2025-10-22 12:44:03,728 [INFO] PluginManage:310 - Check plugin analytics
2025-10-22 12:44:03,905 [INFO] AnalyticsPlugin:253 - Accepted Software Licenses: 
2025-10-22 12:44:03,905 [INFO] AnalyticsPlugin:255 - Accepted CMSIS Pack Licenses: 
2025-10-22 12:44:03,905 [INFO] AnalyticsPlugin:257 - Accepted Firmware Licenses: FW.WL.1.3.0,FW.H7.1.12.0,FW.F4.1.28.0
2025-10-22 12:44:03,907 [INFO] PluginManage:359 - Loaded plugin analytics (category:tool,tabindex:-1)
2025-10-22 12:44:03,908 [INFO] PluginManage:310 - Check plugin cadmodel
2025-10-22 12:44:03,913 [INFO] CADModel:105 - Init CAD model plugin
2025-10-22 12:44:03,913 [INFO] PluginManage:359 - Loaded plugin cadmodel (category:power,tabindex:5)
2025-10-22 12:44:03,914 [INFO] PluginManage:310 - Check plugin clock
2025-10-22 12:44:03,920 [INFO] PluginManage:359 - Loaded plugin clock (category:base,tabindex:2)
2025-10-22 12:44:03,921 [INFO] PluginManage:310 - Check plugin ddr
2025-10-22 12:44:03,924 [INFO] PluginManage:359 - Loaded plugin ddr (category:tool,tabindex:6)
2025-10-22 12:44:03,924 [INFO] PluginManage:310 - Check plugin filemanager
2025-10-22 12:44:04,089 [INFO] PluginManage:359 - Loaded plugin filemanager (category:base,tabindex:10)
2025-10-22 12:44:04,089 [INFO] PluginManage:310 - Check plugin ipmanager
2025-10-22 12:44:04,098 [INFO] PluginManage:359 - Loaded plugin ipmanager (category:base,tabindex:5)
2025-10-22 12:44:04,098 [INFO] PluginManage:310 - Check plugin lpbam
2025-10-22 12:44:04,109 [INFO] PluginManage:359 - Loaded plugin lpbam (category:base,tabindex:0)
2025-10-22 12:44:04,109 [INFO] PluginManage:310 - Check plugin memorymap
2025-10-22 12:44:04,127 [INFO] PluginManage:359 - Loaded plugin memorymap (category:base,tabindex:4)
2025-10-22 12:44:04,127 [INFO] PluginManage:310 - Check plugin pinoutandconfiguration
2025-10-22 12:44:04,134 [INFO] PluginManage:359 - Loaded plugin pinoutandconfiguration (category:base,tabindex:1)
2025-10-22 12:44:04,135 [INFO] PluginManage:310 - Check plugin pinoutconfig
2025-10-22 12:44:04,247 [WARN] SupportedApi:132 - Cannot load RTOS API schema: s4s-elt-must-match.1: The content of 'definitions' must match (annotation?, (simpleType | complexType)?, (unique | key | keyref)*)). A problem was found starting at: attribute.
2025-10-22 12:44:04,436 [INFO] PluginManage:359 - Loaded plugin pinoutconfig (category:base,tabindex:0)
2025-10-22 12:44:04,436 [INFO] PluginManage:310 - Check plugin power
2025-10-22 12:44:04,443 [INFO] PluginManage:359 - Loaded plugin power (category:power,tabindex:4)
2025-10-22 12:44:04,443 [INFO] PluginManage:310 - Check plugin projectmanager
2025-10-22 12:44:04,464 [INFO] PluginManage:359 - Loaded plugin projectmanager (category:projectmanager,tabindex:4)
2025-10-22 12:44:04,464 [INFO] PluginManage:310 - Check plugin rif
2025-10-22 12:44:04,485 [INFO] PluginManage:359 - Loaded plugin rif (category:base,tabindex:3)
2025-10-22 12:44:04,485 [INFO] PluginManage:310 - Check plugin thirdparty
2025-10-22 12:44:04,642 [INFO] PluginManage:359 - Loaded plugin thirdparty (category:base,tabindex:-1)
2025-10-22 12:44:04,642 [INFO] PluginManage:310 - Check plugin tools
2025-10-22 12:44:04,642 [WARN] IntegrityCheckThread:84 - waiting for thirdparty lock release [integrity check]
2025-10-22 12:44:04,642 [INFO] IntegrityCheckThread:86 - entering critical section [integrity check]
2025-10-22 12:44:04,643 [INFO] ThirdPartyUpdaterWithRetryManager:70 - Updater plugin not ready yet. [1/15]
2025-10-22 12:44:04,646 [INFO] PluginManage:359 - Loaded plugin tools (category:base,tabindex:7)
2025-10-22 12:44:04,646 [INFO] PluginManage:310 - Check plugin tutovideos
2025-10-22 12:44:04,933 [INFO] PluginManage:359 - Loaded plugin tutovideos (category:base,tabindex:-1)
2025-10-22 12:44:04,933 [INFO] PluginManage:310 - Check plugin updater
2025-10-22 12:44:04,957 [INFO] PluginManage:359 - Loaded plugin updater (category:base,tabindex:12)
2025-10-22 12:44:04,957 [INFO] PluginManage:310 - Check plugin userauth
2025-10-22 12:44:04,962 [INFO] UserAuth:118 - Init User Auth plugin
2025-10-22 12:44:04,963 [INFO] PluginManage:359 - Loaded plugin userauth (category:base,tabindex:14)
2025-10-22 12:44:04,963 [INFO] PluginManage:283 - PluginManage : Loaded plugins [18]
2025-10-22 12:44:05,218 [INFO] PinOutPanel:1589 - setPackage(No Configuration,No Configuration)
2025-10-22 12:44:05,300 [INFO] CADModel:165 - CPN selected for project level
2025-10-22 12:44:05,300 [INFO] CADModel:114 - Register for checkConnection events
2025-10-22 12:44:05,322 [INFO] IPUIPlugin:80 - create IPUIPlugin
2025-10-22 12:44:05,322 [INFO] PluginManager:220 - loadIPPluginJar : add adc
2025-10-22 12:44:05,324 [INFO] IPUIPlugin:80 - create IPUIPlugin
2025-10-22 12:44:05,324 [INFO] PluginManager:220 - loadIPPluginJar : add aes
2025-10-22 12:44:05,327 [INFO] IPUIPlugin:80 - create IPUIPlugin
2025-10-22 12:44:05,327 [INFO] PluginManager:220 - loadIPPluginJar : add can
2025-10-22 12:44:05,329 [INFO] IPUIPlugin:80 - create IPUIPlugin
2025-10-22 12:44:05,329 [INFO] PluginManager:220 - loadIPPluginJar : add comp
2025-10-22 12:44:05,330 [INFO] IPUIPlugin:80 - create IPUIPlugin
2025-10-22 12:44:05,330 [INFO] PluginManager:220 - loadIPPluginJar : add cryp
2025-10-22 12:44:05,334 [INFO] IPUIPlugin:80 - create IPUIPlugin
2025-10-22 12:44:05,336 [INFO] PluginManager:220 - loadIPPluginJar : add ddr_ctrl_phy
2025-10-22 12:44:05,337 [INFO] IPUIPlugin:80 - create IPUIPlugin
2025-10-22 12:44:05,337 [INFO] PluginManager:220 - loadIPPluginJar : add dfsdm
2025-10-22 12:44:05,342 [INFO] IPUIPlugin:80 - create IPUIPlugin
2025-10-22 12:44:05,343 [INFO] PluginManager:220 - loadIPPluginJar : add dma
2025-10-22 12:44:05,345 [INFO] IPUIPlugin:80 - create IPUIPlugin
2025-10-22 12:44:05,345 [INFO] PluginManager:220 - loadIPPluginJar : add dma3
2025-10-22 12:44:05,347 [INFO] IPUIPlugin:80 - create IPUIPlugin
2025-10-22 12:44:05,347 [INFO] PluginManager:220 - loadIPPluginJar : add extmemmanager
2025-10-22 12:44:05,349 [INFO] IPUIPlugin:80 - create IPUIPlugin
2025-10-22 12:44:05,349 [INFO] PluginManager:220 - loadIPPluginJar : add fatfs
2025-10-22 12:44:05,353 [INFO] IPUIPlugin:80 - create IPUIPlugin
2025-10-22 12:44:05,353 [INFO] PluginManager:220 - loadIPPluginJar : add fmc
2025-10-22 12:44:05,359 [INFO] IPUIPlugin:80 - create IPUIPlugin
2025-10-22 12:44:05,359 [INFO] PluginManager:220 - loadIPPluginJar : add freertos
2025-10-22 12:44:05,360 [INFO] IPUIPlugin:80 - create IPUIPlugin
2025-10-22 12:44:05,360 [INFO] PluginManager:220 - loadIPPluginJar : add genericplugin
2025-10-22 12:44:05,362 [INFO] IPUIPlugin:80 - create IPUIPlugin
2025-10-22 12:44:05,363 [INFO] PluginManager:220 - loadIPPluginJar : add gfxmmu
2025-10-22 12:44:05,366 [INFO] IPUIPlugin:80 - create IPUIPlugin
2025-10-22 12:44:05,367 [INFO] PluginManager:220 - loadIPPluginJar : add gic
2025-10-22 12:44:05,371 [INFO] IPUIPlugin:80 - create IPUIPlugin
2025-10-22 12:44:05,371 [INFO] PluginManager:220 - loadIPPluginJar : add gpio
2025-10-22 12:44:05,374 [INFO] IPUIPlugin:80 - create IPUIPlugin
2025-10-22 12:44:05,374 [INFO] PluginManager:220 - loadIPPluginJar : add gtzc
2025-10-22 12:44:05,375 [INFO] IPUIPlugin:80 - create IPUIPlugin
2025-10-22 12:44:05,375 [INFO] PluginManager:220 - loadIPPluginJar : add hash
2025-10-22 12:44:05,377 [INFO] IPUIPlugin:80 - create IPUIPlugin
2025-10-22 12:44:05,377 [INFO] PluginManager:220 - loadIPPluginJar : add i2c
2025-10-22 12:44:05,379 [INFO] IPUIPlugin:80 - create IPUIPlugin
2025-10-22 12:44:05,379 [INFO] PluginManager:220 - loadIPPluginJar : add i2s
2025-10-22 12:44:05,381 [INFO] IPUIPlugin:80 - create IPUIPlugin
2025-10-22 12:44:05,381 [INFO] PluginManager:220 - loadIPPluginJar : add i3c
2025-10-22 12:44:05,385 [INFO] IPUIPlugin:80 - create IPUIPlugin
2025-10-22 12:44:05,385 [INFO] PluginManager:220 - loadIPPluginJar : add ipddr
2025-10-22 12:44:05,391 [INFO] IPUIPlugin:80 - create IPUIPlugin
2025-10-22 12:44:05,392 [INFO] PluginManager:220 - loadIPPluginJar : add linkedlist
2025-10-22 12:44:05,394 [INFO] IPUIPlugin:80 - create IPUIPlugin
2025-10-22 12:44:05,394 [INFO] PluginManager:220 - loadIPPluginJar : add lorawan
2025-10-22 12:44:05,396 [INFO] IPUIPlugin:80 - create IPUIPlugin
2025-10-22 12:44:05,396 [INFO] PluginManager:220 - loadIPPluginJar : add ltdc
2025-10-22 12:44:05,401 [INFO] IPUIPlugin:80 - create IPUIPlugin
2025-10-22 12:44:05,402 [INFO] PluginManager:220 - loadIPPluginJar : add mdma
2025-10-22 12:44:05,405 [INFO] IPUIPlugin:80 - create IPUIPlugin
2025-10-22 12:44:05,406 [INFO] PluginManager:220 - loadIPPluginJar : add nvic
2025-10-22 12:44:05,408 [INFO] IPUIPlugin:80 - create IPUIPlugin
2025-10-22 12:44:05,409 [INFO] PluginManager:220 - loadIPPluginJar : add opamp
2025-10-22 12:44:05,412 [INFO] IPUIPlugin:80 - create IPUIPlugin
2025-10-22 12:44:05,413 [INFO] PluginManager:220 - loadIPPluginJar : add openamp
2025-10-22 12:44:05,415 [INFO] IPUIPlugin:80 - create IPUIPlugin
2025-10-22 12:44:05,415 [INFO] PluginManager:220 - loadIPPluginJar : add pdm2pcm
2025-10-22 12:44:05,422 [INFO] IPUIPlugin:80 - create IPUIPlugin
2025-10-22 12:44:05,424 [INFO] PluginManager:220 - loadIPPluginJar : add plateformsettings
2025-10-22 12:44:05,426 [INFO] IPUIPlugin:80 - create IPUIPlugin
2025-10-22 12:44:05,426 [INFO] PluginManager:220 - loadIPPluginJar : add quadspi
2025-10-22 12:44:05,427 [INFO] IPUIPlugin:80 - create IPUIPlugin
2025-10-22 12:44:05,428 [INFO] PluginManager:220 - loadIPPluginJar : add radio
2025-10-22 12:44:05,430 [INFO] IPUIPlugin:80 - create IPUIPlugin
2025-10-22 12:44:05,431 [INFO] PluginManager:220 - loadIPPluginJar : add resmgrutility
2025-10-22 12:44:05,434 [INFO] IPUIPlugin:80 - create IPUIPlugin
2025-10-22 12:44:05,434 [INFO] PluginManager:220 - loadIPPluginJar : add sai
2025-10-22 12:44:05,435 [INFO] IPUIPlugin:80 - create IPUIPlugin
2025-10-22 12:44:05,435 [INFO] PluginManager:220 - loadIPPluginJar : add spi
2025-10-22 12:44:05,441 [INFO] IPUIPlugin:80 - create IPUIPlugin
2025-10-22 12:44:05,441 [INFO] PluginManager:220 - loadIPPluginJar : add stm32_wpan
2025-10-22 12:44:05,443 [INFO] IPUIPlugin:80 - create IPUIPlugin
2025-10-22 12:44:05,443 [INFO] PluginManager:220 - loadIPPluginJar : add tim
2025-10-22 12:44:05,447 [INFO] IPUIPlugin:80 - create IPUIPlugin
2025-10-22 12:44:05,447 [INFO] PluginManager:220 - loadIPPluginJar : add touchsensing
2025-10-22 12:44:05,449 [INFO] IPUIPlugin:80 - create IPUIPlugin
2025-10-22 12:44:05,449 [INFO] PluginManager:220 - loadIPPluginJar : add tracer_emb
2025-10-22 12:44:05,450 [INFO] IPUIPlugin:80 - create IPUIPlugin
2025-10-22 12:44:05,450 [INFO] PluginManager:220 - loadIPPluginJar : add ts
2025-10-22 12:44:05,452 [INFO] IPUIPlugin:80 - create IPUIPlugin
2025-10-22 12:44:05,452 [INFO] PluginManager:220 - loadIPPluginJar : add tsc
2025-10-22 12:44:05,454 [INFO] IPUIPlugin:80 - create IPUIPlugin
2025-10-22 12:44:05,454 [INFO] PluginManager:220 - loadIPPluginJar : add ucpd
2025-10-22 12:44:05,456 [INFO] IPUIPlugin:80 - create IPUIPlugin
2025-10-22 12:44:05,456 [INFO] PluginManager:220 - loadIPPluginJar : add usart
2025-10-22 12:44:05,458 [INFO] IPUIPlugin:80 - create IPUIPlugin
2025-10-22 12:44:05,459 [INFO] PluginManager:220 - loadIPPluginJar : add usbx
2025-10-22 12:44:05,596 [FATAL] Updater:351 - Updater called before beeing initialized
2025-10-22 12:44:05,669 [INFO] RulesReader:64 - Compatibility file has been processed (317 Rules)
2025-10-22 12:44:05,685 [INFO] RulesReader:64 - Compatibility file has been processed (317 Rules)
2025-10-22 12:44:05,694 [INFO] CADModel:165 - CPN selected for project level
2025-10-22 12:44:05,694 [INFO] CADModel:114 - Register for checkConnection events
2025-10-22 12:44:05,695 [FATAL] Updater:351 - Updater called before beeing initialized
2025-10-22 12:44:05,695 [ERROR] CADModel:125 - Updater not yet initialized, retry later 
2025-10-22 12:44:05,831 [FATAL] Updater:351 - Updater called before beeing initialized
2025-10-22 12:44:05,832 [INFO] CADModel:165 - CPN selected for project level
2025-10-22 12:44:05,833 [INFO] CADModel:114 - Register for checkConnection events
2025-10-22 12:44:05,833 [FATAL] Updater:351 - Updater called before beeing initialized
2025-10-22 12:44:05,833 [ERROR] CADModel:125 - Updater not yet initialized, retry later 
2025-10-22 12:44:05,836 [FATAL] Updater:351 - Updater called before beeing initialized
2025-10-22 12:44:05,912 [FATAL] Updater:351 - Updater called before beeing initialized
2025-10-22 12:44:05,915 [INFO] DbMcusAds:53 - JSON generation date=Thu Oct 02 15:06:05 IST 2025 (1759397765645)
2025-10-22 12:44:05,915 [FATAL] Updater:351 - Updater called before beeing initialized
2025-10-22 12:44:05,945 [WARN] DetailPanel:346 - Failed to get advertising image, set to default
2025-10-22 12:44:06,005 [FATAL] Updater:351 - Updater called before beeing initialized
2025-10-22 12:44:06,007 [FATAL] Updater:351 - Updater called before beeing initialized
2025-10-22 12:44:06,007 [FATAL] Updater:351 - Updater called before beeing initialized
2025-10-22 12:44:06,007 [WARN] DetailPanel:346 - Failed to get advertising image, set to default
2025-10-22 12:44:06,007 [FATAL] Updater:351 - Updater called before beeing initialized
2025-10-22 12:44:06,051 [ERROR] Updater:1198 - MainUpdater not yet initialized. External WinMGr cannot be set.
2025-10-22 12:44:06,053 [INFO] Updater:1134 - Updater Version found : 6.15.0
2025-10-22 12:44:06,069 [INFO] ApplicationProperties:184 - Using Application install path: C:\ST\STM32CubeIDE_1.19.0\STM32CubeIDE\plugins\com.st.stm32cube.common.mx_6.15.0.202507011659
2025-10-22 12:44:07,638 [ERROR] LogOutputStream:75 - [STDERR_REDIRECT] Oct 22, 2025 12:44:07 PM java.util.prefs.WindowsPreferences <init>
2025-10-22 12:44:07,640 [ERROR] LogOutputStream:75 - [STDERR_REDIRECT] WARNING: Could not open/create prefs root node Software\JavaSoft\Prefs at root 0xffffffff80000002. Windows RegCreateKeyEx(...) returned error code 5.
2025-10-22 12:44:07,640 [ERROR] LogOutputStream:75 - [STDERR_REDIRECT] 
2025-10-22 12:44:07,644 [INFO] ThirdPartyUpdaterWithRetryManager:70 - Updater plugin not ready yet. [2/15]
2025-10-22 12:44:08,491 [INFO] MainUpdater:2872 - connection check result : 10
2025-10-22 12:44:08,492 [INFO] MainUpdater:289 - Updater Check For Update Now.
2025-10-22 12:44:08,492 [INFO] MicroXplorer:498 - Change Database Version : DB.6.0.150
2025-10-22 12:44:08,506 [INFO] McuFinderGlobals:63 - Set McuFinder mode to 2 (CubeIDE integrated)
2025-10-22 12:44:08,508 [INFO] UserAuth:487 - Internet connection configuration mode: 1
2025-10-22 12:44:08,537 [INFO] JxBrowserEngine:152 - Initiate JxBrowser Engine with user profile folder
2025-10-22 12:44:08,661 [INFO] CheckServerUpdateThread:120 - End of CheckServer Thread
2025-10-22 12:44:09,812 [INFO] WebApp:169 - Instantiating new browser for Auth
2025-10-22 12:44:10,592 [INFO] WebApp:463 - Apply proxy settings
2025-10-22 12:44:10,592 [INFO] WebApp:548 - Chromium requires no authentication
2025-10-22 12:44:10,602 [INFO] WebApp:491 - Direct internet connection detected
2025-10-22 12:44:10,625 [INFO] WebApp:900 - Register for checkConnection events
2025-10-22 12:44:10,625 [INFO] WebApp:463 - Apply proxy settings
2025-10-22 12:44:10,625 [INFO] WebApp:548 - Chromium requires no authentication
2025-10-22 12:44:10,626 [INFO] WebApp:491 - Direct internet connection detected
2025-10-22 12:44:10,802 [WARN] PackLoader:240 - Cannot read IP mode file for STMicroelectronics.FP-SNS-MOTENVWB1.1.4.0
2025-10-22 12:44:10,816 [WARN] PackLoader:240 - Cannot read IP mode file for STMicroelectronics.FP-ATR-ASTRA1.2.0.2
2025-10-22 12:44:10,835 [WARN] PackLoader:240 - Cannot read IP mode file for STMicroelectronics.X-CUBE-SMBUS.2.1.0
2025-10-22 12:44:10,841 [WARN] PackLoader:240 - Cannot read IP mode file for STMicroelectronics.X-CUBE-ST60.1.0.0
2025-10-22 12:44:10,866 [WARN] PackLoader:240 - Cannot read IP mode file for STMicroelectronics.X-CUBE-AZRTOS-F7.1.1.0
2025-10-22 12:44:10,885 [WARN] PackLoader:240 - Cannot read IP mode file for Infineon.AIROC-Wi-Fi-Bluetooth-STM32.1.7.1
2025-10-22 12:44:10,912 [WARN] PackLoader:240 - Cannot read IP mode file for STMicroelectronics.X-CUBE-AZRTOS-H7.3.4.0
2025-10-22 12:44:10,925 [WARN] PackLoader:240 - Cannot read IP mode file for STMicroelectronics.X-CUBE-DISPLAY.3.0.0
2025-10-22 12:44:10,935 [WARN] PackLoader:240 - Cannot read IP mode file for STMicroelectronics.X-CUBE-NFC10.1.0.0
2025-10-22 12:44:10,941 [WARN] PackLoader:240 - Cannot read IP mode file for STMicroelectronics.X-CUBE-ST60.1.1.0
2025-10-22 12:44:10,947 [WARN] PackLoader:240 - Cannot read IP mode file for emotas.I-CUBE-CANOPEN.1.3.0
2025-10-22 12:44:10,954 [WARN] PackLoader:240 - Cannot read IP mode file for STMicroelectronics.FP-SNS-STBOX1.2.1.0
2025-10-22 12:44:10,980 [WARN] PackLoader:240 - Cannot read IP mode file for STMicroelectronics.FP-SNS-SMARTAG2.1.2.0
2025-10-22 12:44:10,984 [WARN] PackLoader:240 - Cannot read IP mode file for STMicroelectronics.FP-SNS-FLIGHT1.5.1.0
2025-10-22 12:44:10,990 [INFO] WebApp:225 - Starting web application
2025-10-22 12:44:10,990 [INFO] WebApp:593 - Web application path used C:\ST\STM32CubeIDE_1.19.0\STM32CubeIDE\plugins\com.st.stm32cube.common.mx_6.15.0.202507011659\db\plugins\mcufinder\reactClient1\index.html
2025-10-22 12:44:11,004 [INFO] LogOutputStream:77 - [STDOUT_REDIRECT] 1 : Invalid condition id : UX_CORESTACK_Condition cause : null
2025-10-22 12:44:11,005 [INFO] LogOutputStream:77 - [STDOUT_REDIRECT] 1 : Invalid condition id : UX_CORESTACK_Condition cause : null
2025-10-22 12:44:11,007 [INFO] LogOutputStream:77 - [STDOUT_REDIRECT] 1 : Invalid condition id : UX_CORESTACK_Condition cause : null
2025-10-22 12:44:11,008 [INFO] LogOutputStream:77 - [STDOUT_REDIRECT] 1 : Invalid condition id : UX_CORESTACK_Condition cause : null
2025-10-22 12:44:11,010 [INFO] LogOutputStream:77 - [STDOUT_REDIRECT] 1 : Invalid condition id : UX_CORESTACK_Condition cause : null
2025-10-22 12:44:11,013 [WARN] PackLoader:240 - Cannot read IP mode file for STMicroelectronics.X-CUBE-AZRTOS-WL.2.0.0
2025-10-22 12:44:11,019 [WARN] PackLoader:240 - Cannot read IP mode file for STMicroelectronics.FP-SNS-MOTENV1.5.0.0
2025-10-22 12:44:11,030 [WARN] PackLoader:240 - Cannot read IP mode file for WES.I-CUBE-Cesium.1.3.0
2025-10-22 12:44:11,035 [WARN] PackLoader:240 - Cannot read IP mode file for STMicroelectronics.X-CUBE-BLE2.3.3.0
2025-10-22 12:44:11,039 [WARN] PackLoader:240 - Cannot read IP mode file for STMicroelectronics.X-CUBE-NFC9.1.0.0
2025-10-22 12:44:11,044 [WARN] PackLoader:240 - Cannot read IP mode file for wolfSSL.I-CUBE-wolfSSL.5.8.0
2025-10-22 12:44:11,047 [WARN] PackLoader:240 - Cannot read IP mode file for STMicroelectronics.X-CUBE-BLE1.7.1.0
2025-10-22 12:44:11,051 [WARN] PackLoader:240 - Cannot read IP mode file for wolfSSL.I-CUBE-wolfMQTT.1.19.2
2025-10-22 12:44:11,057 [WARN] PackLoader:240 - Cannot read IP mode file for STMicroelectronics.X-CUBE-EEPRMA1.5.2.0
2025-10-22 12:44:11,064 [WARN] PackLoader:240 - Cannot read IP mode file for STMicroelectronics.X-CUBE-ST67W61.1.1.0
2025-10-22 12:44:11,069 [WARN] PackLoader:240 - Cannot read IP mode file for STMicroelectronics.X-CUBE-AI.10.1.0
2025-10-22 12:44:11,080 [WARN] PackLoader:240 - Cannot read IP mode file for STMicroelectronics.X-CUBE-AZRTOS-G0.1.1.0
2025-10-22 12:44:11,086 [WARN] PackLoader:240 - Cannot read IP mode file for STMicroelectronics.X-CUBE-SAFEA1.1.2.2
2025-10-22 12:44:11,090 [WARN] PackLoader:240 - Cannot read IP mode file for STMicroelectronics.X-CUBE-NFC4.3.0.0
2025-10-22 12:44:11,097 [WARN] PackLoader:240 - Cannot read IP mode file for EmbeddedOffice.I-CUBE-FS-RTOS.1.0.1
2025-10-22 12:44:11,103 [WARN] PackLoader:240 - Cannot read IP mode file for STMicroelectronics.X-CUBE-WB05N.2.0.0
2025-10-22 12:44:11,108 [WARN] PackLoader:240 - Cannot read IP mode file for wolfSSL.I-CUBE-wolfTPM.3.8.0
2025-10-22 12:44:11,114 [WARN] PackLoader:240 - Cannot read IP mode file for STMicroelectronics.X-CUBE-TCPP.4.2.0
2025-10-22 12:44:11,123 [WARN] PackLoader:240 - Cannot read IP mode file for RealThread.X-CUBE-RT-Thread_Nano.4.1.1
2025-10-22 12:44:11,127 [WARN] PackLoader:240 - Cannot read IP mode file for STMicroelectronics.FP-ATR-SIGFOX1.3.2.0
2025-10-22 12:44:11,131 [WARN] PackLoader:240 - Cannot read IP mode file for ITTIA_DB.I-CUBE-ITTIADB.8.9.0
2025-10-22 12:44:11,136 [INFO] UserAuth:487 - Internet connection configuration mode: 1
2025-10-22 12:44:11,137 [WARN] PackLoader:240 - Cannot read IP mode file for STMicroelectronics.X-CUBE-ST67W61.1.0.0
2025-10-22 12:44:11,142 [WARN] PackLoader:240 - Cannot read IP mode file for STMicroelectronics.X-CUBE-AI.10.2.0
2025-10-22 12:44:11,163 [WARN] PackLoader:240 - Cannot read IP mode file for SEGGER.I-CUBE-embOS.1.3.1
2025-10-22 12:44:11,190 [WARN] PackLoader:240 - Cannot read IP mode file for STMicroelectronics.X-CUBE-ALGOBUILD.1.4.0
2025-10-22 12:44:11,223 [WARN] PackLoader:240 - Cannot read IP mode file for STMicroelectronics.X-CUBE-MEMS1.11.3.0
2025-10-22 12:44:11,259 [INFO] WebApp:191 - Connection restablished
2025-10-22 12:44:11,316 [WARN] PackLoader:240 - Cannot read IP mode file for STMicroelectronics.X-CUBE-PM33A1.1.0.0
2025-10-22 12:44:11,326 [WARN] PackLoader:240 - Cannot read IP mode file for STMicroelectronics.X-CUBE-AZRTOS-F4.1.1.0
2025-10-22 12:44:11,330 [WARN] PackLoader:240 - Cannot read IP mode file for Avnet-IotConnect.X-CUBE-IoTC-DA16k-PMOD.1.0.0
2025-10-22 12:44:11,334 [WARN] PackLoader:240 - Cannot read IP mode file for STMicroelectronics.X-CUBE-ISPU.2.1.0
2025-10-22 12:44:11,344 [WARN] PackLoader:240 - Cannot read IP mode file for STMicroelectronics.X-CUBE-IPS.3.2.0
2025-10-22 12:44:11,351 [WARN] PackLoader:240 - Cannot read IP mode file for STMicroelectronics.X-CUBE-NFC12.1.0.0
2025-10-22 12:44:11,363 [WARN] PackLoader:240 - Cannot read IP mode file for STMicroelectronics.X-CUBE-AZRTOS-L5.2.0.0
2025-10-22 12:44:11,369 [WARN] PackLoader:240 - Cannot read IP mode file for STMicroelectronics.X-CUBE-NFC6.3.1.0
2025-10-22 12:44:11,374 [WARN] PackLoader:240 - Cannot read IP mode file for STMicroelectronics.X-CUBE-FREERTOS.1.3.1
2025-10-22 12:44:11,378 [WARN] PackLoader:240 - Cannot read IP mode file for STMicroelectronics.X-CUBE-TOUCHGFX.4.26.0
2025-10-22 12:44:11,382 [WARN] PackLoader:240 - Cannot read IP mode file for STMicroelectronics.FP-SNS-STAIOTCFT.1.0.0
2025-10-22 12:44:11,386 [WARN] PackLoader:240 - Cannot read IP mode file for STMicroelectronics.X-CUBE-DPower.1.3.0
2025-10-22 12:44:11,394 [WARN] ConditionMgr:438 - getConditionDescription Invalid condition id : LAN8742 Phy interface Condition cause : null
2025-10-22 12:44:11,395 [WARN] PackLoader:240 - Cannot read IP mode file for STMicroelectronics.X-CUBE-AZRTOS-L4.2.0.0
2025-10-22 12:44:11,397 [WARN] ConditionMgr:1044 - genDependencies : Invalid condition id : LAN8742 Phy interface Condition cause : null
2025-10-22 12:44:11,397 [WARN] ConditionMgr:1044 - genDependencies : Invalid condition id : LAN8742 Phy interface Condition cause : null
2025-10-22 12:44:11,397 [WARN] ConditionMgr:1044 - genDependencies : Invalid condition id : LAN8742 Phy interface Condition cause : null
2025-10-22 12:44:11,402 [WARN] PackLoader:240 - Cannot read IP mode file for STMicroelectronics.X-CUBE-SFXS2LP1.4.0.0
2025-10-22 12:44:11,409 [WARN] PackLoader:240 - Cannot read IP mode file for STMicroelectronics.X-CUBE-BLEMGR.4.1.0
2025-10-22 12:44:11,435 [WARN] ConditionMgr:438 - getConditionDescription Invalid condition id : UX DEVICE CLASS RTOS Condition cause : null
2025-10-22 12:44:11,435 [WARN] ConditionMgr:438 - getConditionDescription Invalid condition id : UX DEVICE CLASS RTOS Condition cause : null
2025-10-22 12:44:11,440 [WARN] PackLoader:240 - Cannot read IP mode file for STMicroelectronics.X-CUBE-AZRTOS-WB.2.0.0
2025-10-22 12:44:11,441 [WARN] ConditionMgr:1044 - genDependencies : Invalid condition id : UX DEVICE CLASS RTOS Condition cause : null
2025-10-22 12:44:11,441 [WARN] ConditionMgr:1044 - genDependencies : Invalid condition id : UX DEVICE CLASS RTOS Condition cause : null
2025-10-22 12:44:11,441 [WARN] ConditionMgr:1044 - genDependencies : Invalid condition id : UX DEVICE CLASS RTOS Condition cause : null
2025-10-22 12:44:11,442 [WARN] ConditionMgr:1044 - genDependencies : Invalid condition id : UX DEVICE CLASS RTOS Condition cause : null
2025-10-22 12:44:11,442 [WARN] ConditionMgr:1044 - genDependencies : Invalid condition id : UX DEVICE CLASS RTOS Condition cause : null
2025-10-22 12:44:11,448 [WARN] PackLoader:240 - Cannot read IP mode file for STMicroelectronics.X-CUBE-GNSS1.7.0.1
2025-10-22 12:44:11,453 [WARN] PackLoader:240 - Cannot read IP mode file for STMicroelectronics.X-CUBE-TOUCHGFX.4.25.0
2025-10-22 12:44:11,457 [WARN] PackLoader:240 - Cannot read IP mode file for STMicroelectronics.FP-SNS-STBOX1.2.0.0
2025-10-22 12:44:11,462 [WARN] ConditionMgr:438 - getConditionDescription Invalid condition id : Cortex-A Device cause : null
2025-10-22 12:44:11,477 [WARN] ConditionMgr:1044 - genDependencies : Invalid condition id : Cortex-A Device cause : null
2025-10-22 12:44:11,477 [WARN] ConditionMgr:1044 - genDependencies : Invalid condition id : Cortex-A Device cause : null
2025-10-22 12:44:11,477 [WARN] ConditionMgr:1044 - genDependencies : Invalid condition id : Cortex-A Device cause : null
2025-10-22 12:44:11,497 [WARN] PackLoader:240 - Cannot read IP mode file for STMicroelectronics.X-CUBE-SUBG2.5.0.0
2025-10-22 12:44:11,516 [WARN] PackLoader:240 - Cannot read IP mode file for STMicroelectronics.X-CUBE-AZRTOS-H7RS.1.1.0
2025-10-22 12:44:11,521 [WARN] PackLoader:240 - Cannot read IP mode file for Cesanta.I-CUBE-Mongoose.7.13.0
2025-10-22 12:44:11,535 [WARN] PackLoader:240 - Cannot read IP mode file for STMicroelectronics.X-CUBE-AZRTOS-G4.2.0.0
2025-10-22 12:44:11,538 [WARN] PackLoader:240 - Cannot read IP mode file for wolfSSL.I-CUBE-wolfSSH.1.4.20
2025-10-22 12:44:11,542 [WARN] PackLoader:240 - Cannot read IP mode file for STMicroelectronics.X-CUBE-NFC7.2.0.0
2025-10-22 12:44:11,548 [WARN] PackLoader:240 - Cannot read IP mode file for STMicroelectronics.X-CUBE-IPS.3.1.0
2025-10-22 12:44:11,553 [WARN] PackLoader:240 - Cannot read IP mode file for STMicroelectronics.X-CUBE-ALS.1.0.2
2025-10-22 12:44:11,558 [WARN] PackLoader:240 - Cannot read IP mode file for STMicroelectronics.X-CUBE-STSE01.1.0.0
2025-10-22 12:44:11,564 [WARN] PackLoader:240 - Cannot read IP mode file for portGmbH.I-Cube-SoM-uGOAL.1.1.0
2025-10-22 12:44:11,570 [WARN] PackLoader:240 - Cannot read IP mode file for STMicroelectronics.X-CUBE-TOF1.3.4.3
2025-10-22 12:44:11,574 [INFO] ThirdParty:978 - Integrity check success = true
2025-10-22 12:44:11,574 [INFO] IntegrityCheckThread:100 - exiting critical section [integrity check]
2025-10-22 12:44:11,574 [INFO] IntegrityCheckThread:103 - End integrity checks thread
2025-10-22 12:45:21,886 [ERROR] ConfigurationRetriever:142 - IOException on connection: Read timed out
2025-10-22 12:45:25,050 [ERROR] LogOutputStream:75 - [STDERR_REDIRECT] 
