2025-06-19 00:02:29,663 [ERROR] LogOutputStream:75 - [STDERR_REDIRECT] 
2025-06-19 00:03:11,848 [INFO] Activator:176 - 


2025-06-19 00:03:11,852 [INFO] Activator:177 - !SESSION log4j initialized
2025-06-19 00:03:40,901 [INFO] LogOutputStream:77 - [STDOUT_REDIRECT] 
2025-06-19 00:03:43,284 [INFO] ApplicationProperties:184 - Using Application install path: C:\ST\STM32CubeIDE_1.16.0\STM32CubeIDE\plugins\com.st.stm32cube.common.mx_6.14.0.202502271554
2025-06-19 00:03:43,364 [INFO] DbMcusXml:78 - Set database path to: C:\ST\STM32CubeIDE_1.16.0\STM32CubeIDE\plugins\com.st.stm32cube.common.mx_6.14.0.202502271554\\db\/mcu/
2025-06-19 00:03:43,366 [INFO] ApiDb:274 - Set plugin database path to: C:\ST\STM32CubeIDE_1.16.0\STM32CubeIDE\plugins\com.st.stm32cube.common.mx_6.14.0.202502271554\\db\/plugins/boardmanager/
2025-06-19 00:03:43,367 [WARN] ApiDb:259 - Overriding images path with different value:  => C:\ST\STM32CubeIDE_1.16.0\STM32CubeIDE\plugins\com.st.stm32cube.common.mx_6.14.0.202502271554\\db\/plugins/mcufinder/images/
2025-06-19 00:03:43,395 [INFO] ApiDb:250 - Set database path to: C:\Users\hashara\.stmcufinder\plugins\mcufinder//mcu/
2025-06-19 00:03:43,398 [INFO] DbMcusAds:125 - Set database path to: C:\Users\hashara\.stmcufinder\plugins\mcufinder//mcu/
2025-06-19 00:03:43,405 [INFO] CrossReferenceDbSqlite:203 - Set database path to: C:\Users\hashara\.stmcufinder\plugins\mcufinder//mcu/cs/
2025-06-19 00:03:43,705 [INFO] RulesReader:64 - Compatibility file has been processed (301 Rules)
2025-06-19 00:03:43,870 [INFO] DbMcusXml:78 - Set database path to: C:\ST\STM32CubeIDE_1.16.0\STM32CubeIDE\plugins\com.st.stm32cube.common.mx_6.14.0.202502271554\\db\/mcu/
2025-06-19 00:03:43,871 [INFO] ApiDb:274 - Set plugin database path to: C:\ST\STM32CubeIDE_1.16.0\STM32CubeIDE\plugins\com.st.stm32cube.common.mx_6.14.0.202502271554\\db\/plugins/boardmanager/
2025-06-19 00:03:43,871 [INFO] ApiDb:261 - Set plugin images path to: C:\ST\STM32CubeIDE_1.16.0\STM32CubeIDE\plugins\com.st.stm32cube.common.mx_6.14.0.202502271554\\db\/plugins/mcufinder/images/
2025-06-19 00:03:43,871 [WARN] DbFile:41 - Overriding database path with different value: C:\Users\hashara\.stmcufinder\plugins\mcufinder/ => C:\Users\hashara\.stmcufinder\plugins\mcufinder
2025-06-19 00:03:43,872 [INFO] ApiDb:250 - Set database path to: C:\Users\hashara\.stmcufinder\plugins\mcufinder//mcu/
2025-06-19 00:03:43,872 [WARN] DbFile:41 - Overriding database path with different value: C:\Users\hashara\.stmcufinder\plugins\mcufinder/ => C:\Users\hashara\.stmcufinder\plugins\mcufinder
2025-06-19 00:03:43,872 [INFO] DbMcusAds:125 - Set database path to: C:\Users\hashara\.stmcufinder\plugins\mcufinder//mcu/
2025-06-19 00:03:43,872 [WARN] DbFile:41 - Overriding database path with different value: C:\Users\hashara\.stmcufinder\plugins\mcufinder/ => C:\Users\hashara\.stmcufinder\plugins\mcufinder
2025-06-19 00:03:43,872 [WARN] DbFile:41 - Overriding database path with different value: C:\Users\hashara\.stmcufinder\plugins\mcufinder/ => C:\Users\hashara\.stmcufinder\plugins\mcufinder
2025-06-19 00:03:43,872 [INFO] CrossReferenceDbSqlite:203 - Set database path to: C:\Users\hashara\.stmcufinder\plugins\mcufinder//mcu/cs/
2025-06-19 00:03:44,006 [INFO] MainPanel:272 - HeapMemory: 268435456
2025-06-19 00:03:44,171 [INFO] DbMcusXml:78 - Set database path to: C:\ST\STM32CubeIDE_1.16.0\STM32CubeIDE\plugins\com.st.stm32cube.common.mx_6.14.0.202502271554\\db\/mcu/
2025-06-19 00:03:44,171 [INFO] ApiDb:274 - Set plugin database path to: C:\ST\STM32CubeIDE_1.16.0\STM32CubeIDE\plugins\com.st.stm32cube.common.mx_6.14.0.202502271554\\db\/plugins/boardmanager/
2025-06-19 00:03:44,171 [INFO] ApiDb:261 - Set plugin images path to: C:\ST\STM32CubeIDE_1.16.0\STM32CubeIDE\plugins\com.st.stm32cube.common.mx_6.14.0.202502271554\\db\/plugins/mcufinder/images/
2025-06-19 00:03:44,172 [WARN] DbFile:41 - Overriding database path with different value: C:\Users\hashara\.stmcufinder\plugins\mcufinder/ => C:\Users\hashara\.stmcufinder\plugins\mcufinder
2025-06-19 00:03:44,172 [INFO] ApiDb:250 - Set database path to: C:\Users\hashara\.stmcufinder\plugins\mcufinder//mcu/
2025-06-19 00:03:44,172 [WARN] DbFile:41 - Overriding database path with different value: C:\Users\hashara\.stmcufinder\plugins\mcufinder/ => C:\Users\hashara\.stmcufinder\plugins\mcufinder
2025-06-19 00:03:44,172 [INFO] DbMcusAds:125 - Set database path to: C:\Users\hashara\.stmcufinder\plugins\mcufinder//mcu/
2025-06-19 00:03:44,173 [WARN] DbFile:41 - Overriding database path with different value: C:\Users\hashara\.stmcufinder\plugins\mcufinder/ => C:\Users\hashara\.stmcufinder\plugins\mcufinder
2025-06-19 00:03:44,173 [WARN] DbFile:41 - Overriding database path with different value: C:\Users\hashara\.stmcufinder\plugins\mcufinder/ => C:\Users\hashara\.stmcufinder\plugins\mcufinder
2025-06-19 00:03:44,173 [INFO] CrossReferenceDbSqlite:203 - Set database path to: C:\Users\hashara\.stmcufinder\plugins\mcufinder//mcu/cs/
2025-06-19 00:03:44,200 [INFO] ApplicationProperties:184 - Using Application install path: C:\ST\STM32CubeIDE_1.16.0\STM32CubeIDE\plugins\com.st.stm32cube.common.mx_6.14.0.202502271554
2025-06-19 00:03:44,202 [INFO] PluginManage:196 - Search for loadable plugins [exclusion list=, ]
2025-06-19 00:03:44,205 [INFO] PluginManage:310 - Check plugin analytics
2025-06-19 00:03:44,584 [INFO] AnalyticsPlugin:253 - Accepted Software Licenses: 
2025-06-19 00:03:44,584 [INFO] AnalyticsPlugin:255 - Accepted CMSIS Pack Licenses: 
2025-06-19 00:03:44,585 [INFO] AnalyticsPlugin:257 - Accepted Firmware Licenses: FW.F4.1.28.0,FW.L5.1.5.0,FW.H7.1.11.0,FW.WB.1.21.0,FW.WL.1.3.0
2025-06-19 00:03:44,593 [INFO] PluginManage:359 - Loaded plugin analytics (category:tool,tabindex:-1)
2025-06-19 00:03:44,594 [INFO] PluginManage:310 - Check plugin cadmodel
2025-06-19 00:03:44,632 [INFO] CADModel:105 - Init CAD model plugin
2025-06-19 00:03:44,633 [INFO] PluginManage:359 - Loaded plugin cadmodel (category:power,tabindex:5)
2025-06-19 00:03:44,634 [INFO] PluginManage:310 - Check plugin clock
2025-06-19 00:03:44,677 [INFO] PluginManage:359 - Loaded plugin clock (category:base,tabindex:2)
2025-06-19 00:03:44,677 [INFO] PluginManage:310 - Check plugin ddr
2025-06-19 00:03:44,681 [INFO] PluginManage:359 - Loaded plugin ddr (category:tool,tabindex:6)
2025-06-19 00:03:44,682 [INFO] PluginManage:310 - Check plugin filemanager
2025-06-19 00:03:44,934 [INFO] PluginManage:359 - Loaded plugin filemanager (category:base,tabindex:10)
2025-06-19 00:03:44,934 [INFO] PluginManage:310 - Check plugin ipmanager
2025-06-19 00:03:44,945 [INFO] PluginManage:359 - Loaded plugin ipmanager (category:base,tabindex:5)
2025-06-19 00:03:44,945 [INFO] PluginManage:310 - Check plugin lpbam
2025-06-19 00:03:44,977 [INFO] PluginManage:359 - Loaded plugin lpbam (category:base,tabindex:0)
2025-06-19 00:03:44,977 [INFO] PluginManage:310 - Check plugin memorymap
2025-06-19 00:03:45,019 [INFO] PluginManage:359 - Loaded plugin memorymap (category:base,tabindex:4)
2025-06-19 00:03:45,019 [INFO] PluginManage:310 - Check plugin pinoutandconfiguration
2025-06-19 00:03:45,049 [INFO] PluginManage:359 - Loaded plugin pinoutandconfiguration (category:base,tabindex:1)
2025-06-19 00:03:45,050 [INFO] PluginManage:310 - Check plugin pinoutconfig
2025-06-19 00:03:45,223 [WARN] SupportedApi:132 - Cannot load RTOS API schema: s4s-elt-must-match.1: The content of 'definitions' must match (annotation?, (simpleType | complexType)?, (unique | key | keyref)*)). A problem was found starting at: attribute.
2025-06-19 00:03:45,456 [INFO] PluginManage:359 - Loaded plugin pinoutconfig (category:base,tabindex:0)
2025-06-19 00:03:45,457 [INFO] PluginManage:310 - Check plugin power
2025-06-19 00:03:45,498 [INFO] PluginManage:359 - Loaded plugin power (category:power,tabindex:4)
2025-06-19 00:03:45,499 [INFO] PluginManage:310 - Check plugin projectmanager
2025-06-19 00:03:45,531 [INFO] PluginManage:359 - Loaded plugin projectmanager (category:projectmanager,tabindex:4)
2025-06-19 00:03:45,532 [INFO] PluginManage:310 - Check plugin rif
2025-06-19 00:03:45,575 [INFO] PluginManage:359 - Loaded plugin rif (category:base,tabindex:3)
2025-06-19 00:03:45,576 [INFO] PluginManage:310 - Check plugin thirdparty
2025-06-19 00:03:46,221 [WARN] IntegrityCheckThread:84 - waiting for thirdparty lock release [integrity check]
2025-06-19 00:03:46,221 [INFO] PluginManage:359 - Loaded plugin thirdparty (category:base,tabindex:-1)
2025-06-19 00:03:46,222 [INFO] IntegrityCheckThread:86 - entering critical section [integrity check]
2025-06-19 00:03:46,222 [INFO] PluginManage:310 - Check plugin tools
2025-06-19 00:03:46,223 [INFO] ThirdPartyUpdaterWithRetryManager:70 - Updater plugin not ready yet. [1/15]
2025-06-19 00:03:46,315 [INFO] PluginManage:359 - Loaded plugin tools (category:base,tabindex:7)
2025-06-19 00:03:46,315 [INFO] PluginManage:310 - Check plugin tutovideos
2025-06-19 00:03:46,625 [INFO] PluginManage:359 - Loaded plugin tutovideos (category:base,tabindex:-1)
2025-06-19 00:03:46,626 [INFO] PluginManage:310 - Check plugin updater
2025-06-19 00:03:46,660 [INFO] PluginManage:359 - Loaded plugin updater (category:base,tabindex:12)
2025-06-19 00:03:46,661 [INFO] PluginManage:310 - Check plugin userauth
2025-06-19 00:03:46,667 [INFO] UserAuth:118 - Init User Auth plugin
2025-06-19 00:03:46,668 [INFO] PluginManage:359 - Loaded plugin userauth (category:base,tabindex:14)
2025-06-19 00:03:46,669 [INFO] PluginManage:283 - PluginManage : Loaded plugins [18]
2025-06-19 00:03:47,196 [INFO] PinOutPanel:1589 - setPackage(No Configuration,No Configuration)
2025-06-19 00:03:47,424 [INFO] CADModel:165 - CPN selected for project level
2025-06-19 00:03:47,425 [INFO] CADModel:114 - Register for checkConnection events
2025-06-19 00:03:47,494 [INFO] IPUIPlugin:80 - create IPUIPlugin
2025-06-19 00:03:47,494 [INFO] PluginManager:220 - loadIPPluginJar : add adc
2025-06-19 00:03:47,605 [INFO] IPUIPlugin:80 - create IPUIPlugin
2025-06-19 00:03:47,605 [INFO] PluginManager:220 - loadIPPluginJar : add aes
2025-06-19 00:03:47,722 [INFO] IPUIPlugin:80 - create IPUIPlugin
2025-06-19 00:03:47,722 [INFO] PluginManager:220 - loadIPPluginJar : add can
2025-06-19 00:03:47,780 [INFO] IPUIPlugin:80 - create IPUIPlugin
2025-06-19 00:03:47,780 [INFO] PluginManager:220 - loadIPPluginJar : add comp
2025-06-19 00:03:47,849 [INFO] IPUIPlugin:80 - create IPUIPlugin
2025-06-19 00:03:47,850 [INFO] PluginManager:220 - loadIPPluginJar : add cryp
2025-06-19 00:03:47,870 [INFO] IPUIPlugin:80 - create IPUIPlugin
2025-06-19 00:03:47,871 [INFO] PluginManager:220 - loadIPPluginJar : add ddr_ctrl_phy
2025-06-19 00:03:47,927 [INFO] IPUIPlugin:80 - create IPUIPlugin
2025-06-19 00:03:47,928 [INFO] PluginManager:220 - loadIPPluginJar : add dfsdm
2025-06-19 00:03:47,950 [INFO] IPUIPlugin:80 - create IPUIPlugin
2025-06-19 00:03:47,953 [INFO] PluginManager:220 - loadIPPluginJar : add dma
2025-06-19 00:03:48,028 [INFO] IPUIPlugin:80 - create IPUIPlugin
2025-06-19 00:03:48,029 [INFO] PluginManager:220 - loadIPPluginJar : add dma3
2025-06-19 00:03:48,115 [INFO] IPUIPlugin:80 - create IPUIPlugin
2025-06-19 00:03:48,115 [INFO] PluginManager:220 - loadIPPluginJar : add extmemmanager
2025-06-19 00:03:48,156 [INFO] IPUIPlugin:80 - create IPUIPlugin
2025-06-19 00:03:48,156 [INFO] PluginManager:220 - loadIPPluginJar : add fatfs
2025-06-19 00:03:48,253 [INFO] IPUIPlugin:80 - create IPUIPlugin
2025-06-19 00:03:48,253 [INFO] PluginManager:220 - loadIPPluginJar : add fmc
2025-06-19 00:03:48,288 [INFO] IPUIPlugin:80 - create IPUIPlugin
2025-06-19 00:03:48,288 [INFO] PluginManager:220 - loadIPPluginJar : add freertos
2025-06-19 00:03:48,347 [INFO] IPUIPlugin:80 - create IPUIPlugin
2025-06-19 00:03:48,347 [INFO] PluginManager:220 - loadIPPluginJar : add genericplugin
2025-06-19 00:03:48,361 [ERROR] LogOutputStream:75 - [STDERR_REDIRECT] SLF4J: Failed to load class "org.slf4j.impl.StaticLoggerBinder".
2025-06-19 00:03:48,362 [ERROR] LogOutputStream:75 - [STDERR_REDIRECT] SLF4J: Defaulting to no-operation (NOP) logger implementation
2025-06-19 00:03:48,365 [ERROR] LogOutputStream:75 - [STDERR_REDIRECT] SLF4J: See http://www.slf4j.org/codes.html#StaticLoggerBinder for further details.
2025-06-19 00:03:48,638 [INFO] IPUIPlugin:80 - create IPUIPlugin
2025-06-19 00:03:48,638 [INFO] PluginManager:220 - loadIPPluginJar : add gfxmmu
2025-06-19 00:03:48,980 [INFO] IPUIPlugin:80 - create IPUIPlugin
2025-06-19 00:03:48,981 [INFO] PluginManager:220 - loadIPPluginJar : add gic
2025-06-19 00:03:49,011 [INFO] IPUIPlugin:80 - create IPUIPlugin
2025-06-19 00:03:49,011 [INFO] PluginManager:220 - loadIPPluginJar : add gpio
2025-06-19 00:03:49,225 [INFO] ThirdPartyUpdaterWithRetryManager:70 - Updater plugin not ready yet. [2/15]
2025-06-19 00:03:49,327 [INFO] IPUIPlugin:80 - create IPUIPlugin
2025-06-19 00:03:49,327 [INFO] PluginManager:220 - loadIPPluginJar : add gtzc
2025-06-19 00:03:49,419 [INFO] IPUIPlugin:80 - create IPUIPlugin
2025-06-19 00:03:49,420 [INFO] PluginManager:220 - loadIPPluginJar : add hash
2025-06-19 00:03:49,540 [INFO] IPUIPlugin:80 - create IPUIPlugin
2025-06-19 00:03:49,540 [INFO] PluginManager:220 - loadIPPluginJar : add i2c
2025-06-19 00:03:49,615 [INFO] IPUIPlugin:80 - create IPUIPlugin
2025-06-19 00:03:49,616 [INFO] PluginManager:220 - loadIPPluginJar : add i2s
2025-06-19 00:03:49,698 [INFO] IPUIPlugin:80 - create IPUIPlugin
2025-06-19 00:03:49,698 [INFO] PluginManager:220 - loadIPPluginJar : add i3c
2025-06-19 00:03:49,945 [INFO] IPUIPlugin:80 - create IPUIPlugin
2025-06-19 00:03:49,945 [INFO] PluginManager:220 - loadIPPluginJar : add ipddr
2025-06-19 00:03:50,137 [INFO] IPUIPlugin:80 - create IPUIPlugin
2025-06-19 00:03:50,138 [INFO] PluginManager:220 - loadIPPluginJar : add linkedlist
2025-06-19 00:03:50,230 [INFO] IPUIPlugin:80 - create IPUIPlugin
2025-06-19 00:03:50,230 [INFO] PluginManager:220 - loadIPPluginJar : add lorawan
2025-06-19 00:03:50,333 [INFO] IPUIPlugin:80 - create IPUIPlugin
2025-06-19 00:03:50,333 [INFO] PluginManager:220 - loadIPPluginJar : add ltdc
2025-06-19 00:03:50,368 [INFO] IPUIPlugin:80 - create IPUIPlugin
2025-06-19 00:03:50,369 [INFO] PluginManager:220 - loadIPPluginJar : add mdma
2025-06-19 00:03:50,401 [INFO] IPUIPlugin:80 - create IPUIPlugin
2025-06-19 00:03:50,401 [INFO] PluginManager:220 - loadIPPluginJar : add nvic
2025-06-19 00:03:50,531 [INFO] IPUIPlugin:80 - create IPUIPlugin
2025-06-19 00:03:50,531 [INFO] PluginManager:220 - loadIPPluginJar : add opamp
2025-06-19 00:03:50,798 [INFO] IPUIPlugin:80 - create IPUIPlugin
2025-06-19 00:03:50,800 [INFO] PluginManager:220 - loadIPPluginJar : add openamp
2025-06-19 00:03:50,999 [INFO] IPUIPlugin:80 - create IPUIPlugin
2025-06-19 00:03:50,999 [INFO] PluginManager:220 - loadIPPluginJar : add pdm2pcm
2025-06-19 00:03:51,034 [INFO] IPUIPlugin:80 - create IPUIPlugin
2025-06-19 00:03:51,039 [INFO] PluginManager:220 - loadIPPluginJar : add plateformsettings
2025-06-19 00:03:51,096 [INFO] IPUIPlugin:80 - create IPUIPlugin
2025-06-19 00:03:51,096 [INFO] PluginManager:220 - loadIPPluginJar : add quadspi
2025-06-19 00:03:51,175 [INFO] IPUIPlugin:80 - create IPUIPlugin
2025-06-19 00:03:51,176 [INFO] PluginManager:220 - loadIPPluginJar : add radio
2025-06-19 00:03:51,210 [INFO] IPUIPlugin:80 - create IPUIPlugin
2025-06-19 00:03:51,210 [INFO] PluginManager:220 - loadIPPluginJar : add resmgrutility
2025-06-19 00:03:51,341 [INFO] IPUIPlugin:80 - create IPUIPlugin
2025-06-19 00:03:51,341 [INFO] PluginManager:220 - loadIPPluginJar : add sai
2025-06-19 00:03:51,434 [INFO] IPUIPlugin:80 - create IPUIPlugin
2025-06-19 00:03:51,435 [INFO] PluginManager:220 - loadIPPluginJar : add spi
2025-06-19 00:03:51,707 [INFO] IPUIPlugin:80 - create IPUIPlugin
2025-06-19 00:03:51,707 [INFO] PluginManager:220 - loadIPPluginJar : add stm32_wpan
2025-06-19 00:03:51,804 [INFO] IPUIPlugin:80 - create IPUIPlugin
2025-06-19 00:03:51,805 [INFO] PluginManager:220 - loadIPPluginJar : add tim
2025-06-19 00:03:52,120 [INFO] IPUIPlugin:80 - create IPUIPlugin
2025-06-19 00:03:52,121 [INFO] PluginManager:220 - loadIPPluginJar : add touchsensing
2025-06-19 00:03:52,218 [INFO] IPUIPlugin:80 - create IPUIPlugin
2025-06-19 00:03:52,219 [INFO] PluginManager:220 - loadIPPluginJar : add tracer_emb
2025-06-19 00:03:52,228 [INFO] ThirdPartyUpdaterWithRetryManager:70 - Updater plugin not ready yet. [3/15]
2025-06-19 00:03:52,325 [INFO] IPUIPlugin:80 - create IPUIPlugin
2025-06-19 00:03:52,326 [INFO] PluginManager:220 - loadIPPluginJar : add ts
2025-06-19 00:03:52,434 [INFO] IPUIPlugin:80 - create IPUIPlugin
2025-06-19 00:03:52,434 [INFO] PluginManager:220 - loadIPPluginJar : add tsc
2025-06-19 00:03:52,544 [INFO] IPUIPlugin:80 - create IPUIPlugin
2025-06-19 00:03:52,544 [INFO] PluginManager:220 - loadIPPluginJar : add ucpd
2025-06-19 00:03:52,696 [INFO] IPUIPlugin:80 - create IPUIPlugin
2025-06-19 00:03:52,697 [INFO] PluginManager:220 - loadIPPluginJar : add usart
2025-06-19 00:03:52,896 [INFO] IPUIPlugin:80 - create IPUIPlugin
2025-06-19 00:03:52,896 [INFO] PluginManager:220 - loadIPPluginJar : add usbx
2025-06-19 00:03:53,170 [FATAL] Updater:351 - Updater called before beeing initialized
2025-06-19 00:03:53,265 [INFO] RulesReader:64 - Compatibility file has been processed (301 Rules)
2025-06-19 00:03:53,314 [INFO] RulesReader:64 - Compatibility file has been processed (301 Rules)
2025-06-19 00:03:53,346 [INFO] CADModel:165 - CPN selected for project level
2025-06-19 00:03:53,346 [INFO] CADModel:114 - Register for checkConnection events
2025-06-19 00:03:53,347 [FATAL] Updater:351 - Updater called before beeing initialized
2025-06-19 00:03:53,347 [ERROR] CADModel:125 - Updater not yet initialized, retry later 
2025-06-19 00:03:53,936 [FATAL] Updater:351 - Updater called before beeing initialized
2025-06-19 00:03:53,940 [INFO] CADModel:165 - CPN selected for project level
2025-06-19 00:03:53,940 [INFO] CADModel:114 - Register for checkConnection events
2025-06-19 00:03:53,941 [FATAL] Updater:351 - Updater called before beeing initialized
2025-06-19 00:03:53,941 [ERROR] CADModel:125 - Updater not yet initialized, retry later 
2025-06-19 00:03:53,953 [FATAL] Updater:351 - Updater called before beeing initialized
2025-06-19 00:03:54,336 [FATAL] Updater:351 - Updater called before beeing initialized
2025-06-19 00:03:54,366 [INFO] DbMcusAds:53 - JSON generation date=Wed May 07 14:37:55 IST 2025 (1746608875484)
2025-06-19 00:03:54,367 [FATAL] Updater:351 - Updater called before beeing initialized
2025-06-19 00:03:54,460 [WARN] DetailPanel:346 - Failed to get advertising image, set to default
2025-06-19 00:03:55,022 [FATAL] Updater:351 - Updater called before beeing initialized
2025-06-19 00:03:55,025 [FATAL] Updater:351 - Updater called before beeing initialized
2025-06-19 00:03:55,025 [FATAL] Updater:351 - Updater called before beeing initialized
2025-06-19 00:03:55,025 [WARN] DetailPanel:346 - Failed to get advertising image, set to default
2025-06-19 00:03:55,027 [FATAL] Updater:351 - Updater called before beeing initialized
2025-06-19 00:03:55,151 [ERROR] Updater:1198 - MainUpdater not yet initialized. External WinMGr cannot be set.
2025-06-19 00:03:55,173 [INFO] Updater:1134 - Updater Version found : 6.14.0
2025-06-19 00:03:55,220 [INFO] ApplicationProperties:184 - Using Application install path: C:\ST\STM32CubeIDE_1.16.0\STM32CubeIDE\plugins\com.st.stm32cube.common.mx_6.14.0.202502271554
2025-06-19 00:03:55,229 [INFO] ThirdPartyUpdaterWithRetryManager:70 - Updater plugin not ready yet. [4/15]
2025-06-19 00:03:56,828 [ERROR] LogOutputStream:75 - [STDERR_REDIRECT] Jun 19, 2025 12:03:56 AM java.util.prefs.WindowsPreferences <init>
2025-06-19 00:03:56,832 [ERROR] LogOutputStream:75 - [STDERR_REDIRECT] WARNING: Could not open/create prefs root node Software\JavaSoft\Prefs at root 0xffffffff80000002. Windows RegCreateKeyEx(...) returned error code 5.
2025-06-19 00:03:56,832 [ERROR] LogOutputStream:75 - [STDERR_REDIRECT] 
2025-06-19 00:03:58,231 [FATAL] Updater:351 - Updater called before beeing initialized
2025-06-19 00:03:58,233 [ERROR] IntegrityCheckThread:130 - Cannot retrieve database content from updater: error 21
2025-06-19 00:03:58,234 [INFO] ThirdParty:978 - Integrity check success = false
2025-06-19 00:03:58,234 [INFO] IntegrityCheckThread:100 - exiting critical section [integrity check]
2025-06-19 00:03:58,235 [INFO] IntegrityCheckThread:103 - End integrity checks thread
2025-06-19 00:03:58,343 [INFO] MainUpdater:2872 - connection check result : 10
2025-06-19 00:03:58,344 [INFO] MainUpdater:289 - Updater Check For Update Now.
2025-06-19 00:03:58,345 [INFO] MicroXplorer:498 - Change Database Version : DB.6.0.140
2025-06-19 00:03:58,382 [INFO] McuFinderGlobals:63 - Set McuFinder mode to 2 (CubeIDE integrated)
2025-06-19 00:03:58,400 [INFO] UserAuth:486 - Internet connection configuration mode: 1
2025-06-19 00:03:58,490 [INFO] JxBrowserEngine:152 - Initiate JxBrowser Engine with user profile folder
2025-06-19 00:03:58,742 [INFO] CheckServerUpdateThread:120 - End of CheckServer Thread
2025-06-19 00:04:00,868 [INFO] WebApp:169 - Instantiating new browser for Auth
2025-06-19 00:04:03,490 [INFO] WebApp:463 - Apply proxy settings
2025-06-19 00:04:03,491 [INFO] WebApp:548 - Chromium requires no authentication
2025-06-19 00:04:03,517 [INFO] WebApp:491 - Direct internet connection detected
2025-06-19 00:04:03,627 [INFO] WebApp:894 - Register for checkConnection events
2025-06-19 00:04:03,628 [INFO] WebApp:463 - Apply proxy settings
2025-06-19 00:04:03,628 [INFO] WebApp:548 - Chromium requires no authentication
2025-06-19 00:04:03,629 [INFO] WebApp:491 - Direct internet connection detected
2025-06-19 00:04:04,175 [INFO] WebApp:225 - Starting web application
2025-06-19 00:04:04,176 [INFO] WebApp:593 - Web application path used C:\ST\STM32CubeIDE_1.16.0\STM32CubeIDE\plugins\com.st.stm32cube.common.mx_6.14.0.202502271554\db\plugins\mcufinder\reactClient1\index.html
2025-06-19 00:04:04,806 [INFO] UserAuth:486 - Internet connection configuration mode: 1
2025-06-19 00:04:05,303 [INFO] WebApp:191 - Connection restablished
2025-06-19 00:18:25,727 [ERROR] LogOutputStream:75 - [STDERR_REDIRECT] 
2025-06-19 00:18:45,522 [INFO] Activator:176 - 


2025-06-19 00:18:45,528 [INFO] Activator:177 - !SESSION log4j initialized
2025-06-19 00:19:04,017 [INFO] LogOutputStream:77 - [STDOUT_REDIRECT] 
2025-06-19 00:19:06,700 [INFO] ApplicationProperties:184 - Using Application install path: C:\ST\STM32CubeIDE_1.16.0\STM32CubeIDE\plugins\com.st.stm32cube.common.mx_6.14.0.202502271554
2025-06-19 00:19:06,767 [INFO] DbMcusXml:78 - Set database path to: C:\ST\STM32CubeIDE_1.16.0\STM32CubeIDE\plugins\com.st.stm32cube.common.mx_6.14.0.202502271554\\db\/mcu/
2025-06-19 00:19:06,767 [INFO] ApiDb:274 - Set plugin database path to: C:\ST\STM32CubeIDE_1.16.0\STM32CubeIDE\plugins\com.st.stm32cube.common.mx_6.14.0.202502271554\\db\/plugins/boardmanager/
2025-06-19 00:19:06,768 [WARN] ApiDb:259 - Overriding images path with different value:  => C:\ST\STM32CubeIDE_1.16.0\STM32CubeIDE\plugins\com.st.stm32cube.common.mx_6.14.0.202502271554\\db\/plugins/mcufinder/images/
2025-06-19 00:19:06,815 [INFO] ApiDb:250 - Set database path to: C:\Users\hashara\.stmcufinder\plugins\mcufinder//mcu/
2025-06-19 00:19:06,819 [INFO] DbMcusAds:125 - Set database path to: C:\Users\hashara\.stmcufinder\plugins\mcufinder//mcu/
2025-06-19 00:19:06,829 [INFO] CrossReferenceDbSqlite:203 - Set database path to: C:\Users\hashara\.stmcufinder\plugins\mcufinder//mcu/cs/
2025-06-19 00:19:07,244 [INFO] RulesReader:64 - Compatibility file has been processed (301 Rules)
2025-06-19 00:19:07,586 [INFO] DbMcusXml:78 - Set database path to: C:\ST\STM32CubeIDE_1.16.0\STM32CubeIDE\plugins\com.st.stm32cube.common.mx_6.14.0.202502271554\\db\/mcu/
2025-06-19 00:19:07,586 [INFO] ApiDb:274 - Set plugin database path to: C:\ST\STM32CubeIDE_1.16.0\STM32CubeIDE\plugins\com.st.stm32cube.common.mx_6.14.0.202502271554\\db\/plugins/boardmanager/
2025-06-19 00:19:07,587 [INFO] ApiDb:261 - Set plugin images path to: C:\ST\STM32CubeIDE_1.16.0\STM32CubeIDE\plugins\com.st.stm32cube.common.mx_6.14.0.202502271554\\db\/plugins/mcufinder/images/
2025-06-19 00:19:07,587 [WARN] DbFile:41 - Overriding database path with different value: C:\Users\hashara\.stmcufinder\plugins\mcufinder/ => C:\Users\hashara\.stmcufinder\plugins\mcufinder
2025-06-19 00:19:07,588 [INFO] ApiDb:250 - Set database path to: C:\Users\hashara\.stmcufinder\plugins\mcufinder//mcu/
2025-06-19 00:19:07,588 [WARN] DbFile:41 - Overriding database path with different value: C:\Users\hashara\.stmcufinder\plugins\mcufinder/ => C:\Users\hashara\.stmcufinder\plugins\mcufinder
2025-06-19 00:19:07,589 [INFO] DbMcusAds:125 - Set database path to: C:\Users\hashara\.stmcufinder\plugins\mcufinder//mcu/
2025-06-19 00:19:07,589 [WARN] DbFile:41 - Overriding database path with different value: C:\Users\hashara\.stmcufinder\plugins\mcufinder/ => C:\Users\hashara\.stmcufinder\plugins\mcufinder
2025-06-19 00:19:07,589 [WARN] DbFile:41 - Overriding database path with different value: C:\Users\hashara\.stmcufinder\plugins\mcufinder/ => C:\Users\hashara\.stmcufinder\plugins\mcufinder
2025-06-19 00:19:07,589 [INFO] CrossReferenceDbSqlite:203 - Set database path to: C:\Users\hashara\.stmcufinder\plugins\mcufinder//mcu/cs/
2025-06-19 00:19:07,913 [INFO] MainPanel:272 - HeapMemory: 268435456
2025-06-19 00:19:08,244 [INFO] DbMcusXml:78 - Set database path to: C:\ST\STM32CubeIDE_1.16.0\STM32CubeIDE\plugins\com.st.stm32cube.common.mx_6.14.0.202502271554\\db\/mcu/
2025-06-19 00:19:08,244 [INFO] ApiDb:274 - Set plugin database path to: C:\ST\STM32CubeIDE_1.16.0\STM32CubeIDE\plugins\com.st.stm32cube.common.mx_6.14.0.202502271554\\db\/plugins/boardmanager/
2025-06-19 00:19:08,246 [INFO] ApiDb:261 - Set plugin images path to: C:\ST\STM32CubeIDE_1.16.0\STM32CubeIDE\plugins\com.st.stm32cube.common.mx_6.14.0.202502271554\\db\/plugins/mcufinder/images/
2025-06-19 00:19:08,250 [WARN] DbFile:41 - Overriding database path with different value: C:\Users\hashara\.stmcufinder\plugins\mcufinder/ => C:\Users\hashara\.stmcufinder\plugins\mcufinder
2025-06-19 00:19:08,250 [INFO] ApiDb:250 - Set database path to: C:\Users\hashara\.stmcufinder\plugins\mcufinder//mcu/
2025-06-19 00:19:08,251 [WARN] DbFile:41 - Overriding database path with different value: C:\Users\hashara\.stmcufinder\plugins\mcufinder/ => C:\Users\hashara\.stmcufinder\plugins\mcufinder
2025-06-19 00:19:08,251 [INFO] DbMcusAds:125 - Set database path to: C:\Users\hashara\.stmcufinder\plugins\mcufinder//mcu/
2025-06-19 00:19:08,251 [WARN] DbFile:41 - Overriding database path with different value: C:\Users\hashara\.stmcufinder\plugins\mcufinder/ => C:\Users\hashara\.stmcufinder\plugins\mcufinder
2025-06-19 00:19:08,252 [WARN] DbFile:41 - Overriding database path with different value: C:\Users\hashara\.stmcufinder\plugins\mcufinder/ => C:\Users\hashara\.stmcufinder\plugins\mcufinder
2025-06-19 00:19:08,252 [INFO] CrossReferenceDbSqlite:203 - Set database path to: C:\Users\hashara\.stmcufinder\plugins\mcufinder//mcu/cs/
2025-06-19 00:19:08,318 [INFO] ApplicationProperties:184 - Using Application install path: C:\ST\STM32CubeIDE_1.16.0\STM32CubeIDE\plugins\com.st.stm32cube.common.mx_6.14.0.202502271554
2025-06-19 00:19:08,322 [INFO] PluginManage:196 - Search for loadable plugins [exclusion list=, ]
2025-06-19 00:19:08,330 [INFO] PluginManage:310 - Check plugin analytics
2025-06-19 00:19:09,232 [INFO] AnalyticsPlugin:253 - Accepted Software Licenses: 
2025-06-19 00:19:09,232 [INFO] AnalyticsPlugin:255 - Accepted CMSIS Pack Licenses: 
2025-06-19 00:19:09,234 [INFO] AnalyticsPlugin:257 - Accepted Firmware Licenses: FW.F4.1.28.0,FW.L5.1.5.0,FW.H7.1.11.0,FW.WB.1.21.0,FW.WL.1.3.0
2025-06-19 00:19:09,241 [INFO] PluginManage:359 - Loaded plugin analytics (category:tool,tabindex:-1)
2025-06-19 00:19:09,242 [INFO] PluginManage:310 - Check plugin cadmodel
2025-06-19 00:19:09,254 [INFO] CADModel:105 - Init CAD model plugin
2025-06-19 00:19:09,254 [INFO] PluginManage:359 - Loaded plugin cadmodel (category:power,tabindex:5)
2025-06-19 00:19:09,256 [INFO] PluginManage:310 - Check plugin clock
2025-06-19 00:19:09,283 [INFO] PluginManage:359 - Loaded plugin clock (category:base,tabindex:2)
2025-06-19 00:19:09,283 [INFO] PluginManage:310 - Check plugin ddr
2025-06-19 00:19:09,291 [INFO] PluginManage:359 - Loaded plugin ddr (category:tool,tabindex:6)
2025-06-19 00:19:09,291 [INFO] PluginManage:310 - Check plugin filemanager
2025-06-19 00:19:09,627 [INFO] PluginManage:359 - Loaded plugin filemanager (category:base,tabindex:10)
2025-06-19 00:19:09,627 [INFO] PluginManage:310 - Check plugin ipmanager
2025-06-19 00:19:09,648 [INFO] PluginManage:359 - Loaded plugin ipmanager (category:base,tabindex:5)
2025-06-19 00:19:09,649 [INFO] PluginManage:310 - Check plugin lpbam
2025-06-19 00:19:09,672 [INFO] PluginManage:359 - Loaded plugin lpbam (category:base,tabindex:0)
2025-06-19 00:19:09,672 [INFO] PluginManage:310 - Check plugin memorymap
2025-06-19 00:19:09,716 [INFO] PluginManage:359 - Loaded plugin memorymap (category:base,tabindex:4)
2025-06-19 00:19:09,717 [INFO] PluginManage:310 - Check plugin pinoutandconfiguration
2025-06-19 00:19:09,737 [INFO] PluginManage:359 - Loaded plugin pinoutandconfiguration (category:base,tabindex:1)
2025-06-19 00:19:09,737 [INFO] PluginManage:310 - Check plugin pinoutconfig
2025-06-19 00:19:09,933 [WARN] SupportedApi:132 - Cannot load RTOS API schema: s4s-elt-must-match.1: The content of 'definitions' must match (annotation?, (simpleType | complexType)?, (unique | key | keyref)*)). A problem was found starting at: attribute.
2025-06-19 00:19:10,342 [INFO] PluginManage:359 - Loaded plugin pinoutconfig (category:base,tabindex:0)
2025-06-19 00:19:10,343 [INFO] PluginManage:310 - Check plugin power
2025-06-19 00:19:10,388 [INFO] PluginManage:359 - Loaded plugin power (category:power,tabindex:4)
2025-06-19 00:19:10,389 [INFO] PluginManage:310 - Check plugin projectmanager
2025-06-19 00:19:10,608 [INFO] PluginManage:359 - Loaded plugin projectmanager (category:projectmanager,tabindex:4)
2025-06-19 00:19:10,609 [INFO] PluginManage:310 - Check plugin rif
2025-06-19 00:19:10,694 [INFO] PluginManage:359 - Loaded plugin rif (category:base,tabindex:3)
2025-06-19 00:19:10,695 [INFO] PluginManage:310 - Check plugin thirdparty
2025-06-19 00:19:11,392 [INFO] PluginManage:359 - Loaded plugin thirdparty (category:base,tabindex:-1)
2025-06-19 00:19:11,392 [WARN] IntegrityCheckThread:84 - waiting for thirdparty lock release [integrity check]
2025-06-19 00:19:11,393 [INFO] PluginManage:310 - Check plugin tools
2025-06-19 00:19:11,393 [INFO] IntegrityCheckThread:86 - entering critical section [integrity check]
2025-06-19 00:19:11,394 [INFO] ThirdPartyUpdaterWithRetryManager:70 - Updater plugin not ready yet. [1/15]
2025-06-19 00:19:11,404 [INFO] PluginManage:359 - Loaded plugin tools (category:base,tabindex:7)
2025-06-19 00:19:11,404 [INFO] PluginManage:310 - Check plugin tutovideos
2025-06-19 00:19:12,171 [INFO] PluginManage:359 - Loaded plugin tutovideos (category:base,tabindex:-1)
2025-06-19 00:19:12,171 [INFO] PluginManage:310 - Check plugin updater
2025-06-19 00:19:12,243 [INFO] PluginManage:359 - Loaded plugin updater (category:base,tabindex:12)
2025-06-19 00:19:12,244 [INFO] PluginManage:310 - Check plugin userauth
2025-06-19 00:19:12,256 [INFO] UserAuth:118 - Init User Auth plugin
2025-06-19 00:19:12,260 [INFO] PluginManage:359 - Loaded plugin userauth (category:base,tabindex:14)
2025-06-19 00:19:12,261 [INFO] PluginManage:283 - PluginManage : Loaded plugins [18]
2025-06-19 00:19:12,959 [INFO] PinOutPanel:1589 - setPackage(No Configuration,No Configuration)
2025-06-19 00:19:13,305 [INFO] CADModel:165 - CPN selected for project level
2025-06-19 00:19:13,305 [INFO] CADModel:114 - Register for checkConnection events
2025-06-19 00:19:13,374 [INFO] IPUIPlugin:80 - create IPUIPlugin
2025-06-19 00:19:13,374 [INFO] PluginManager:220 - loadIPPluginJar : add adc
2025-06-19 00:19:13,384 [INFO] IPUIPlugin:80 - create IPUIPlugin
2025-06-19 00:19:13,384 [INFO] PluginManager:220 - loadIPPluginJar : add aes
2025-06-19 00:19:13,395 [INFO] IPUIPlugin:80 - create IPUIPlugin
2025-06-19 00:19:13,395 [INFO] PluginManager:220 - loadIPPluginJar : add can
2025-06-19 00:19:13,400 [INFO] IPUIPlugin:80 - create IPUIPlugin
2025-06-19 00:19:13,400 [INFO] PluginManager:220 - loadIPPluginJar : add comp
2025-06-19 00:19:13,406 [INFO] IPUIPlugin:80 - create IPUIPlugin
2025-06-19 00:19:13,407 [INFO] PluginManager:220 - loadIPPluginJar : add cryp
2025-06-19 00:19:13,416 [INFO] IPUIPlugin:80 - create IPUIPlugin
2025-06-19 00:19:13,416 [INFO] PluginManager:220 - loadIPPluginJar : add ddr_ctrl_phy
2025-06-19 00:19:13,424 [INFO] IPUIPlugin:80 - create IPUIPlugin
2025-06-19 00:19:13,424 [INFO] PluginManager:220 - loadIPPluginJar : add dfsdm
2025-06-19 00:19:13,437 [INFO] IPUIPlugin:80 - create IPUIPlugin
2025-06-19 00:19:13,438 [INFO] PluginManager:220 - loadIPPluginJar : add dma
2025-06-19 00:19:13,447 [INFO] IPUIPlugin:80 - create IPUIPlugin
2025-06-19 00:19:13,448 [INFO] PluginManager:220 - loadIPPluginJar : add dma3
2025-06-19 00:19:13,455 [INFO] IPUIPlugin:80 - create IPUIPlugin
2025-06-19 00:19:13,456 [INFO] PluginManager:220 - loadIPPluginJar : add extmemmanager
2025-06-19 00:19:13,460 [INFO] IPUIPlugin:80 - create IPUIPlugin
2025-06-19 00:19:13,461 [INFO] PluginManager:220 - loadIPPluginJar : add fatfs
2025-06-19 00:19:13,471 [INFO] IPUIPlugin:80 - create IPUIPlugin
2025-06-19 00:19:13,471 [INFO] PluginManager:220 - loadIPPluginJar : add fmc
2025-06-19 00:19:13,485 [INFO] IPUIPlugin:80 - create IPUIPlugin
2025-06-19 00:19:13,486 [INFO] PluginManager:220 - loadIPPluginJar : add freertos
2025-06-19 00:19:13,490 [INFO] IPUIPlugin:80 - create IPUIPlugin
2025-06-19 00:19:13,490 [INFO] PluginManager:220 - loadIPPluginJar : add genericplugin
2025-06-19 00:19:13,496 [INFO] IPUIPlugin:80 - create IPUIPlugin
2025-06-19 00:19:13,496 [INFO] PluginManager:220 - loadIPPluginJar : add gfxmmu
2025-06-19 00:19:13,508 [INFO] IPUIPlugin:80 - create IPUIPlugin
2025-06-19 00:19:13,508 [INFO] PluginManager:220 - loadIPPluginJar : add gic
2025-06-19 00:19:13,518 [INFO] IPUIPlugin:80 - create IPUIPlugin
2025-06-19 00:19:13,518 [INFO] PluginManager:220 - loadIPPluginJar : add gpio
2025-06-19 00:19:13,526 [INFO] IPUIPlugin:80 - create IPUIPlugin
2025-06-19 00:19:13,527 [INFO] PluginManager:220 - loadIPPluginJar : add gtzc
2025-06-19 00:19:13,534 [INFO] IPUIPlugin:80 - create IPUIPlugin
2025-06-19 00:19:13,535 [INFO] PluginManager:220 - loadIPPluginJar : add hash
2025-06-19 00:19:13,542 [INFO] IPUIPlugin:80 - create IPUIPlugin
2025-06-19 00:19:13,543 [INFO] PluginManager:220 - loadIPPluginJar : add i2c
2025-06-19 00:19:13,551 [INFO] IPUIPlugin:80 - create IPUIPlugin
2025-06-19 00:19:13,552 [INFO] PluginManager:220 - loadIPPluginJar : add i2s
2025-06-19 00:19:13,559 [INFO] IPUIPlugin:80 - create IPUIPlugin
2025-06-19 00:19:13,559 [INFO] PluginManager:220 - loadIPPluginJar : add i3c
2025-06-19 00:19:13,567 [INFO] IPUIPlugin:80 - create IPUIPlugin
2025-06-19 00:19:13,568 [INFO] PluginManager:220 - loadIPPluginJar : add ipddr
2025-06-19 00:19:13,586 [INFO] IPUIPlugin:80 - create IPUIPlugin
2025-06-19 00:19:13,587 [INFO] PluginManager:220 - loadIPPluginJar : add linkedlist
2025-06-19 00:19:13,594 [INFO] IPUIPlugin:80 - create IPUIPlugin
2025-06-19 00:19:13,595 [INFO] PluginManager:220 - loadIPPluginJar : add lorawan
2025-06-19 00:19:13,599 [INFO] IPUIPlugin:80 - create IPUIPlugin
2025-06-19 00:19:13,599 [INFO] PluginManager:220 - loadIPPluginJar : add ltdc
2025-06-19 00:19:13,626 [INFO] IPUIPlugin:80 - create IPUIPlugin
2025-06-19 00:19:13,626 [INFO] PluginManager:220 - loadIPPluginJar : add mdma
2025-06-19 00:19:13,634 [INFO] IPUIPlugin:80 - create IPUIPlugin
2025-06-19 00:19:13,634 [INFO] PluginManager:220 - loadIPPluginJar : add nvic
2025-06-19 00:19:13,641 [INFO] IPUIPlugin:80 - create IPUIPlugin
2025-06-19 00:19:13,642 [INFO] PluginManager:220 - loadIPPluginJar : add opamp
2025-06-19 00:19:13,649 [INFO] IPUIPlugin:80 - create IPUIPlugin
2025-06-19 00:19:13,650 [INFO] PluginManager:220 - loadIPPluginJar : add openamp
2025-06-19 00:19:13,657 [INFO] IPUIPlugin:80 - create IPUIPlugin
2025-06-19 00:19:13,658 [INFO] PluginManager:220 - loadIPPluginJar : add pdm2pcm
2025-06-19 00:19:13,671 [INFO] IPUIPlugin:80 - create IPUIPlugin
2025-06-19 00:19:13,678 [INFO] PluginManager:220 - loadIPPluginJar : add plateformsettings
2025-06-19 00:19:13,682 [INFO] IPUIPlugin:80 - create IPUIPlugin
2025-06-19 00:19:13,682 [INFO] PluginManager:220 - loadIPPluginJar : add quadspi
2025-06-19 00:19:13,686 [INFO] IPUIPlugin:80 - create IPUIPlugin
2025-06-19 00:19:13,688 [INFO] PluginManager:220 - loadIPPluginJar : add radio
2025-06-19 00:19:13,697 [INFO] IPUIPlugin:80 - create IPUIPlugin
2025-06-19 00:19:13,697 [INFO] PluginManager:220 - loadIPPluginJar : add resmgrutility
2025-06-19 00:19:13,703 [INFO] IPUIPlugin:80 - create IPUIPlugin
2025-06-19 00:19:13,703 [INFO] PluginManager:220 - loadIPPluginJar : add sai
2025-06-19 00:19:13,709 [INFO] IPUIPlugin:80 - create IPUIPlugin
2025-06-19 00:19:13,710 [INFO] PluginManager:220 - loadIPPluginJar : add spi
2025-06-19 00:19:13,725 [INFO] IPUIPlugin:80 - create IPUIPlugin
2025-06-19 00:19:13,726 [INFO] PluginManager:220 - loadIPPluginJar : add stm32_wpan
2025-06-19 00:19:13,730 [INFO] IPUIPlugin:80 - create IPUIPlugin
2025-06-19 00:19:13,731 [INFO] PluginManager:220 - loadIPPluginJar : add tim
2025-06-19 00:19:13,739 [INFO] IPUIPlugin:80 - create IPUIPlugin
2025-06-19 00:19:13,739 [INFO] PluginManager:220 - loadIPPluginJar : add touchsensing
2025-06-19 00:19:13,745 [INFO] IPUIPlugin:80 - create IPUIPlugin
2025-06-19 00:19:13,745 [INFO] PluginManager:220 - loadIPPluginJar : add tracer_emb
2025-06-19 00:19:13,749 [INFO] IPUIPlugin:80 - create IPUIPlugin
2025-06-19 00:19:13,750 [INFO] PluginManager:220 - loadIPPluginJar : add ts
2025-06-19 00:19:13,756 [INFO] IPUIPlugin:80 - create IPUIPlugin
2025-06-19 00:19:13,756 [INFO] PluginManager:220 - loadIPPluginJar : add tsc
2025-06-19 00:19:13,761 [INFO] IPUIPlugin:80 - create IPUIPlugin
2025-06-19 00:19:13,761 [INFO] PluginManager:220 - loadIPPluginJar : add ucpd
2025-06-19 00:19:13,769 [INFO] IPUIPlugin:80 - create IPUIPlugin
2025-06-19 00:19:13,769 [INFO] PluginManager:220 - loadIPPluginJar : add usart
2025-06-19 00:19:13,777 [INFO] IPUIPlugin:80 - create IPUIPlugin
2025-06-19 00:19:13,778 [INFO] PluginManager:220 - loadIPPluginJar : add usbx
2025-06-19 00:19:14,082 [FATAL] Updater:351 - Updater called before beeing initialized
2025-06-19 00:19:14,124 [INFO] RulesReader:64 - Compatibility file has been processed (301 Rules)
2025-06-19 00:19:14,142 [INFO] RulesReader:64 - Compatibility file has been processed (301 Rules)
2025-06-19 00:19:14,163 [INFO] CADModel:165 - CPN selected for project level
2025-06-19 00:19:14,163 [INFO] CADModel:114 - Register for checkConnection events
2025-06-19 00:19:14,163 [FATAL] Updater:351 - Updater called before beeing initialized
2025-06-19 00:19:14,164 [ERROR] CADModel:125 - Updater not yet initialized, retry later 
2025-06-19 00:19:14,397 [INFO] ThirdPartyUpdaterWithRetryManager:70 - Updater plugin not ready yet. [2/15]
2025-06-19 00:19:14,555 [FATAL] Updater:351 - Updater called before beeing initialized
2025-06-19 00:19:14,560 [INFO] CADModel:165 - CPN selected for project level
2025-06-19 00:19:14,560 [INFO] CADModel:114 - Register for checkConnection events
2025-06-19 00:19:14,560 [FATAL] Updater:351 - Updater called before beeing initialized
2025-06-19 00:19:14,560 [ERROR] CADModel:125 - Updater not yet initialized, retry later 
2025-06-19 00:19:14,569 [FATAL] Updater:351 - Updater called before beeing initialized
2025-06-19 00:19:14,910 [FATAL] Updater:351 - Updater called before beeing initialized
2025-06-19 00:19:14,924 [INFO] DbMcusAds:53 - JSON generation date=Wed May 07 14:37:55 IST 2025 (1746608875484)
2025-06-19 00:19:14,924 [FATAL] Updater:351 - Updater called before beeing initialized
2025-06-19 00:19:14,994 [WARN] DetailPanel:346 - Failed to get advertising image, set to default
2025-06-19 00:19:15,448 [FATAL] Updater:351 - Updater called before beeing initialized
2025-06-19 00:19:15,452 [FATAL] Updater:351 - Updater called before beeing initialized
2025-06-19 00:19:15,452 [FATAL] Updater:351 - Updater called before beeing initialized
2025-06-19 00:19:15,452 [WARN] DetailPanel:346 - Failed to get advertising image, set to default
2025-06-19 00:19:15,454 [FATAL] Updater:351 - Updater called before beeing initialized
2025-06-19 00:19:15,547 [ERROR] Updater:1198 - MainUpdater not yet initialized. External WinMGr cannot be set.
2025-06-19 00:19:15,550 [INFO] Updater:1134 - Updater Version found : 6.14.0
2025-06-19 00:19:15,579 [INFO] ApplicationProperties:184 - Using Application install path: C:\ST\STM32CubeIDE_1.16.0\STM32CubeIDE\plugins\com.st.stm32cube.common.mx_6.14.0.202502271554
2025-06-19 00:19:17,176 [ERROR] LogOutputStream:75 - [STDERR_REDIRECT] Jun 19, 2025 12:19:17 AM java.util.prefs.WindowsPreferences <init>
2025-06-19 00:19:17,180 [ERROR] LogOutputStream:75 - [STDERR_REDIRECT] WARNING: Could not open/create prefs root node Software\JavaSoft\Prefs at root 0xffffffff80000002. Windows RegCreateKeyEx(...) returned error code 5.
2025-06-19 00:19:17,180 [ERROR] LogOutputStream:75 - [STDERR_REDIRECT] 
2025-06-19 00:19:17,398 [FATAL] Updater:351 - Updater called before beeing initialized
2025-06-19 00:19:17,399 [ERROR] IntegrityCheckThread:130 - Cannot retrieve database content from updater: error 21
2025-06-19 00:19:17,399 [INFO] ThirdParty:978 - Integrity check success = false
2025-06-19 00:19:17,400 [INFO] IntegrityCheckThread:100 - exiting critical section [integrity check]
2025-06-19 00:19:17,400 [INFO] IntegrityCheckThread:103 - End integrity checks thread
2025-06-19 00:19:17,794 [INFO] MainUpdater:2872 - connection check result : 10
2025-06-19 00:19:17,795 [INFO] MainUpdater:289 - Updater Check For Update Now.
2025-06-19 00:19:17,795 [INFO] MicroXplorer:498 - Change Database Version : DB.6.0.140
2025-06-19 00:19:17,806 [INFO] McuFinderGlobals:63 - Set McuFinder mode to 2 (CubeIDE integrated)
2025-06-19 00:19:17,808 [INFO] UserAuth:486 - Internet connection configuration mode: 1
2025-06-19 00:19:17,856 [INFO] JxBrowserEngine:152 - Initiate JxBrowser Engine with user profile folder
2025-06-19 00:19:18,099 [INFO] CheckServerUpdateThread:120 - End of CheckServer Thread
2025-06-19 00:19:19,915 [INFO] WebApp:169 - Instantiating new browser for Auth
2025-06-19 00:19:21,492 [INFO] WebApp:463 - Apply proxy settings
2025-06-19 00:19:21,493 [INFO] WebApp:548 - Chromium requires no authentication
2025-06-19 00:19:21,512 [INFO] WebApp:491 - Direct internet connection detected
2025-06-19 00:19:21,571 [INFO] WebApp:894 - Register for checkConnection events
2025-06-19 00:19:21,571 [INFO] WebApp:463 - Apply proxy settings
2025-06-19 00:19:21,571 [INFO] WebApp:548 - Chromium requires no authentication
2025-06-19 00:19:21,573 [INFO] WebApp:491 - Direct internet connection detected
2025-06-19 00:19:21,898 [INFO] WebApp:225 - Starting web application
2025-06-19 00:19:21,899 [INFO] WebApp:593 - Web application path used C:\ST\STM32CubeIDE_1.16.0\STM32CubeIDE\plugins\com.st.stm32cube.common.mx_6.14.0.202502271554\db\plugins\mcufinder\reactClient1\index.html
2025-06-19 00:19:22,237 [INFO] UserAuth:486 - Internet connection configuration mode: 1
2025-06-19 00:19:23,053 [INFO] WebApp:191 - Connection restablished
2025-06-19 01:15:08,346 [ERROR] LogOutputStream:75 - [STDERR_REDIRECT] 
2025-06-19 20:01:08,171 [INFO] Activator:176 - 


2025-06-19 20:01:08,174 [INFO] Activator:177 - !SESSION log4j initialized
2025-06-19 20:01:30,560 [INFO] LogOutputStream:77 - [STDOUT_REDIRECT] 
2025-06-19 20:01:32,200 [INFO] ApplicationProperties:184 - Using Application install path: C:\ST\STM32CubeIDE_1.16.0\STM32CubeIDE\plugins\com.st.stm32cube.common.mx_6.14.0.202502271554
2025-06-19 20:01:32,224 [INFO] DbMcusXml:78 - Set database path to: C:\ST\STM32CubeIDE_1.16.0\STM32CubeIDE\plugins\com.st.stm32cube.common.mx_6.14.0.202502271554\\db\/mcu/
2025-06-19 20:01:32,225 [INFO] ApiDb:274 - Set plugin database path to: C:\ST\STM32CubeIDE_1.16.0\STM32CubeIDE\plugins\com.st.stm32cube.common.mx_6.14.0.202502271554\\db\/plugins/boardmanager/
2025-06-19 20:01:32,225 [WARN] ApiDb:259 - Overriding images path with different value:  => C:\ST\STM32CubeIDE_1.16.0\STM32CubeIDE\plugins\com.st.stm32cube.common.mx_6.14.0.202502271554\\db\/plugins/mcufinder/images/
2025-06-19 20:01:32,235 [INFO] ApiDb:250 - Set database path to: C:\Users\hashara\.stmcufinder\plugins\mcufinder//mcu/
2025-06-19 20:01:32,237 [INFO] DbMcusAds:125 - Set database path to: C:\Users\hashara\.stmcufinder\plugins\mcufinder//mcu/
2025-06-19 20:01:32,241 [INFO] CrossReferenceDbSqlite:203 - Set database path to: C:\Users\hashara\.stmcufinder\plugins\mcufinder//mcu/cs/
2025-06-19 20:01:32,434 [INFO] RulesReader:64 - Compatibility file has been processed (301 Rules)
2025-06-19 20:01:32,574 [INFO] DbMcusXml:78 - Set database path to: C:\ST\STM32CubeIDE_1.16.0\STM32CubeIDE\plugins\com.st.stm32cube.common.mx_6.14.0.202502271554\\db\/mcu/
2025-06-19 20:01:32,574 [INFO] ApiDb:274 - Set plugin database path to: C:\ST\STM32CubeIDE_1.16.0\STM32CubeIDE\plugins\com.st.stm32cube.common.mx_6.14.0.202502271554\\db\/plugins/boardmanager/
2025-06-19 20:01:32,574 [INFO] ApiDb:261 - Set plugin images path to: C:\ST\STM32CubeIDE_1.16.0\STM32CubeIDE\plugins\com.st.stm32cube.common.mx_6.14.0.202502271554\\db\/plugins/mcufinder/images/
2025-06-19 20:01:32,574 [WARN] DbFile:41 - Overriding database path with different value: C:\Users\hashara\.stmcufinder\plugins\mcufinder/ => C:\Users\hashara\.stmcufinder\plugins\mcufinder
2025-06-19 20:01:32,575 [INFO] ApiDb:250 - Set database path to: C:\Users\hashara\.stmcufinder\plugins\mcufinder//mcu/
2025-06-19 20:01:32,575 [WARN] DbFile:41 - Overriding database path with different value: C:\Users\hashara\.stmcufinder\plugins\mcufinder/ => C:\Users\hashara\.stmcufinder\plugins\mcufinder
2025-06-19 20:01:32,575 [INFO] DbMcusAds:125 - Set database path to: C:\Users\hashara\.stmcufinder\plugins\mcufinder//mcu/
2025-06-19 20:01:32,575 [WARN] DbFile:41 - Overriding database path with different value: C:\Users\hashara\.stmcufinder\plugins\mcufinder/ => C:\Users\hashara\.stmcufinder\plugins\mcufinder
2025-06-19 20:01:32,575 [WARN] DbFile:41 - Overriding database path with different value: C:\Users\hashara\.stmcufinder\plugins\mcufinder/ => C:\Users\hashara\.stmcufinder\plugins\mcufinder
2025-06-19 20:01:32,575 [INFO] CrossReferenceDbSqlite:203 - Set database path to: C:\Users\hashara\.stmcufinder\plugins\mcufinder//mcu/cs/
2025-06-19 20:01:32,686 [INFO] MainPanel:272 - HeapMemory: 268435456
2025-06-19 20:01:32,846 [INFO] DbMcusXml:78 - Set database path to: C:\ST\STM32CubeIDE_1.16.0\STM32CubeIDE\plugins\com.st.stm32cube.common.mx_6.14.0.202502271554\\db\/mcu/
2025-06-19 20:01:32,846 [INFO] ApiDb:274 - Set plugin database path to: C:\ST\STM32CubeIDE_1.16.0\STM32CubeIDE\plugins\com.st.stm32cube.common.mx_6.14.0.202502271554\\db\/plugins/boardmanager/
2025-06-19 20:01:32,846 [INFO] ApiDb:261 - Set plugin images path to: C:\ST\STM32CubeIDE_1.16.0\STM32CubeIDE\plugins\com.st.stm32cube.common.mx_6.14.0.202502271554\\db\/plugins/mcufinder/images/
2025-06-19 20:01:32,847 [WARN] DbFile:41 - Overriding database path with different value: C:\Users\hashara\.stmcufinder\plugins\mcufinder/ => C:\Users\hashara\.stmcufinder\plugins\mcufinder
2025-06-19 20:01:32,847 [INFO] ApiDb:250 - Set database path to: C:\Users\hashara\.stmcufinder\plugins\mcufinder//mcu/
2025-06-19 20:01:32,847 [WARN] DbFile:41 - Overriding database path with different value: C:\Users\hashara\.stmcufinder\plugins\mcufinder/ => C:\Users\hashara\.stmcufinder\plugins\mcufinder
2025-06-19 20:01:32,847 [INFO] DbMcusAds:125 - Set database path to: C:\Users\hashara\.stmcufinder\plugins\mcufinder//mcu/
2025-06-19 20:01:32,847 [WARN] DbFile:41 - Overriding database path with different value: C:\Users\hashara\.stmcufinder\plugins\mcufinder/ => C:\Users\hashara\.stmcufinder\plugins\mcufinder
2025-06-19 20:01:32,847 [WARN] DbFile:41 - Overriding database path with different value: C:\Users\hashara\.stmcufinder\plugins\mcufinder/ => C:\Users\hashara\.stmcufinder\plugins\mcufinder
2025-06-19 20:01:32,847 [INFO] CrossReferenceDbSqlite:203 - Set database path to: C:\Users\hashara\.stmcufinder\plugins\mcufinder//mcu/cs/
2025-06-19 20:01:32,870 [INFO] ApplicationProperties:184 - Using Application install path: C:\ST\STM32CubeIDE_1.16.0\STM32CubeIDE\plugins\com.st.stm32cube.common.mx_6.14.0.202502271554
2025-06-19 20:01:32,872 [INFO] PluginManage:196 - Search for loadable plugins [exclusion list=, ]
2025-06-19 20:01:32,874 [INFO] PluginManage:310 - Check plugin analytics
2025-06-19 20:01:33,193 [INFO] AnalyticsPlugin:253 - Accepted Software Licenses: 
2025-06-19 20:01:33,195 [INFO] AnalyticsPlugin:255 - Accepted CMSIS Pack Licenses: 
2025-06-19 20:01:33,196 [INFO] AnalyticsPlugin:257 - Accepted Firmware Licenses: FW.F4.1.28.0,FW.L5.1.5.0,FW.H7.1.11.0,FW.WB.1.21.0,FW.WL.1.3.0
2025-06-19 20:01:33,203 [INFO] PluginManage:359 - Loaded plugin analytics (category:tool,tabindex:-1)
2025-06-19 20:01:33,203 [INFO] PluginManage:310 - Check plugin cadmodel
2025-06-19 20:01:33,241 [INFO] CADModel:105 - Init CAD model plugin
2025-06-19 20:01:33,242 [INFO] PluginManage:359 - Loaded plugin cadmodel (category:power,tabindex:5)
2025-06-19 20:01:33,243 [INFO] PluginManage:310 - Check plugin clock
2025-06-19 20:01:33,289 [INFO] PluginManage:359 - Loaded plugin clock (category:base,tabindex:2)
2025-06-19 20:01:33,289 [INFO] PluginManage:310 - Check plugin ddr
2025-06-19 20:01:33,296 [INFO] PluginManage:359 - Loaded plugin ddr (category:tool,tabindex:6)
2025-06-19 20:01:33,297 [INFO] PluginManage:310 - Check plugin filemanager
2025-06-19 20:01:33,560 [INFO] PluginManage:359 - Loaded plugin filemanager (category:base,tabindex:10)
2025-06-19 20:01:33,560 [INFO] PluginManage:310 - Check plugin ipmanager
2025-06-19 20:01:33,574 [INFO] PluginManage:359 - Loaded plugin ipmanager (category:base,tabindex:5)
2025-06-19 20:01:33,575 [INFO] PluginManage:310 - Check plugin lpbam
2025-06-19 20:01:33,602 [INFO] PluginManage:359 - Loaded plugin lpbam (category:base,tabindex:0)
2025-06-19 20:01:33,603 [INFO] PluginManage:310 - Check plugin memorymap
2025-06-19 20:01:33,634 [INFO] PluginManage:359 - Loaded plugin memorymap (category:base,tabindex:4)
2025-06-19 20:01:33,634 [INFO] PluginManage:310 - Check plugin pinoutandconfiguration
2025-06-19 20:01:33,660 [INFO] PluginManage:359 - Loaded plugin pinoutandconfiguration (category:base,tabindex:1)
2025-06-19 20:01:33,660 [INFO] PluginManage:310 - Check plugin pinoutconfig
2025-06-19 20:01:33,803 [WARN] SupportedApi:132 - Cannot load RTOS API schema: s4s-elt-must-match.1: The content of 'definitions' must match (annotation?, (simpleType | complexType)?, (unique | key | keyref)*)). A problem was found starting at: attribute.
2025-06-19 20:01:34,069 [INFO] PluginManage:359 - Loaded plugin pinoutconfig (category:base,tabindex:0)
2025-06-19 20:01:34,069 [INFO] PluginManage:310 - Check plugin power
2025-06-19 20:01:34,110 [INFO] PluginManage:359 - Loaded plugin power (category:power,tabindex:4)
2025-06-19 20:01:34,110 [INFO] PluginManage:310 - Check plugin projectmanager
2025-06-19 20:01:34,162 [INFO] PluginManage:359 - Loaded plugin projectmanager (category:projectmanager,tabindex:4)
2025-06-19 20:01:34,163 [INFO] PluginManage:310 - Check plugin rif
2025-06-19 20:01:34,219 [INFO] PluginManage:359 - Loaded plugin rif (category:base,tabindex:3)
2025-06-19 20:01:34,220 [INFO] PluginManage:310 - Check plugin thirdparty
2025-06-19 20:01:34,762 [INFO] PluginManage:359 - Loaded plugin thirdparty (category:base,tabindex:-1)
2025-06-19 20:01:34,762 [WARN] IntegrityCheckThread:84 - waiting for thirdparty lock release [integrity check]
2025-06-19 20:01:34,762 [INFO] PluginManage:310 - Check plugin tools
2025-06-19 20:01:34,762 [INFO] IntegrityCheckThread:86 - entering critical section [integrity check]
2025-06-19 20:01:34,763 [INFO] ThirdPartyUpdaterWithRetryManager:70 - Updater plugin not ready yet. [1/15]
2025-06-19 20:01:34,826 [INFO] PluginManage:359 - Loaded plugin tools (category:base,tabindex:7)
2025-06-19 20:01:34,826 [INFO] PluginManage:310 - Check plugin tutovideos
2025-06-19 20:01:35,096 [INFO] PluginManage:359 - Loaded plugin tutovideos (category:base,tabindex:-1)
2025-06-19 20:01:35,097 [INFO] PluginManage:310 - Check plugin updater
2025-06-19 20:01:35,126 [INFO] PluginManage:359 - Loaded plugin updater (category:base,tabindex:12)
2025-06-19 20:01:35,127 [INFO] PluginManage:310 - Check plugin userauth
2025-06-19 20:01:35,133 [INFO] UserAuth:118 - Init User Auth plugin
2025-06-19 20:01:35,134 [INFO] PluginManage:359 - Loaded plugin userauth (category:base,tabindex:14)
2025-06-19 20:01:35,135 [INFO] PluginManage:283 - PluginManage : Loaded plugins [18]
2025-06-19 20:01:35,594 [INFO] PinOutPanel:1589 - setPackage(No Configuration,No Configuration)
2025-06-19 20:01:35,783 [INFO] CADModel:165 - CPN selected for project level
2025-06-19 20:01:35,783 [INFO] CADModel:114 - Register for checkConnection events
2025-06-19 20:01:35,831 [INFO] IPUIPlugin:80 - create IPUIPlugin
2025-06-19 20:01:35,831 [INFO] PluginManager:220 - loadIPPluginJar : add adc
2025-06-19 20:01:35,894 [INFO] IPUIPlugin:80 - create IPUIPlugin
2025-06-19 20:01:35,894 [INFO] PluginManager:220 - loadIPPluginJar : add aes
2025-06-19 20:01:35,974 [INFO] IPUIPlugin:80 - create IPUIPlugin
2025-06-19 20:01:35,974 [INFO] PluginManager:220 - loadIPPluginJar : add can
2025-06-19 20:01:36,014 [INFO] IPUIPlugin:80 - create IPUIPlugin
2025-06-19 20:01:36,015 [INFO] PluginManager:220 - loadIPPluginJar : add comp
2025-06-19 20:01:36,067 [INFO] IPUIPlugin:80 - create IPUIPlugin
2025-06-19 20:01:36,067 [INFO] PluginManager:220 - loadIPPluginJar : add cryp
2025-06-19 20:01:36,084 [INFO] IPUIPlugin:80 - create IPUIPlugin
2025-06-19 20:01:36,084 [INFO] PluginManager:220 - loadIPPluginJar : add ddr_ctrl_phy
2025-06-19 20:01:36,131 [INFO] IPUIPlugin:80 - create IPUIPlugin
2025-06-19 20:01:36,131 [INFO] PluginManager:220 - loadIPPluginJar : add dfsdm
2025-06-19 20:01:36,150 [INFO] IPUIPlugin:80 - create IPUIPlugin
2025-06-19 20:01:36,150 [INFO] PluginManager:220 - loadIPPluginJar : add dma
2025-06-19 20:01:36,211 [INFO] IPUIPlugin:80 - create IPUIPlugin
2025-06-19 20:01:36,211 [INFO] PluginManager:220 - loadIPPluginJar : add dma3
2025-06-19 20:01:36,282 [INFO] IPUIPlugin:80 - create IPUIPlugin
2025-06-19 20:01:36,283 [INFO] PluginManager:220 - loadIPPluginJar : add extmemmanager
2025-06-19 20:01:36,315 [INFO] IPUIPlugin:80 - create IPUIPlugin
2025-06-19 20:01:36,315 [INFO] PluginManager:220 - loadIPPluginJar : add fatfs
2025-06-19 20:01:36,392 [INFO] IPUIPlugin:80 - create IPUIPlugin
2025-06-19 20:01:36,392 [INFO] PluginManager:220 - loadIPPluginJar : add fmc
2025-06-19 20:01:36,415 [INFO] IPUIPlugin:80 - create IPUIPlugin
2025-06-19 20:01:36,416 [INFO] PluginManager:220 - loadIPPluginJar : add freertos
2025-06-19 20:01:36,450 [INFO] IPUIPlugin:80 - create IPUIPlugin
2025-06-19 20:01:36,450 [INFO] PluginManager:220 - loadIPPluginJar : add genericplugin
2025-06-19 20:01:36,618 [INFO] IPUIPlugin:80 - create IPUIPlugin
2025-06-19 20:01:36,618 [INFO] PluginManager:220 - loadIPPluginJar : add gfxmmu
2025-06-19 20:01:36,853 [INFO] IPUIPlugin:80 - create IPUIPlugin
2025-06-19 20:01:36,853 [INFO] PluginManager:220 - loadIPPluginJar : add gic
2025-06-19 20:01:36,869 [INFO] IPUIPlugin:80 - create IPUIPlugin
2025-06-19 20:01:36,870 [INFO] PluginManager:220 - loadIPPluginJar : add gpio
2025-06-19 20:01:37,011 [INFO] IPUIPlugin:80 - create IPUIPlugin
2025-06-19 20:01:37,011 [INFO] PluginManager:220 - loadIPPluginJar : add gtzc
2025-06-19 20:01:37,061 [INFO] IPUIPlugin:80 - create IPUIPlugin
2025-06-19 20:01:37,061 [INFO] PluginManager:220 - loadIPPluginJar : add hash
2025-06-19 20:01:37,142 [INFO] IPUIPlugin:80 - create IPUIPlugin
2025-06-19 20:01:37,143 [INFO] PluginManager:220 - loadIPPluginJar : add i2c
2025-06-19 20:01:37,202 [INFO] IPUIPlugin:80 - create IPUIPlugin
2025-06-19 20:01:37,202 [INFO] PluginManager:220 - loadIPPluginJar : add i2s
2025-06-19 20:01:37,265 [INFO] IPUIPlugin:80 - create IPUIPlugin
2025-06-19 20:01:37,265 [INFO] PluginManager:220 - loadIPPluginJar : add i3c
2025-06-19 20:01:37,436 [INFO] IPUIPlugin:80 - create IPUIPlugin
2025-06-19 20:01:37,436 [INFO] PluginManager:220 - loadIPPluginJar : add ipddr
2025-06-19 20:01:37,587 [INFO] IPUIPlugin:80 - create IPUIPlugin
2025-06-19 20:01:37,587 [INFO] PluginManager:220 - loadIPPluginJar : add linkedlist
2025-06-19 20:01:37,642 [INFO] IPUIPlugin:80 - create IPUIPlugin
2025-06-19 20:01:37,642 [INFO] PluginManager:220 - loadIPPluginJar : add lorawan
2025-06-19 20:01:37,698 [INFO] IPUIPlugin:80 - create IPUIPlugin
2025-06-19 20:01:37,699 [INFO] PluginManager:220 - loadIPPluginJar : add ltdc
2025-06-19 20:01:37,718 [INFO] IPUIPlugin:80 - create IPUIPlugin
2025-06-19 20:01:37,719 [INFO] PluginManager:220 - loadIPPluginJar : add mdma
2025-06-19 20:01:37,739 [INFO] IPUIPlugin:80 - create IPUIPlugin
2025-06-19 20:01:37,739 [INFO] PluginManager:220 - loadIPPluginJar : add nvic
2025-06-19 20:01:37,765 [INFO] ThirdPartyUpdaterWithRetryManager:70 - Updater plugin not ready yet. [2/15]
2025-06-19 20:01:37,802 [INFO] IPUIPlugin:80 - create IPUIPlugin
2025-06-19 20:01:37,802 [INFO] PluginManager:220 - loadIPPluginJar : add opamp
2025-06-19 20:01:37,902 [INFO] IPUIPlugin:80 - create IPUIPlugin
2025-06-19 20:01:37,902 [INFO] PluginManager:220 - loadIPPluginJar : add openamp
2025-06-19 20:01:37,970 [INFO] IPUIPlugin:80 - create IPUIPlugin
2025-06-19 20:01:37,970 [INFO] PluginManager:220 - loadIPPluginJar : add pdm2pcm
2025-06-19 20:01:37,988 [INFO] IPUIPlugin:80 - create IPUIPlugin
2025-06-19 20:01:37,990 [INFO] PluginManager:220 - loadIPPluginJar : add plateformsettings
2025-06-19 20:01:38,024 [INFO] IPUIPlugin:80 - create IPUIPlugin
2025-06-19 20:01:38,024 [INFO] PluginManager:220 - loadIPPluginJar : add quadspi
2025-06-19 20:01:38,065 [INFO] IPUIPlugin:80 - create IPUIPlugin
2025-06-19 20:01:38,066 [INFO] PluginManager:220 - loadIPPluginJar : add radio
2025-06-19 20:01:38,085 [INFO] IPUIPlugin:80 - create IPUIPlugin
2025-06-19 20:01:38,085 [INFO] PluginManager:220 - loadIPPluginJar : add resmgrutility
2025-06-19 20:01:38,161 [INFO] IPUIPlugin:80 - create IPUIPlugin
2025-06-19 20:01:38,162 [INFO] PluginManager:220 - loadIPPluginJar : add sai
2025-06-19 20:01:38,220 [INFO] IPUIPlugin:80 - create IPUIPlugin
2025-06-19 20:01:38,220 [INFO] PluginManager:220 - loadIPPluginJar : add spi
2025-06-19 20:01:38,346 [INFO] IPUIPlugin:80 - create IPUIPlugin
2025-06-19 20:01:38,346 [INFO] PluginManager:220 - loadIPPluginJar : add stm32_wpan
2025-06-19 20:01:38,383 [INFO] IPUIPlugin:80 - create IPUIPlugin
2025-06-19 20:01:38,384 [INFO] PluginManager:220 - loadIPPluginJar : add tim
2025-06-19 20:01:38,478 [INFO] IPUIPlugin:80 - create IPUIPlugin
2025-06-19 20:01:38,479 [INFO] PluginManager:220 - loadIPPluginJar : add touchsensing
2025-06-19 20:01:38,513 [INFO] IPUIPlugin:80 - create IPUIPlugin
2025-06-19 20:01:38,513 [INFO] PluginManager:220 - loadIPPluginJar : add tracer_emb
2025-06-19 20:01:38,549 [INFO] IPUIPlugin:80 - create IPUIPlugin
2025-06-19 20:01:38,550 [INFO] PluginManager:220 - loadIPPluginJar : add ts
2025-06-19 20:01:38,583 [INFO] IPUIPlugin:80 - create IPUIPlugin
2025-06-19 20:01:38,583 [INFO] PluginManager:220 - loadIPPluginJar : add tsc
2025-06-19 20:01:38,617 [INFO] IPUIPlugin:80 - create IPUIPlugin
2025-06-19 20:01:38,617 [INFO] PluginManager:220 - loadIPPluginJar : add ucpd
2025-06-19 20:01:38,686 [INFO] IPUIPlugin:80 - create IPUIPlugin
2025-06-19 20:01:38,686 [INFO] PluginManager:220 - loadIPPluginJar : add usart
2025-06-19 20:01:38,756 [INFO] IPUIPlugin:80 - create IPUIPlugin
2025-06-19 20:01:38,757 [INFO] PluginManager:220 - loadIPPluginJar : add usbx
2025-06-19 20:01:38,910 [FATAL] Updater:351 - Updater called before beeing initialized
2025-06-19 20:01:38,946 [INFO] RulesReader:64 - Compatibility file has been processed (301 Rules)
2025-06-19 20:01:38,963 [INFO] RulesReader:64 - Compatibility file has been processed (301 Rules)
2025-06-19 20:01:38,979 [INFO] CADModel:165 - CPN selected for project level
2025-06-19 20:01:38,980 [INFO] CADModel:114 - Register for checkConnection events
2025-06-19 20:01:38,980 [FATAL] Updater:351 - Updater called before beeing initialized
2025-06-19 20:01:38,980 [ERROR] CADModel:125 - Updater not yet initialized, retry later 
2025-06-19 20:01:39,258 [FATAL] Updater:351 - Updater called before beeing initialized
2025-06-19 20:01:39,262 [INFO] CADModel:165 - CPN selected for project level
2025-06-19 20:01:39,262 [INFO] CADModel:114 - Register for checkConnection events
2025-06-19 20:01:39,262 [FATAL] Updater:351 - Updater called before beeing initialized
2025-06-19 20:01:39,262 [ERROR] CADModel:125 - Updater not yet initialized, retry later 
2025-06-19 20:01:39,267 [FATAL] Updater:351 - Updater called before beeing initialized
2025-06-19 20:01:39,491 [FATAL] Updater:351 - Updater called before beeing initialized
2025-06-19 20:01:39,513 [INFO] DbMcusAds:53 - JSON generation date=Wed May 07 14:37:55 IST 2025 (1746608875484)
2025-06-19 20:01:39,513 [FATAL] Updater:351 - Updater called before beeing initialized
2025-06-19 20:01:39,573 [WARN] DetailPanel:346 - Failed to get advertising image, set to default
2025-06-19 20:01:39,985 [FATAL] Updater:351 - Updater called before beeing initialized
2025-06-19 20:01:39,988 [FATAL] Updater:351 - Updater called before beeing initialized
2025-06-19 20:01:39,988 [FATAL] Updater:351 - Updater called before beeing initialized
2025-06-19 20:01:39,988 [WARN] DetailPanel:346 - Failed to get advertising image, set to default
2025-06-19 20:01:39,989 [FATAL] Updater:351 - Updater called before beeing initialized
2025-06-19 20:01:40,111 [ERROR] Updater:1198 - MainUpdater not yet initialized. External WinMGr cannot be set.
2025-06-19 20:01:40,129 [INFO] Updater:1134 - Updater Version found : 6.14.0
2025-06-19 20:01:40,158 [INFO] ApplicationProperties:184 - Using Application install path: C:\ST\STM32CubeIDE_1.16.0\STM32CubeIDE\plugins\com.st.stm32cube.common.mx_6.14.0.202502271554
2025-06-19 20:01:40,766 [INFO] ThirdPartyUpdaterWithRetryManager:70 - Updater plugin not ready yet. [3/15]
2025-06-19 20:01:41,747 [ERROR] LogOutputStream:75 - [STDERR_REDIRECT] Jun 19, 2025 8:01:41 PM java.util.prefs.WindowsPreferences <init>
2025-06-19 20:01:41,749 [ERROR] LogOutputStream:75 - [STDERR_REDIRECT] WARNING: Could not open/create prefs root node Software\JavaSoft\Prefs at root 0xffffffff80000002. Windows RegCreateKeyEx(...) returned error code 5.
2025-06-19 20:01:41,750 [ERROR] LogOutputStream:75 - [STDERR_REDIRECT] 
2025-06-19 20:01:42,436 [INFO] MainUpdater:2872 - connection check result : 10
2025-06-19 20:01:42,438 [INFO] MainUpdater:289 - Updater Check For Update Now.
2025-06-19 20:01:42,438 [INFO] MicroXplorer:498 - Change Database Version : DB.6.0.140
2025-06-19 20:01:42,468 [INFO] McuFinderGlobals:63 - Set McuFinder mode to 2 (CubeIDE integrated)
2025-06-19 20:01:42,482 [INFO] UserAuth:486 - Internet connection configuration mode: 1
2025-06-19 20:01:42,553 [INFO] JxBrowserEngine:152 - Initiate JxBrowser Engine with user profile folder
2025-06-19 20:01:42,740 [INFO] CheckServerUpdateThread:120 - End of CheckServer Thread
2025-06-19 20:01:44,712 [WARN] PackLoader:240 - Cannot read IP mode file for STMicroelectronics.FP-SNS-MOTENVWB1.1.4.0
2025-06-19 20:01:44,741 [INFO] WebApp:169 - Instantiating new browser for Auth
2025-06-19 20:01:44,747 [WARN] PackLoader:240 - Cannot read IP mode file for STMicroelectronics.FP-ATR-ASTRA1.2.0.2
2025-06-19 20:01:44,813 [WARN] PackLoader:240 - Cannot read IP mode file for STMicroelectronics.FP-ATR-ASTRA1.2.0.1
2025-06-19 20:01:44,903 [WARN] PackLoader:240 - Cannot read IP mode file for STMicroelectronics.X-CUBE-SMBUS.2.1.0
2025-06-19 20:01:44,964 [WARN] PackLoader:240 - Cannot read IP mode file for STMicroelectronics.X-CUBE-WB05N.1.1.0
2025-06-19 20:01:45,007 [WARN] PackLoader:240 - Cannot read IP mode file for STMicroelectronics.X-CUBE-ST60.1.0.0
2025-06-19 20:01:45,124 [WARN] PackLoader:240 - Cannot read IP mode file for STMicroelectronics.X-CUBE-AZRTOS-F7.1.1.0
2025-06-19 20:01:45,350 [WARN] PackLoader:240 - Cannot read IP mode file for STMicroelectronics.X-CUBE-MEMS1.11.0.0
2025-06-19 20:01:45,857 [WARN] PackLoader:240 - Cannot read IP mode file for STMicroelectronics.FP-SNS-FLIGHT1.5.0.2
2025-06-19 20:01:45,895 [WARN] PackLoader:240 - Cannot read IP mode file for STMicroelectronics.X-CUBE-DISPLAY.3.0.0
2025-06-19 20:01:45,936 [WARN] PackLoader:240 - Cannot read IP mode file for STMicroelectronics.X-CUBE-BLE1.7.0.0
2025-06-19 20:01:45,969 [WARN] PackLoader:240 - Cannot read IP mode file for STMicroelectronics.X-CUBE-NFC10.1.0.0
2025-06-19 20:01:46,011 [WARN] PackLoader:240 - Cannot read IP mode file for STMicroelectronics.X-CUBE-BLEMGR.4.0.0
2025-06-19 20:01:46,050 [WARN] PackLoader:240 - Cannot read IP mode file for emotas.I-CUBE-CANOPEN.1.3.0
2025-06-19 20:01:46,080 [WARN] PackLoader:240 - Cannot read IP mode file for STMicroelectronics.X-CUBE-BLEMGR.3.1.0
2025-06-19 20:01:46,114 [WARN] PackLoader:240 - Cannot read IP mode file for STMicroelectronics.X-CUBE-AI.10.0.0
2025-06-19 20:01:46,141 [WARN] PackLoader:240 - Cannot read IP mode file for STMicroelectronics.FP-SNS-SMARTAG2.1.2.0
2025-06-19 20:01:46,162 [WARN] PackLoader:240 - Cannot read IP mode file for STMicroelectronics.FP-SNS-FLIGHT1.5.1.0
2025-06-19 20:01:46,244 [WARN] PackLoader:240 - Cannot read IP mode file for STMicroelectronics.X-CUBE-MEMS1.11.1.0
2025-06-19 20:01:46,486 [INFO] LogOutputStream:77 - [STDOUT_REDIRECT] 1 : Invalid condition id : UX_CORESTACK_Condition cause : null
2025-06-19 20:01:46,487 [INFO] LogOutputStream:77 - [STDOUT_REDIRECT] 1 : Invalid condition id : UX_CORESTACK_Condition cause : null
2025-06-19 20:01:46,490 [INFO] LogOutputStream:77 - [STDOUT_REDIRECT] 1 : Invalid condition id : UX_CORESTACK_Condition cause : null
2025-06-19 20:01:46,494 [INFO] LogOutputStream:77 - [STDOUT_REDIRECT] 1 : Invalid condition id : UX_CORESTACK_Condition cause : null
2025-06-19 20:01:46,500 [INFO] LogOutputStream:77 - [STDOUT_REDIRECT] 1 : Invalid condition id : UX_CORESTACK_Condition cause : null
2025-06-19 20:01:46,510 [WARN] PackLoader:240 - Cannot read IP mode file for STMicroelectronics.X-CUBE-AZRTOS-WL.2.0.0
2025-06-19 20:01:46,550 [WARN] PackLoader:240 - Cannot read IP mode file for STMicroelectronics.FP-SNS-MOTENV1.5.0.0
2025-06-19 20:01:46,588 [WARN] PackLoader:240 - Cannot read IP mode file for wolfSSL.I-CUBE-wolfMQTT.1.19.0
2025-06-19 20:01:46,636 [WARN] PackLoader:240 - Cannot read IP mode file for WES.I-CUBE-Cesium.1.3.0
2025-06-19 20:01:46,671 [WARN] PackLoader:240 - Cannot read IP mode file for STMicroelectronics.X-CUBE-BLE2.3.3.0
2025-06-19 20:01:46,702 [WARN] PackLoader:240 - Cannot read IP mode file for STMicroelectronics.X-CUBE-NFC9.1.0.0
2025-06-19 20:01:46,727 [WARN] PackLoader:240 - Cannot read IP mode file for STMicroelectronics.X-CUBE-BLE1.7.1.0
2025-06-19 20:01:46,756 [WARN] PackLoader:240 - Cannot read IP mode file for STMicroelectronics.X-CUBE-TCPP.4.1.0
2025-06-19 20:01:46,786 [WARN] PackLoader:240 - Cannot read IP mode file for STMicroelectronics.X-CUBE-AI.10.1.0
2025-06-19 20:01:46,918 [WARN] PackLoader:240 - Cannot read IP mode file for STMicroelectronics.X-CUBE-MEMS1.11.2.0
2025-06-19 20:01:47,374 [WARN] PackLoader:240 - Cannot read IP mode file for STMicroelectronics.X-CUBE-AZRTOS-G0.1.1.0
2025-06-19 20:01:47,446 [WARN] PackLoader:240 - Cannot read IP mode file for STMicroelectronics.X-CUBE-SAFEA1.1.2.2
2025-06-19 20:01:47,505 [WARN] PackLoader:240 - Cannot read IP mode file for STMicroelectronics.X-CUBE-NFC4.3.0.0
2025-06-19 20:01:47,581 [WARN] PackLoader:240 - Cannot read IP mode file for EmbeddedOffice.I-CUBE-FS-RTOS.1.0.1
2025-06-19 20:01:47,638 [WARN] PackLoader:240 - Cannot read IP mode file for STMicroelectronics.X-CUBE-WB05N.2.0.0
2025-06-19 20:01:47,682 [WARN] PackLoader:240 - Cannot read IP mode file for STMicroelectronics.X-CUBE-TCPP.4.2.0
2025-06-19 20:01:47,736 [WARN] PackLoader:240 - Cannot read IP mode file for RealThread.X-CUBE-RT-Thread_Nano.4.1.1
2025-06-19 20:01:47,778 [WARN] PackLoader:240 - Cannot read IP mode file for STMicroelectronics.FP-ATR-SIGFOX1.3.2.0
2025-06-19 20:01:47,820 [WARN] PackLoader:240 - Cannot read IP mode file for wolfSSL.I-CUBE-wolfSSL.5.7.2
2025-06-19 20:01:47,858 [WARN] ConditionMgr:438 - getConditionDescription Invalid condition id : Cortex-A Device cause : null
2025-06-19 20:01:47,865 [INFO] WebApp:463 - Apply proxy settings
2025-06-19 20:01:47,867 [INFO] WebApp:548 - Chromium requires no authentication
2025-06-19 20:01:47,909 [INFO] WebApp:491 - Direct internet connection detected
2025-06-19 20:01:47,923 [WARN] ConditionMgr:1044 - genDependencies : Invalid condition id : Cortex-A Device cause : null
2025-06-19 20:01:47,923 [WARN] ConditionMgr:1044 - genDependencies : Invalid condition id : Cortex-A Device cause : null
2025-06-19 20:01:47,924 [WARN] ConditionMgr:1044 - genDependencies : Invalid condition id : Cortex-A Device cause : null
2025-06-19 20:01:47,974 [WARN] PackLoader:240 - Cannot read IP mode file for STMicroelectronics.X-CUBE-EEPRMA1.5.1.0
2025-06-19 20:01:47,999 [INFO] WebApp:894 - Register for checkConnection events
2025-06-19 20:01:47,999 [INFO] WebApp:463 - Apply proxy settings
2025-06-19 20:01:48,000 [INFO] WebApp:548 - Chromium requires no authentication
2025-06-19 20:01:48,001 [INFO] WebApp:491 - Direct internet connection detected
2025-06-19 20:01:48,019 [WARN] PackLoader:240 - Cannot read IP mode file for ITTIA_DB.I-CUBE-ITTIADB.8.9.0
2025-06-19 20:01:48,061 [WARN] PackLoader:240 - Cannot read IP mode file for STMicroelectronics.X-CUBE-ST67W61.1.0.0
2025-06-19 20:01:48,121 [WARN] PackLoader:240 - Cannot read IP mode file for SEGGER.I-CUBE-embOS.1.3.1
2025-06-19 20:01:48,200 [WARN] PackLoader:240 - Cannot read IP mode file for STMicroelectronics.X-CUBE-ALGOBUILD.1.4.0
2025-06-19 20:01:48,283 [WARN] PackLoader:240 - Cannot read IP mode file for STMicroelectronics.X-CUBE-MEMS1.11.3.0
2025-06-19 20:01:48,481 [WARN] PackLoader:240 - Cannot read IP mode file for STMicroelectronics.X-CUBE-AI.9.1.0
2025-06-19 20:01:48,509 [WARN] PackLoader:240 - Cannot read IP mode file for STMicroelectronics.X-CUBE-GNSS1.6.0.0
2025-06-19 20:01:48,590 [WARN] PackLoader:240 - Cannot read IP mode file for STMicroelectronics.X-CUBE-AZRTOS-F4.1.1.0
2025-06-19 20:01:48,625 [WARN] PackLoader:240 - Cannot read IP mode file for Avnet-IotConnect.X-CUBE-IoTC-DA16k-PMOD.1.0.0
2025-06-19 20:01:48,658 [WARN] PackLoader:240 - Cannot read IP mode file for STMicroelectronics.X-CUBE-ISPU.2.1.0
2025-06-19 20:01:48,667 [INFO] WebApp:225 - Starting web application
2025-06-19 20:01:48,667 [INFO] WebApp:593 - Web application path used C:\ST\STM32CubeIDE_1.16.0\STM32CubeIDE\plugins\com.st.stm32cube.common.mx_6.14.0.202502271554\db\plugins\mcufinder\reactClient1\index.html
2025-06-19 20:01:48,697 [WARN] PackLoader:240 - Cannot read IP mode file for STMicroelectronics.X-CUBE-FREERTOS.1.2.0
2025-06-19 20:01:48,780 [WARN] PackLoader:240 - Cannot read IP mode file for STMicroelectronics.X-CUBE-AZRTOS-L5.2.0.0
2025-06-19 20:01:48,840 [WARN] PackLoader:240 - Cannot read IP mode file for STMicroelectronics.X-CUBE-NFC6.3.1.0
2025-06-19 20:01:48,888 [WARN] PackLoader:240 - Cannot read IP mode file for STMicroelectronics.X-CUBE-DPower.1.2.0
2025-06-19 20:01:48,941 [WARN] PackLoader:240 - Cannot read IP mode file for STMicroelectronics.X-CUBE-AI.9.0.0
2025-06-19 20:01:48,991 [WARN] PackLoader:240 - Cannot read IP mode file for STMicroelectronics.X-CUBE-FREERTOS.1.3.1
2025-06-19 20:01:49,020 [WARN] PackLoader:240 - Cannot read IP mode file for STMicroelectronics.X-CUBE-FREERTOS.1.3.0
2025-06-19 20:01:49,044 [WARN] PackLoader:240 - Cannot read IP mode file for STMicroelectronics.X-CUBE-NFC7.1.0.1
2025-06-19 20:01:49,071 [WARN] PackLoader:240 - Cannot read IP mode file for wolfSSL.I-CUBE-wolfTPM.3.2.0
2025-06-19 20:01:49,093 [WARN] PackLoader:240 - Cannot read IP mode file for STMicroelectronics.X-CUBE-DPower.1.3.0
2025-06-19 20:01:49,149 [WARN] ConditionMgr:438 - getConditionDescription Invalid condition id : LAN8742 Phy interface Condition cause : null
2025-06-19 20:01:49,152 [WARN] PackLoader:240 - Cannot read IP mode file for STMicroelectronics.X-CUBE-AZRTOS-L4.2.0.0
2025-06-19 20:01:49,154 [WARN] ConditionMgr:1044 - genDependencies : Invalid condition id : LAN8742 Phy interface Condition cause : null
2025-06-19 20:01:49,154 [WARN] ConditionMgr:1044 - genDependencies : Invalid condition id : LAN8742 Phy interface Condition cause : null
2025-06-19 20:01:49,155 [WARN] ConditionMgr:1044 - genDependencies : Invalid condition id : LAN8742 Phy interface Condition cause : null
2025-06-19 20:01:49,170 [INFO] UserAuth:486 - Internet connection configuration mode: 1
2025-06-19 20:01:49,197 [WARN] PackLoader:240 - Cannot read IP mode file for STMicroelectronics.X-CUBE-SFXS2LP1.4.0.0
2025-06-19 20:01:49,276 [WARN] PackLoader:240 - Cannot read IP mode file for STMicroelectronics.X-CUBE-AZRTOS-H7.3.3.0
2025-06-19 20:01:49,319 [WARN] PackLoader:240 - Cannot read IP mode file for STMicroelectronics.X-CUBE-IPS.3.0.0
2025-06-19 20:01:49,371 [WARN] ConditionMgr:438 - getConditionDescription Invalid condition id : UX DEVICE CLASS RTOS Condition cause : null
2025-06-19 20:01:49,371 [WARN] ConditionMgr:438 - getConditionDescription Invalid condition id : UX DEVICE CLASS RTOS Condition cause : null
2025-06-19 20:01:49,375 [WARN] PackLoader:240 - Cannot read IP mode file for STMicroelectronics.X-CUBE-AZRTOS-WB.2.0.0
2025-06-19 20:01:49,376 [WARN] ConditionMgr:1044 - genDependencies : Invalid condition id : UX DEVICE CLASS RTOS Condition cause : null
2025-06-19 20:01:49,376 [WARN] ConditionMgr:1044 - genDependencies : Invalid condition id : UX DEVICE CLASS RTOS Condition cause : null
2025-06-19 20:01:49,376 [WARN] ConditionMgr:1044 - genDependencies : Invalid condition id : UX DEVICE CLASS RTOS Condition cause : null
2025-06-19 20:01:49,377 [WARN] ConditionMgr:1044 - genDependencies : Invalid condition id : UX DEVICE CLASS RTOS Condition cause : null
2025-06-19 20:01:49,377 [WARN] ConditionMgr:1044 - genDependencies : Invalid condition id : UX DEVICE CLASS RTOS Condition cause : null
2025-06-19 20:01:49,400 [WARN] PackLoader:240 - Cannot read IP mode file for STMicroelectronics.X-CUBE-GNSS1.7.0.0
2025-06-19 20:01:49,425 [WARN] PackLoader:240 - Cannot read IP mode file for STMicroelectronics.X-CUBE-GNSS1.7.0.1
2025-06-19 20:01:49,463 [WARN] PackLoader:240 - Cannot read IP mode file for STMicroelectronics.X-CUBE-TOUCHGFX.4.25.0
2025-06-19 20:01:49,495 [WARN] PackLoader:240 - Cannot read IP mode file for STMicroelectronics.FP-SNS-STBOX1.2.0.0
2025-06-19 20:01:49,535 [WARN] PackLoader:240 - Cannot read IP mode file for STMicroelectronics.X-CUBE-SUBG2.5.0.0
2025-06-19 20:01:49,599 [WARN] PackLoader:240 - Cannot read IP mode file for STMicroelectronics.X-CUBE-AZRTOS-H7RS.1.1.0
2025-06-19 20:01:49,636 [WARN] PackLoader:240 - Cannot read IP mode file for Cesanta.I-CUBE-Mongoose.7.13.0
2025-06-19 20:01:49,708 [WARN] PackLoader:240 - Cannot read IP mode file for STMicroelectronics.X-CUBE-AZRTOS-G4.2.0.0
2025-06-19 20:01:49,761 [WARN] PackLoader:240 - Cannot read IP mode file for STMicroelectronics.X-CUBE-NFC7.2.0.0
2025-06-19 20:01:49,799 [WARN] PackLoader:240 - Cannot read IP mode file for STMicroelectronics.X-CUBE-ISPU.2.0.0
2025-06-19 20:01:49,849 [WARN] PackLoader:240 - Cannot read IP mode file for STMicroelectronics.X-CUBE-IPS.3.1.0
2025-06-19 20:01:49,896 [WARN] PackLoader:240 - Cannot read IP mode file for STMicroelectronics.X-CUBE-ALS.1.0.2
2025-06-19 20:01:50,022 [WARN] PackLoader:240 - Cannot read IP mode file for STMicroelectronics.X-CUBE-MEMS1.10.0.0
2025-06-19 20:01:50,030 [INFO] WebApp:191 - Connection restablished
2025-06-19 20:01:50,398 [WARN] PackLoader:240 - Cannot read IP mode file for STMicroelectronics.X-CUBE-TOUCHGFX.4.24.0
2025-06-19 20:01:50,439 [WARN] PackLoader:240 - Cannot read IP mode file for STMicroelectronics.X-CUBE-TOUCHGFX.4.24.2
2025-06-19 20:01:50,490 [WARN] PackLoader:240 - Cannot read IP mode file for STMicroelectronics.X-CUBE-TOUCHGFX.4.24.1
2025-06-19 20:01:50,570 [WARN] PackLoader:240 - Cannot read IP mode file for portGmbH.I-Cube-SoM-uGOAL.1.1.0
2025-06-19 20:01:50,679 [WARN] PackLoader:240 - Cannot read IP mode file for STMicroelectronics.X-CUBE-AZRTOS-H7RS.1.0.0
2025-06-19 20:01:50,722 [WARN] PackLoader:240 - Cannot read IP mode file for STMicroelectronics.FP-ATR-ASTRA1.2.0.0
2025-06-19 20:01:50,799 [WARN] PackLoader:240 - Cannot read IP mode file for STMicroelectronics.X-CUBE-TOF1.3.4.2
2025-06-19 20:01:50,874 [WARN] PackLoader:240 - Cannot read IP mode file for STMicroelectronics.X-CUBE-TOF1.3.4.3
2025-06-19 20:01:50,987 [WARN] PackLoader:240 - Cannot read IP mode file for STMicroelectronics.X-CUBE-AZRTOS-H7.3.2.0
2025-06-19 20:01:51,065 [WARN] PackLoader:240 - Cannot read IP mode file for Infineon.AIROC-Wi-Fi-Bluetooth-STM32.1.6.0
2025-06-19 20:01:51,117 [WARN] PackLoader:240 - Cannot read IP mode file for wolfSSL.I-CUBE-wolfSSH.1.4.17
2025-06-19 20:01:51,118 [INFO] ThirdParty:978 - Integrity check success = true
2025-06-19 20:01:51,119 [INFO] IntegrityCheckThread:100 - exiting critical section [integrity check]
2025-06-19 20:01:51,119 [INFO] IntegrityCheckThread:103 - End integrity checks thread
2025-06-19 23:44:26,902 [INFO] WebApp:194 - Connection lost
2025-06-19 23:44:28,307 [INFO] WebApp:191 - Connection restablished
2025-06-19 23:44:30,459 [INFO] WebApp:194 - Connection lost
2025-06-19 23:44:30,774 [INFO] WebApp:191 - Connection restablished
