2025-07-16 00:18:18,794 [ERROR] LogOutputStream:75 - [STDERR_REDIRECT] 
2025-07-16 12:40:44,575 [INFO] Activator:176 - 


2025-07-16 12:40:44,579 [INFO] Activator:177 - !SESSION log4j initialized
2025-07-16 12:40:57,846 [INFO] LogOutputStream:77 - [STDOUT_REDIRECT] 
2025-07-16 12:40:59,011 [INFO] ApplicationProperties:184 - Using Application install path: C:\ST\STM32CubeIDE_1.16.0\STM32CubeIDE\plugins\com.st.stm32cube.common.mx_6.14.0.202502271554
2025-07-16 12:40:59,033 [INFO] DbMcusXml:78 - Set database path to: C:\ST\STM32CubeIDE_1.16.0\STM32CubeIDE\plugins\com.st.stm32cube.common.mx_6.14.0.202502271554\\db\/mcu/
2025-07-16 12:40:59,033 [INFO] ApiDb:274 - Set plugin database path to: C:\ST\STM32CubeIDE_1.16.0\STM32CubeIDE\plugins\com.st.stm32cube.common.mx_6.14.0.202502271554\\db\/plugins/boardmanager/
2025-07-16 12:40:59,033 [WARN] ApiDb:259 - Overriding images path with different value:  => C:\ST\STM32CubeIDE_1.16.0\STM32CubeIDE\plugins\com.st.stm32cube.common.mx_6.14.0.202502271554\\db\/plugins/mcufinder/images/
2025-07-16 12:40:59,039 [INFO] ApiDb:250 - Set database path to: C:\Users\hashara\.stmcufinder\plugins\mcufinder//mcu/
2025-07-16 12:40:59,040 [INFO] DbMcusAds:125 - Set database path to: C:\Users\hashara\.stmcufinder\plugins\mcufinder//mcu/
2025-07-16 12:40:59,044 [INFO] CrossReferenceDbSqlite:203 - Set database path to: C:\Users\hashara\.stmcufinder\plugins\mcufinder//mcu/cs/
2025-07-16 12:40:59,207 [INFO] RulesReader:64 - Compatibility file has been processed (301 Rules)
2025-07-16 12:40:59,351 [INFO] DbMcusXml:78 - Set database path to: C:\ST\STM32CubeIDE_1.16.0\STM32CubeIDE\plugins\com.st.stm32cube.common.mx_6.14.0.202502271554\\db\/mcu/
2025-07-16 12:40:59,351 [INFO] ApiDb:274 - Set plugin database path to: C:\ST\STM32CubeIDE_1.16.0\STM32CubeIDE\plugins\com.st.stm32cube.common.mx_6.14.0.202502271554\\db\/plugins/boardmanager/
2025-07-16 12:40:59,352 [INFO] ApiDb:261 - Set plugin images path to: C:\ST\STM32CubeIDE_1.16.0\STM32CubeIDE\plugins\com.st.stm32cube.common.mx_6.14.0.202502271554\\db\/plugins/mcufinder/images/
2025-07-16 12:40:59,352 [WARN] DbFile:41 - Overriding database path with different value: C:\Users\hashara\.stmcufinder\plugins\mcufinder/ => C:\Users\hashara\.stmcufinder\plugins\mcufinder
2025-07-16 12:40:59,352 [INFO] ApiDb:250 - Set database path to: C:\Users\hashara\.stmcufinder\plugins\mcufinder//mcu/
2025-07-16 12:40:59,352 [WARN] DbFile:41 - Overriding database path with different value: C:\Users\hashara\.stmcufinder\plugins\mcufinder/ => C:\Users\hashara\.stmcufinder\plugins\mcufinder
2025-07-16 12:40:59,352 [INFO] DbMcusAds:125 - Set database path to: C:\Users\hashara\.stmcufinder\plugins\mcufinder//mcu/
2025-07-16 12:40:59,352 [WARN] DbFile:41 - Overriding database path with different value: C:\Users\hashara\.stmcufinder\plugins\mcufinder/ => C:\Users\hashara\.stmcufinder\plugins\mcufinder
2025-07-16 12:40:59,353 [WARN] DbFile:41 - Overriding database path with different value: C:\Users\hashara\.stmcufinder\plugins\mcufinder/ => C:\Users\hashara\.stmcufinder\plugins\mcufinder
2025-07-16 12:40:59,353 [INFO] CrossReferenceDbSqlite:203 - Set database path to: C:\Users\hashara\.stmcufinder\plugins\mcufinder//mcu/cs/
2025-07-16 12:40:59,466 [INFO] MainPanel:272 - HeapMemory: 268435456
2025-07-16 12:40:59,597 [INFO] DbMcusXml:78 - Set database path to: C:\ST\STM32CubeIDE_1.16.0\STM32CubeIDE\plugins\com.st.stm32cube.common.mx_6.14.0.202502271554\\db\/mcu/
2025-07-16 12:40:59,598 [INFO] ApiDb:274 - Set plugin database path to: C:\ST\STM32CubeIDE_1.16.0\STM32CubeIDE\plugins\com.st.stm32cube.common.mx_6.14.0.202502271554\\db\/plugins/boardmanager/
2025-07-16 12:40:59,598 [INFO] ApiDb:261 - Set plugin images path to: C:\ST\STM32CubeIDE_1.16.0\STM32CubeIDE\plugins\com.st.stm32cube.common.mx_6.14.0.202502271554\\db\/plugins/mcufinder/images/
2025-07-16 12:40:59,598 [WARN] DbFile:41 - Overriding database path with different value: C:\Users\hashara\.stmcufinder\plugins\mcufinder/ => C:\Users\hashara\.stmcufinder\plugins\mcufinder
2025-07-16 12:40:59,598 [INFO] ApiDb:250 - Set database path to: C:\Users\hashara\.stmcufinder\plugins\mcufinder//mcu/
2025-07-16 12:40:59,599 [WARN] DbFile:41 - Overriding database path with different value: C:\Users\hashara\.stmcufinder\plugins\mcufinder/ => C:\Users\hashara\.stmcufinder\plugins\mcufinder
2025-07-16 12:40:59,599 [INFO] DbMcusAds:125 - Set database path to: C:\Users\hashara\.stmcufinder\plugins\mcufinder//mcu/
2025-07-16 12:40:59,599 [WARN] DbFile:41 - Overriding database path with different value: C:\Users\hashara\.stmcufinder\plugins\mcufinder/ => C:\Users\hashara\.stmcufinder\plugins\mcufinder
2025-07-16 12:40:59,599 [WARN] DbFile:41 - Overriding database path with different value: C:\Users\hashara\.stmcufinder\plugins\mcufinder/ => C:\Users\hashara\.stmcufinder\plugins\mcufinder
2025-07-16 12:40:59,599 [INFO] CrossReferenceDbSqlite:203 - Set database path to: C:\Users\hashara\.stmcufinder\plugins\mcufinder//mcu/cs/
2025-07-16 12:40:59,627 [INFO] ApplicationProperties:184 - Using Application install path: C:\ST\STM32CubeIDE_1.16.0\STM32CubeIDE\plugins\com.st.stm32cube.common.mx_6.14.0.202502271554
2025-07-16 12:40:59,629 [INFO] PluginManage:196 - Search for loadable plugins [exclusion list=, ]
2025-07-16 12:40:59,631 [INFO] PluginManage:310 - Check plugin analytics
2025-07-16 12:40:59,976 [INFO] AnalyticsPlugin:253 - Accepted Software Licenses: 
2025-07-16 12:40:59,977 [INFO] AnalyticsPlugin:255 - Accepted CMSIS Pack Licenses: 
2025-07-16 12:40:59,977 [INFO] AnalyticsPlugin:257 - Accepted Firmware Licenses: FW.F4.1.28.0,FW.L5.1.5.0,FW.H7.1.11.0,FW.WB.1.21.0,FW.WL.1.3.0
2025-07-16 12:40:59,985 [INFO] PluginManage:359 - Loaded plugin analytics (category:tool,tabindex:-1)
2025-07-16 12:40:59,986 [INFO] PluginManage:310 - Check plugin cadmodel
2025-07-16 12:40:59,994 [INFO] CADModel:105 - Init CAD model plugin
2025-07-16 12:40:59,994 [INFO] PluginManage:359 - Loaded plugin cadmodel (category:power,tabindex:5)
2025-07-16 12:40:59,994 [INFO] PluginManage:310 - Check plugin clock
2025-07-16 12:41:00,024 [INFO] PluginManage:359 - Loaded plugin clock (category:base,tabindex:2)
2025-07-16 12:41:00,025 [INFO] PluginManage:310 - Check plugin ddr
2025-07-16 12:41:00,032 [INFO] PluginManage:359 - Loaded plugin ddr (category:tool,tabindex:6)
2025-07-16 12:41:00,033 [INFO] PluginManage:310 - Check plugin filemanager
2025-07-16 12:41:00,293 [INFO] PluginManage:359 - Loaded plugin filemanager (category:base,tabindex:10)
2025-07-16 12:41:00,293 [INFO] PluginManage:310 - Check plugin ipmanager
2025-07-16 12:41:00,305 [INFO] PluginManage:359 - Loaded plugin ipmanager (category:base,tabindex:5)
2025-07-16 12:41:00,305 [INFO] PluginManage:310 - Check plugin lpbam
2025-07-16 12:41:00,317 [INFO] PluginManage:359 - Loaded plugin lpbam (category:base,tabindex:0)
2025-07-16 12:41:00,317 [INFO] PluginManage:310 - Check plugin memorymap
2025-07-16 12:41:00,337 [INFO] PluginManage:359 - Loaded plugin memorymap (category:base,tabindex:4)
2025-07-16 12:41:00,337 [INFO] PluginManage:310 - Check plugin pinoutandconfiguration
2025-07-16 12:41:00,348 [INFO] PluginManage:359 - Loaded plugin pinoutandconfiguration (category:base,tabindex:1)
2025-07-16 12:41:00,349 [INFO] PluginManage:310 - Check plugin pinoutconfig
2025-07-16 12:41:00,514 [WARN] SupportedApi:132 - Cannot load RTOS API schema: s4s-elt-must-match.1: The content of 'definitions' must match (annotation?, (simpleType | complexType)?, (unique | key | keyref)*)). A problem was found starting at: attribute.
2025-07-16 12:41:00,719 [INFO] PluginManage:359 - Loaded plugin pinoutconfig (category:base,tabindex:0)
2025-07-16 12:41:00,719 [INFO] PluginManage:310 - Check plugin power
2025-07-16 12:41:00,739 [INFO] PluginManage:359 - Loaded plugin power (category:power,tabindex:4)
2025-07-16 12:41:00,739 [INFO] PluginManage:310 - Check plugin projectmanager
2025-07-16 12:41:00,765 [INFO] PluginManage:359 - Loaded plugin projectmanager (category:projectmanager,tabindex:4)
2025-07-16 12:41:00,765 [INFO] PluginManage:310 - Check plugin rif
2025-07-16 12:41:00,782 [INFO] PluginManage:359 - Loaded plugin rif (category:base,tabindex:3)
2025-07-16 12:41:00,782 [INFO] PluginManage:310 - Check plugin thirdparty
2025-07-16 12:41:01,050 [WARN] IntegrityCheckThread:84 - waiting for thirdparty lock release [integrity check]
2025-07-16 12:41:01,050 [INFO] IntegrityCheckThread:86 - entering critical section [integrity check]
2025-07-16 12:41:01,050 [INFO] ThirdPartyUpdaterWithRetryManager:70 - Updater plugin not ready yet. [1/15]
2025-07-16 12:41:01,051 [INFO] PluginManage:359 - Loaded plugin thirdparty (category:base,tabindex:-1)
2025-07-16 12:41:01,052 [INFO] PluginManage:310 - Check plugin tools
2025-07-16 12:41:01,059 [INFO] PluginManage:359 - Loaded plugin tools (category:base,tabindex:7)
2025-07-16 12:41:01,060 [INFO] PluginManage:310 - Check plugin tutovideos
2025-07-16 12:41:01,405 [INFO] PluginManage:359 - Loaded plugin tutovideos (category:base,tabindex:-1)
2025-07-16 12:41:01,405 [INFO] PluginManage:310 - Check plugin updater
2025-07-16 12:41:01,440 [INFO] PluginManage:359 - Loaded plugin updater (category:base,tabindex:12)
2025-07-16 12:41:01,440 [INFO] PluginManage:310 - Check plugin userauth
2025-07-16 12:41:01,449 [INFO] UserAuth:118 - Init User Auth plugin
2025-07-16 12:41:01,452 [INFO] PluginManage:359 - Loaded plugin userauth (category:base,tabindex:14)
2025-07-16 12:41:01,454 [INFO] PluginManage:283 - PluginManage : Loaded plugins [18]
2025-07-16 12:41:01,764 [INFO] PinOutPanel:1589 - setPackage(No Configuration,No Configuration)
2025-07-16 12:41:01,922 [INFO] CADModel:165 - CPN selected for project level
2025-07-16 12:41:01,922 [INFO] CADModel:114 - Register for checkConnection events
2025-07-16 12:41:01,950 [INFO] IPUIPlugin:80 - create IPUIPlugin
2025-07-16 12:41:01,951 [INFO] PluginManager:220 - loadIPPluginJar : add adc
2025-07-16 12:41:01,955 [INFO] IPUIPlugin:80 - create IPUIPlugin
2025-07-16 12:41:01,955 [INFO] PluginManager:220 - loadIPPluginJar : add aes
2025-07-16 12:41:01,959 [INFO] IPUIPlugin:80 - create IPUIPlugin
2025-07-16 12:41:01,960 [INFO] PluginManager:220 - loadIPPluginJar : add can
2025-07-16 12:41:01,962 [INFO] IPUIPlugin:80 - create IPUIPlugin
2025-07-16 12:41:01,963 [INFO] PluginManager:220 - loadIPPluginJar : add comp
2025-07-16 12:41:01,966 [INFO] IPUIPlugin:80 - create IPUIPlugin
2025-07-16 12:41:01,966 [INFO] PluginManager:220 - loadIPPluginJar : add cryp
2025-07-16 12:41:01,970 [INFO] IPUIPlugin:80 - create IPUIPlugin
2025-07-16 12:41:01,971 [INFO] PluginManager:220 - loadIPPluginJar : add ddr_ctrl_phy
2025-07-16 12:41:01,974 [INFO] IPUIPlugin:80 - create IPUIPlugin
2025-07-16 12:41:01,975 [INFO] PluginManager:220 - loadIPPluginJar : add dfsdm
2025-07-16 12:41:01,985 [INFO] IPUIPlugin:80 - create IPUIPlugin
2025-07-16 12:41:01,985 [INFO] PluginManager:220 - loadIPPluginJar : add dma
2025-07-16 12:41:01,989 [INFO] IPUIPlugin:80 - create IPUIPlugin
2025-07-16 12:41:01,989 [INFO] PluginManager:220 - loadIPPluginJar : add dma3
2025-07-16 12:41:01,993 [INFO] IPUIPlugin:80 - create IPUIPlugin
2025-07-16 12:41:01,993 [INFO] PluginManager:220 - loadIPPluginJar : add extmemmanager
2025-07-16 12:41:01,996 [INFO] IPUIPlugin:80 - create IPUIPlugin
2025-07-16 12:41:01,996 [INFO] PluginManager:220 - loadIPPluginJar : add fatfs
2025-07-16 12:41:02,004 [INFO] IPUIPlugin:80 - create IPUIPlugin
2025-07-16 12:41:02,004 [INFO] PluginManager:220 - loadIPPluginJar : add fmc
2025-07-16 12:41:02,012 [INFO] IPUIPlugin:80 - create IPUIPlugin
2025-07-16 12:41:02,013 [INFO] PluginManager:220 - loadIPPluginJar : add freertos
2025-07-16 12:41:02,016 [INFO] IPUIPlugin:80 - create IPUIPlugin
2025-07-16 12:41:02,016 [INFO] PluginManager:220 - loadIPPluginJar : add genericplugin
2025-07-16 12:41:02,020 [INFO] IPUIPlugin:80 - create IPUIPlugin
2025-07-16 12:41:02,020 [INFO] PluginManager:220 - loadIPPluginJar : add gfxmmu
2025-07-16 12:41:02,029 [INFO] IPUIPlugin:80 - create IPUIPlugin
2025-07-16 12:41:02,029 [INFO] PluginManager:220 - loadIPPluginJar : add gic
2025-07-16 12:41:02,037 [INFO] IPUIPlugin:80 - create IPUIPlugin
2025-07-16 12:41:02,037 [INFO] PluginManager:220 - loadIPPluginJar : add gpio
2025-07-16 12:41:02,041 [INFO] IPUIPlugin:80 - create IPUIPlugin
2025-07-16 12:41:02,041 [INFO] PluginManager:220 - loadIPPluginJar : add gtzc
2025-07-16 12:41:02,046 [INFO] IPUIPlugin:80 - create IPUIPlugin
2025-07-16 12:41:02,046 [INFO] PluginManager:220 - loadIPPluginJar : add hash
2025-07-16 12:41:02,050 [INFO] IPUIPlugin:80 - create IPUIPlugin
2025-07-16 12:41:02,051 [INFO] PluginManager:220 - loadIPPluginJar : add i2c
2025-07-16 12:41:02,055 [INFO] IPUIPlugin:80 - create IPUIPlugin
2025-07-16 12:41:02,055 [INFO] PluginManager:220 - loadIPPluginJar : add i2s
2025-07-16 12:41:02,062 [INFO] IPUIPlugin:80 - create IPUIPlugin
2025-07-16 12:41:02,063 [INFO] PluginManager:220 - loadIPPluginJar : add i3c
2025-07-16 12:41:02,070 [INFO] IPUIPlugin:80 - create IPUIPlugin
2025-07-16 12:41:02,070 [INFO] PluginManager:220 - loadIPPluginJar : add ipddr
2025-07-16 12:41:02,082 [INFO] IPUIPlugin:80 - create IPUIPlugin
2025-07-16 12:41:02,082 [INFO] PluginManager:220 - loadIPPluginJar : add linkedlist
2025-07-16 12:41:02,089 [INFO] IPUIPlugin:80 - create IPUIPlugin
2025-07-16 12:41:02,089 [INFO] PluginManager:220 - loadIPPluginJar : add lorawan
2025-07-16 12:41:02,094 [INFO] IPUIPlugin:80 - create IPUIPlugin
2025-07-16 12:41:02,094 [INFO] PluginManager:220 - loadIPPluginJar : add ltdc
2025-07-16 12:41:02,105 [INFO] IPUIPlugin:80 - create IPUIPlugin
2025-07-16 12:41:02,105 [INFO] PluginManager:220 - loadIPPluginJar : add mdma
2025-07-16 12:41:02,113 [INFO] IPUIPlugin:80 - create IPUIPlugin
2025-07-16 12:41:02,113 [INFO] PluginManager:220 - loadIPPluginJar : add nvic
2025-07-16 12:41:02,119 [INFO] IPUIPlugin:80 - create IPUIPlugin
2025-07-16 12:41:02,119 [INFO] PluginManager:220 - loadIPPluginJar : add opamp
2025-07-16 12:41:02,124 [INFO] IPUIPlugin:80 - create IPUIPlugin
2025-07-16 12:41:02,124 [INFO] PluginManager:220 - loadIPPluginJar : add openamp
2025-07-16 12:41:02,130 [INFO] IPUIPlugin:80 - create IPUIPlugin
2025-07-16 12:41:02,130 [INFO] PluginManager:220 - loadIPPluginJar : add pdm2pcm
2025-07-16 12:41:02,142 [INFO] IPUIPlugin:80 - create IPUIPlugin
2025-07-16 12:41:02,149 [INFO] PluginManager:220 - loadIPPluginJar : add plateformsettings
2025-07-16 12:41:02,153 [INFO] IPUIPlugin:80 - create IPUIPlugin
2025-07-16 12:41:02,153 [INFO] PluginManager:220 - loadIPPluginJar : add quadspi
2025-07-16 12:41:02,156 [INFO] IPUIPlugin:80 - create IPUIPlugin
2025-07-16 12:41:02,157 [INFO] PluginManager:220 - loadIPPluginJar : add radio
2025-07-16 12:41:02,163 [INFO] IPUIPlugin:80 - create IPUIPlugin
2025-07-16 12:41:02,163 [INFO] PluginManager:220 - loadIPPluginJar : add resmgrutility
2025-07-16 12:41:02,172 [INFO] IPUIPlugin:80 - create IPUIPlugin
2025-07-16 12:41:02,172 [INFO] PluginManager:220 - loadIPPluginJar : add sai
2025-07-16 12:41:02,177 [INFO] IPUIPlugin:80 - create IPUIPlugin
2025-07-16 12:41:02,177 [INFO] PluginManager:220 - loadIPPluginJar : add spi
2025-07-16 12:41:02,194 [INFO] IPUIPlugin:80 - create IPUIPlugin
2025-07-16 12:41:02,195 [INFO] PluginManager:220 - loadIPPluginJar : add stm32_wpan
2025-07-16 12:41:02,198 [INFO] IPUIPlugin:80 - create IPUIPlugin
2025-07-16 12:41:02,199 [INFO] PluginManager:220 - loadIPPluginJar : add tim
2025-07-16 12:41:02,204 [INFO] IPUIPlugin:80 - create IPUIPlugin
2025-07-16 12:41:02,204 [INFO] PluginManager:220 - loadIPPluginJar : add touchsensing
2025-07-16 12:41:02,208 [INFO] IPUIPlugin:80 - create IPUIPlugin
2025-07-16 12:41:02,209 [INFO] PluginManager:220 - loadIPPluginJar : add tracer_emb
2025-07-16 12:41:02,212 [INFO] IPUIPlugin:80 - create IPUIPlugin
2025-07-16 12:41:02,212 [INFO] PluginManager:220 - loadIPPluginJar : add ts
2025-07-16 12:41:02,215 [INFO] IPUIPlugin:80 - create IPUIPlugin
2025-07-16 12:41:02,216 [INFO] PluginManager:220 - loadIPPluginJar : add tsc
2025-07-16 12:41:02,220 [INFO] IPUIPlugin:80 - create IPUIPlugin
2025-07-16 12:41:02,220 [INFO] PluginManager:220 - loadIPPluginJar : add ucpd
2025-07-16 12:41:02,224 [INFO] IPUIPlugin:80 - create IPUIPlugin
2025-07-16 12:41:02,225 [INFO] PluginManager:220 - loadIPPluginJar : add usart
2025-07-16 12:41:02,231 [INFO] IPUIPlugin:80 - create IPUIPlugin
2025-07-16 12:41:02,231 [INFO] PluginManager:220 - loadIPPluginJar : add usbx
2025-07-16 12:41:02,408 [FATAL] Updater:351 - Updater called before beeing initialized
2025-07-16 12:41:02,490 [INFO] RulesReader:64 - Compatibility file has been processed (301 Rules)
2025-07-16 12:41:02,502 [INFO] RulesReader:64 - Compatibility file has been processed (301 Rules)
2025-07-16 12:41:02,514 [INFO] CADModel:165 - CPN selected for project level
2025-07-16 12:41:02,514 [INFO] CADModel:114 - Register for checkConnection events
2025-07-16 12:41:02,514 [FATAL] Updater:351 - Updater called before beeing initialized
2025-07-16 12:41:02,514 [ERROR] CADModel:125 - Updater not yet initialized, retry later 
2025-07-16 12:41:02,815 [FATAL] Updater:351 - Updater called before beeing initialized
2025-07-16 12:41:02,819 [INFO] CADModel:165 - CPN selected for project level
2025-07-16 12:41:02,819 [INFO] CADModel:114 - Register for checkConnection events
2025-07-16 12:41:02,820 [FATAL] Updater:351 - Updater called before beeing initialized
2025-07-16 12:41:02,820 [ERROR] CADModel:125 - Updater not yet initialized, retry later 
2025-07-16 12:41:02,825 [FATAL] Updater:351 - Updater called before beeing initialized
2025-07-16 12:41:03,033 [FATAL] Updater:351 - Updater called before beeing initialized
2025-07-16 12:41:03,047 [INFO] DbMcusAds:53 - JSON generation date=Thu Jun 19 14:02:37 IST 2025 (1750321957418)
2025-07-16 12:41:03,047 [FATAL] Updater:351 - Updater called before beeing initialized
2025-07-16 12:41:03,109 [WARN] DetailPanel:346 - Failed to get advertising image, set to default
2025-07-16 12:41:03,536 [FATAL] Updater:351 - Updater called before beeing initialized
2025-07-16 12:41:03,538 [FATAL] Updater:351 - Updater called before beeing initialized
2025-07-16 12:41:03,538 [FATAL] Updater:351 - Updater called before beeing initialized
2025-07-16 12:41:03,538 [WARN] DetailPanel:346 - Failed to get advertising image, set to default
2025-07-16 12:41:03,540 [FATAL] Updater:351 - Updater called before beeing initialized
2025-07-16 12:41:03,615 [ERROR] Updater:1198 - MainUpdater not yet initialized. External WinMGr cannot be set.
2025-07-16 12:41:03,618 [INFO] Updater:1134 - Updater Version found : 6.14.0
2025-07-16 12:41:03,641 [INFO] ApplicationProperties:184 - Using Application install path: C:\ST\STM32CubeIDE_1.16.0\STM32CubeIDE\plugins\com.st.stm32cube.common.mx_6.14.0.202502271554
2025-07-16 12:41:04,052 [INFO] ThirdPartyUpdaterWithRetryManager:70 - Updater plugin not ready yet. [2/15]
2025-07-16 12:41:05,221 [ERROR] LogOutputStream:75 - [STDERR_REDIRECT] Jul 16, 2025 12:41:05 PM java.util.prefs.WindowsPreferences <init>
2025-07-16 12:41:05,223 [ERROR] LogOutputStream:75 - [STDERR_REDIRECT] WARNING: Could not open/create prefs root node Software\JavaSoft\Prefs at root 0xffffffff80000002. Windows RegCreateKeyEx(...) returned error code 5.
2025-07-16 12:41:05,223 [ERROR] LogOutputStream:75 - [STDERR_REDIRECT] 
2025-07-16 12:41:06,118 [INFO] MainUpdater:2872 - connection check result : 10
2025-07-16 12:41:06,119 [INFO] MainUpdater:289 - Updater Check For Update Now.
2025-07-16 12:41:06,119 [INFO] MicroXplorer:498 - Change Database Version : DB.6.0.140
2025-07-16 12:41:06,128 [INFO] McuFinderGlobals:63 - Set McuFinder mode to 2 (CubeIDE integrated)
2025-07-16 12:41:06,129 [INFO] UserAuth:486 - Internet connection configuration mode: 1
2025-07-16 12:41:06,165 [INFO] JxBrowserEngine:152 - Initiate JxBrowser Engine with user profile folder
2025-07-16 12:41:06,350 [INFO] CheckServerUpdateThread:120 - End of CheckServer Thread
2025-07-16 12:41:07,588 [INFO] WebApp:169 - Instantiating new browser for Auth
2025-07-16 12:41:07,704 [WARN] PackLoader:240 - Cannot read IP mode file for STMicroelectronics.FP-SNS-MOTENVWB1.1.4.0
2025-07-16 12:41:07,762 [WARN] PackLoader:240 - Cannot read IP mode file for STMicroelectronics.FP-ATR-ASTRA1.2.0.2
2025-07-16 12:41:07,776 [WARN] PackLoader:240 - Cannot read IP mode file for STMicroelectronics.FP-ATR-ASTRA1.2.0.1
2025-07-16 12:41:07,809 [WARN] PackLoader:240 - Cannot read IP mode file for STMicroelectronics.X-CUBE-SMBUS.2.1.0
2025-07-16 12:41:07,835 [WARN] PackLoader:240 - Cannot read IP mode file for STMicroelectronics.X-CUBE-WB05N.1.1.0
2025-07-16 12:41:07,853 [WARN] PackLoader:240 - Cannot read IP mode file for STMicroelectronics.X-CUBE-ST60.1.0.0
2025-07-16 12:41:07,956 [WARN] PackLoader:240 - Cannot read IP mode file for STMicroelectronics.X-CUBE-AZRTOS-F7.1.1.0
2025-07-16 12:41:08,147 [WARN] PackLoader:240 - Cannot read IP mode file for STMicroelectronics.X-CUBE-MEMS1.11.0.0
2025-07-16 12:41:08,602 [WARN] PackLoader:240 - Cannot read IP mode file for STMicroelectronics.FP-SNS-FLIGHT1.5.0.2
2025-07-16 12:41:08,630 [WARN] PackLoader:240 - Cannot read IP mode file for STMicroelectronics.X-CUBE-AZRTOS-H7.3.4.0
2025-07-16 12:41:08,664 [WARN] PackLoader:240 - Cannot read IP mode file for STMicroelectronics.X-CUBE-DISPLAY.3.0.0
2025-07-16 12:41:08,680 [WARN] PackLoader:240 - Cannot read IP mode file for STMicroelectronics.X-CUBE-BLE1.7.0.0
2025-07-16 12:41:08,693 [WARN] PackLoader:240 - Cannot read IP mode file for STMicroelectronics.X-CUBE-NFC10.1.0.0
2025-07-16 12:41:08,719 [WARN] PackLoader:240 - Cannot read IP mode file for STMicroelectronics.X-CUBE-BLEMGR.4.0.0
2025-07-16 12:41:08,735 [WARN] PackLoader:240 - Cannot read IP mode file for emotas.I-CUBE-CANOPEN.1.3.0
2025-07-16 12:41:08,751 [WARN] PackLoader:240 - Cannot read IP mode file for STMicroelectronics.X-CUBE-BLEMGR.3.1.0
2025-07-16 12:41:08,764 [WARN] PackLoader:240 - Cannot read IP mode file for STMicroelectronics.X-CUBE-AI.10.0.0
2025-07-16 12:41:08,774 [WARN] PackLoader:240 - Cannot read IP mode file for STMicroelectronics.FP-SNS-SMARTAG2.1.2.0
2025-07-16 12:41:08,779 [WARN] PackLoader:240 - Cannot read IP mode file for STMicroelectronics.FP-SNS-FLIGHT1.5.1.0
2025-07-16 12:41:08,845 [WARN] PackLoader:240 - Cannot read IP mode file for STMicroelectronics.X-CUBE-MEMS1.11.1.0
2025-07-16 12:41:09,103 [INFO] LogOutputStream:77 - [STDOUT_REDIRECT] 1 : Invalid condition id : UX_CORESTACK_Condition cause : null
2025-07-16 12:41:09,105 [INFO] LogOutputStream:77 - [STDOUT_REDIRECT] 1 : Invalid condition id : UX_CORESTACK_Condition cause : null
2025-07-16 12:41:09,108 [INFO] LogOutputStream:77 - [STDOUT_REDIRECT] 1 : Invalid condition id : UX_CORESTACK_Condition cause : null
2025-07-16 12:41:09,112 [INFO] LogOutputStream:77 - [STDOUT_REDIRECT] 1 : Invalid condition id : UX_CORESTACK_Condition cause : null
2025-07-16 12:41:09,115 [INFO] LogOutputStream:77 - [STDOUT_REDIRECT] 1 : Invalid condition id : UX_CORESTACK_Condition cause : null
2025-07-16 12:41:09,119 [WARN] PackLoader:240 - Cannot read IP mode file for STMicroelectronics.X-CUBE-AZRTOS-WL.2.0.0
2025-07-16 12:41:09,131 [WARN] PackLoader:240 - Cannot read IP mode file for STMicroelectronics.FP-SNS-MOTENV1.5.0.0
2025-07-16 12:41:09,142 [WARN] PackLoader:240 - Cannot read IP mode file for wolfSSL.I-CUBE-wolfMQTT.1.19.0
2025-07-16 12:41:09,162 [WARN] PackLoader:240 - Cannot read IP mode file for WES.I-CUBE-Cesium.1.3.0
2025-07-16 12:41:09,173 [WARN] PackLoader:240 - Cannot read IP mode file for STMicroelectronics.X-CUBE-BLE2.3.3.0
2025-07-16 12:41:09,187 [WARN] PackLoader:240 - Cannot read IP mode file for STMicroelectronics.X-CUBE-NFC9.1.0.0
2025-07-16 12:41:09,200 [WARN] PackLoader:240 - Cannot read IP mode file for STMicroelectronics.X-CUBE-BLE1.7.1.0
2025-07-16 12:41:09,210 [WARN] PackLoader:240 - Cannot read IP mode file for STMicroelectronics.X-CUBE-TCPP.4.1.0
2025-07-16 12:41:09,226 [WARN] PackLoader:240 - Cannot read IP mode file for STMicroelectronics.X-CUBE-EEPRMA1.5.2.0
2025-07-16 12:41:09,235 [WARN] PackLoader:240 - Cannot read IP mode file for STMicroelectronics.X-CUBE-AI.10.1.0
2025-07-16 12:41:09,367 [WARN] PackLoader:240 - Cannot read IP mode file for STMicroelectronics.X-CUBE-MEMS1.11.2.0
2025-07-16 12:41:09,785 [WARN] PackLoader:240 - Cannot read IP mode file for STMicroelectronics.X-CUBE-AZRTOS-G0.1.1.0
2025-07-16 12:41:09,809 [WARN] PackLoader:240 - Cannot read IP mode file for STMicroelectronics.X-CUBE-SAFEA1.1.2.2
2025-07-16 12:41:09,825 [WARN] PackLoader:240 - Cannot read IP mode file for STMicroelectronics.X-CUBE-NFC4.3.0.0
2025-07-16 12:41:09,853 [WARN] PackLoader:240 - Cannot read IP mode file for EmbeddedOffice.I-CUBE-FS-RTOS.1.0.1
2025-07-16 12:41:09,867 [WARN] PackLoader:240 - Cannot read IP mode file for STMicroelectronics.X-CUBE-WB05N.2.0.0
2025-07-16 12:41:09,880 [WARN] PackLoader:240 - Cannot read IP mode file for STMicroelectronics.X-CUBE-TCPP.4.2.0
2025-07-16 12:41:09,897 [WARN] PackLoader:240 - Cannot read IP mode file for RealThread.X-CUBE-RT-Thread_Nano.4.1.1
2025-07-16 12:41:09,909 [WARN] PackLoader:240 - Cannot read IP mode file for STMicroelectronics.FP-ATR-SIGFOX1.3.2.0
2025-07-16 12:41:09,920 [WARN] PackLoader:240 - Cannot read IP mode file for wolfSSL.I-CUBE-wolfSSL.5.7.2
2025-07-16 12:41:09,930 [WARN] ConditionMgr:438 - getConditionDescription Invalid condition id : Cortex-A Device cause : null
2025-07-16 12:41:09,988 [WARN] ConditionMgr:1044 - genDependencies : Invalid condition id : Cortex-A Device cause : null
2025-07-16 12:41:09,989 [WARN] ConditionMgr:1044 - genDependencies : Invalid condition id : Cortex-A Device cause : null
2025-07-16 12:41:09,989 [WARN] ConditionMgr:1044 - genDependencies : Invalid condition id : Cortex-A Device cause : null
2025-07-16 12:41:10,002 [WARN] PackLoader:240 - Cannot read IP mode file for STMicroelectronics.X-CUBE-EEPRMA1.5.1.0
2025-07-16 12:41:10,032 [WARN] PackLoader:240 - Cannot read IP mode file for ITTIA_DB.I-CUBE-ITTIADB.8.9.0
2025-07-16 12:41:10,053 [WARN] PackLoader:240 - Cannot read IP mode file for STMicroelectronics.X-CUBE-ST67W61.1.0.0
2025-07-16 12:41:10,118 [WARN] PackLoader:240 - Cannot read IP mode file for SEGGER.I-CUBE-embOS.1.3.1
2025-07-16 12:41:10,227 [WARN] PackLoader:240 - Cannot read IP mode file for STMicroelectronics.X-CUBE-ALGOBUILD.1.4.0
2025-07-16 12:41:10,404 [WARN] PackLoader:240 - Cannot read IP mode file for STMicroelectronics.X-CUBE-MEMS1.11.3.0
2025-07-16 12:41:10,766 [WARN] PackLoader:240 - Cannot read IP mode file for STMicroelectronics.X-CUBE-AI.9.1.0
2025-07-16 12:41:10,777 [WARN] PackLoader:240 - Cannot read IP mode file for STMicroelectronics.X-CUBE-PM33A1.1.0.0
2025-07-16 12:41:10,791 [WARN] PackLoader:240 - Cannot read IP mode file for STMicroelectronics.X-CUBE-GNSS1.6.0.0
2025-07-16 12:41:10,822 [INFO] WebApp:463 - Apply proxy settings
2025-07-16 12:41:10,824 [INFO] WebApp:548 - Chromium requires no authentication
2025-07-16 12:41:10,848 [WARN] PackLoader:240 - Cannot read IP mode file for STMicroelectronics.X-CUBE-AZRTOS-F4.1.1.0
2025-07-16 12:41:10,863 [INFO] WebApp:491 - Direct internet connection detected
2025-07-16 12:41:10,865 [WARN] PackLoader:240 - Cannot read IP mode file for Avnet-IotConnect.X-CUBE-IoTC-DA16k-PMOD.1.0.0
2025-07-16 12:41:10,876 [WARN] PackLoader:240 - Cannot read IP mode file for STMicroelectronics.X-CUBE-ISPU.2.1.0
2025-07-16 12:41:10,890 [WARN] PackLoader:240 - Cannot read IP mode file for STMicroelectronics.X-CUBE-FREERTOS.1.2.0
2025-07-16 12:41:10,908 [WARN] PackLoader:240 - Cannot read IP mode file for STMicroelectronics.X-CUBE-NFC12.1.0.0
2025-07-16 12:41:10,950 [INFO] WebApp:894 - Register for checkConnection events
2025-07-16 12:41:10,950 [INFO] WebApp:463 - Apply proxy settings
2025-07-16 12:41:10,951 [INFO] WebApp:548 - Chromium requires no authentication
2025-07-16 12:41:10,954 [INFO] WebApp:491 - Direct internet connection detected
2025-07-16 12:41:10,960 [WARN] PackLoader:240 - Cannot read IP mode file for STMicroelectronics.X-CUBE-AZRTOS-L5.2.0.0
2025-07-16 12:41:10,983 [WARN] PackLoader:240 - Cannot read IP mode file for STMicroelectronics.X-CUBE-NFC6.3.1.0
2025-07-16 12:41:10,999 [WARN] PackLoader:240 - Cannot read IP mode file for STMicroelectronics.X-CUBE-DPower.1.2.0
2025-07-16 12:41:11,008 [WARN] PackLoader:240 - Cannot read IP mode file for STMicroelectronics.X-CUBE-AI.9.0.0
2025-07-16 12:41:11,018 [WARN] PackLoader:240 - Cannot read IP mode file for STMicroelectronics.X-CUBE-FREERTOS.1.3.1
2025-07-16 12:41:11,028 [WARN] PackLoader:240 - Cannot read IP mode file for STMicroelectronics.X-CUBE-FREERTOS.1.3.0
2025-07-16 12:41:11,041 [WARN] PackLoader:240 - Cannot read IP mode file for STMicroelectronics.X-CUBE-NFC7.1.0.1
2025-07-16 12:41:11,052 [WARN] PackLoader:240 - Cannot read IP mode file for wolfSSL.I-CUBE-wolfTPM.3.2.0
2025-07-16 12:41:11,063 [WARN] PackLoader:240 - Cannot read IP mode file for STMicroelectronics.FP-SNS-STAIOTCFT.1.0.0
2025-07-16 12:41:11,072 [WARN] PackLoader:240 - Cannot read IP mode file for STMicroelectronics.X-CUBE-DPower.1.3.0
2025-07-16 12:41:11,105 [WARN] ConditionMgr:438 - getConditionDescription Invalid condition id : LAN8742 Phy interface Condition cause : null
2025-07-16 12:41:11,106 [WARN] PackLoader:240 - Cannot read IP mode file for STMicroelectronics.X-CUBE-AZRTOS-L4.2.0.0
2025-07-16 12:41:11,108 [WARN] ConditionMgr:1044 - genDependencies : Invalid condition id : LAN8742 Phy interface Condition cause : null
2025-07-16 12:41:11,108 [WARN] ConditionMgr:1044 - genDependencies : Invalid condition id : LAN8742 Phy interface Condition cause : null
2025-07-16 12:41:11,109 [WARN] ConditionMgr:1044 - genDependencies : Invalid condition id : LAN8742 Phy interface Condition cause : null
2025-07-16 12:41:11,123 [WARN] PackLoader:240 - Cannot read IP mode file for STMicroelectronics.X-CUBE-SFXS2LP1.4.0.0
2025-07-16 12:41:11,170 [WARN] PackLoader:240 - Cannot read IP mode file for STMicroelectronics.X-CUBE-AZRTOS-H7.3.3.0
2025-07-16 12:41:11,200 [WARN] PackLoader:240 - Cannot read IP mode file for STMicroelectronics.X-CUBE-IPS.3.0.0
2025-07-16 12:41:11,225 [WARN] ConditionMgr:438 - getConditionDescription Invalid condition id : UX DEVICE CLASS RTOS Condition cause : null
2025-07-16 12:41:11,225 [WARN] ConditionMgr:438 - getConditionDescription Invalid condition id : UX DEVICE CLASS RTOS Condition cause : null
2025-07-16 12:41:11,228 [WARN] PackLoader:240 - Cannot read IP mode file for STMicroelectronics.X-CUBE-AZRTOS-WB.2.0.0
2025-07-16 12:41:11,229 [WARN] ConditionMgr:1044 - genDependencies : Invalid condition id : UX DEVICE CLASS RTOS Condition cause : null
2025-07-16 12:41:11,229 [WARN] ConditionMgr:1044 - genDependencies : Invalid condition id : UX DEVICE CLASS RTOS Condition cause : null
2025-07-16 12:41:11,230 [WARN] ConditionMgr:1044 - genDependencies : Invalid condition id : UX DEVICE CLASS RTOS Condition cause : null
2025-07-16 12:41:11,231 [WARN] ConditionMgr:1044 - genDependencies : Invalid condition id : UX DEVICE CLASS RTOS Condition cause : null
2025-07-16 12:41:11,231 [WARN] ConditionMgr:1044 - genDependencies : Invalid condition id : UX DEVICE CLASS RTOS Condition cause : null
2025-07-16 12:41:11,241 [WARN] PackLoader:240 - Cannot read IP mode file for STMicroelectronics.X-CUBE-GNSS1.7.0.0
2025-07-16 12:41:11,251 [WARN] PackLoader:240 - Cannot read IP mode file for STMicroelectronics.X-CUBE-GNSS1.7.0.1
2025-07-16 12:41:11,265 [WARN] PackLoader:240 - Cannot read IP mode file for STMicroelectronics.X-CUBE-TOUCHGFX.4.25.0
2025-07-16 12:41:11,277 [WARN] PackLoader:240 - Cannot read IP mode file for STMicroelectronics.FP-SNS-STBOX1.2.0.0
2025-07-16 12:41:11,299 [WARN] PackLoader:240 - Cannot read IP mode file for STMicroelectronics.X-CUBE-SUBG2.5.0.0
2025-07-16 12:41:11,335 [WARN] PackLoader:240 - Cannot read IP mode file for STMicroelectronics.X-CUBE-AZRTOS-H7RS.1.1.0
2025-07-16 12:41:11,348 [WARN] PackLoader:240 - Cannot read IP mode file for Cesanta.I-CUBE-Mongoose.7.13.0
2025-07-16 12:41:11,379 [WARN] PackLoader:240 - Cannot read IP mode file for STMicroelectronics.X-CUBE-AZRTOS-G4.2.0.0
2025-07-16 12:41:11,391 [WARN] PackLoader:240 - Cannot read IP mode file for STMicroelectronics.X-CUBE-NFC7.2.0.0
2025-07-16 12:41:11,400 [WARN] PackLoader:240 - Cannot read IP mode file for STMicroelectronics.X-CUBE-ISPU.2.0.0
2025-07-16 12:41:11,422 [WARN] PackLoader:240 - Cannot read IP mode file for STMicroelectronics.X-CUBE-IPS.3.1.0
2025-07-16 12:41:11,439 [WARN] PackLoader:240 - Cannot read IP mode file for STMicroelectronics.X-CUBE-ALS.1.0.2
2025-07-16 12:41:11,527 [WARN] PackLoader:240 - Cannot read IP mode file for STMicroelectronics.X-CUBE-MEMS1.10.0.0
2025-07-16 12:41:11,850 [WARN] PackLoader:240 - Cannot read IP mode file for STMicroelectronics.X-CUBE-TOUCHGFX.4.24.0
2025-07-16 12:41:11,859 [WARN] PackLoader:240 - Cannot read IP mode file for STMicroelectronics.X-CUBE-TOUCHGFX.4.24.2
2025-07-16 12:41:11,865 [WARN] PackLoader:240 - Cannot read IP mode file for STMicroelectronics.X-CUBE-TOUCHGFX.4.24.1
2025-07-16 12:41:11,901 [WARN] PackLoader:240 - Cannot read IP mode file for portGmbH.I-Cube-SoM-uGOAL.1.1.0
2025-07-16 12:41:11,948 [WARN] PackLoader:240 - Cannot read IP mode file for STMicroelectronics.X-CUBE-AZRTOS-H7RS.1.0.0
2025-07-16 12:41:11,963 [WARN] PackLoader:240 - Cannot read IP mode file for STMicroelectronics.FP-ATR-ASTRA1.2.0.0
2025-07-16 12:41:11,988 [WARN] PackLoader:240 - Cannot read IP mode file for STMicroelectronics.X-CUBE-TOF1.3.4.2
2025-07-16 12:41:12,039 [WARN] PackLoader:240 - Cannot read IP mode file for STMicroelectronics.X-CUBE-TOF1.3.4.3
2025-07-16 12:41:12,117 [WARN] PackLoader:240 - Cannot read IP mode file for STMicroelectronics.X-CUBE-AZRTOS-H7.3.2.0
2025-07-16 12:41:12,161 [WARN] PackLoader:240 - Cannot read IP mode file for Infineon.AIROC-Wi-Fi-Bluetooth-STM32.1.6.0
2025-07-16 12:41:12,178 [WARN] PackLoader:240 - Cannot read IP mode file for wolfSSL.I-CUBE-wolfSSH.1.4.17
2025-07-16 12:41:12,179 [INFO] ThirdParty:978 - Integrity check success = true
2025-07-16 12:41:12,179 [INFO] IntegrityCheckThread:100 - exiting critical section [integrity check]
2025-07-16 12:41:12,180 [INFO] IntegrityCheckThread:103 - End integrity checks thread
2025-07-16 12:41:12,186 [INFO] WebApp:225 - Starting web application
2025-07-16 12:41:12,187 [INFO] WebApp:593 - Web application path used C:\ST\STM32CubeIDE_1.16.0\STM32CubeIDE\plugins\com.st.stm32cube.common.mx_6.14.0.202502271554\db\plugins\mcufinder\reactClient1\index.html
2025-07-16 12:41:12,459 [INFO] UserAuth:486 - Internet connection configuration mode: 1
2025-07-16 12:41:12,958 [INFO] WebApp:191 - Connection restablished
2025-07-16 12:42:02,867 [ERROR] LogOutputStream:75 - [STDERR_REDIRECT] 
