2025-04-01 09:04:46,145 [INFO] Activator:176 - 


2025-04-01 09:04:46,155 [INFO] Activator:177 - !SESSION log4j initialized
2025-04-01 09:05:02,581 [INFO] LogOutputStream:77 - [STDOUT_REDIRECT] 
2025-04-01 09:05:04,211 [INFO] ApplicationProperties:184 - Using Application install path: C:\ST\STM32CubeIDE_1.16.0\STM32CubeIDE\plugins\com.st.stm32cube.common.mx_6.14.0.202502271554
2025-04-01 09:05:04,237 [INFO] DbMcusXml:78 - Set database path to: C:\ST\STM32CubeIDE_1.16.0\STM32CubeIDE\plugins\com.st.stm32cube.common.mx_6.14.0.202502271554\\db\/mcu/
2025-04-01 09:05:04,237 [INFO] ApiDb:274 - Set plugin database path to: C:\ST\STM32CubeIDE_1.16.0\STM32CubeIDE\plugins\com.st.stm32cube.common.mx_6.14.0.202502271554\\db\/plugins/boardmanager/
2025-04-01 09:05:04,238 [WARN] ApiDb:259 - Overriding images path with different value:  => C:\ST\STM32CubeIDE_1.16.0\STM32CubeIDE\plugins\com.st.stm32cube.common.mx_6.14.0.202502271554\\db\/plugins/mcufinder/images/
2025-04-01 09:05:04,251 [INFO] ApiDb:250 - Set database path to: C:\Users\hashara\.stmcufinder\plugins\mcufinder//mcu/
2025-04-01 09:05:04,252 [INFO] DbMcusAds:125 - Set database path to: C:\Users\hashara\.stmcufinder\plugins\mcufinder//mcu/
2025-04-01 09:05:04,256 [INFO] CrossReferenceDbSqlite:203 - Set database path to: C:\Users\hashara\.stmcufinder\plugins\mcufinder//mcu/cs/
2025-04-01 09:05:04,466 [INFO] RulesReader:64 - Compatibility file has been processed (301 Rules)
2025-04-01 09:05:04,630 [INFO] DbMcusXml:78 - Set database path to: C:\ST\STM32CubeIDE_1.16.0\STM32CubeIDE\plugins\com.st.stm32cube.common.mx_6.14.0.202502271554\\db\/mcu/
2025-04-01 09:05:04,630 [INFO] ApiDb:274 - Set plugin database path to: C:\ST\STM32CubeIDE_1.16.0\STM32CubeIDE\plugins\com.st.stm32cube.common.mx_6.14.0.202502271554\\db\/plugins/boardmanager/
2025-04-01 09:05:04,631 [INFO] ApiDb:261 - Set plugin images path to: C:\ST\STM32CubeIDE_1.16.0\STM32CubeIDE\plugins\com.st.stm32cube.common.mx_6.14.0.202502271554\\db\/plugins/mcufinder/images/
2025-04-01 09:05:04,631 [WARN] DbFile:41 - Overriding database path with different value: C:\Users\hashara\.stmcufinder\plugins\mcufinder/ => C:\Users\hashara\.stmcufinder\plugins\mcufinder
2025-04-01 09:05:04,631 [INFO] ApiDb:250 - Set database path to: C:\Users\hashara\.stmcufinder\plugins\mcufinder//mcu/
2025-04-01 09:05:04,631 [WARN] DbFile:41 - Overriding database path with different value: C:\Users\hashara\.stmcufinder\plugins\mcufinder/ => C:\Users\hashara\.stmcufinder\plugins\mcufinder
2025-04-01 09:05:04,632 [INFO] DbMcusAds:125 - Set database path to: C:\Users\hashara\.stmcufinder\plugins\mcufinder//mcu/
2025-04-01 09:05:04,632 [WARN] DbFile:41 - Overriding database path with different value: C:\Users\hashara\.stmcufinder\plugins\mcufinder/ => C:\Users\hashara\.stmcufinder\plugins\mcufinder
2025-04-01 09:05:04,632 [WARN] DbFile:41 - Overriding database path with different value: C:\Users\hashara\.stmcufinder\plugins\mcufinder/ => C:\Users\hashara\.stmcufinder\plugins\mcufinder
2025-04-01 09:05:04,632 [INFO] CrossReferenceDbSqlite:203 - Set database path to: C:\Users\hashara\.stmcufinder\plugins\mcufinder//mcu/cs/
2025-04-01 09:05:04,754 [INFO] MainPanel:272 - HeapMemory: 268435456
2025-04-01 09:05:04,907 [INFO] DbMcusXml:78 - Set database path to: C:\ST\STM32CubeIDE_1.16.0\STM32CubeIDE\plugins\com.st.stm32cube.common.mx_6.14.0.202502271554\\db\/mcu/
2025-04-01 09:05:04,907 [INFO] ApiDb:274 - Set plugin database path to: C:\ST\STM32CubeIDE_1.16.0\STM32CubeIDE\plugins\com.st.stm32cube.common.mx_6.14.0.202502271554\\db\/plugins/boardmanager/
2025-04-01 09:05:04,908 [INFO] ApiDb:261 - Set plugin images path to: C:\ST\STM32CubeIDE_1.16.0\STM32CubeIDE\plugins\com.st.stm32cube.common.mx_6.14.0.202502271554\\db\/plugins/mcufinder/images/
2025-04-01 09:05:04,909 [WARN] DbFile:41 - Overriding database path with different value: C:\Users\hashara\.stmcufinder\plugins\mcufinder/ => C:\Users\hashara\.stmcufinder\plugins\mcufinder
2025-04-01 09:05:04,909 [INFO] ApiDb:250 - Set database path to: C:\Users\hashara\.stmcufinder\plugins\mcufinder//mcu/
2025-04-01 09:05:04,909 [WARN] DbFile:41 - Overriding database path with different value: C:\Users\hashara\.stmcufinder\plugins\mcufinder/ => C:\Users\hashara\.stmcufinder\plugins\mcufinder
2025-04-01 09:05:04,909 [INFO] DbMcusAds:125 - Set database path to: C:\Users\hashara\.stmcufinder\plugins\mcufinder//mcu/
2025-04-01 09:05:04,909 [WARN] DbFile:41 - Overriding database path with different value: C:\Users\hashara\.stmcufinder\plugins\mcufinder/ => C:\Users\hashara\.stmcufinder\plugins\mcufinder
2025-04-01 09:05:04,910 [WARN] DbFile:41 - Overriding database path with different value: C:\Users\hashara\.stmcufinder\plugins\mcufinder/ => C:\Users\hashara\.stmcufinder\plugins\mcufinder
2025-04-01 09:05:04,910 [INFO] CrossReferenceDbSqlite:203 - Set database path to: C:\Users\hashara\.stmcufinder\plugins\mcufinder//mcu/cs/
2025-04-01 09:05:04,947 [INFO] ApplicationProperties:184 - Using Application install path: C:\ST\STM32CubeIDE_1.16.0\STM32CubeIDE\plugins\com.st.stm32cube.common.mx_6.14.0.202502271554
2025-04-01 09:05:04,949 [INFO] PluginManage:196 - Search for loadable plugins [exclusion list=, ]
2025-04-01 09:05:04,952 [INFO] PluginManage:310 - Check plugin analytics
2025-04-01 09:05:05,402 [INFO] AnalyticsPlugin:253 - Accepted Software Licenses: 
2025-04-01 09:05:05,402 [INFO] AnalyticsPlugin:255 - Accepted CMSIS Pack Licenses: 
2025-04-01 09:05:05,403 [INFO] AnalyticsPlugin:257 - Accepted Firmware Licenses: FW.F4.1.28.0,FW.L5.1.5.0,FW.H7.1.11.0,FW.WB.1.21.0,FW.WL.1.3.0
2025-04-01 09:05:05,412 [INFO] PluginManage:359 - Loaded plugin analytics (category:tool,tabindex:-1)
2025-04-01 09:05:05,412 [INFO] PluginManage:310 - Check plugin cadmodel
2025-04-01 09:05:05,459 [INFO] CADModel:105 - Init CAD model plugin
2025-04-01 09:05:05,459 [INFO] PluginManage:359 - Loaded plugin cadmodel (category:power,tabindex:5)
2025-04-01 09:05:05,460 [INFO] PluginManage:310 - Check plugin clock
2025-04-01 09:05:05,507 [INFO] PluginManage:359 - Loaded plugin clock (category:base,tabindex:2)
2025-04-01 09:05:05,508 [INFO] PluginManage:310 - Check plugin ddr
2025-04-01 09:05:05,516 [INFO] PluginManage:359 - Loaded plugin ddr (category:tool,tabindex:6)
2025-04-01 09:05:05,517 [INFO] PluginManage:310 - Check plugin filemanager
2025-04-01 09:05:05,853 [INFO] PluginManage:359 - Loaded plugin filemanager (category:base,tabindex:10)
2025-04-01 09:05:05,853 [INFO] PluginManage:310 - Check plugin ipmanager
2025-04-01 09:05:05,867 [INFO] PluginManage:359 - Loaded plugin ipmanager (category:base,tabindex:5)
2025-04-01 09:05:05,867 [INFO] PluginManage:310 - Check plugin lpbam
2025-04-01 09:05:05,896 [INFO] PluginManage:359 - Loaded plugin lpbam (category:base,tabindex:0)
2025-04-01 09:05:05,897 [INFO] PluginManage:310 - Check plugin memorymap
2025-04-01 09:05:05,930 [INFO] PluginManage:359 - Loaded plugin memorymap (category:base,tabindex:4)
2025-04-01 09:05:05,930 [INFO] PluginManage:310 - Check plugin pinoutandconfiguration
2025-04-01 09:05:05,954 [INFO] PluginManage:359 - Loaded plugin pinoutandconfiguration (category:base,tabindex:1)
2025-04-01 09:05:05,955 [INFO] PluginManage:310 - Check plugin pinoutconfig
2025-04-01 09:05:06,130 [WARN] SupportedApi:132 - Cannot load RTOS API schema: s4s-elt-must-match.1: The content of 'definitions' must match (annotation?, (simpleType | complexType)?, (unique | key | keyref)*)). A problem was found starting at: attribute.
2025-04-01 09:05:06,385 [INFO] PluginManage:359 - Loaded plugin pinoutconfig (category:base,tabindex:0)
2025-04-01 09:05:06,385 [INFO] PluginManage:310 - Check plugin power
2025-04-01 09:05:06,426 [INFO] PluginManage:359 - Loaded plugin power (category:power,tabindex:4)
2025-04-01 09:05:06,426 [INFO] PluginManage:310 - Check plugin projectmanager
2025-04-01 09:05:06,455 [INFO] PluginManage:359 - Loaded plugin projectmanager (category:projectmanager,tabindex:4)
2025-04-01 09:05:06,455 [INFO] PluginManage:310 - Check plugin rif
2025-04-01 09:05:06,492 [INFO] PluginManage:359 - Loaded plugin rif (category:base,tabindex:3)
2025-04-01 09:05:06,492 [INFO] PluginManage:310 - Check plugin thirdparty
2025-04-01 09:05:07,012 [INFO] PluginManage:359 - Loaded plugin thirdparty (category:base,tabindex:-1)
2025-04-01 09:05:07,012 [WARN] IntegrityCheckThread:84 - waiting for thirdparty lock release [integrity check]
2025-04-01 09:05:07,013 [INFO] PluginManage:310 - Check plugin tools
2025-04-01 09:05:07,013 [INFO] IntegrityCheckThread:86 - entering critical section [integrity check]
2025-04-01 09:05:07,013 [INFO] ThirdPartyUpdaterWithRetryManager:70 - Updater plugin not ready yet. [1/15]
2025-04-01 09:05:07,081 [INFO] PluginManage:359 - Loaded plugin tools (category:base,tabindex:7)
2025-04-01 09:05:07,081 [INFO] PluginManage:310 - Check plugin tutovideos
2025-04-01 09:05:07,467 [INFO] PluginManage:359 - Loaded plugin tutovideos (category:base,tabindex:-1)
2025-04-01 09:05:07,467 [INFO] PluginManage:310 - Check plugin updater
2025-04-01 09:05:07,514 [INFO] PluginManage:359 - Loaded plugin updater (category:base,tabindex:12)
2025-04-01 09:05:07,515 [INFO] PluginManage:310 - Check plugin userauth
2025-04-01 09:05:07,521 [INFO] UserAuth:118 - Init User Auth plugin
2025-04-01 09:05:07,523 [INFO] PluginManage:359 - Loaded plugin userauth (category:base,tabindex:14)
2025-04-01 09:05:07,524 [INFO] PluginManage:283 - PluginManage : Loaded plugins [18]
2025-04-01 09:05:07,844 [INFO] PinOutPanel:1589 - setPackage(No Configuration,No Configuration)
2025-04-01 09:05:07,976 [INFO] CADModel:165 - CPN selected for project level
2025-04-01 09:05:07,977 [INFO] CADModel:114 - Register for checkConnection events
2025-04-01 09:05:08,028 [INFO] IPUIPlugin:80 - create IPUIPlugin
2025-04-01 09:05:08,028 [INFO] PluginManager:220 - loadIPPluginJar : add adc
2025-04-01 09:05:08,105 [INFO] IPUIPlugin:80 - create IPUIPlugin
2025-04-01 09:05:08,105 [INFO] PluginManager:220 - loadIPPluginJar : add aes
2025-04-01 09:05:08,189 [INFO] IPUIPlugin:80 - create IPUIPlugin
2025-04-01 09:05:08,189 [INFO] PluginManager:220 - loadIPPluginJar : add can
2025-04-01 09:05:08,240 [INFO] IPUIPlugin:80 - create IPUIPlugin
2025-04-01 09:05:08,240 [INFO] PluginManager:220 - loadIPPluginJar : add comp
2025-04-01 09:05:08,311 [INFO] IPUIPlugin:80 - create IPUIPlugin
2025-04-01 09:05:08,311 [INFO] PluginManager:220 - loadIPPluginJar : add cryp
2025-04-01 09:05:08,333 [INFO] IPUIPlugin:80 - create IPUIPlugin
2025-04-01 09:05:08,333 [INFO] PluginManager:220 - loadIPPluginJar : add ddr_ctrl_phy
2025-04-01 09:05:08,388 [INFO] IPUIPlugin:80 - create IPUIPlugin
2025-04-01 09:05:08,388 [INFO] PluginManager:220 - loadIPPluginJar : add dfsdm
2025-04-01 09:05:08,407 [INFO] IPUIPlugin:80 - create IPUIPlugin
2025-04-01 09:05:08,407 [INFO] PluginManager:220 - loadIPPluginJar : add dma
2025-04-01 09:05:08,469 [INFO] IPUIPlugin:80 - create IPUIPlugin
2025-04-01 09:05:08,469 [INFO] PluginManager:220 - loadIPPluginJar : add dma3
2025-04-01 09:05:08,542 [INFO] IPUIPlugin:80 - create IPUIPlugin
2025-04-01 09:05:08,543 [INFO] PluginManager:220 - loadIPPluginJar : add extmemmanager
2025-04-01 09:05:08,577 [INFO] IPUIPlugin:80 - create IPUIPlugin
2025-04-01 09:05:08,578 [INFO] PluginManager:220 - loadIPPluginJar : add fatfs
2025-04-01 09:05:08,656 [INFO] IPUIPlugin:80 - create IPUIPlugin
2025-04-01 09:05:08,656 [INFO] PluginManager:220 - loadIPPluginJar : add fmc
2025-04-01 09:05:08,684 [INFO] IPUIPlugin:80 - create IPUIPlugin
2025-04-01 09:05:08,684 [INFO] PluginManager:220 - loadIPPluginJar : add freertos
2025-04-01 09:05:08,717 [INFO] IPUIPlugin:80 - create IPUIPlugin
2025-04-01 09:05:08,717 [INFO] PluginManager:220 - loadIPPluginJar : add genericplugin
2025-04-01 09:05:08,876 [INFO] IPUIPlugin:80 - create IPUIPlugin
2025-04-01 09:05:08,876 [INFO] PluginManager:220 - loadIPPluginJar : add gfxmmu
2025-04-01 09:05:09,094 [INFO] IPUIPlugin:80 - create IPUIPlugin
2025-04-01 09:05:09,095 [INFO] PluginManager:220 - loadIPPluginJar : add gic
2025-04-01 09:05:09,113 [INFO] IPUIPlugin:80 - create IPUIPlugin
2025-04-01 09:05:09,113 [INFO] PluginManager:220 - loadIPPluginJar : add gpio
2025-04-01 09:05:09,267 [INFO] IPUIPlugin:80 - create IPUIPlugin
2025-04-01 09:05:09,267 [INFO] PluginManager:220 - loadIPPluginJar : add gtzc
2025-04-01 09:05:09,320 [INFO] IPUIPlugin:80 - create IPUIPlugin
2025-04-01 09:05:09,320 [INFO] PluginManager:220 - loadIPPluginJar : add hash
2025-04-01 09:05:09,406 [INFO] IPUIPlugin:80 - create IPUIPlugin
2025-04-01 09:05:09,406 [INFO] PluginManager:220 - loadIPPluginJar : add i2c
2025-04-01 09:05:09,470 [INFO] IPUIPlugin:80 - create IPUIPlugin
2025-04-01 09:05:09,470 [INFO] PluginManager:220 - loadIPPluginJar : add i2s
2025-04-01 09:05:09,536 [INFO] IPUIPlugin:80 - create IPUIPlugin
2025-04-01 09:05:09,536 [INFO] PluginManager:220 - loadIPPluginJar : add i3c
2025-04-01 09:05:09,708 [INFO] IPUIPlugin:80 - create IPUIPlugin
2025-04-01 09:05:09,708 [INFO] PluginManager:220 - loadIPPluginJar : add ipddr
2025-04-01 09:05:09,863 [INFO] IPUIPlugin:80 - create IPUIPlugin
2025-04-01 09:05:09,863 [INFO] PluginManager:220 - loadIPPluginJar : add linkedlist
2025-04-01 09:05:09,919 [INFO] IPUIPlugin:80 - create IPUIPlugin
2025-04-01 09:05:09,920 [INFO] PluginManager:220 - loadIPPluginJar : add lorawan
2025-04-01 09:05:09,979 [INFO] IPUIPlugin:80 - create IPUIPlugin
2025-04-01 09:05:09,980 [INFO] PluginManager:220 - loadIPPluginJar : add ltdc
2025-04-01 09:05:10,001 [INFO] IPUIPlugin:80 - create IPUIPlugin
2025-04-01 09:05:10,001 [INFO] PluginManager:220 - loadIPPluginJar : add mdma
2025-04-01 09:05:10,014 [INFO] ThirdPartyUpdaterWithRetryManager:70 - Updater plugin not ready yet. [2/15]
2025-04-01 09:05:10,019 [INFO] IPUIPlugin:80 - create IPUIPlugin
2025-04-01 09:05:10,020 [INFO] PluginManager:220 - loadIPPluginJar : add nvic
2025-04-01 09:05:10,087 [INFO] IPUIPlugin:80 - create IPUIPlugin
2025-04-01 09:05:10,087 [INFO] PluginManager:220 - loadIPPluginJar : add opamp
2025-04-01 09:05:10,189 [INFO] IPUIPlugin:80 - create IPUIPlugin
2025-04-01 09:05:10,190 [INFO] PluginManager:220 - loadIPPluginJar : add openamp
2025-04-01 09:05:10,261 [INFO] IPUIPlugin:80 - create IPUIPlugin
2025-04-01 09:05:10,261 [INFO] PluginManager:220 - loadIPPluginJar : add pdm2pcm
2025-04-01 09:05:10,284 [INFO] IPUIPlugin:80 - create IPUIPlugin
2025-04-01 09:05:10,288 [INFO] PluginManager:220 - loadIPPluginJar : add plateformsettings
2025-04-01 09:05:10,324 [INFO] IPUIPlugin:80 - create IPUIPlugin
2025-04-01 09:05:10,324 [INFO] PluginManager:220 - loadIPPluginJar : add quadspi
2025-04-01 09:05:10,368 [INFO] IPUIPlugin:80 - create IPUIPlugin
2025-04-01 09:05:10,369 [INFO] PluginManager:220 - loadIPPluginJar : add radio
2025-04-01 09:05:10,388 [INFO] IPUIPlugin:80 - create IPUIPlugin
2025-04-01 09:05:10,388 [INFO] PluginManager:220 - loadIPPluginJar : add resmgrutility
2025-04-01 09:05:10,466 [INFO] IPUIPlugin:80 - create IPUIPlugin
2025-04-01 09:05:10,466 [INFO] PluginManager:220 - loadIPPluginJar : add sai
2025-04-01 09:05:10,532 [INFO] IPUIPlugin:80 - create IPUIPlugin
2025-04-01 09:05:10,532 [INFO] PluginManager:220 - loadIPPluginJar : add spi
2025-04-01 09:05:10,664 [INFO] IPUIPlugin:80 - create IPUIPlugin
2025-04-01 09:05:10,664 [INFO] PluginManager:220 - loadIPPluginJar : add stm32_wpan
2025-04-01 09:05:10,703 [INFO] IPUIPlugin:80 - create IPUIPlugin
2025-04-01 09:05:10,704 [INFO] PluginManager:220 - loadIPPluginJar : add tim
2025-04-01 09:05:10,805 [INFO] IPUIPlugin:80 - create IPUIPlugin
2025-04-01 09:05:10,805 [INFO] PluginManager:220 - loadIPPluginJar : add touchsensing
2025-04-01 09:05:10,842 [INFO] IPUIPlugin:80 - create IPUIPlugin
2025-04-01 09:05:10,842 [INFO] PluginManager:220 - loadIPPluginJar : add tracer_emb
2025-04-01 09:05:10,880 [INFO] IPUIPlugin:80 - create IPUIPlugin
2025-04-01 09:05:10,880 [INFO] PluginManager:220 - loadIPPluginJar : add ts
2025-04-01 09:05:10,916 [INFO] IPUIPlugin:80 - create IPUIPlugin
2025-04-01 09:05:10,917 [INFO] PluginManager:220 - loadIPPluginJar : add tsc
2025-04-01 09:05:10,952 [INFO] IPUIPlugin:80 - create IPUIPlugin
2025-04-01 09:05:10,952 [INFO] PluginManager:220 - loadIPPluginJar : add ucpd
2025-04-01 09:05:11,033 [INFO] IPUIPlugin:80 - create IPUIPlugin
2025-04-01 09:05:11,033 [INFO] PluginManager:220 - loadIPPluginJar : add usart
2025-04-01 09:05:11,115 [INFO] IPUIPlugin:80 - create IPUIPlugin
2025-04-01 09:05:11,116 [INFO] PluginManager:220 - loadIPPluginJar : add usbx
2025-04-01 09:05:11,298 [FATAL] Updater:351 - Updater called before beeing initialized
2025-04-01 09:05:11,346 [INFO] RulesReader:64 - Compatibility file has been processed (301 Rules)
2025-04-01 09:05:11,367 [INFO] RulesReader:64 - Compatibility file has been processed (301 Rules)
2025-04-01 09:05:11,381 [INFO] CADModel:165 - CPN selected for project level
2025-04-01 09:05:11,381 [INFO] CADModel:114 - Register for checkConnection events
2025-04-01 09:05:11,381 [FATAL] Updater:351 - Updater called before beeing initialized
2025-04-01 09:05:11,382 [ERROR] CADModel:125 - Updater not yet initialized, retry later 
2025-04-01 09:05:11,718 [FATAL] Updater:351 - Updater called before beeing initialized
2025-04-01 09:05:11,723 [INFO] CADModel:165 - CPN selected for project level
2025-04-01 09:05:11,723 [INFO] CADModel:114 - Register for checkConnection events
2025-04-01 09:05:11,723 [FATAL] Updater:351 - Updater called before beeing initialized
2025-04-01 09:05:11,724 [ERROR] CADModel:125 - Updater not yet initialized, retry later 
2025-04-01 09:05:11,732 [FATAL] Updater:351 - Updater called before beeing initialized
2025-04-01 09:05:11,974 [FATAL] Updater:351 - Updater called before beeing initialized
2025-04-01 09:05:11,996 [INFO] DbMcusAds:53 - JSON generation date=Thu Mar 06 20:24:21 IST 2025 (1741272861825)
2025-04-01 09:05:11,997 [FATAL] Updater:351 - Updater called before beeing initialized
2025-04-01 09:05:12,083 [WARN] DetailPanel:346 - Failed to get advertising image, set to default
2025-04-01 09:05:12,553 [FATAL] Updater:351 - Updater called before beeing initialized
2025-04-01 09:05:12,556 [FATAL] Updater:351 - Updater called before beeing initialized
2025-04-01 09:05:12,557 [FATAL] Updater:351 - Updater called before beeing initialized
2025-04-01 09:05:12,557 [WARN] DetailPanel:346 - Failed to get advertising image, set to default
2025-04-01 09:05:12,558 [FATAL] Updater:351 - Updater called before beeing initialized
2025-04-01 09:05:12,667 [ERROR] Updater:1198 - MainUpdater not yet initialized. External WinMGr cannot be set.
2025-04-01 09:05:12,683 [INFO] Updater:1134 - Updater Version found : 6.14.0
2025-04-01 09:05:12,712 [INFO] ApplicationProperties:184 - Using Application install path: C:\ST\STM32CubeIDE_1.16.0\STM32CubeIDE\plugins\com.st.stm32cube.common.mx_6.14.0.202502271554
2025-04-01 09:05:13,015 [INFO] ThirdPartyUpdaterWithRetryManager:70 - Updater plugin not ready yet. [3/15]
2025-04-01 09:05:14,303 [ERROR] LogOutputStream:75 - [STDERR_REDIRECT] Apr 01, 2025 9:05:14 AM java.util.prefs.WindowsPreferences <init>
2025-04-01 09:05:14,306 [ERROR] LogOutputStream:75 - [STDERR_REDIRECT] WARNING: Could not open/create prefs root node Software\JavaSoft\Prefs at root 0xffffffff80000002. Windows RegCreateKeyEx(...) returned error code 5.
2025-04-01 09:05:14,306 [ERROR] LogOutputStream:75 - [STDERR_REDIRECT] 
2025-04-01 09:05:15,260 [INFO] MainUpdater:2872 - connection check result : 10
2025-04-01 09:05:15,261 [INFO] MainUpdater:289 - Updater Check For Update Now.
2025-04-01 09:05:15,261 [INFO] MicroXplorer:498 - Change Database Version : DB.6.0.140
2025-04-01 09:05:15,286 [INFO] McuFinderGlobals:63 - Set McuFinder mode to 2 (CubeIDE integrated)
2025-04-01 09:05:15,300 [INFO] UserAuth:486 - Internet connection configuration mode: 1
2025-04-01 09:05:15,362 [INFO] JxBrowserEngine:152 - Initiate JxBrowser Engine with user profile folder
2025-04-01 09:05:15,605 [INFO] CheckServerUpdateThread:120 - End of CheckServer Thread
2025-04-01 09:05:16,533 [WARN] PackLoader:240 - Cannot read IP mode file for STMicroelectronics.FP-SNS-MOTENVWB1.1.4.0
2025-04-01 09:05:16,569 [WARN] PackLoader:240 - Cannot read IP mode file for STMicroelectronics.FP-ATR-ASTRA1.2.0.2
2025-04-01 09:05:16,591 [WARN] PackLoader:240 - Cannot read IP mode file for STMicroelectronics.FP-ATR-ASTRA1.2.0.1
2025-04-01 09:05:16,711 [WARN] PackLoader:240 - Cannot read IP mode file for STMicroelectronics.X-CUBE-SMBUS.2.1.0
2025-04-01 09:05:16,737 [WARN] PackLoader:240 - Cannot read IP mode file for STMicroelectronics.X-CUBE-WB05N.1.1.0
2025-04-01 09:05:16,852 [WARN] PackLoader:240 - Cannot read IP mode file for STMicroelectronics.X-CUBE-AZRTOS-F7.1.1.0
2025-04-01 09:05:17,026 [WARN] PackLoader:240 - Cannot read IP mode file for STMicroelectronics.X-CUBE-MEMS1.11.0.0
2025-04-01 09:05:17,445 [WARN] PackLoader:240 - Cannot read IP mode file for STMicroelectronics.FP-SNS-FLIGHT1.5.0.2
2025-04-01 09:05:17,592 [WARN] PackLoader:240 - Cannot read IP mode file for STMicroelectronics.X-CUBE-DISPLAY.3.0.0
2025-04-01 09:05:17,663 [WARN] PackLoader:240 - Cannot read IP mode file for STMicroelectronics.X-CUBE-BLE1.7.0.0
2025-04-01 09:05:17,698 [WARN] PackLoader:240 - Cannot read IP mode file for STMicroelectronics.X-CUBE-NFC10.1.0.0
2025-04-01 09:05:17,747 [WARN] PackLoader:240 - Cannot read IP mode file for STMicroelectronics.X-CUBE-BLEMGR.4.0.0
2025-04-01 09:05:17,783 [WARN] PackLoader:240 - Cannot read IP mode file for emotas.I-CUBE-CANOPEN.1.3.0
2025-04-01 09:05:17,824 [WARN] PackLoader:240 - Cannot read IP mode file for STMicroelectronics.X-CUBE-BLEMGR.3.1.0
2025-04-01 09:05:17,861 [WARN] PackLoader:240 - Cannot read IP mode file for STMicroelectronics.X-CUBE-AI.10.0.0
2025-04-01 09:05:17,894 [WARN] PackLoader:240 - Cannot read IP mode file for STMicroelectronics.FP-SNS-SMARTAG2.1.2.0
2025-04-01 09:05:17,923 [WARN] PackLoader:240 - Cannot read IP mode file for STMicroelectronics.FP-SNS-FLIGHT1.5.1.0
2025-04-01 09:05:18,076 [WARN] PackLoader:240 - Cannot read IP mode file for STMicroelectronics.X-CUBE-MEMS1.11.1.0
2025-04-01 09:05:18,935 [INFO] LogOutputStream:77 - [STDOUT_REDIRECT] 1 : Invalid condition id : UX_CORESTACK_Condition cause : null
2025-04-01 09:05:18,938 [INFO] LogOutputStream:77 - [STDOUT_REDIRECT] 1 : Invalid condition id : UX_CORESTACK_Condition cause : null
2025-04-01 09:05:18,943 [INFO] LogOutputStream:77 - [STDOUT_REDIRECT] 1 : Invalid condition id : UX_CORESTACK_Condition cause : null
2025-04-01 09:05:18,949 [INFO] LogOutputStream:77 - [STDOUT_REDIRECT] 1 : Invalid condition id : UX_CORESTACK_Condition cause : null
2025-04-01 09:05:18,954 [INFO] LogOutputStream:77 - [STDOUT_REDIRECT] 1 : Invalid condition id : UX_CORESTACK_Condition cause : null
2025-04-01 09:05:18,962 [WARN] PackLoader:240 - Cannot read IP mode file for STMicroelectronics.X-CUBE-AZRTOS-WL.2.0.0
2025-04-01 09:05:19,003 [WARN] PackLoader:240 - Cannot read IP mode file for STMicroelectronics.FP-SNS-MOTENV1.5.0.0
2025-04-01 09:05:19,039 [WARN] PackLoader:240 - Cannot read IP mode file for wolfSSL.I-CUBE-wolfMQTT.1.19.0
2025-04-01 09:05:19,081 [WARN] PackLoader:240 - Cannot read IP mode file for WES.I-CUBE-Cesium.1.3.0
2025-04-01 09:05:19,112 [WARN] PackLoader:240 - Cannot read IP mode file for STMicroelectronics.X-CUBE-BLE2.3.3.0
2025-04-01 09:05:19,145 [WARN] PackLoader:240 - Cannot read IP mode file for STMicroelectronics.X-CUBE-NFC9.1.0.0
2025-04-01 09:05:19,176 [WARN] PackLoader:240 - Cannot read IP mode file for STMicroelectronics.X-CUBE-BLE1.7.1.0
2025-04-01 09:05:19,206 [WARN] PackLoader:240 - Cannot read IP mode file for STMicroelectronics.X-CUBE-TCPP.4.1.0
2025-04-01 09:05:19,267 [WARN] PackLoader:240 - Cannot read IP mode file for STMicroelectronics.X-CUBE-AZRTOS-G0.1.1.0
2025-04-01 09:05:19,307 [WARN] PackLoader:240 - Cannot read IP mode file for STMicroelectronics.X-CUBE-SAFEA1.1.2.2
2025-04-01 09:05:19,341 [WARN] PackLoader:240 - Cannot read IP mode file for STMicroelectronics.X-CUBE-NFC4.3.0.0
2025-04-01 09:05:19,383 [WARN] PackLoader:240 - Cannot read IP mode file for EmbeddedOffice.I-CUBE-FS-RTOS.1.0.1
2025-04-01 09:05:19,409 [WARN] PackLoader:240 - Cannot read IP mode file for STMicroelectronics.X-CUBE-TCPP.4.2.0
2025-04-01 09:05:19,445 [WARN] PackLoader:240 - Cannot read IP mode file for RealThread.X-CUBE-RT-Thread_Nano.4.1.1
2025-04-01 09:05:19,461 [INFO] WebApp:169 - Instantiating new browser for Auth
2025-04-01 09:05:19,472 [WARN] PackLoader:240 - Cannot read IP mode file for STMicroelectronics.FP-ATR-SIGFOX1.3.2.0
2025-04-01 09:05:19,515 [WARN] PackLoader:240 - Cannot read IP mode file for wolfSSL.I-CUBE-wolfSSL.5.7.2
2025-04-01 09:05:19,591 [WARN] ConditionMgr:438 - getConditionDescription Invalid condition id : Cortex-A Device cause : null
2025-04-01 09:05:19,711 [WARN] ConditionMgr:1044 - genDependencies : Invalid condition id : Cortex-A Device cause : null
2025-04-01 09:05:19,711 [WARN] ConditionMgr:1044 - genDependencies : Invalid condition id : Cortex-A Device cause : null
2025-04-01 09:05:19,712 [WARN] ConditionMgr:1044 - genDependencies : Invalid condition id : Cortex-A Device cause : null
2025-04-01 09:05:19,774 [WARN] PackLoader:240 - Cannot read IP mode file for STMicroelectronics.X-CUBE-EEPRMA1.5.1.0
2025-04-01 09:05:19,821 [WARN] PackLoader:240 - Cannot read IP mode file for ITTIA_DB.I-CUBE-ITTIADB.8.9.0
2025-04-01 09:05:19,907 [WARN] PackLoader:240 - Cannot read IP mode file for SEGGER.I-CUBE-embOS.1.3.1
2025-04-01 09:05:20,032 [WARN] PackLoader:240 - Cannot read IP mode file for STMicroelectronics.X-CUBE-ALGOBUILD.1.4.0
2025-04-01 09:05:20,072 [WARN] PackLoader:240 - Cannot read IP mode file for STMicroelectronics.X-CUBE-AI.9.1.0
2025-04-01 09:05:20,113 [WARN] PackLoader:240 - Cannot read IP mode file for STMicroelectronics.X-CUBE-GNSS1.6.0.0
2025-04-01 09:05:20,185 [WARN] PackLoader:240 - Cannot read IP mode file for STMicroelectronics.X-CUBE-AZRTOS-F4.1.1.0
2025-04-01 09:05:20,235 [WARN] PackLoader:240 - Cannot read IP mode file for STMicroelectronics.X-CUBE-ISPU.2.1.0
2025-04-01 09:05:20,276 [WARN] PackLoader:240 - Cannot read IP mode file for STMicroelectronics.X-CUBE-FREERTOS.1.2.0
2025-04-01 09:05:20,338 [WARN] PackLoader:240 - Cannot read IP mode file for STMicroelectronics.X-CUBE-AZRTOS-L5.2.0.0
2025-04-01 09:05:20,373 [WARN] PackLoader:240 - Cannot read IP mode file for STMicroelectronics.X-CUBE-NFC6.3.1.0
2025-04-01 09:05:20,408 [WARN] PackLoader:240 - Cannot read IP mode file for STMicroelectronics.X-CUBE-DPower.1.2.0
2025-04-01 09:05:20,435 [WARN] PackLoader:240 - Cannot read IP mode file for STMicroelectronics.X-CUBE-AI.9.0.0
2025-04-01 09:05:20,462 [WARN] PackLoader:240 - Cannot read IP mode file for STMicroelectronics.X-CUBE-FREERTOS.1.3.0
2025-04-01 09:05:20,491 [WARN] PackLoader:240 - Cannot read IP mode file for STMicroelectronics.X-CUBE-NFC7.1.0.1
2025-04-01 09:05:20,523 [WARN] PackLoader:240 - Cannot read IP mode file for wolfSSL.I-CUBE-wolfTPM.3.2.0
2025-04-01 09:05:20,557 [WARN] PackLoader:240 - Cannot read IP mode file for STMicroelectronics.X-CUBE-DPower.1.3.0
2025-04-01 09:05:20,616 [WARN] ConditionMgr:438 - getConditionDescription Invalid condition id : LAN8742 Phy interface Condition cause : null
2025-04-01 09:05:20,617 [WARN] PackLoader:240 - Cannot read IP mode file for STMicroelectronics.X-CUBE-AZRTOS-L4.2.0.0
2025-04-01 09:05:20,618 [WARN] ConditionMgr:1044 - genDependencies : Invalid condition id : LAN8742 Phy interface Condition cause : null
2025-04-01 09:05:20,618 [WARN] ConditionMgr:1044 - genDependencies : Invalid condition id : LAN8742 Phy interface Condition cause : null
2025-04-01 09:05:20,619 [WARN] ConditionMgr:1044 - genDependencies : Invalid condition id : LAN8742 Phy interface Condition cause : null
2025-04-01 09:05:20,656 [WARN] PackLoader:240 - Cannot read IP mode file for STMicroelectronics.X-CUBE-SFXS2LP1.4.0.0
2025-04-01 09:05:20,745 [WARN] PackLoader:240 - Cannot read IP mode file for STMicroelectronics.X-CUBE-AZRTOS-H7.3.3.0
2025-04-01 09:05:20,799 [WARN] PackLoader:240 - Cannot read IP mode file for STMicroelectronics.X-CUBE-IPS.3.0.0
2025-04-01 09:05:20,876 [WARN] ConditionMgr:438 - getConditionDescription Invalid condition id : UX DEVICE CLASS RTOS Condition cause : null
2025-04-01 09:05:20,876 [WARN] ConditionMgr:438 - getConditionDescription Invalid condition id : UX DEVICE CLASS RTOS Condition cause : null
2025-04-01 09:05:20,881 [WARN] PackLoader:240 - Cannot read IP mode file for STMicroelectronics.X-CUBE-AZRTOS-WB.2.0.0
2025-04-01 09:05:20,882 [WARN] ConditionMgr:1044 - genDependencies : Invalid condition id : UX DEVICE CLASS RTOS Condition cause : null
2025-04-01 09:05:20,883 [WARN] ConditionMgr:1044 - genDependencies : Invalid condition id : UX DEVICE CLASS RTOS Condition cause : null
2025-04-01 09:05:20,884 [WARN] ConditionMgr:1044 - genDependencies : Invalid condition id : UX DEVICE CLASS RTOS Condition cause : null
2025-04-01 09:05:20,884 [WARN] ConditionMgr:1044 - genDependencies : Invalid condition id : UX DEVICE CLASS RTOS Condition cause : null
2025-04-01 09:05:20,885 [WARN] ConditionMgr:1044 - genDependencies : Invalid condition id : UX DEVICE CLASS RTOS Condition cause : null
2025-04-01 09:05:20,923 [WARN] PackLoader:240 - Cannot read IP mode file for STMicroelectronics.X-CUBE-GNSS1.7.0.0
2025-04-01 09:05:20,962 [WARN] PackLoader:240 - Cannot read IP mode file for STMicroelectronics.X-CUBE-GNSS1.7.0.1
2025-04-01 09:05:21,009 [WARN] PackLoader:240 - Cannot read IP mode file for STMicroelectronics.X-CUBE-TOUCHGFX.4.25.0
2025-04-01 09:05:21,050 [WARN] PackLoader:240 - Cannot read IP mode file for STMicroelectronics.FP-SNS-STBOX1.2.0.0
2025-04-01 09:05:21,106 [WARN] PackLoader:240 - Cannot read IP mode file for STMicroelectronics.X-CUBE-SUBG2.5.0.0
2025-04-01 09:05:21,178 [WARN] PackLoader:240 - Cannot read IP mode file for STMicroelectronics.X-CUBE-AZRTOS-H7RS.1.1.0
2025-04-01 09:05:21,206 [WARN] PackLoader:240 - Cannot read IP mode file for Cesanta.I-CUBE-Mongoose.7.13.0
2025-04-01 09:05:21,259 [WARN] PackLoader:240 - Cannot read IP mode file for STMicroelectronics.X-CUBE-AZRTOS-G4.2.0.0
2025-04-01 09:05:21,285 [WARN] PackLoader:240 - Cannot read IP mode file for STMicroelectronics.X-CUBE-ISPU.2.0.0
2025-04-01 09:05:21,323 [WARN] PackLoader:240 - Cannot read IP mode file for STMicroelectronics.X-CUBE-IPS.3.1.0
2025-04-01 09:05:21,355 [WARN] PackLoader:240 - Cannot read IP mode file for STMicroelectronics.X-CUBE-ALS.1.0.2
2025-04-01 09:05:21,461 [WARN] PackLoader:240 - Cannot read IP mode file for STMicroelectronics.X-CUBE-MEMS1.10.0.0
2025-04-01 09:05:21,804 [WARN] PackLoader:240 - Cannot read IP mode file for STMicroelectronics.X-CUBE-TOUCHGFX.4.24.0
2025-04-01 09:05:21,889 [WARN] PackLoader:240 - Cannot read IP mode file for STMicroelectronics.X-CUBE-TOUCHGFX.4.24.2
2025-04-01 09:05:21,933 [WARN] PackLoader:240 - Cannot read IP mode file for STMicroelectronics.X-CUBE-TOUCHGFX.4.24.1
2025-04-01 09:05:21,999 [WARN] PackLoader:240 - Cannot read IP mode file for portGmbH.I-Cube-SoM-uGOAL.1.1.0
2025-04-01 09:05:22,131 [INFO] WebApp:463 - Apply proxy settings
2025-04-01 09:05:22,133 [INFO] WebApp:548 - Chromium requires no authentication
2025-04-01 09:05:22,131 [WARN] PackLoader:240 - Cannot read IP mode file for STMicroelectronics.X-CUBE-AZRTOS-H7RS.1.0.0
2025-04-01 09:05:22,172 [INFO] WebApp:491 - Direct internet connection detected
2025-04-01 09:05:22,202 [WARN] PackLoader:240 - Cannot read IP mode file for STMicroelectronics.FP-ATR-ASTRA1.2.0.0
2025-04-01 09:05:22,307 [WARN] PackLoader:240 - Cannot read IP mode file for STMicroelectronics.X-CUBE-TOF1.3.4.2
2025-04-01 09:05:22,374 [INFO] WebApp:894 - Register for checkConnection events
2025-04-01 09:05:22,374 [INFO] WebApp:463 - Apply proxy settings
2025-04-01 09:05:22,375 [INFO] WebApp:548 - Chromium requires no authentication
2025-04-01 09:05:22,376 [INFO] WebApp:491 - Direct internet connection detected
2025-04-01 09:05:22,423 [WARN] PackLoader:240 - Cannot read IP mode file for STMicroelectronics.X-CUBE-AZRTOS-H7.3.2.0
2025-04-01 09:05:22,474 [WARN] PackLoader:240 - Cannot read IP mode file for Infineon.AIROC-Wi-Fi-Bluetooth-STM32.1.6.0
2025-04-01 09:05:22,502 [WARN] PackLoader:240 - Cannot read IP mode file for wolfSSL.I-CUBE-wolfSSH.1.4.17
2025-04-01 09:05:22,503 [INFO] ThirdParty:978 - Integrity check success = true
2025-04-01 09:05:22,503 [INFO] IntegrityCheckThread:100 - exiting critical section [integrity check]
2025-04-01 09:05:22,503 [INFO] IntegrityCheckThread:103 - End integrity checks thread
2025-04-01 09:05:22,970 [INFO] WebApp:225 - Starting web application
2025-04-01 09:05:22,971 [INFO] WebApp:593 - Web application path used C:\ST\STM32CubeIDE_1.16.0\STM32CubeIDE\plugins\com.st.stm32cube.common.mx_6.14.0.202502271554\db\plugins\mcufinder\reactClient1\index.html
2025-04-01 09:05:23,355 [INFO] UserAuth:486 - Internet connection configuration mode: 1
2025-04-01 09:05:24,046 [INFO] WebApp:191 - Connection restablished
2025-04-01 09:31:57,680 [INFO] Activator:176 - 


2025-04-01 09:31:57,683 [INFO] Activator:177 - !SESSION log4j initialized
2025-04-01 09:32:14,585 [INFO] LogOutputStream:77 - [STDOUT_REDIRECT] 
2025-04-01 09:32:16,488 [INFO] ApplicationProperties:184 - Using Application install path: C:\ST\STM32CubeIDE_1.16.0\STM32CubeIDE\plugins\com.st.stm32cube.common.mx_6.14.0.202502271554
2025-04-01 09:32:16,521 [INFO] DbMcusXml:78 - Set database path to: C:\ST\STM32CubeIDE_1.16.0\STM32CubeIDE\plugins\com.st.stm32cube.common.mx_6.14.0.202502271554\\db\/mcu/
2025-04-01 09:32:16,522 [INFO] ApiDb:274 - Set plugin database path to: C:\ST\STM32CubeIDE_1.16.0\STM32CubeIDE\plugins\com.st.stm32cube.common.mx_6.14.0.202502271554\\db\/plugins/boardmanager/
2025-04-01 09:32:16,522 [WARN] ApiDb:259 - Overriding images path with different value:  => C:\ST\STM32CubeIDE_1.16.0\STM32CubeIDE\plugins\com.st.stm32cube.common.mx_6.14.0.202502271554\\db\/plugins/mcufinder/images/
2025-04-01 09:32:16,532 [INFO] ApiDb:250 - Set database path to: C:\Users\hashara\.stmcufinder\plugins\mcufinder//mcu/
2025-04-01 09:32:16,534 [INFO] DbMcusAds:125 - Set database path to: C:\Users\hashara\.stmcufinder\plugins\mcufinder//mcu/
2025-04-01 09:32:16,538 [INFO] CrossReferenceDbSqlite:203 - Set database path to: C:\Users\hashara\.stmcufinder\plugins\mcufinder//mcu/cs/
2025-04-01 09:32:16,802 [INFO] RulesReader:64 - Compatibility file has been processed (301 Rules)
2025-04-01 09:32:17,001 [INFO] DbMcusXml:78 - Set database path to: C:\ST\STM32CubeIDE_1.16.0\STM32CubeIDE\plugins\com.st.stm32cube.common.mx_6.14.0.202502271554\\db\/mcu/
2025-04-01 09:32:17,001 [INFO] ApiDb:274 - Set plugin database path to: C:\ST\STM32CubeIDE_1.16.0\STM32CubeIDE\plugins\com.st.stm32cube.common.mx_6.14.0.202502271554\\db\/plugins/boardmanager/
2025-04-01 09:32:17,002 [INFO] ApiDb:261 - Set plugin images path to: C:\ST\STM32CubeIDE_1.16.0\STM32CubeIDE\plugins\com.st.stm32cube.common.mx_6.14.0.202502271554\\db\/plugins/mcufinder/images/
2025-04-01 09:32:17,002 [WARN] DbFile:41 - Overriding database path with different value: C:\Users\hashara\.stmcufinder\plugins\mcufinder/ => C:\Users\hashara\.stmcufinder\plugins\mcufinder
2025-04-01 09:32:17,002 [INFO] ApiDb:250 - Set database path to: C:\Users\hashara\.stmcufinder\plugins\mcufinder//mcu/
2025-04-01 09:32:17,003 [WARN] DbFile:41 - Overriding database path with different value: C:\Users\hashara\.stmcufinder\plugins\mcufinder/ => C:\Users\hashara\.stmcufinder\plugins\mcufinder
2025-04-01 09:32:17,003 [INFO] DbMcusAds:125 - Set database path to: C:\Users\hashara\.stmcufinder\plugins\mcufinder//mcu/
2025-04-01 09:32:17,003 [WARN] DbFile:41 - Overriding database path with different value: C:\Users\hashara\.stmcufinder\plugins\mcufinder/ => C:\Users\hashara\.stmcufinder\plugins\mcufinder
2025-04-01 09:32:17,003 [WARN] DbFile:41 - Overriding database path with different value: C:\Users\hashara\.stmcufinder\plugins\mcufinder/ => C:\Users\hashara\.stmcufinder\plugins\mcufinder
2025-04-01 09:32:17,003 [INFO] CrossReferenceDbSqlite:203 - Set database path to: C:\Users\hashara\.stmcufinder\plugins\mcufinder//mcu/cs/
2025-04-01 09:32:17,228 [INFO] MainPanel:272 - HeapMemory: 268435456
2025-04-01 09:32:17,435 [INFO] DbMcusXml:78 - Set database path to: C:\ST\STM32CubeIDE_1.16.0\STM32CubeIDE\plugins\com.st.stm32cube.common.mx_6.14.0.202502271554\\db\/mcu/
2025-04-01 09:32:17,436 [INFO] ApiDb:274 - Set plugin database path to: C:\ST\STM32CubeIDE_1.16.0\STM32CubeIDE\plugins\com.st.stm32cube.common.mx_6.14.0.202502271554\\db\/plugins/boardmanager/
2025-04-01 09:32:17,436 [INFO] ApiDb:261 - Set plugin images path to: C:\ST\STM32CubeIDE_1.16.0\STM32CubeIDE\plugins\com.st.stm32cube.common.mx_6.14.0.202502271554\\db\/plugins/mcufinder/images/
2025-04-01 09:32:17,437 [WARN] DbFile:41 - Overriding database path with different value: C:\Users\hashara\.stmcufinder\plugins\mcufinder/ => C:\Users\hashara\.stmcufinder\plugins\mcufinder
2025-04-01 09:32:17,437 [INFO] ApiDb:250 - Set database path to: C:\Users\hashara\.stmcufinder\plugins\mcufinder//mcu/
2025-04-01 09:32:17,437 [WARN] DbFile:41 - Overriding database path with different value: C:\Users\hashara\.stmcufinder\plugins\mcufinder/ => C:\Users\hashara\.stmcufinder\plugins\mcufinder
2025-04-01 09:32:17,437 [INFO] DbMcusAds:125 - Set database path to: C:\Users\hashara\.stmcufinder\plugins\mcufinder//mcu/
2025-04-01 09:32:17,437 [WARN] DbFile:41 - Overriding database path with different value: C:\Users\hashara\.stmcufinder\plugins\mcufinder/ => C:\Users\hashara\.stmcufinder\plugins\mcufinder
2025-04-01 09:32:17,438 [WARN] DbFile:41 - Overriding database path with different value: C:\Users\hashara\.stmcufinder\plugins\mcufinder/ => C:\Users\hashara\.stmcufinder\plugins\mcufinder
2025-04-01 09:32:17,438 [INFO] CrossReferenceDbSqlite:203 - Set database path to: C:\Users\hashara\.stmcufinder\plugins\mcufinder//mcu/cs/
2025-04-01 09:32:17,473 [INFO] ApplicationProperties:184 - Using Application install path: C:\ST\STM32CubeIDE_1.16.0\STM32CubeIDE\plugins\com.st.stm32cube.common.mx_6.14.0.202502271554
2025-04-01 09:32:17,477 [INFO] PluginManage:196 - Search for loadable plugins [exclusion list=, ]
2025-04-01 09:32:17,479 [INFO] PluginManage:310 - Check plugin analytics
2025-04-01 09:32:17,931 [INFO] AnalyticsPlugin:253 - Accepted Software Licenses: 
2025-04-01 09:32:17,932 [INFO] AnalyticsPlugin:255 - Accepted CMSIS Pack Licenses: 
2025-04-01 09:32:17,932 [INFO] AnalyticsPlugin:257 - Accepted Firmware Licenses: FW.F4.1.28.0,FW.L5.1.5.0,FW.H7.1.11.0,FW.WB.1.21.0,FW.WL.1.3.0
2025-04-01 09:32:17,944 [INFO] PluginManage:359 - Loaded plugin analytics (category:tool,tabindex:-1)
2025-04-01 09:32:17,944 [INFO] PluginManage:310 - Check plugin cadmodel
2025-04-01 09:32:17,983 [INFO] CADModel:105 - Init CAD model plugin
2025-04-01 09:32:17,984 [INFO] PluginManage:359 - Loaded plugin cadmodel (category:power,tabindex:5)
2025-04-01 09:32:17,984 [INFO] PluginManage:310 - Check plugin clock
2025-04-01 09:32:18,034 [INFO] PluginManage:359 - Loaded plugin clock (category:base,tabindex:2)
2025-04-01 09:32:18,034 [INFO] PluginManage:310 - Check plugin ddr
2025-04-01 09:32:18,040 [INFO] PluginManage:359 - Loaded plugin ddr (category:tool,tabindex:6)
2025-04-01 09:32:18,041 [INFO] PluginManage:310 - Check plugin filemanager
2025-04-01 09:32:18,415 [INFO] PluginManage:359 - Loaded plugin filemanager (category:base,tabindex:10)
2025-04-01 09:32:18,416 [INFO] PluginManage:310 - Check plugin ipmanager
2025-04-01 09:32:18,432 [INFO] PluginManage:359 - Loaded plugin ipmanager (category:base,tabindex:5)
2025-04-01 09:32:18,433 [INFO] PluginManage:310 - Check plugin lpbam
2025-04-01 09:32:18,474 [INFO] PluginManage:359 - Loaded plugin lpbam (category:base,tabindex:0)
2025-04-01 09:32:18,474 [INFO] PluginManage:310 - Check plugin memorymap
2025-04-01 09:32:18,524 [INFO] PluginManage:359 - Loaded plugin memorymap (category:base,tabindex:4)
2025-04-01 09:32:18,524 [INFO] PluginManage:310 - Check plugin pinoutandconfiguration
2025-04-01 09:32:18,555 [INFO] PluginManage:359 - Loaded plugin pinoutandconfiguration (category:base,tabindex:1)
2025-04-01 09:32:18,555 [INFO] PluginManage:310 - Check plugin pinoutconfig
2025-04-01 09:32:18,780 [WARN] SupportedApi:132 - Cannot load RTOS API schema: s4s-elt-must-match.1: The content of 'definitions' must match (annotation?, (simpleType | complexType)?, (unique | key | keyref)*)). A problem was found starting at: attribute.
2025-04-01 09:32:19,173 [INFO] PluginManage:359 - Loaded plugin pinoutconfig (category:base,tabindex:0)
2025-04-01 09:32:19,174 [INFO] PluginManage:310 - Check plugin power
2025-04-01 09:32:19,217 [INFO] PluginManage:359 - Loaded plugin power (category:power,tabindex:4)
2025-04-01 09:32:19,218 [INFO] PluginManage:310 - Check plugin projectmanager
2025-04-01 09:32:19,247 [INFO] PluginManage:359 - Loaded plugin projectmanager (category:projectmanager,tabindex:4)
2025-04-01 09:32:19,248 [INFO] PluginManage:310 - Check plugin rif
2025-04-01 09:32:19,279 [INFO] PluginManage:359 - Loaded plugin rif (category:base,tabindex:3)
2025-04-01 09:32:19,279 [INFO] PluginManage:310 - Check plugin thirdparty
2025-04-01 09:32:19,858 [INFO] PluginManage:359 - Loaded plugin thirdparty (category:base,tabindex:-1)
2025-04-01 09:32:19,857 [WARN] IntegrityCheckThread:84 - waiting for thirdparty lock release [integrity check]
2025-04-01 09:32:19,858 [INFO] PluginManage:310 - Check plugin tools
2025-04-01 09:32:19,858 [INFO] IntegrityCheckThread:86 - entering critical section [integrity check]
2025-04-01 09:32:19,858 [INFO] ThirdPartyUpdaterWithRetryManager:70 - Updater plugin not ready yet. [1/15]
2025-04-01 09:32:19,932 [INFO] PluginManage:359 - Loaded plugin tools (category:base,tabindex:7)
2025-04-01 09:32:19,933 [INFO] PluginManage:310 - Check plugin tutovideos
2025-04-01 09:32:20,241 [INFO] PluginManage:359 - Loaded plugin tutovideos (category:base,tabindex:-1)
2025-04-01 09:32:20,241 [INFO] PluginManage:310 - Check plugin updater
2025-04-01 09:32:20,277 [INFO] PluginManage:359 - Loaded plugin updater (category:base,tabindex:12)
2025-04-01 09:32:20,278 [INFO] PluginManage:310 - Check plugin userauth
2025-04-01 09:32:20,287 [INFO] UserAuth:118 - Init User Auth plugin
2025-04-01 09:32:20,289 [INFO] PluginManage:359 - Loaded plugin userauth (category:base,tabindex:14)
2025-04-01 09:32:20,291 [INFO] PluginManage:283 - PluginManage : Loaded plugins [18]
2025-04-01 09:32:20,663 [INFO] PinOutPanel:1589 - setPackage(No Configuration,No Configuration)
2025-04-01 09:32:20,847 [INFO] CADModel:165 - CPN selected for project level
2025-04-01 09:32:20,847 [INFO] CADModel:114 - Register for checkConnection events
2025-04-01 09:32:20,925 [INFO] IPUIPlugin:80 - create IPUIPlugin
2025-04-01 09:32:20,925 [INFO] PluginManager:220 - loadIPPluginJar : add adc
2025-04-01 09:32:21,021 [INFO] IPUIPlugin:80 - create IPUIPlugin
2025-04-01 09:32:21,022 [INFO] PluginManager:220 - loadIPPluginJar : add aes
2025-04-01 09:32:21,178 [INFO] IPUIPlugin:80 - create IPUIPlugin
2025-04-01 09:32:21,179 [INFO] PluginManager:220 - loadIPPluginJar : add can
2025-04-01 09:32:21,256 [INFO] IPUIPlugin:80 - create IPUIPlugin
2025-04-01 09:32:21,256 [INFO] PluginManager:220 - loadIPPluginJar : add comp
2025-04-01 09:32:21,383 [INFO] IPUIPlugin:80 - create IPUIPlugin
2025-04-01 09:32:21,383 [INFO] PluginManager:220 - loadIPPluginJar : add cryp
2025-04-01 09:32:21,423 [INFO] IPUIPlugin:80 - create IPUIPlugin
2025-04-01 09:32:21,423 [INFO] PluginManager:220 - loadIPPluginJar : add ddr_ctrl_phy
2025-04-01 09:32:21,516 [INFO] IPUIPlugin:80 - create IPUIPlugin
2025-04-01 09:32:21,517 [INFO] PluginManager:220 - loadIPPluginJar : add dfsdm
2025-04-01 09:32:21,550 [INFO] IPUIPlugin:80 - create IPUIPlugin
2025-04-01 09:32:21,551 [INFO] PluginManager:220 - loadIPPluginJar : add dma
2025-04-01 09:32:21,665 [INFO] IPUIPlugin:80 - create IPUIPlugin
2025-04-01 09:32:21,665 [INFO] PluginManager:220 - loadIPPluginJar : add dma3
2025-04-01 09:32:21,810 [INFO] IPUIPlugin:80 - create IPUIPlugin
2025-04-01 09:32:21,810 [INFO] PluginManager:220 - loadIPPluginJar : add extmemmanager
2025-04-01 09:32:21,870 [INFO] IPUIPlugin:80 - create IPUIPlugin
2025-04-01 09:32:21,870 [INFO] PluginManager:220 - loadIPPluginJar : add fatfs
2025-04-01 09:32:21,976 [INFO] IPUIPlugin:80 - create IPUIPlugin
2025-04-01 09:32:21,976 [INFO] PluginManager:220 - loadIPPluginJar : add fmc
2025-04-01 09:32:22,001 [INFO] IPUIPlugin:80 - create IPUIPlugin
2025-04-01 09:32:22,002 [INFO] PluginManager:220 - loadIPPluginJar : add freertos
2025-04-01 09:32:22,039 [INFO] IPUIPlugin:80 - create IPUIPlugin
2025-04-01 09:32:22,039 [INFO] PluginManager:220 - loadIPPluginJar : add genericplugin
2025-04-01 09:32:22,213 [INFO] IPUIPlugin:80 - create IPUIPlugin
2025-04-01 09:32:22,213 [INFO] PluginManager:220 - loadIPPluginJar : add gfxmmu
2025-04-01 09:32:22,447 [INFO] IPUIPlugin:80 - create IPUIPlugin
2025-04-01 09:32:22,448 [INFO] PluginManager:220 - loadIPPluginJar : add gic
2025-04-01 09:32:22,466 [INFO] IPUIPlugin:80 - create IPUIPlugin
2025-04-01 09:32:22,466 [INFO] PluginManager:220 - loadIPPluginJar : add gpio
2025-04-01 09:32:22,623 [INFO] IPUIPlugin:80 - create IPUIPlugin
2025-04-01 09:32:22,623 [INFO] PluginManager:220 - loadIPPluginJar : add gtzc
2025-04-01 09:32:22,678 [INFO] IPUIPlugin:80 - create IPUIPlugin
2025-04-01 09:32:22,678 [INFO] PluginManager:220 - loadIPPluginJar : add hash
2025-04-01 09:32:22,766 [INFO] IPUIPlugin:80 - create IPUIPlugin
2025-04-01 09:32:22,766 [INFO] PluginManager:220 - loadIPPluginJar : add i2c
2025-04-01 09:32:22,832 [INFO] IPUIPlugin:80 - create IPUIPlugin
2025-04-01 09:32:22,832 [INFO] PluginManager:220 - loadIPPluginJar : add i2s
2025-04-01 09:32:22,860 [INFO] ThirdPartyUpdaterWithRetryManager:70 - Updater plugin not ready yet. [2/15]
2025-04-01 09:32:22,900 [INFO] IPUIPlugin:80 - create IPUIPlugin
2025-04-01 09:32:22,900 [INFO] PluginManager:220 - loadIPPluginJar : add i3c
2025-04-01 09:32:23,074 [INFO] IPUIPlugin:80 - create IPUIPlugin
2025-04-01 09:32:23,075 [INFO] PluginManager:220 - loadIPPluginJar : add ipddr
2025-04-01 09:32:23,229 [INFO] IPUIPlugin:80 - create IPUIPlugin
2025-04-01 09:32:23,229 [INFO] PluginManager:220 - loadIPPluginJar : add linkedlist
2025-04-01 09:32:23,286 [INFO] IPUIPlugin:80 - create IPUIPlugin
2025-04-01 09:32:23,287 [INFO] PluginManager:220 - loadIPPluginJar : add lorawan
2025-04-01 09:32:23,352 [INFO] IPUIPlugin:80 - create IPUIPlugin
2025-04-01 09:32:23,352 [INFO] PluginManager:220 - loadIPPluginJar : add ltdc
2025-04-01 09:32:23,373 [INFO] IPUIPlugin:80 - create IPUIPlugin
2025-04-01 09:32:23,373 [INFO] PluginManager:220 - loadIPPluginJar : add mdma
2025-04-01 09:32:23,392 [INFO] IPUIPlugin:80 - create IPUIPlugin
2025-04-01 09:32:23,392 [INFO] PluginManager:220 - loadIPPluginJar : add nvic
2025-04-01 09:32:23,461 [INFO] IPUIPlugin:80 - create IPUIPlugin
2025-04-01 09:32:23,461 [INFO] PluginManager:220 - loadIPPluginJar : add opamp
2025-04-01 09:32:23,568 [INFO] IPUIPlugin:80 - create IPUIPlugin
2025-04-01 09:32:23,568 [INFO] PluginManager:220 - loadIPPluginJar : add openamp
2025-04-01 09:32:23,645 [INFO] IPUIPlugin:80 - create IPUIPlugin
2025-04-01 09:32:23,645 [INFO] PluginManager:220 - loadIPPluginJar : add pdm2pcm
2025-04-01 09:32:23,665 [INFO] IPUIPlugin:80 - create IPUIPlugin
2025-04-01 09:32:23,668 [INFO] PluginManager:220 - loadIPPluginJar : add plateformsettings
2025-04-01 09:32:23,708 [INFO] IPUIPlugin:80 - create IPUIPlugin
2025-04-01 09:32:23,708 [INFO] PluginManager:220 - loadIPPluginJar : add quadspi
2025-04-01 09:32:23,752 [INFO] IPUIPlugin:80 - create IPUIPlugin
2025-04-01 09:32:23,752 [INFO] PluginManager:220 - loadIPPluginJar : add radio
2025-04-01 09:32:23,773 [INFO] IPUIPlugin:80 - create IPUIPlugin
2025-04-01 09:32:23,773 [INFO] PluginManager:220 - loadIPPluginJar : add resmgrutility
2025-04-01 09:32:23,857 [INFO] IPUIPlugin:80 - create IPUIPlugin
2025-04-01 09:32:23,857 [INFO] PluginManager:220 - loadIPPluginJar : add sai
2025-04-01 09:32:23,922 [INFO] IPUIPlugin:80 - create IPUIPlugin
2025-04-01 09:32:23,922 [INFO] PluginManager:220 - loadIPPluginJar : add spi
2025-04-01 09:32:24,059 [INFO] IPUIPlugin:80 - create IPUIPlugin
2025-04-01 09:32:24,059 [INFO] PluginManager:220 - loadIPPluginJar : add stm32_wpan
2025-04-01 09:32:24,097 [INFO] IPUIPlugin:80 - create IPUIPlugin
2025-04-01 09:32:24,098 [INFO] PluginManager:220 - loadIPPluginJar : add tim
2025-04-01 09:32:24,203 [INFO] IPUIPlugin:80 - create IPUIPlugin
2025-04-01 09:32:24,203 [INFO] PluginManager:220 - loadIPPluginJar : add touchsensing
2025-04-01 09:32:24,240 [INFO] IPUIPlugin:80 - create IPUIPlugin
2025-04-01 09:32:24,240 [INFO] PluginManager:220 - loadIPPluginJar : add tracer_emb
2025-04-01 09:32:24,280 [INFO] IPUIPlugin:80 - create IPUIPlugin
2025-04-01 09:32:24,280 [INFO] PluginManager:220 - loadIPPluginJar : add ts
2025-04-01 09:32:24,317 [INFO] IPUIPlugin:80 - create IPUIPlugin
2025-04-01 09:32:24,317 [INFO] PluginManager:220 - loadIPPluginJar : add tsc
2025-04-01 09:32:24,356 [INFO] IPUIPlugin:80 - create IPUIPlugin
2025-04-01 09:32:24,356 [INFO] PluginManager:220 - loadIPPluginJar : add ucpd
2025-04-01 09:32:24,431 [INFO] IPUIPlugin:80 - create IPUIPlugin
2025-04-01 09:32:24,431 [INFO] PluginManager:220 - loadIPPluginJar : add usart
2025-04-01 09:32:24,506 [INFO] IPUIPlugin:80 - create IPUIPlugin
2025-04-01 09:32:24,506 [INFO] PluginManager:220 - loadIPPluginJar : add usbx
2025-04-01 09:32:24,655 [FATAL] Updater:351 - Updater called before beeing initialized
2025-04-01 09:32:24,689 [INFO] RulesReader:64 - Compatibility file has been processed (301 Rules)
2025-04-01 09:32:24,702 [INFO] RulesReader:64 - Compatibility file has been processed (301 Rules)
2025-04-01 09:32:24,720 [INFO] CADModel:165 - CPN selected for project level
2025-04-01 09:32:24,720 [INFO] CADModel:114 - Register for checkConnection events
2025-04-01 09:32:24,720 [FATAL] Updater:351 - Updater called before beeing initialized
2025-04-01 09:32:24,721 [ERROR] CADModel:125 - Updater not yet initialized, retry later 
2025-04-01 09:32:25,015 [FATAL] Updater:351 - Updater called before beeing initialized
2025-04-01 09:32:25,019 [INFO] CADModel:165 - CPN selected for project level
2025-04-01 09:32:25,019 [INFO] CADModel:114 - Register for checkConnection events
2025-04-01 09:32:25,019 [FATAL] Updater:351 - Updater called before beeing initialized
2025-04-01 09:32:25,019 [ERROR] CADModel:125 - Updater not yet initialized, retry later 
2025-04-01 09:32:25,025 [FATAL] Updater:351 - Updater called before beeing initialized
2025-04-01 09:32:25,214 [FATAL] Updater:351 - Updater called before beeing initialized
2025-04-01 09:32:25,229 [INFO] DbMcusAds:53 - JSON generation date=Thu Mar 06 20:24:21 IST 2025 (1741272861825)
2025-04-01 09:32:25,230 [FATAL] Updater:351 - Updater called before beeing initialized
2025-04-01 09:32:25,286 [WARN] DetailPanel:346 - Failed to get advertising image, set to default
2025-04-01 09:32:25,711 [FATAL] Updater:351 - Updater called before beeing initialized
2025-04-01 09:32:25,714 [FATAL] Updater:351 - Updater called before beeing initialized
2025-04-01 09:32:25,714 [FATAL] Updater:351 - Updater called before beeing initialized
2025-04-01 09:32:25,715 [WARN] DetailPanel:346 - Failed to get advertising image, set to default
2025-04-01 09:32:25,716 [FATAL] Updater:351 - Updater called before beeing initialized
2025-04-01 09:32:25,820 [ERROR] Updater:1198 - MainUpdater not yet initialized. External WinMGr cannot be set.
2025-04-01 09:32:25,837 [INFO] Updater:1134 - Updater Version found : 6.14.0
2025-04-01 09:32:25,862 [INFO] ThirdPartyUpdaterWithRetryManager:70 - Updater plugin not ready yet. [3/15]
2025-04-01 09:32:25,863 [INFO] ApplicationProperties:184 - Using Application install path: C:\ST\STM32CubeIDE_1.16.0\STM32CubeIDE\plugins\com.st.stm32cube.common.mx_6.14.0.202502271554
2025-04-01 09:32:27,463 [ERROR] LogOutputStream:75 - [STDERR_REDIRECT] Apr 01, 2025 9:32:27 AM java.util.prefs.WindowsPreferences <init>
2025-04-01 09:32:27,466 [ERROR] LogOutputStream:75 - [STDERR_REDIRECT] WARNING: Could not open/create prefs root node Software\JavaSoft\Prefs at root 0xffffffff80000002. Windows RegCreateKeyEx(...) returned error code 5.
2025-04-01 09:32:27,466 [ERROR] LogOutputStream:75 - [STDERR_REDIRECT] 
2025-04-01 09:32:28,863 [FATAL] Updater:351 - Updater called before beeing initialized
2025-04-01 09:32:28,864 [ERROR] IntegrityCheckThread:130 - Cannot retrieve database content from updater: error 21
2025-04-01 09:32:28,865 [INFO] ThirdParty:978 - Integrity check success = false
2025-04-01 09:32:28,865 [INFO] IntegrityCheckThread:100 - exiting critical section [integrity check]
2025-04-01 09:32:28,866 [INFO] IntegrityCheckThread:103 - End integrity checks thread
2025-04-01 09:32:29,556 [INFO] MainUpdater:2872 - connection check result : 10
2025-04-01 09:32:29,557 [INFO] MainUpdater:289 - Updater Check For Update Now.
2025-04-01 09:32:29,557 [INFO] MicroXplorer:498 - Change Database Version : DB.6.0.140
2025-04-01 09:32:29,587 [INFO] McuFinderGlobals:63 - Set McuFinder mode to 2 (CubeIDE integrated)
2025-04-01 09:32:29,598 [INFO] UserAuth:486 - Internet connection configuration mode: 1
2025-04-01 09:32:29,664 [INFO] JxBrowserEngine:152 - Initiate JxBrowser Engine with user profile folder
2025-04-01 09:32:29,852 [INFO] CheckServerUpdateThread:120 - End of CheckServer Thread
2025-04-01 09:32:31,992 [INFO] WebApp:169 - Instantiating new browser for Auth
2025-04-01 09:32:33,528 [INFO] WebApp:463 - Apply proxy settings
2025-04-01 09:32:33,529 [INFO] WebApp:548 - Chromium requires no authentication
2025-04-01 09:32:33,542 [INFO] WebApp:491 - Direct internet connection detected
2025-04-01 09:32:33,598 [INFO] WebApp:894 - Register for checkConnection events
2025-04-01 09:32:33,599 [INFO] WebApp:463 - Apply proxy settings
2025-04-01 09:32:33,599 [INFO] WebApp:548 - Chromium requires no authentication
2025-04-01 09:32:33,600 [INFO] WebApp:491 - Direct internet connection detected
2025-04-01 09:32:33,919 [INFO] WebApp:225 - Starting web application
2025-04-01 09:32:33,919 [INFO] WebApp:593 - Web application path used C:\ST\STM32CubeIDE_1.16.0\STM32CubeIDE\plugins\com.st.stm32cube.common.mx_6.14.0.202502271554\db\plugins\mcufinder\reactClient1\index.html
2025-04-01 09:32:34,237 [INFO] UserAuth:486 - Internet connection configuration mode: 1
2025-04-01 09:32:35,646 [INFO] WebApp:191 - Connection restablished
2025-04-01 11:02:58,304 [ERROR] LogOutputStream:75 - [STDERR_REDIRECT] 
