2025-04-11 09:34:18,717 [INFO] Activator:176 - 


2025-04-11 09:34:18,732 [INFO] Activator:177 - !SESSION log4j initialized
2025-04-11 09:34:32,065 [INFO] LogOutputStream:77 - [STDOUT_REDIRECT] 
2025-04-11 09:34:34,067 [INFO] ApplicationProperties:184 - Using Application install path: C:\ST\STM32CubeIDE_1.16.0\STM32CubeIDE\plugins\com.st.stm32cube.common.mx_6.14.0.202502271554
2025-04-11 09:34:34,097 [INFO] DbMcusXml:78 - Set database path to: C:\ST\STM32CubeIDE_1.16.0\STM32CubeIDE\plugins\com.st.stm32cube.common.mx_6.14.0.202502271554\\db\/mcu/
2025-04-11 09:34:34,098 [INFO] ApiDb:274 - Set plugin database path to: C:\ST\STM32CubeIDE_1.16.0\STM32CubeIDE\plugins\com.st.stm32cube.common.mx_6.14.0.202502271554\\db\/plugins/boardmanager/
2025-04-11 09:34:34,098 [WARN] ApiDb:259 - Overriding images path with different value:  => C:\ST\STM32CubeIDE_1.16.0\STM32CubeIDE\plugins\com.st.stm32cube.common.mx_6.14.0.202502271554\\db\/plugins/mcufinder/images/
2025-04-11 09:34:34,113 [INFO] ApiDb:250 - Set database path to: C:\Users\hashara\.stmcufinder\plugins\mcufinder//mcu/
2025-04-11 09:34:34,115 [INFO] DbMcusAds:125 - Set database path to: C:\Users\hashara\.stmcufinder\plugins\mcufinder//mcu/
2025-04-11 09:34:34,122 [INFO] CrossReferenceDbSqlite:203 - Set database path to: C:\Users\hashara\.stmcufinder\plugins\mcufinder//mcu/cs/
2025-04-11 09:34:34,380 [INFO] RulesReader:64 - Compatibility file has been processed (301 Rules)
2025-04-11 09:34:34,537 [INFO] DbMcusXml:78 - Set database path to: C:\ST\STM32CubeIDE_1.16.0\STM32CubeIDE\plugins\com.st.stm32cube.common.mx_6.14.0.202502271554\\db\/mcu/
2025-04-11 09:34:34,537 [INFO] ApiDb:274 - Set plugin database path to: C:\ST\STM32CubeIDE_1.16.0\STM32CubeIDE\plugins\com.st.stm32cube.common.mx_6.14.0.202502271554\\db\/plugins/boardmanager/
2025-04-11 09:34:34,537 [INFO] ApiDb:261 - Set plugin images path to: C:\ST\STM32CubeIDE_1.16.0\STM32CubeIDE\plugins\com.st.stm32cube.common.mx_6.14.0.202502271554\\db\/plugins/mcufinder/images/
2025-04-11 09:34:34,537 [WARN] DbFile:41 - Overriding database path with different value: C:\Users\hashara\.stmcufinder\plugins\mcufinder/ => C:\Users\hashara\.stmcufinder\plugins\mcufinder
2025-04-11 09:34:34,537 [INFO] ApiDb:250 - Set database path to: C:\Users\hashara\.stmcufinder\plugins\mcufinder//mcu/
2025-04-11 09:34:34,538 [WARN] DbFile:41 - Overriding database path with different value: C:\Users\hashara\.stmcufinder\plugins\mcufinder/ => C:\Users\hashara\.stmcufinder\plugins\mcufinder
2025-04-11 09:34:34,538 [INFO] DbMcusAds:125 - Set database path to: C:\Users\hashara\.stmcufinder\plugins\mcufinder//mcu/
2025-04-11 09:34:34,538 [WARN] DbFile:41 - Overriding database path with different value: C:\Users\hashara\.stmcufinder\plugins\mcufinder/ => C:\Users\hashara\.stmcufinder\plugins\mcufinder
2025-04-11 09:34:34,538 [WARN] DbFile:41 - Overriding database path with different value: C:\Users\hashara\.stmcufinder\plugins\mcufinder/ => C:\Users\hashara\.stmcufinder\plugins\mcufinder
2025-04-11 09:34:34,538 [INFO] CrossReferenceDbSqlite:203 - Set database path to: C:\Users\hashara\.stmcufinder\plugins\mcufinder//mcu/cs/
2025-04-11 09:34:34,657 [INFO] MainPanel:272 - HeapMemory: 268435456
2025-04-11 09:34:34,840 [INFO] DbMcusXml:78 - Set database path to: C:\ST\STM32CubeIDE_1.16.0\STM32CubeIDE\plugins\com.st.stm32cube.common.mx_6.14.0.202502271554\\db\/mcu/
2025-04-11 09:34:34,840 [INFO] ApiDb:274 - Set plugin database path to: C:\ST\STM32CubeIDE_1.16.0\STM32CubeIDE\plugins\com.st.stm32cube.common.mx_6.14.0.202502271554\\db\/plugins/boardmanager/
2025-04-11 09:34:34,840 [INFO] ApiDb:261 - Set plugin images path to: C:\ST\STM32CubeIDE_1.16.0\STM32CubeIDE\plugins\com.st.stm32cube.common.mx_6.14.0.202502271554\\db\/plugins/mcufinder/images/
2025-04-11 09:34:34,843 [WARN] DbFile:41 - Overriding database path with different value: C:\Users\hashara\.stmcufinder\plugins\mcufinder/ => C:\Users\hashara\.stmcufinder\plugins\mcufinder
2025-04-11 09:34:34,843 [INFO] ApiDb:250 - Set database path to: C:\Users\hashara\.stmcufinder\plugins\mcufinder//mcu/
2025-04-11 09:34:34,843 [WARN] DbFile:41 - Overriding database path with different value: C:\Users\hashara\.stmcufinder\plugins\mcufinder/ => C:\Users\hashara\.stmcufinder\plugins\mcufinder
2025-04-11 09:34:34,844 [INFO] DbMcusAds:125 - Set database path to: C:\Users\hashara\.stmcufinder\plugins\mcufinder//mcu/
2025-04-11 09:34:34,844 [WARN] DbFile:41 - Overriding database path with different value: C:\Users\hashara\.stmcufinder\plugins\mcufinder/ => C:\Users\hashara\.stmcufinder\plugins\mcufinder
2025-04-11 09:34:34,844 [WARN] DbFile:41 - Overriding database path with different value: C:\Users\hashara\.stmcufinder\plugins\mcufinder/ => C:\Users\hashara\.stmcufinder\plugins\mcufinder
2025-04-11 09:34:34,844 [INFO] CrossReferenceDbSqlite:203 - Set database path to: C:\Users\hashara\.stmcufinder\plugins\mcufinder//mcu/cs/
2025-04-11 09:34:34,877 [INFO] ApplicationProperties:184 - Using Application install path: C:\ST\STM32CubeIDE_1.16.0\STM32CubeIDE\plugins\com.st.stm32cube.common.mx_6.14.0.202502271554
2025-04-11 09:34:34,883 [INFO] PluginManage:196 - Search for loadable plugins [exclusion list=, ]
2025-04-11 09:34:34,887 [INFO] PluginManage:310 - Check plugin analytics
2025-04-11 09:34:35,210 [INFO] AnalyticsPlugin:253 - Accepted Software Licenses: 
2025-04-11 09:34:35,210 [INFO] AnalyticsPlugin:255 - Accepted CMSIS Pack Licenses: 
2025-04-11 09:34:35,211 [INFO] AnalyticsPlugin:257 - Accepted Firmware Licenses: FW.F4.1.28.0,FW.L5.1.5.0,FW.H7.1.11.0,FW.WB.1.21.0,FW.WL.1.3.0
2025-04-11 09:34:35,220 [INFO] PluginManage:359 - Loaded plugin analytics (category:tool,tabindex:-1)
2025-04-11 09:34:35,220 [INFO] PluginManage:310 - Check plugin cadmodel
2025-04-11 09:34:35,249 [INFO] CADModel:105 - Init CAD model plugin
2025-04-11 09:34:35,249 [INFO] PluginManage:359 - Loaded plugin cadmodel (category:power,tabindex:5)
2025-04-11 09:34:35,249 [INFO] PluginManage:310 - Check plugin clock
2025-04-11 09:34:35,281 [INFO] PluginManage:359 - Loaded plugin clock (category:base,tabindex:2)
2025-04-11 09:34:35,281 [INFO] PluginManage:310 - Check plugin ddr
2025-04-11 09:34:35,285 [INFO] PluginManage:359 - Loaded plugin ddr (category:tool,tabindex:6)
2025-04-11 09:34:35,285 [INFO] PluginManage:310 - Check plugin filemanager
2025-04-11 09:34:35,618 [INFO] PluginManage:359 - Loaded plugin filemanager (category:base,tabindex:10)
2025-04-11 09:34:35,618 [INFO] PluginManage:310 - Check plugin ipmanager
2025-04-11 09:34:35,629 [INFO] PluginManage:359 - Loaded plugin ipmanager (category:base,tabindex:5)
2025-04-11 09:34:35,630 [INFO] PluginManage:310 - Check plugin lpbam
2025-04-11 09:34:35,660 [INFO] PluginManage:359 - Loaded plugin lpbam (category:base,tabindex:0)
2025-04-11 09:34:35,660 [INFO] PluginManage:310 - Check plugin memorymap
2025-04-11 09:34:35,707 [INFO] PluginManage:359 - Loaded plugin memorymap (category:base,tabindex:4)
2025-04-11 09:34:35,708 [INFO] PluginManage:310 - Check plugin pinoutandconfiguration
2025-04-11 09:34:35,756 [INFO] PluginManage:359 - Loaded plugin pinoutandconfiguration (category:base,tabindex:1)
2025-04-11 09:34:35,757 [INFO] PluginManage:310 - Check plugin pinoutconfig
2025-04-11 09:34:36,035 [WARN] SupportedApi:132 - Cannot load RTOS API schema: s4s-elt-must-match.1: The content of 'definitions' must match (annotation?, (simpleType | complexType)?, (unique | key | keyref)*)). A problem was found starting at: attribute.
2025-04-11 09:34:36,295 [INFO] PluginManage:359 - Loaded plugin pinoutconfig (category:base,tabindex:0)
2025-04-11 09:34:36,296 [INFO] PluginManage:310 - Check plugin power
2025-04-11 09:34:36,327 [INFO] PluginManage:359 - Loaded plugin power (category:power,tabindex:4)
2025-04-11 09:34:36,327 [INFO] PluginManage:310 - Check plugin projectmanager
2025-04-11 09:34:36,350 [INFO] PluginManage:359 - Loaded plugin projectmanager (category:projectmanager,tabindex:4)
2025-04-11 09:34:36,351 [INFO] PluginManage:310 - Check plugin rif
2025-04-11 09:34:36,391 [INFO] PluginManage:359 - Loaded plugin rif (category:base,tabindex:3)
2025-04-11 09:34:36,391 [INFO] PluginManage:310 - Check plugin thirdparty
2025-04-11 09:34:36,885 [WARN] IntegrityCheckThread:84 - waiting for thirdparty lock release [integrity check]
2025-04-11 09:34:36,885 [INFO] PluginManage:359 - Loaded plugin thirdparty (category:base,tabindex:-1)
2025-04-11 09:34:36,885 [INFO] IntegrityCheckThread:86 - entering critical section [integrity check]
2025-04-11 09:34:36,885 [INFO] PluginManage:310 - Check plugin tools
2025-04-11 09:34:36,886 [INFO] ThirdPartyUpdaterWithRetryManager:70 - Updater plugin not ready yet. [1/15]
2025-04-11 09:34:36,942 [INFO] PluginManage:359 - Loaded plugin tools (category:base,tabindex:7)
2025-04-11 09:34:36,942 [INFO] PluginManage:310 - Check plugin tutovideos
2025-04-11 09:34:37,210 [INFO] PluginManage:359 - Loaded plugin tutovideos (category:base,tabindex:-1)
2025-04-11 09:34:37,211 [INFO] PluginManage:310 - Check plugin updater
2025-04-11 09:34:37,242 [INFO] PluginManage:359 - Loaded plugin updater (category:base,tabindex:12)
2025-04-11 09:34:37,243 [INFO] PluginManage:310 - Check plugin userauth
2025-04-11 09:34:37,247 [INFO] UserAuth:118 - Init User Auth plugin
2025-04-11 09:34:37,248 [INFO] PluginManage:359 - Loaded plugin userauth (category:base,tabindex:14)
2025-04-11 09:34:37,248 [INFO] PluginManage:283 - PluginManage : Loaded plugins [18]
2025-04-11 09:34:37,609 [INFO] PinOutPanel:1589 - setPackage(No Configuration,No Configuration)
2025-04-11 09:34:37,737 [INFO] CADModel:165 - CPN selected for project level
2025-04-11 09:34:37,737 [INFO] CADModel:114 - Register for checkConnection events
2025-04-11 09:34:37,778 [INFO] IPUIPlugin:80 - create IPUIPlugin
2025-04-11 09:34:37,779 [INFO] PluginManager:220 - loadIPPluginJar : add adc
2025-04-11 09:34:37,844 [INFO] IPUIPlugin:80 - create IPUIPlugin
2025-04-11 09:34:37,845 [INFO] PluginManager:220 - loadIPPluginJar : add aes
2025-04-11 09:34:37,912 [INFO] IPUIPlugin:80 - create IPUIPlugin
2025-04-11 09:34:37,913 [INFO] PluginManager:220 - loadIPPluginJar : add can
2025-04-11 09:34:37,952 [INFO] IPUIPlugin:80 - create IPUIPlugin
2025-04-11 09:34:37,952 [INFO] PluginManager:220 - loadIPPluginJar : add comp
2025-04-11 09:34:38,009 [INFO] IPUIPlugin:80 - create IPUIPlugin
2025-04-11 09:34:38,009 [INFO] PluginManager:220 - loadIPPluginJar : add cryp
2025-04-11 09:34:38,030 [INFO] IPUIPlugin:80 - create IPUIPlugin
2025-04-11 09:34:38,031 [INFO] PluginManager:220 - loadIPPluginJar : add ddr_ctrl_phy
2025-04-11 09:34:38,098 [INFO] IPUIPlugin:80 - create IPUIPlugin
2025-04-11 09:34:38,098 [INFO] PluginManager:220 - loadIPPluginJar : add dfsdm
2025-04-11 09:34:38,122 [INFO] IPUIPlugin:80 - create IPUIPlugin
2025-04-11 09:34:38,123 [INFO] PluginManager:220 - loadIPPluginJar : add dma
2025-04-11 09:34:38,187 [INFO] IPUIPlugin:80 - create IPUIPlugin
2025-04-11 09:34:38,187 [INFO] PluginManager:220 - loadIPPluginJar : add dma3
2025-04-11 09:34:38,273 [INFO] IPUIPlugin:80 - create IPUIPlugin
2025-04-11 09:34:38,273 [INFO] PluginManager:220 - loadIPPluginJar : add extmemmanager
2025-04-11 09:34:38,310 [INFO] IPUIPlugin:80 - create IPUIPlugin
2025-04-11 09:34:38,310 [INFO] PluginManager:220 - loadIPPluginJar : add fatfs
2025-04-11 09:34:38,402 [INFO] IPUIPlugin:80 - create IPUIPlugin
2025-04-11 09:34:38,402 [INFO] PluginManager:220 - loadIPPluginJar : add fmc
2025-04-11 09:34:38,429 [INFO] IPUIPlugin:80 - create IPUIPlugin
2025-04-11 09:34:38,429 [INFO] PluginManager:220 - loadIPPluginJar : add freertos
2025-04-11 09:34:38,464 [INFO] IPUIPlugin:80 - create IPUIPlugin
2025-04-11 09:34:38,464 [INFO] PluginManager:220 - loadIPPluginJar : add genericplugin
2025-04-11 09:34:38,607 [INFO] IPUIPlugin:80 - create IPUIPlugin
2025-04-11 09:34:38,607 [INFO] PluginManager:220 - loadIPPluginJar : add gfxmmu
2025-04-11 09:34:38,805 [INFO] IPUIPlugin:80 - create IPUIPlugin
2025-04-11 09:34:38,806 [INFO] PluginManager:220 - loadIPPluginJar : add gic
2025-04-11 09:34:38,825 [INFO] IPUIPlugin:80 - create IPUIPlugin
2025-04-11 09:34:38,826 [INFO] PluginManager:220 - loadIPPluginJar : add gpio
2025-04-11 09:34:38,962 [INFO] IPUIPlugin:80 - create IPUIPlugin
2025-04-11 09:34:38,962 [INFO] PluginManager:220 - loadIPPluginJar : add gtzc
2025-04-11 09:34:39,012 [INFO] IPUIPlugin:80 - create IPUIPlugin
2025-04-11 09:34:39,013 [INFO] PluginManager:220 - loadIPPluginJar : add hash
2025-04-11 09:34:39,092 [INFO] IPUIPlugin:80 - create IPUIPlugin
2025-04-11 09:34:39,092 [INFO] PluginManager:220 - loadIPPluginJar : add i2c
2025-04-11 09:34:39,155 [INFO] IPUIPlugin:80 - create IPUIPlugin
2025-04-11 09:34:39,155 [INFO] PluginManager:220 - loadIPPluginJar : add i2s
2025-04-11 09:34:39,230 [INFO] IPUIPlugin:80 - create IPUIPlugin
2025-04-11 09:34:39,230 [INFO] PluginManager:220 - loadIPPluginJar : add i3c
2025-04-11 09:34:39,397 [INFO] IPUIPlugin:80 - create IPUIPlugin
2025-04-11 09:34:39,397 [INFO] PluginManager:220 - loadIPPluginJar : add ipddr
2025-04-11 09:34:39,562 [INFO] IPUIPlugin:80 - create IPUIPlugin
2025-04-11 09:34:39,562 [INFO] PluginManager:220 - loadIPPluginJar : add linkedlist
2025-04-11 09:34:39,629 [INFO] IPUIPlugin:80 - create IPUIPlugin
2025-04-11 09:34:39,629 [INFO] PluginManager:220 - loadIPPluginJar : add lorawan
2025-04-11 09:34:39,697 [INFO] IPUIPlugin:80 - create IPUIPlugin
2025-04-11 09:34:39,697 [INFO] PluginManager:220 - loadIPPluginJar : add ltdc
2025-04-11 09:34:39,718 [INFO] IPUIPlugin:80 - create IPUIPlugin
2025-04-11 09:34:39,718 [INFO] PluginManager:220 - loadIPPluginJar : add mdma
2025-04-11 09:34:39,736 [INFO] IPUIPlugin:80 - create IPUIPlugin
2025-04-11 09:34:39,737 [INFO] PluginManager:220 - loadIPPluginJar : add nvic
2025-04-11 09:34:39,802 [INFO] IPUIPlugin:80 - create IPUIPlugin
2025-04-11 09:34:39,802 [INFO] PluginManager:220 - loadIPPluginJar : add opamp
2025-04-11 09:34:39,888 [INFO] ThirdPartyUpdaterWithRetryManager:70 - Updater plugin not ready yet. [2/15]
2025-04-11 09:34:39,911 [INFO] IPUIPlugin:80 - create IPUIPlugin
2025-04-11 09:34:39,912 [INFO] PluginManager:220 - loadIPPluginJar : add openamp
2025-04-11 09:34:39,992 [INFO] IPUIPlugin:80 - create IPUIPlugin
2025-04-11 09:34:39,992 [INFO] PluginManager:220 - loadIPPluginJar : add pdm2pcm
2025-04-11 09:34:40,016 [INFO] IPUIPlugin:80 - create IPUIPlugin
2025-04-11 09:34:40,020 [INFO] PluginManager:220 - loadIPPluginJar : add plateformsettings
2025-04-11 09:34:40,065 [INFO] IPUIPlugin:80 - create IPUIPlugin
2025-04-11 09:34:40,065 [INFO] PluginManager:220 - loadIPPluginJar : add quadspi
2025-04-11 09:34:40,120 [INFO] IPUIPlugin:80 - create IPUIPlugin
2025-04-11 09:34:40,121 [INFO] PluginManager:220 - loadIPPluginJar : add radio
2025-04-11 09:34:40,143 [INFO] IPUIPlugin:80 - create IPUIPlugin
2025-04-11 09:34:40,144 [INFO] PluginManager:220 - loadIPPluginJar : add resmgrutility
2025-04-11 09:34:40,222 [INFO] IPUIPlugin:80 - create IPUIPlugin
2025-04-11 09:34:40,222 [INFO] PluginManager:220 - loadIPPluginJar : add sai
2025-04-11 09:34:40,285 [INFO] IPUIPlugin:80 - create IPUIPlugin
2025-04-11 09:34:40,285 [INFO] PluginManager:220 - loadIPPluginJar : add spi
2025-04-11 09:34:40,398 [INFO] IPUIPlugin:80 - create IPUIPlugin
2025-04-11 09:34:40,398 [INFO] PluginManager:220 - loadIPPluginJar : add stm32_wpan
2025-04-11 09:34:40,431 [INFO] IPUIPlugin:80 - create IPUIPlugin
2025-04-11 09:34:40,431 [INFO] PluginManager:220 - loadIPPluginJar : add tim
2025-04-11 09:34:40,512 [INFO] IPUIPlugin:80 - create IPUIPlugin
2025-04-11 09:34:40,512 [INFO] PluginManager:220 - loadIPPluginJar : add touchsensing
2025-04-11 09:34:40,544 [INFO] IPUIPlugin:80 - create IPUIPlugin
2025-04-11 09:34:40,544 [INFO] PluginManager:220 - loadIPPluginJar : add tracer_emb
2025-04-11 09:34:40,577 [INFO] IPUIPlugin:80 - create IPUIPlugin
2025-04-11 09:34:40,577 [INFO] PluginManager:220 - loadIPPluginJar : add ts
2025-04-11 09:34:40,610 [INFO] IPUIPlugin:80 - create IPUIPlugin
2025-04-11 09:34:40,610 [INFO] PluginManager:220 - loadIPPluginJar : add tsc
2025-04-11 09:34:40,641 [INFO] IPUIPlugin:80 - create IPUIPlugin
2025-04-11 09:34:40,641 [INFO] PluginManager:220 - loadIPPluginJar : add ucpd
2025-04-11 09:34:40,704 [INFO] IPUIPlugin:80 - create IPUIPlugin
2025-04-11 09:34:40,705 [INFO] PluginManager:220 - loadIPPluginJar : add usart
2025-04-11 09:34:40,772 [INFO] IPUIPlugin:80 - create IPUIPlugin
2025-04-11 09:34:40,772 [INFO] PluginManager:220 - loadIPPluginJar : add usbx
2025-04-11 09:34:40,918 [FATAL] Updater:351 - Updater called before beeing initialized
2025-04-11 09:34:40,966 [INFO] RulesReader:64 - Compatibility file has been processed (301 Rules)
2025-04-11 09:34:40,993 [INFO] RulesReader:64 - Compatibility file has been processed (301 Rules)
2025-04-11 09:34:41,018 [INFO] CADModel:165 - CPN selected for project level
2025-04-11 09:34:41,018 [INFO] CADModel:114 - Register for checkConnection events
2025-04-11 09:34:41,018 [FATAL] Updater:351 - Updater called before beeing initialized
2025-04-11 09:34:41,018 [ERROR] CADModel:125 - Updater not yet initialized, retry later 
2025-04-11 09:34:41,464 [FATAL] Updater:351 - Updater called before beeing initialized
2025-04-11 09:34:41,470 [INFO] CADModel:165 - CPN selected for project level
2025-04-11 09:34:41,471 [INFO] CADModel:114 - Register for checkConnection events
2025-04-11 09:34:41,471 [FATAL] Updater:351 - Updater called before beeing initialized
2025-04-11 09:34:41,471 [ERROR] CADModel:125 - Updater not yet initialized, retry later 
2025-04-11 09:34:41,475 [FATAL] Updater:351 - Updater called before beeing initialized
2025-04-11 09:34:41,625 [FATAL] Updater:351 - Updater called before beeing initialized
2025-04-11 09:34:41,639 [INFO] DbMcusAds:53 - JSON generation date=Thu Mar 06 20:24:21 IST 2025 (1741272861825)
2025-04-11 09:34:41,639 [FATAL] Updater:351 - Updater called before beeing initialized
2025-04-11 09:34:41,705 [WARN] DetailPanel:346 - Failed to get advertising image, set to default
2025-04-11 09:34:42,096 [FATAL] Updater:351 - Updater called before beeing initialized
2025-04-11 09:34:42,099 [FATAL] Updater:351 - Updater called before beeing initialized
2025-04-11 09:34:42,099 [FATAL] Updater:351 - Updater called before beeing initialized
2025-04-11 09:34:42,099 [WARN] DetailPanel:346 - Failed to get advertising image, set to default
2025-04-11 09:34:42,100 [FATAL] Updater:351 - Updater called before beeing initialized
2025-04-11 09:34:42,179 [ERROR] Updater:1198 - MainUpdater not yet initialized. External WinMGr cannot be set.
2025-04-11 09:34:42,193 [INFO] Updater:1134 - Updater Version found : 6.14.0
2025-04-11 09:34:42,222 [INFO] ApplicationProperties:184 - Using Application install path: C:\ST\STM32CubeIDE_1.16.0\STM32CubeIDE\plugins\com.st.stm32cube.common.mx_6.14.0.202502271554
2025-04-11 09:34:42,889 [INFO] ThirdPartyUpdaterWithRetryManager:70 - Updater plugin not ready yet. [3/15]
2025-04-11 09:34:43,832 [ERROR] LogOutputStream:75 - [STDERR_REDIRECT] Apr 11, 2025 9:34:43 AM java.util.prefs.WindowsPreferences <init>
2025-04-11 09:34:43,835 [ERROR] LogOutputStream:75 - [STDERR_REDIRECT] WARNING: Could not open/create prefs root node Software\JavaSoft\Prefs at root 0xffffffff80000002. Windows RegCreateKeyEx(...) returned error code 5.
2025-04-11 09:34:43,836 [ERROR] LogOutputStream:75 - [STDERR_REDIRECT] 
2025-04-11 09:34:45,890 [FATAL] Updater:351 - Updater called before beeing initialized
2025-04-11 09:34:45,892 [ERROR] IntegrityCheckThread:130 - Cannot retrieve database content from updater: error 21
2025-04-11 09:34:45,892 [INFO] ThirdParty:978 - Integrity check success = false
2025-04-11 09:34:45,893 [INFO] IntegrityCheckThread:100 - exiting critical section [integrity check]
2025-04-11 09:34:45,893 [INFO] IntegrityCheckThread:103 - End integrity checks thread
2025-04-11 09:34:46,020 [INFO] MainUpdater:2872 - connection check result : 10
2025-04-11 09:34:46,021 [INFO] MainUpdater:289 - Updater Check For Update Now.
2025-04-11 09:34:46,021 [INFO] MicroXplorer:498 - Change Database Version : DB.6.0.140
2025-04-11 09:34:46,055 [INFO] McuFinderGlobals:63 - Set McuFinder mode to 2 (CubeIDE integrated)
2025-04-11 09:34:46,075 [INFO] UserAuth:486 - Internet connection configuration mode: 1
2025-04-11 09:34:46,143 [INFO] JxBrowserEngine:152 - Initiate JxBrowser Engine with user profile folder
2025-04-11 09:34:46,310 [INFO] CheckServerUpdateThread:120 - End of CheckServer Thread
2025-04-11 09:34:48,806 [INFO] WebApp:169 - Instantiating new browser for Auth
2025-04-11 09:34:50,394 [INFO] WebApp:463 - Apply proxy settings
2025-04-11 09:34:50,395 [INFO] WebApp:548 - Chromium requires no authentication
2025-04-11 09:34:50,411 [INFO] WebApp:491 - Direct internet connection detected
2025-04-11 09:34:50,464 [INFO] WebApp:894 - Register for checkConnection events
2025-04-11 09:34:50,464 [INFO] WebApp:463 - Apply proxy settings
2025-04-11 09:34:50,465 [INFO] WebApp:548 - Chromium requires no authentication
2025-04-11 09:34:50,467 [INFO] WebApp:491 - Direct internet connection detected
2025-04-11 09:34:50,803 [INFO] WebApp:225 - Starting web application
2025-04-11 09:34:50,804 [INFO] WebApp:593 - Web application path used C:\ST\STM32CubeIDE_1.16.0\STM32CubeIDE\plugins\com.st.stm32cube.common.mx_6.14.0.202502271554\db\plugins\mcufinder\reactClient1\index.html
2025-04-11 09:34:51,105 [INFO] UserAuth:486 - Internet connection configuration mode: 1
2025-04-11 09:34:51,500 [INFO] WebApp:191 - Connection restablished
2025-04-11 13:38:47,054 [INFO] WebApp:194 - Connection lost
2025-04-11 13:38:48,356 [INFO] WebApp:191 - Connection restablished
2025-04-11 13:38:48,924 [INFO] WebApp:194 - Connection lost
2025-04-11 13:38:50,454 [INFO] WebApp:191 - Connection restablished
2025-04-11 13:39:16,115 [ERROR] LogOutputStream:75 - [STDERR_REDIRECT] 
