2025-10-13 11:53:00,608 [INFO] Activator:176 - 


2025-10-13 11:53:00,611 [INFO] Activator:177 - !SESSION log4j initialized
2025-10-13 11:53:06,211 [INFO] LogOutputStream:77 - [STDOUT_REDIRECT] 
2025-10-13 11:53:07,249 [INFO] ApplicationProperties:184 - Using Application install path: C:\ST\STM32CubeIDE_1.19.0\STM32CubeIDE\plugins\com.st.stm32cube.common.mx_6.15.0.202507011659
2025-10-13 11:53:07,267 [INFO] DbMcusXml:78 - Set database path to: C:\ST\STM32CubeIDE_1.19.0\STM32CubeIDE\plugins\com.st.stm32cube.common.mx_6.15.0.202507011659\\db\/mcu/
2025-10-13 11:53:07,268 [INFO] ApiDb:274 - Set plugin database path to: C:\ST\STM32CubeIDE_1.19.0\STM32CubeIDE\plugins\com.st.stm32cube.common.mx_6.15.0.202507011659\\db\/plugins/boardmanager/
2025-10-13 11:53:07,268 [WARN] ApiDb:259 - Overriding images path with different value:  => C:\ST\STM32CubeIDE_1.19.0\STM32CubeIDE\plugins\com.st.stm32cube.common.mx_6.15.0.202507011659\\db\/plugins/mcufinder/images/
2025-10-13 11:53:07,274 [INFO] ApiDb:250 - Set database path to: C:\Users\User\.stmcufinder\plugins\mcufinder//mcu/
2025-10-13 11:53:07,275 [INFO] DbMcusAds:125 - Set database path to: C:\Users\User\.stmcufinder\plugins\mcufinder//mcu/
2025-10-13 11:53:07,278 [INFO] CrossReferenceDbSqlite:203 - Set database path to: C:\Users\User\.stmcufinder\plugins\mcufinder//mcu/cs/
2025-10-13 11:53:07,379 [INFO] RulesReader:64 - Compatibility file has been processed (317 Rules)
2025-10-13 11:53:07,438 [INFO] DbMcusXml:78 - Set database path to: C:\ST\STM32CubeIDE_1.19.0\STM32CubeIDE\plugins\com.st.stm32cube.common.mx_6.15.0.202507011659\\db\/mcu/
2025-10-13 11:53:07,438 [INFO] ApiDb:274 - Set plugin database path to: C:\ST\STM32CubeIDE_1.19.0\STM32CubeIDE\plugins\com.st.stm32cube.common.mx_6.15.0.202507011659\\db\/plugins/boardmanager/
2025-10-13 11:53:07,438 [INFO] ApiDb:261 - Set plugin images path to: C:\ST\STM32CubeIDE_1.19.0\STM32CubeIDE\plugins\com.st.stm32cube.common.mx_6.15.0.202507011659\\db\/plugins/mcufinder/images/
2025-10-13 11:53:07,438 [WARN] DbFile:41 - Overriding database path with different value: C:\Users\User\.stmcufinder\plugins\mcufinder/ => C:\Users\User\.stmcufinder\plugins\mcufinder
2025-10-13 11:53:07,438 [INFO] ApiDb:250 - Set database path to: C:\Users\User\.stmcufinder\plugins\mcufinder//mcu/
2025-10-13 11:53:07,438 [WARN] DbFile:41 - Overriding database path with different value: C:\Users\User\.stmcufinder\plugins\mcufinder/ => C:\Users\User\.stmcufinder\plugins\mcufinder
2025-10-13 11:53:07,438 [INFO] DbMcusAds:125 - Set database path to: C:\Users\User\.stmcufinder\plugins\mcufinder//mcu/
2025-10-13 11:53:07,438 [WARN] DbFile:41 - Overriding database path with different value: C:\Users\User\.stmcufinder\plugins\mcufinder/ => C:\Users\User\.stmcufinder\plugins\mcufinder
2025-10-13 11:53:07,438 [WARN] DbFile:41 - Overriding database path with different value: C:\Users\User\.stmcufinder\plugins\mcufinder/ => C:\Users\User\.stmcufinder\plugins\mcufinder
2025-10-13 11:53:07,438 [INFO] CrossReferenceDbSqlite:203 - Set database path to: C:\Users\User\.stmcufinder\plugins\mcufinder//mcu/cs/
2025-10-13 11:53:07,503 [INFO] MainPanel:274 - HeapMemory: 268435456
2025-10-13 11:53:07,571 [INFO] DbMcusXml:78 - Set database path to: C:\ST\STM32CubeIDE_1.19.0\STM32CubeIDE\plugins\com.st.stm32cube.common.mx_6.15.0.202507011659\\db\/mcu/
2025-10-13 11:53:07,571 [INFO] ApiDb:274 - Set plugin database path to: C:\ST\STM32CubeIDE_1.19.0\STM32CubeIDE\plugins\com.st.stm32cube.common.mx_6.15.0.202507011659\\db\/plugins/boardmanager/
2025-10-13 11:53:07,571 [INFO] ApiDb:261 - Set plugin images path to: C:\ST\STM32CubeIDE_1.19.0\STM32CubeIDE\plugins\com.st.stm32cube.common.mx_6.15.0.202507011659\\db\/plugins/mcufinder/images/
2025-10-13 11:53:07,571 [WARN] DbFile:41 - Overriding database path with different value: C:\Users\User\.stmcufinder\plugins\mcufinder/ => C:\Users\User\.stmcufinder\plugins\mcufinder
2025-10-13 11:53:07,571 [INFO] ApiDb:250 - Set database path to: C:\Users\User\.stmcufinder\plugins\mcufinder//mcu/
2025-10-13 11:53:07,571 [WARN] DbFile:41 - Overriding database path with different value: C:\Users\User\.stmcufinder\plugins\mcufinder/ => C:\Users\User\.stmcufinder\plugins\mcufinder
2025-10-13 11:53:07,571 [INFO] DbMcusAds:125 - Set database path to: C:\Users\User\.stmcufinder\plugins\mcufinder//mcu/
2025-10-13 11:53:07,571 [WARN] DbFile:41 - Overriding database path with different value: C:\Users\User\.stmcufinder\plugins\mcufinder/ => C:\Users\User\.stmcufinder\plugins\mcufinder
2025-10-13 11:53:07,571 [WARN] DbFile:41 - Overriding database path with different value: C:\Users\User\.stmcufinder\plugins\mcufinder/ => C:\Users\User\.stmcufinder\plugins\mcufinder
2025-10-13 11:53:07,572 [INFO] CrossReferenceDbSqlite:203 - Set database path to: C:\Users\User\.stmcufinder\plugins\mcufinder//mcu/cs/
2025-10-13 11:53:07,588 [INFO] ApplicationProperties:184 - Using Application install path: C:\ST\STM32CubeIDE_1.19.0\STM32CubeIDE\plugins\com.st.stm32cube.common.mx_6.15.0.202507011659
2025-10-13 11:53:07,589 [INFO] PluginManage:196 - Search for loadable plugins [exclusion list=, ]
2025-10-13 11:53:07,590 [INFO] PluginManage:310 - Check plugin analytics
2025-10-13 11:53:07,728 [INFO] AnalyticsPlugin:253 - Accepted Software Licenses: 
2025-10-13 11:53:07,728 [INFO] AnalyticsPlugin:255 - Accepted CMSIS Pack Licenses: 
2025-10-13 11:53:07,728 [INFO] AnalyticsPlugin:257 - Accepted Firmware Licenses: FW.WL.1.3.0,FW.H7.1.12.0,FW.F4.1.28.0
2025-10-13 11:53:07,732 [INFO] PluginManage:359 - Loaded plugin analytics (category:tool,tabindex:-1)
2025-10-13 11:53:07,732 [INFO] PluginManage:310 - Check plugin cadmodel
2025-10-13 11:53:07,736 [INFO] CADModel:105 - Init CAD model plugin
2025-10-13 11:53:07,736 [INFO] PluginManage:359 - Loaded plugin cadmodel (category:power,tabindex:5)
2025-10-13 11:53:07,736 [INFO] PluginManage:310 - Check plugin clock
2025-10-13 11:53:07,743 [INFO] PluginManage:359 - Loaded plugin clock (category:base,tabindex:2)
2025-10-13 11:53:07,743 [INFO] PluginManage:310 - Check plugin ddr
2025-10-13 11:53:07,745 [INFO] PluginManage:359 - Loaded plugin ddr (category:tool,tabindex:6)
2025-10-13 11:53:07,745 [INFO] PluginManage:310 - Check plugin filemanager
2025-10-13 11:53:07,929 [INFO] PluginManage:359 - Loaded plugin filemanager (category:base,tabindex:10)
2025-10-13 11:53:07,929 [INFO] PluginManage:310 - Check plugin ipmanager
2025-10-13 11:53:07,935 [INFO] PluginManage:359 - Loaded plugin ipmanager (category:base,tabindex:5)
2025-10-13 11:53:07,935 [INFO] PluginManage:310 - Check plugin lpbam
2025-10-13 11:53:07,943 [INFO] PluginManage:359 - Loaded plugin lpbam (category:base,tabindex:0)
2025-10-13 11:53:07,943 [INFO] PluginManage:310 - Check plugin memorymap
2025-10-13 11:53:07,957 [INFO] PluginManage:359 - Loaded plugin memorymap (category:base,tabindex:4)
2025-10-13 11:53:07,957 [INFO] PluginManage:310 - Check plugin pinoutandconfiguration
2025-10-13 11:53:07,964 [INFO] PluginManage:359 - Loaded plugin pinoutandconfiguration (category:base,tabindex:1)
2025-10-13 11:53:07,964 [INFO] PluginManage:310 - Check plugin pinoutconfig
2025-10-13 11:53:08,026 [WARN] SupportedApi:132 - Cannot load RTOS API schema: s4s-elt-must-match.1: The content of 'definitions' must match (annotation?, (simpleType | complexType)?, (unique | key | keyref)*)). A problem was found starting at: attribute.
2025-10-13 11:53:08,127 [INFO] PluginManage:359 - Loaded plugin pinoutconfig (category:base,tabindex:0)
2025-10-13 11:53:08,128 [INFO] PluginManage:310 - Check plugin power
2025-10-13 11:53:08,134 [INFO] PluginManage:359 - Loaded plugin power (category:power,tabindex:4)
2025-10-13 11:53:08,134 [INFO] PluginManage:310 - Check plugin projectmanager
2025-10-13 11:53:08,148 [INFO] PluginManage:359 - Loaded plugin projectmanager (category:projectmanager,tabindex:4)
2025-10-13 11:53:08,149 [INFO] PluginManage:310 - Check plugin rif
2025-10-13 11:53:08,157 [INFO] PluginManage:359 - Loaded plugin rif (category:base,tabindex:3)
2025-10-13 11:53:08,157 [INFO] PluginManage:310 - Check plugin thirdparty
2025-10-13 11:53:08,262 [INFO] PluginManage:359 - Loaded plugin thirdparty (category:base,tabindex:-1)
2025-10-13 11:53:08,263 [INFO] PluginManage:310 - Check plugin tools
2025-10-13 11:53:08,263 [WARN] IntegrityCheckThread:84 - waiting for thirdparty lock release [integrity check]
2025-10-13 11:53:08,263 [INFO] IntegrityCheckThread:86 - entering critical section [integrity check]
2025-10-13 11:53:08,263 [INFO] ThirdPartyUpdaterWithRetryManager:70 - Updater plugin not ready yet. [1/15]
2025-10-13 11:53:08,265 [INFO] PluginManage:359 - Loaded plugin tools (category:base,tabindex:7)
2025-10-13 11:53:08,265 [INFO] PluginManage:310 - Check plugin tutovideos
2025-10-13 11:53:08,401 [INFO] PluginManage:359 - Loaded plugin tutovideos (category:base,tabindex:-1)
2025-10-13 11:53:08,401 [INFO] PluginManage:310 - Check plugin updater
2025-10-13 11:53:08,416 [INFO] PluginManage:359 - Loaded plugin updater (category:base,tabindex:12)
2025-10-13 11:53:08,416 [INFO] PluginManage:310 - Check plugin userauth
2025-10-13 11:53:08,420 [INFO] UserAuth:118 - Init User Auth plugin
2025-10-13 11:53:08,421 [INFO] PluginManage:359 - Loaded plugin userauth (category:base,tabindex:14)
2025-10-13 11:53:08,421 [INFO] PluginManage:283 - PluginManage : Loaded plugins [18]
2025-10-13 11:53:08,562 [INFO] PinOutPanel:1589 - setPackage(No Configuration,No Configuration)
2025-10-13 11:53:08,639 [INFO] CADModel:165 - CPN selected for project level
2025-10-13 11:53:08,639 [INFO] CADModel:114 - Register for checkConnection events
2025-10-13 11:53:08,653 [INFO] IPUIPlugin:80 - create IPUIPlugin
2025-10-13 11:53:08,653 [INFO] PluginManager:220 - loadIPPluginJar : add adc
2025-10-13 11:53:08,656 [INFO] IPUIPlugin:80 - create IPUIPlugin
2025-10-13 11:53:08,656 [INFO] PluginManager:220 - loadIPPluginJar : add aes
2025-10-13 11:53:08,659 [INFO] IPUIPlugin:80 - create IPUIPlugin
2025-10-13 11:53:08,659 [INFO] PluginManager:220 - loadIPPluginJar : add can
2025-10-13 11:53:08,660 [INFO] IPUIPlugin:80 - create IPUIPlugin
2025-10-13 11:53:08,661 [INFO] PluginManager:220 - loadIPPluginJar : add comp
2025-10-13 11:53:08,663 [INFO] IPUIPlugin:80 - create IPUIPlugin
2025-10-13 11:53:08,663 [INFO] PluginManager:220 - loadIPPluginJar : add cryp
2025-10-13 11:53:08,665 [INFO] IPUIPlugin:80 - create IPUIPlugin
2025-10-13 11:53:08,665 [INFO] PluginManager:220 - loadIPPluginJar : add ddr_ctrl_phy
2025-10-13 11:53:08,667 [INFO] IPUIPlugin:80 - create IPUIPlugin
2025-10-13 11:53:08,667 [INFO] PluginManager:220 - loadIPPluginJar : add dfsdm
2025-10-13 11:53:08,672 [INFO] IPUIPlugin:80 - create IPUIPlugin
2025-10-13 11:53:08,673 [INFO] PluginManager:220 - loadIPPluginJar : add dma
2025-10-13 11:53:08,676 [INFO] IPUIPlugin:80 - create IPUIPlugin
2025-10-13 11:53:08,676 [INFO] PluginManager:220 - loadIPPluginJar : add dma3
2025-10-13 11:53:08,679 [INFO] IPUIPlugin:80 - create IPUIPlugin
2025-10-13 11:53:08,679 [INFO] PluginManager:220 - loadIPPluginJar : add extmemmanager
2025-10-13 11:53:08,680 [INFO] IPUIPlugin:80 - create IPUIPlugin
2025-10-13 11:53:08,680 [INFO] PluginManager:220 - loadIPPluginJar : add fatfs
2025-10-13 11:53:08,685 [INFO] IPUIPlugin:80 - create IPUIPlugin
2025-10-13 11:53:08,685 [INFO] PluginManager:220 - loadIPPluginJar : add fmc
2025-10-13 11:53:08,688 [INFO] IPUIPlugin:80 - create IPUIPlugin
2025-10-13 11:53:08,689 [INFO] PluginManager:220 - loadIPPluginJar : add freertos
2025-10-13 11:53:08,690 [INFO] IPUIPlugin:80 - create IPUIPlugin
2025-10-13 11:53:08,690 [INFO] PluginManager:220 - loadIPPluginJar : add genericplugin
2025-10-13 11:53:08,692 [INFO] IPUIPlugin:80 - create IPUIPlugin
2025-10-13 11:53:08,692 [INFO] PluginManager:220 - loadIPPluginJar : add gfxmmu
2025-10-13 11:53:08,694 [INFO] IPUIPlugin:80 - create IPUIPlugin
2025-10-13 11:53:08,694 [INFO] PluginManager:220 - loadIPPluginJar : add gic
2025-10-13 11:53:08,699 [INFO] IPUIPlugin:80 - create IPUIPlugin
2025-10-13 11:53:08,699 [INFO] PluginManager:220 - loadIPPluginJar : add gpio
2025-10-13 11:53:08,701 [INFO] IPUIPlugin:80 - create IPUIPlugin
2025-10-13 11:53:08,701 [INFO] PluginManager:220 - loadIPPluginJar : add gtzc
2025-10-13 11:53:08,704 [INFO] IPUIPlugin:80 - create IPUIPlugin
2025-10-13 11:53:08,704 [INFO] PluginManager:220 - loadIPPluginJar : add hash
2025-10-13 11:53:08,706 [INFO] IPUIPlugin:80 - create IPUIPlugin
2025-10-13 11:53:08,706 [INFO] PluginManager:220 - loadIPPluginJar : add i2c
2025-10-13 11:53:08,708 [INFO] IPUIPlugin:80 - create IPUIPlugin
2025-10-13 11:53:08,708 [INFO] PluginManager:220 - loadIPPluginJar : add i2s
2025-10-13 11:53:08,711 [INFO] IPUIPlugin:80 - create IPUIPlugin
2025-10-13 11:53:08,711 [INFO] PluginManager:220 - loadIPPluginJar : add i3c
2025-10-13 11:53:08,713 [INFO] IPUIPlugin:80 - create IPUIPlugin
2025-10-13 11:53:08,713 [INFO] PluginManager:220 - loadIPPluginJar : add ipddr
2025-10-13 11:53:08,719 [INFO] IPUIPlugin:80 - create IPUIPlugin
2025-10-13 11:53:08,719 [INFO] PluginManager:220 - loadIPPluginJar : add linkedlist
2025-10-13 11:53:08,722 [INFO] IPUIPlugin:80 - create IPUIPlugin
2025-10-13 11:53:08,722 [INFO] PluginManager:220 - loadIPPluginJar : add lorawan
2025-10-13 11:53:08,724 [INFO] IPUIPlugin:80 - create IPUIPlugin
2025-10-13 11:53:08,724 [INFO] PluginManager:220 - loadIPPluginJar : add ltdc
2025-10-13 11:53:08,728 [INFO] IPUIPlugin:80 - create IPUIPlugin
2025-10-13 11:53:08,728 [INFO] PluginManager:220 - loadIPPluginJar : add mdma
2025-10-13 11:53:08,732 [INFO] IPUIPlugin:80 - create IPUIPlugin
2025-10-13 11:53:08,732 [INFO] PluginManager:220 - loadIPPluginJar : add nvic
2025-10-13 11:53:08,734 [INFO] IPUIPlugin:80 - create IPUIPlugin
2025-10-13 11:53:08,734 [INFO] PluginManager:220 - loadIPPluginJar : add opamp
2025-10-13 11:53:08,736 [INFO] IPUIPlugin:80 - create IPUIPlugin
2025-10-13 11:53:08,737 [INFO] PluginManager:220 - loadIPPluginJar : add openamp
2025-10-13 11:53:08,740 [INFO] IPUIPlugin:80 - create IPUIPlugin
2025-10-13 11:53:08,741 [INFO] PluginManager:220 - loadIPPluginJar : add pdm2pcm
2025-10-13 11:53:08,746 [INFO] IPUIPlugin:80 - create IPUIPlugin
2025-10-13 11:53:08,748 [INFO] PluginManager:220 - loadIPPluginJar : add plateformsettings
2025-10-13 11:53:08,750 [INFO] IPUIPlugin:80 - create IPUIPlugin
2025-10-13 11:53:08,750 [INFO] PluginManager:220 - loadIPPluginJar : add quadspi
2025-10-13 11:53:08,752 [INFO] IPUIPlugin:80 - create IPUIPlugin
2025-10-13 11:53:08,752 [INFO] PluginManager:220 - loadIPPluginJar : add radio
2025-10-13 11:53:08,755 [INFO] IPUIPlugin:80 - create IPUIPlugin
2025-10-13 11:53:08,755 [INFO] PluginManager:220 - loadIPPluginJar : add resmgrutility
2025-10-13 11:53:08,757 [INFO] IPUIPlugin:80 - create IPUIPlugin
2025-10-13 11:53:08,757 [INFO] PluginManager:220 - loadIPPluginJar : add sai
2025-10-13 11:53:08,759 [INFO] IPUIPlugin:80 - create IPUIPlugin
2025-10-13 11:53:08,759 [INFO] PluginManager:220 - loadIPPluginJar : add spi
2025-10-13 11:53:08,765 [INFO] IPUIPlugin:80 - create IPUIPlugin
2025-10-13 11:53:08,765 [INFO] PluginManager:220 - loadIPPluginJar : add stm32_wpan
2025-10-13 11:53:08,766 [INFO] IPUIPlugin:80 - create IPUIPlugin
2025-10-13 11:53:08,767 [INFO] PluginManager:220 - loadIPPluginJar : add tim
2025-10-13 11:53:08,769 [INFO] IPUIPlugin:80 - create IPUIPlugin
2025-10-13 11:53:08,769 [INFO] PluginManager:220 - loadIPPluginJar : add touchsensing
2025-10-13 11:53:08,771 [INFO] IPUIPlugin:80 - create IPUIPlugin
2025-10-13 11:53:08,771 [INFO] PluginManager:220 - loadIPPluginJar : add tracer_emb
2025-10-13 11:53:08,773 [INFO] IPUIPlugin:80 - create IPUIPlugin
2025-10-13 11:53:08,773 [INFO] PluginManager:220 - loadIPPluginJar : add ts
2025-10-13 11:53:08,775 [INFO] IPUIPlugin:80 - create IPUIPlugin
2025-10-13 11:53:08,775 [INFO] PluginManager:220 - loadIPPluginJar : add tsc
2025-10-13 11:53:08,776 [INFO] IPUIPlugin:80 - create IPUIPlugin
2025-10-13 11:53:08,776 [INFO] PluginManager:220 - loadIPPluginJar : add ucpd
2025-10-13 11:53:08,778 [INFO] IPUIPlugin:80 - create IPUIPlugin
2025-10-13 11:53:08,778 [INFO] PluginManager:220 - loadIPPluginJar : add usart
2025-10-13 11:53:08,780 [INFO] IPUIPlugin:80 - create IPUIPlugin
2025-10-13 11:53:08,780 [INFO] PluginManager:220 - loadIPPluginJar : add usbx
2025-10-13 11:53:08,884 [FATAL] Updater:351 - Updater called before beeing initialized
2025-10-13 11:53:08,900 [INFO] RulesReader:64 - Compatibility file has been processed (317 Rules)
2025-10-13 11:53:08,907 [INFO] RulesReader:64 - Compatibility file has been processed (317 Rules)
2025-10-13 11:53:08,913 [INFO] CADModel:165 - CPN selected for project level
2025-10-13 11:53:08,913 [INFO] CADModel:114 - Register for checkConnection events
2025-10-13 11:53:08,913 [FATAL] Updater:351 - Updater called before beeing initialized
2025-10-13 11:53:08,913 [ERROR] CADModel:125 - Updater not yet initialized, retry later 
2025-10-13 11:53:09,005 [FATAL] Updater:351 - Updater called before beeing initialized
2025-10-13 11:53:09,006 [INFO] CADModel:165 - CPN selected for project level
2025-10-13 11:53:09,006 [INFO] CADModel:114 - Register for checkConnection events
2025-10-13 11:53:09,007 [FATAL] Updater:351 - Updater called before beeing initialized
2025-10-13 11:53:09,007 [ERROR] CADModel:125 - Updater not yet initialized, retry later 
2025-10-13 11:53:09,009 [FATAL] Updater:351 - Updater called before beeing initialized
2025-10-13 11:53:09,081 [FATAL] Updater:351 - Updater called before beeing initialized
2025-10-13 11:53:09,084 [INFO] DbMcusAds:53 - JSON generation date=Thu Oct 02 15:06:05 IST 2025 (1759397765645)
2025-10-13 11:53:09,084 [FATAL] Updater:351 - Updater called before beeing initialized
2025-10-13 11:53:09,103 [WARN] DetailPanel:346 - Failed to get advertising image, set to default
2025-10-13 11:53:09,161 [FATAL] Updater:351 - Updater called before beeing initialized
2025-10-13 11:53:09,162 [FATAL] Updater:351 - Updater called before beeing initialized
2025-10-13 11:53:09,162 [FATAL] Updater:351 - Updater called before beeing initialized
2025-10-13 11:53:09,162 [WARN] DetailPanel:346 - Failed to get advertising image, set to default
2025-10-13 11:53:09,163 [FATAL] Updater:351 - Updater called before beeing initialized
2025-10-13 11:53:09,192 [ERROR] Updater:1198 - MainUpdater not yet initialized. External WinMGr cannot be set.
2025-10-13 11:53:09,194 [INFO] Updater:1134 - Updater Version found : 6.15.0
2025-10-13 11:53:09,206 [INFO] ApplicationProperties:184 - Using Application install path: C:\ST\STM32CubeIDE_1.19.0\STM32CubeIDE\plugins\com.st.stm32cube.common.mx_6.15.0.202507011659
2025-10-13 11:53:10,783 [ERROR] LogOutputStream:75 - [STDERR_REDIRECT] Oct 13, 2025 11:53:10 AM java.util.prefs.WindowsPreferences <init>
2025-10-13 11:53:10,785 [ERROR] LogOutputStream:75 - [STDERR_REDIRECT] WARNING: Could not open/create prefs root node Software\JavaSoft\Prefs at root 0xffffffff80000002. Windows RegCreateKeyEx(...) returned error code 5.
2025-10-13 11:53:10,785 [ERROR] LogOutputStream:75 - [STDERR_REDIRECT] 
2025-10-13 11:53:11,110 [INFO] MainUpdater:2872 - connection check result : 10
2025-10-13 11:53:11,111 [INFO] MainUpdater:289 - Updater Check For Update Now.
2025-10-13 11:53:11,111 [INFO] MicroXplorer:498 - Change Database Version : DB.6.0.150
2025-10-13 11:53:11,123 [INFO] McuFinderGlobals:63 - Set McuFinder mode to 2 (CubeIDE integrated)
2025-10-13 11:53:11,124 [INFO] UserAuth:487 - Internet connection configuration mode: 1
2025-10-13 11:53:11,213 [INFO] JxBrowserEngine:152 - Initiate JxBrowser Engine with user profile folder
2025-10-13 11:53:11,264 [WARN] MainUpdater:1193 - Updater busy. Cannot search thirdparties
2025-10-13 11:53:11,264 [INFO] ThirdPartyUpdaterWithRetryManager:96 - Updater plugin is busy. [1/15]
2025-10-13 11:53:11,372 [INFO] CheckServerUpdateThread:120 - End of CheckServer Thread
2025-10-13 11:53:11,768 [INFO] WebApp:169 - Instantiating new browser for Auth
2025-10-13 11:53:12,362 [INFO] WebApp:463 - Apply proxy settings
2025-10-13 11:53:12,362 [INFO] WebApp:548 - Chromium requires no authentication
2025-10-13 11:53:12,369 [INFO] WebApp:491 - Direct internet connection detected
2025-10-13 11:53:12,391 [INFO] WebApp:900 - Register for checkConnection events
2025-10-13 11:53:12,391 [INFO] WebApp:463 - Apply proxy settings
2025-10-13 11:53:12,391 [INFO] WebApp:548 - Chromium requires no authentication
2025-10-13 11:53:12,392 [INFO] WebApp:491 - Direct internet connection detected
2025-10-13 11:53:12,566 [INFO] WebApp:225 - Starting web application
2025-10-13 11:53:12,567 [INFO] WebApp:593 - Web application path used C:\ST\STM32CubeIDE_1.19.0\STM32CubeIDE\plugins\com.st.stm32cube.common.mx_6.15.0.202507011659\db\plugins\mcufinder\reactClient1\index.html
2025-10-13 11:53:12,642 [INFO] UserAuth:487 - Internet connection configuration mode: 1
2025-10-13 11:53:12,794 [INFO] WebApp:191 - Connection restablished
2025-10-13 11:53:14,465 [WARN] PackLoader:240 - Cannot read IP mode file for STMicroelectronics.FP-SNS-MOTENVWB1.1.4.0
2025-10-13 11:53:14,473 [WARN] PackLoader:240 - Cannot read IP mode file for STMicroelectronics.FP-ATR-ASTRA1.2.0.2
2025-10-13 11:53:14,482 [WARN] PackLoader:240 - Cannot read IP mode file for STMicroelectronics.X-CUBE-SMBUS.2.1.0
2025-10-13 11:53:14,485 [WARN] PackLoader:240 - Cannot read IP mode file for STMicroelectronics.X-CUBE-ST60.1.0.0
2025-10-13 11:53:14,510 [WARN] PackLoader:240 - Cannot read IP mode file for STMicroelectronics.X-CUBE-AZRTOS-F7.1.1.0
2025-10-13 11:53:14,531 [WARN] PackLoader:240 - Cannot read IP mode file for Infineon.AIROC-Wi-Fi-Bluetooth-STM32.1.7.1
2025-10-13 11:53:14,555 [WARN] PackLoader:240 - Cannot read IP mode file for STMicroelectronics.X-CUBE-AZRTOS-H7.3.4.0
2025-10-13 11:53:14,562 [WARN] PackLoader:240 - Cannot read IP mode file for STMicroelectronics.X-CUBE-DISPLAY.3.0.0
2025-10-13 11:53:14,573 [WARN] PackLoader:240 - Cannot read IP mode file for STMicroelectronics.X-CUBE-NFC10.1.0.0
2025-10-13 11:53:14,577 [WARN] PackLoader:240 - Cannot read IP mode file for emotas.I-CUBE-CANOPEN.1.3.0
2025-10-13 11:53:14,581 [WARN] PackLoader:240 - Cannot read IP mode file for STMicroelectronics.FP-SNS-STBOX1.2.1.0
2025-10-13 11:53:14,585 [WARN] PackLoader:240 - Cannot read IP mode file for STMicroelectronics.FP-SNS-SMARTAG2.1.2.0
2025-10-13 11:53:14,588 [WARN] PackLoader:240 - Cannot read IP mode file for STMicroelectronics.FP-SNS-FLIGHT1.5.1.0
2025-10-13 11:53:14,594 [INFO] LogOutputStream:77 - [STDOUT_REDIRECT] 1 : Invalid condition id : UX_CORESTACK_Condition cause : null
2025-10-13 11:53:14,595 [INFO] LogOutputStream:77 - [STDOUT_REDIRECT] 1 : Invalid condition id : UX_CORESTACK_Condition cause : null
2025-10-13 11:53:14,596 [INFO] LogOutputStream:77 - [STDOUT_REDIRECT] 1 : Invalid condition id : UX_CORESTACK_Condition cause : null
2025-10-13 11:53:14,596 [INFO] LogOutputStream:77 - [STDOUT_REDIRECT] 1 : Invalid condition id : UX_CORESTACK_Condition cause : null
2025-10-13 11:53:14,597 [INFO] LogOutputStream:77 - [STDOUT_REDIRECT] 1 : Invalid condition id : UX_CORESTACK_Condition cause : null
2025-10-13 11:53:14,600 [WARN] PackLoader:240 - Cannot read IP mode file for STMicroelectronics.X-CUBE-AZRTOS-WL.2.0.0
2025-10-13 11:53:14,603 [WARN] PackLoader:240 - Cannot read IP mode file for STMicroelectronics.FP-SNS-MOTENV1.5.0.0
2025-10-13 11:53:14,609 [WARN] PackLoader:240 - Cannot read IP mode file for WES.I-CUBE-Cesium.1.3.0
2025-10-13 11:53:14,613 [WARN] PackLoader:240 - Cannot read IP mode file for STMicroelectronics.X-CUBE-BLE2.3.3.0
2025-10-13 11:53:14,617 [WARN] PackLoader:240 - Cannot read IP mode file for STMicroelectronics.X-CUBE-NFC9.1.0.0
2025-10-13 11:53:14,622 [WARN] PackLoader:240 - Cannot read IP mode file for wolfSSL.I-CUBE-wolfSSL.5.8.0
2025-10-13 11:53:14,624 [WARN] PackLoader:240 - Cannot read IP mode file for STMicroelectronics.X-CUBE-BLE1.7.1.0
2025-10-13 11:53:14,627 [WARN] PackLoader:240 - Cannot read IP mode file for wolfSSL.I-CUBE-wolfMQTT.1.19.2
2025-10-13 11:53:14,631 [WARN] PackLoader:240 - Cannot read IP mode file for STMicroelectronics.X-CUBE-EEPRMA1.5.2.0
2025-10-13 11:53:14,635 [WARN] PackLoader:240 - Cannot read IP mode file for STMicroelectronics.X-CUBE-AI.10.1.0
2025-10-13 11:53:14,643 [WARN] PackLoader:240 - Cannot read IP mode file for STMicroelectronics.X-CUBE-AZRTOS-G0.1.1.0
2025-10-13 11:53:14,648 [WARN] PackLoader:240 - Cannot read IP mode file for STMicroelectronics.X-CUBE-SAFEA1.1.2.2
2025-10-13 11:53:14,652 [WARN] PackLoader:240 - Cannot read IP mode file for STMicroelectronics.X-CUBE-NFC4.3.0.0
2025-10-13 11:53:14,657 [WARN] PackLoader:240 - Cannot read IP mode file for EmbeddedOffice.I-CUBE-FS-RTOS.1.0.1
2025-10-13 11:53:14,660 [WARN] PackLoader:240 - Cannot read IP mode file for STMicroelectronics.X-CUBE-WB05N.2.0.0
2025-10-13 11:53:14,663 [WARN] PackLoader:240 - Cannot read IP mode file for wolfSSL.I-CUBE-wolfTPM.3.8.0
2025-10-13 11:53:14,666 [WARN] PackLoader:240 - Cannot read IP mode file for STMicroelectronics.X-CUBE-TCPP.4.2.0
2025-10-13 11:53:14,669 [WARN] PackLoader:240 - Cannot read IP mode file for RealThread.X-CUBE-RT-Thread_Nano.4.1.1
2025-10-13 11:53:14,672 [WARN] PackLoader:240 - Cannot read IP mode file for STMicroelectronics.FP-ATR-SIGFOX1.3.2.0
2025-10-13 11:53:14,674 [WARN] PackLoader:240 - Cannot read IP mode file for ITTIA_DB.I-CUBE-ITTIADB.8.9.0
2025-10-13 11:53:14,679 [WARN] PackLoader:240 - Cannot read IP mode file for STMicroelectronics.X-CUBE-ST67W61.1.0.0
2025-10-13 11:53:14,681 [WARN] PackLoader:240 - Cannot read IP mode file for STMicroelectronics.X-CUBE-AI.10.2.0
2025-10-13 11:53:14,693 [WARN] PackLoader:240 - Cannot read IP mode file for SEGGER.I-CUBE-embOS.1.3.1
2025-10-13 11:53:14,721 [WARN] PackLoader:240 - Cannot read IP mode file for STMicroelectronics.X-CUBE-ALGOBUILD.1.4.0
2025-10-13 11:53:14,742 [WARN] PackLoader:240 - Cannot read IP mode file for STMicroelectronics.X-CUBE-MEMS1.11.3.0
2025-10-13 11:53:14,817 [WARN] PackLoader:240 - Cannot read IP mode file for STMicroelectronics.X-CUBE-PM33A1.1.0.0
2025-10-13 11:53:14,830 [WARN] PackLoader:240 - Cannot read IP mode file for STMicroelectronics.X-CUBE-AZRTOS-F4.1.1.0
2025-10-13 11:53:14,837 [WARN] PackLoader:240 - Cannot read IP mode file for Avnet-IotConnect.X-CUBE-IoTC-DA16k-PMOD.1.0.0
2025-10-13 11:53:14,841 [WARN] PackLoader:240 - Cannot read IP mode file for STMicroelectronics.X-CUBE-ISPU.2.1.0
2025-10-13 11:53:14,846 [WARN] PackLoader:240 - Cannot read IP mode file for STMicroelectronics.X-CUBE-NFC12.1.0.0
2025-10-13 11:53:14,874 [WARN] PackLoader:240 - Cannot read IP mode file for STMicroelectronics.X-CUBE-AZRTOS-L5.2.0.0
2025-10-13 11:53:14,886 [WARN] PackLoader:240 - Cannot read IP mode file for STMicroelectronics.X-CUBE-NFC6.3.1.0
2025-10-13 11:53:14,892 [WARN] PackLoader:240 - Cannot read IP mode file for STMicroelectronics.X-CUBE-FREERTOS.1.3.1
2025-10-13 11:53:14,899 [WARN] PackLoader:240 - Cannot read IP mode file for STMicroelectronics.X-CUBE-TOUCHGFX.4.26.0
2025-10-13 11:53:14,903 [WARN] PackLoader:240 - Cannot read IP mode file for STMicroelectronics.FP-SNS-STAIOTCFT.1.0.0
2025-10-13 11:53:14,909 [WARN] PackLoader:240 - Cannot read IP mode file for STMicroelectronics.X-CUBE-DPower.1.3.0
2025-10-13 11:53:14,919 [WARN] ConditionMgr:438 - getConditionDescription Invalid condition id : LAN8742 Phy interface Condition cause : null
2025-10-13 11:53:14,920 [WARN] PackLoader:240 - Cannot read IP mode file for STMicroelectronics.X-CUBE-AZRTOS-L4.2.0.0
2025-10-13 11:53:14,920 [WARN] ConditionMgr:1044 - genDependencies : Invalid condition id : LAN8742 Phy interface Condition cause : null
2025-10-13 11:53:14,920 [WARN] ConditionMgr:1044 - genDependencies : Invalid condition id : LAN8742 Phy interface Condition cause : null
2025-10-13 11:53:14,921 [WARN] ConditionMgr:1044 - genDependencies : Invalid condition id : LAN8742 Phy interface Condition cause : null
2025-10-13 11:53:14,926 [WARN] PackLoader:240 - Cannot read IP mode file for STMicroelectronics.X-CUBE-SFXS2LP1.4.0.0
2025-10-13 11:53:14,933 [WARN] PackLoader:240 - Cannot read IP mode file for STMicroelectronics.X-CUBE-BLEMGR.4.1.0
2025-10-13 11:53:14,942 [WARN] ConditionMgr:438 - getConditionDescription Invalid condition id : UX DEVICE CLASS RTOS Condition cause : null
2025-10-13 11:53:14,942 [WARN] ConditionMgr:438 - getConditionDescription Invalid condition id : UX DEVICE CLASS RTOS Condition cause : null
2025-10-13 11:53:14,944 [WARN] PackLoader:240 - Cannot read IP mode file for STMicroelectronics.X-CUBE-AZRTOS-WB.2.0.0
2025-10-13 11:53:14,944 [WARN] ConditionMgr:1044 - genDependencies : Invalid condition id : UX DEVICE CLASS RTOS Condition cause : null
2025-10-13 11:53:14,944 [WARN] ConditionMgr:1044 - genDependencies : Invalid condition id : UX DEVICE CLASS RTOS Condition cause : null
2025-10-13 11:53:14,944 [WARN] ConditionMgr:1044 - genDependencies : Invalid condition id : UX DEVICE CLASS RTOS Condition cause : null
2025-10-13 11:53:14,944 [WARN] ConditionMgr:1044 - genDependencies : Invalid condition id : UX DEVICE CLASS RTOS Condition cause : null
2025-10-13 11:53:14,944 [WARN] ConditionMgr:1044 - genDependencies : Invalid condition id : UX DEVICE CLASS RTOS Condition cause : null
2025-10-13 11:53:14,948 [WARN] PackLoader:240 - Cannot read IP mode file for STMicroelectronics.X-CUBE-GNSS1.7.0.1
2025-10-13 11:53:14,951 [WARN] PackLoader:240 - Cannot read IP mode file for STMicroelectronics.X-CUBE-TOUCHGFX.4.25.0
2025-10-13 11:53:14,954 [WARN] PackLoader:240 - Cannot read IP mode file for STMicroelectronics.FP-SNS-STBOX1.2.0.0
2025-10-13 11:53:14,957 [WARN] ConditionMgr:438 - getConditionDescription Invalid condition id : Cortex-A Device cause : null
2025-10-13 11:53:14,968 [WARN] ConditionMgr:1044 - genDependencies : Invalid condition id : Cortex-A Device cause : null
2025-10-13 11:53:14,968 [WARN] ConditionMgr:1044 - genDependencies : Invalid condition id : Cortex-A Device cause : null
2025-10-13 11:53:14,968 [WARN] ConditionMgr:1044 - genDependencies : Invalid condition id : Cortex-A Device cause : null
2025-10-13 11:53:14,972 [WARN] PackLoader:240 - Cannot read IP mode file for STMicroelectronics.X-CUBE-SUBG2.5.0.0
2025-10-13 11:53:14,982 [WARN] PackLoader:240 - Cannot read IP mode file for STMicroelectronics.X-CUBE-AZRTOS-H7RS.1.1.0
2025-10-13 11:53:14,985 [WARN] PackLoader:240 - Cannot read IP mode file for Cesanta.I-CUBE-Mongoose.7.13.0
2025-10-13 11:53:14,994 [WARN] PackLoader:240 - Cannot read IP mode file for STMicroelectronics.X-CUBE-AZRTOS-G4.2.0.0
2025-10-13 11:53:14,997 [WARN] PackLoader:240 - Cannot read IP mode file for wolfSSL.I-CUBE-wolfSSH.1.4.20
2025-10-13 11:53:15,000 [WARN] PackLoader:240 - Cannot read IP mode file for STMicroelectronics.X-CUBE-NFC7.2.0.0
2025-10-13 11:53:15,006 [WARN] PackLoader:240 - Cannot read IP mode file for STMicroelectronics.X-CUBE-IPS.3.1.0
2025-10-13 11:53:15,012 [WARN] PackLoader:240 - Cannot read IP mode file for STMicroelectronics.X-CUBE-ALS.1.0.2
2025-10-13 11:53:15,017 [WARN] PackLoader:240 - Cannot read IP mode file for STMicroelectronics.X-CUBE-STSE01.1.0.0
2025-10-13 11:53:15,020 [WARN] PackLoader:240 - Cannot read IP mode file for portGmbH.I-Cube-SoM-uGOAL.1.1.0
2025-10-13 11:53:15,025 [WARN] PackLoader:240 - Cannot read IP mode file for STMicroelectronics.X-CUBE-TOF1.3.4.3
2025-10-13 11:53:15,029 [INFO] ThirdParty:978 - Integrity check success = true
2025-10-13 11:53:15,029 [INFO] IntegrityCheckThread:100 - exiting critical section [integrity check]
2025-10-13 11:53:15,029 [INFO] IntegrityCheckThread:103 - End integrity checks thread
2025-10-13 12:02:52,228 [ERROR] LogOutputStream:75 - [STDERR_REDIRECT] 
2025-10-13 12:02:52,229 [ERROR] LogOutputStream:75 - [STDERR_REDIRECT] 
