2025-11-05 11:14:06,650 [INFO] Activator:176 - 


2025-11-05 11:14:06,654 [INFO] Activator:177 - !SESSION log4j initialized
2025-11-05 11:14:11,435 [INFO] LogOutputStream:77 - [STDOUT_REDIRECT] 
2025-11-05 11:14:12,248 [INFO] ApplicationProperties:184 - Using Application install path: C:\ST\STM32CubeIDE_1.19.0\STM32CubeIDE\plugins\com.st.stm32cube.common.mx_6.15.0.202507011659
2025-11-05 11:14:12,271 [INFO] DbMcusXml:78 - Set database path to: C:\ST\STM32CubeIDE_1.19.0\STM32CubeIDE\plugins\com.st.stm32cube.common.mx_6.15.0.202507011659\\db\/mcu/
2025-11-05 11:14:12,271 [INFO] ApiDb:274 - Set plugin database path to: C:\ST\STM32CubeIDE_1.19.0\STM32CubeIDE\plugins\com.st.stm32cube.common.mx_6.15.0.202507011659\\db\/plugins/boardmanager/
2025-11-05 11:14:12,271 [WARN] ApiDb:259 - Overriding images path with different value:  => C:\ST\STM32CubeIDE_1.19.0\STM32CubeIDE\plugins\com.st.stm32cube.common.mx_6.15.0.202507011659\\db\/plugins/mcufinder/images/
2025-11-05 11:14:12,281 [INFO] ApiDb:250 - Set database path to: C:\Users\User\.stmcufinder\plugins\mcufinder//mcu/
2025-11-05 11:14:12,282 [INFO] DbMcusAds:125 - Set database path to: C:\Users\User\.stmcufinder\plugins\mcufinder//mcu/
2025-11-05 11:14:12,285 [INFO] CrossReferenceDbSqlite:203 - Set database path to: C:\Users\User\.stmcufinder\plugins\mcufinder//mcu/cs/
2025-11-05 11:14:12,403 [INFO] RulesReader:64 - Compatibility file has been processed (317 Rules)
2025-11-05 11:14:12,468 [INFO] DbMcusXml:78 - Set database path to: C:\ST\STM32CubeIDE_1.19.0\STM32CubeIDE\plugins\com.st.stm32cube.common.mx_6.15.0.202507011659\\db\/mcu/
2025-11-05 11:14:12,469 [INFO] ApiDb:274 - Set plugin database path to: C:\ST\STM32CubeIDE_1.19.0\STM32CubeIDE\plugins\com.st.stm32cube.common.mx_6.15.0.202507011659\\db\/plugins/boardmanager/
2025-11-05 11:14:12,469 [INFO] ApiDb:261 - Set plugin images path to: C:\ST\STM32CubeIDE_1.19.0\STM32CubeIDE\plugins\com.st.stm32cube.common.mx_6.15.0.202507011659\\db\/plugins/mcufinder/images/
2025-11-05 11:14:12,469 [WARN] DbFile:41 - Overriding database path with different value: C:\Users\User\.stmcufinder\plugins\mcufinder/ => C:\Users\User\.stmcufinder\plugins\mcufinder
2025-11-05 11:14:12,469 [INFO] ApiDb:250 - Set database path to: C:\Users\User\.stmcufinder\plugins\mcufinder//mcu/
2025-11-05 11:14:12,469 [WARN] DbFile:41 - Overriding database path with different value: C:\Users\User\.stmcufinder\plugins\mcufinder/ => C:\Users\User\.stmcufinder\plugins\mcufinder
2025-11-05 11:14:12,469 [INFO] DbMcusAds:125 - Set database path to: C:\Users\User\.stmcufinder\plugins\mcufinder//mcu/
2025-11-05 11:14:12,469 [WARN] DbFile:41 - Overriding database path with different value: C:\Users\User\.stmcufinder\plugins\mcufinder/ => C:\Users\User\.stmcufinder\plugins\mcufinder
2025-11-05 11:14:12,469 [WARN] DbFile:41 - Overriding database path with different value: C:\Users\User\.stmcufinder\plugins\mcufinder/ => C:\Users\User\.stmcufinder\plugins\mcufinder
2025-11-05 11:14:12,469 [INFO] CrossReferenceDbSqlite:203 - Set database path to: C:\Users\User\.stmcufinder\plugins\mcufinder//mcu/cs/
2025-11-05 11:14:12,543 [INFO] MainPanel:274 - HeapMemory: 268435456
2025-11-05 11:14:12,652 [INFO] DbMcusXml:78 - Set database path to: C:\ST\STM32CubeIDE_1.19.0\STM32CubeIDE\plugins\com.st.stm32cube.common.mx_6.15.0.202507011659\\db\/mcu/
2025-11-05 11:14:12,652 [INFO] ApiDb:274 - Set plugin database path to: C:\ST\STM32CubeIDE_1.19.0\STM32CubeIDE\plugins\com.st.stm32cube.common.mx_6.15.0.202507011659\\db\/plugins/boardmanager/
2025-11-05 11:14:12,653 [INFO] ApiDb:261 - Set plugin images path to: C:\ST\STM32CubeIDE_1.19.0\STM32CubeIDE\plugins\com.st.stm32cube.common.mx_6.15.0.202507011659\\db\/plugins/mcufinder/images/
2025-11-05 11:14:12,653 [WARN] DbFile:41 - Overriding database path with different value: C:\Users\User\.stmcufinder\plugins\mcufinder/ => C:\Users\User\.stmcufinder\plugins\mcufinder
2025-11-05 11:14:12,653 [INFO] ApiDb:250 - Set database path to: C:\Users\User\.stmcufinder\plugins\mcufinder//mcu/
2025-11-05 11:14:12,653 [WARN] DbFile:41 - Overriding database path with different value: C:\Users\User\.stmcufinder\plugins\mcufinder/ => C:\Users\User\.stmcufinder\plugins\mcufinder
2025-11-05 11:14:12,653 [INFO] DbMcusAds:125 - Set database path to: C:\Users\User\.stmcufinder\plugins\mcufinder//mcu/
2025-11-05 11:14:12,653 [WARN] DbFile:41 - Overriding database path with different value: C:\Users\User\.stmcufinder\plugins\mcufinder/ => C:\Users\User\.stmcufinder\plugins\mcufinder
2025-11-05 11:14:12,653 [WARN] DbFile:41 - Overriding database path with different value: C:\Users\User\.stmcufinder\plugins\mcufinder/ => C:\Users\User\.stmcufinder\plugins\mcufinder
2025-11-05 11:14:12,653 [INFO] CrossReferenceDbSqlite:203 - Set database path to: C:\Users\User\.stmcufinder\plugins\mcufinder//mcu/cs/
2025-11-05 11:14:12,669 [INFO] ApplicationProperties:184 - Using Application install path: C:\ST\STM32CubeIDE_1.19.0\STM32CubeIDE\plugins\com.st.stm32cube.common.mx_6.15.0.202507011659
2025-11-05 11:14:12,670 [INFO] PluginManage:196 - Search for loadable plugins [exclusion list=, ]
2025-11-05 11:14:12,672 [INFO] PluginManage:310 - Check plugin analytics
2025-11-05 11:14:12,827 [INFO] AnalyticsPlugin:253 - Accepted Software Licenses: 
2025-11-05 11:14:12,828 [INFO] AnalyticsPlugin:255 - Accepted CMSIS Pack Licenses: 
2025-11-05 11:14:12,828 [INFO] AnalyticsPlugin:257 - Accepted Firmware Licenses: FW.WL.1.3.0,FW.H7.1.12.0,FW.F4.1.28.0
2025-11-05 11:14:12,829 [INFO] PluginManage:359 - Loaded plugin analytics (category:tool,tabindex:-1)
2025-11-05 11:14:12,829 [INFO] PluginManage:310 - Check plugin cadmodel
2025-11-05 11:14:12,838 [INFO] CADModel:105 - Init CAD model plugin
2025-11-05 11:14:12,838 [INFO] PluginManage:359 - Loaded plugin cadmodel (category:power,tabindex:5)
2025-11-05 11:14:12,838 [INFO] PluginManage:310 - Check plugin clock
2025-11-05 11:14:12,849 [INFO] PluginManage:359 - Loaded plugin clock (category:base,tabindex:2)
2025-11-05 11:14:12,849 [INFO] PluginManage:310 - Check plugin ddr
2025-11-05 11:14:12,852 [INFO] PluginManage:359 - Loaded plugin ddr (category:tool,tabindex:6)
2025-11-05 11:14:12,852 [INFO] PluginManage:310 - Check plugin filemanager
2025-11-05 11:14:13,001 [INFO] PluginManage:359 - Loaded plugin filemanager (category:base,tabindex:10)
2025-11-05 11:14:13,002 [INFO] PluginManage:310 - Check plugin ipmanager
2025-11-05 11:14:13,008 [INFO] PluginManage:359 - Loaded plugin ipmanager (category:base,tabindex:5)
2025-11-05 11:14:13,008 [INFO] PluginManage:310 - Check plugin lpbam
2025-11-05 11:14:13,017 [INFO] PluginManage:359 - Loaded plugin lpbam (category:base,tabindex:0)
2025-11-05 11:14:13,017 [INFO] PluginManage:310 - Check plugin memorymap
2025-11-05 11:14:13,038 [INFO] PluginManage:359 - Loaded plugin memorymap (category:base,tabindex:4)
2025-11-05 11:14:13,038 [INFO] PluginManage:310 - Check plugin pinoutandconfiguration
2025-11-05 11:14:13,047 [INFO] PluginManage:359 - Loaded plugin pinoutandconfiguration (category:base,tabindex:1)
2025-11-05 11:14:13,047 [INFO] PluginManage:310 - Check plugin pinoutconfig
2025-11-05 11:14:13,174 [WARN] SupportedApi:132 - Cannot load RTOS API schema: s4s-elt-must-match.1: The content of 'definitions' must match (annotation?, (simpleType | complexType)?, (unique | key | keyref)*)). A problem was found starting at: attribute.
2025-11-05 11:14:13,317 [INFO] PluginManage:359 - Loaded plugin pinoutconfig (category:base,tabindex:0)
2025-11-05 11:14:13,317 [INFO] PluginManage:310 - Check plugin power
2025-11-05 11:14:13,329 [INFO] PluginManage:359 - Loaded plugin power (category:power,tabindex:4)
2025-11-05 11:14:13,329 [INFO] PluginManage:310 - Check plugin projectmanager
2025-11-05 11:14:13,341 [INFO] PluginManage:359 - Loaded plugin projectmanager (category:projectmanager,tabindex:4)
2025-11-05 11:14:13,342 [INFO] PluginManage:310 - Check plugin rif
2025-11-05 11:14:13,353 [INFO] PluginManage:359 - Loaded plugin rif (category:base,tabindex:3)
2025-11-05 11:14:13,353 [INFO] PluginManage:310 - Check plugin thirdparty
2025-11-05 11:14:13,504 [WARN] IntegrityCheckThread:84 - waiting for thirdparty lock release [integrity check]
2025-11-05 11:14:13,504 [INFO] IntegrityCheckThread:86 - entering critical section [integrity check]
2025-11-05 11:14:13,505 [INFO] PluginManage:359 - Loaded plugin thirdparty (category:base,tabindex:-1)
2025-11-05 11:14:13,505 [INFO] ThirdPartyUpdaterWithRetryManager:70 - Updater plugin not ready yet. [1/15]
2025-11-05 11:14:13,505 [INFO] PluginManage:310 - Check plugin tools
2025-11-05 11:14:13,507 [INFO] PluginManage:359 - Loaded plugin tools (category:base,tabindex:7)
2025-11-05 11:14:13,507 [INFO] PluginManage:310 - Check plugin tutovideos
2025-11-05 11:14:13,728 [INFO] PluginManage:359 - Loaded plugin tutovideos (category:base,tabindex:-1)
2025-11-05 11:14:13,728 [INFO] PluginManage:310 - Check plugin updater
2025-11-05 11:14:13,759 [INFO] PluginManage:359 - Loaded plugin updater (category:base,tabindex:12)
2025-11-05 11:14:13,759 [INFO] PluginManage:310 - Check plugin userauth
2025-11-05 11:14:13,766 [INFO] UserAuth:118 - Init User Auth plugin
2025-11-05 11:14:13,767 [INFO] PluginManage:359 - Loaded plugin userauth (category:base,tabindex:14)
2025-11-05 11:14:13,767 [INFO] PluginManage:283 - PluginManage : Loaded plugins [18]
2025-11-05 11:14:14,036 [INFO] PinOutPanel:1589 - setPackage(No Configuration,No Configuration)
2025-11-05 11:14:14,118 [INFO] CADModel:165 - CPN selected for project level
2025-11-05 11:14:14,118 [INFO] CADModel:114 - Register for checkConnection events
2025-11-05 11:14:14,137 [INFO] IPUIPlugin:80 - create IPUIPlugin
2025-11-05 11:14:14,138 [INFO] PluginManager:220 - loadIPPluginJar : add adc
2025-11-05 11:14:14,141 [INFO] IPUIPlugin:80 - create IPUIPlugin
2025-11-05 11:14:14,141 [INFO] PluginManager:220 - loadIPPluginJar : add aes
2025-11-05 11:14:14,144 [INFO] IPUIPlugin:80 - create IPUIPlugin
2025-11-05 11:14:14,144 [INFO] PluginManager:220 - loadIPPluginJar : add can
2025-11-05 11:14:14,145 [INFO] IPUIPlugin:80 - create IPUIPlugin
2025-11-05 11:14:14,146 [INFO] PluginManager:220 - loadIPPluginJar : add comp
2025-11-05 11:14:14,148 [INFO] IPUIPlugin:80 - create IPUIPlugin
2025-11-05 11:14:14,149 [INFO] PluginManager:220 - loadIPPluginJar : add cryp
2025-11-05 11:14:14,153 [INFO] IPUIPlugin:80 - create IPUIPlugin
2025-11-05 11:14:14,153 [INFO] PluginManager:220 - loadIPPluginJar : add ddr_ctrl_phy
2025-11-05 11:14:14,155 [INFO] IPUIPlugin:80 - create IPUIPlugin
2025-11-05 11:14:14,155 [INFO] PluginManager:220 - loadIPPluginJar : add dfsdm
2025-11-05 11:14:14,162 [INFO] IPUIPlugin:80 - create IPUIPlugin
2025-11-05 11:14:14,163 [INFO] PluginManager:220 - loadIPPluginJar : add dma
2025-11-05 11:14:14,166 [INFO] IPUIPlugin:80 - create IPUIPlugin
2025-11-05 11:14:14,166 [INFO] PluginManager:220 - loadIPPluginJar : add dma3
2025-11-05 11:14:14,169 [INFO] IPUIPlugin:80 - create IPUIPlugin
2025-11-05 11:14:14,169 [INFO] PluginManager:220 - loadIPPluginJar : add extmemmanager
2025-11-05 11:14:14,172 [INFO] IPUIPlugin:80 - create IPUIPlugin
2025-11-05 11:14:14,172 [INFO] PluginManager:220 - loadIPPluginJar : add fatfs
2025-11-05 11:14:14,176 [INFO] IPUIPlugin:80 - create IPUIPlugin
2025-11-05 11:14:14,176 [INFO] PluginManager:220 - loadIPPluginJar : add fmc
2025-11-05 11:14:14,182 [INFO] IPUIPlugin:80 - create IPUIPlugin
2025-11-05 11:14:14,182 [INFO] PluginManager:220 - loadIPPluginJar : add freertos
2025-11-05 11:14:14,184 [INFO] IPUIPlugin:80 - create IPUIPlugin
2025-11-05 11:14:14,184 [INFO] PluginManager:220 - loadIPPluginJar : add genericplugin
2025-11-05 11:14:14,186 [INFO] IPUIPlugin:80 - create IPUIPlugin
2025-11-05 11:14:14,186 [INFO] PluginManager:220 - loadIPPluginJar : add gfxmmu
2025-11-05 11:14:14,191 [INFO] IPUIPlugin:80 - create IPUIPlugin
2025-11-05 11:14:14,191 [INFO] PluginManager:220 - loadIPPluginJar : add gic
2025-11-05 11:14:14,194 [INFO] IPUIPlugin:80 - create IPUIPlugin
2025-11-05 11:14:14,195 [INFO] PluginManager:220 - loadIPPluginJar : add gpio
2025-11-05 11:14:14,198 [INFO] IPUIPlugin:80 - create IPUIPlugin
2025-11-05 11:14:14,198 [INFO] PluginManager:220 - loadIPPluginJar : add gtzc
2025-11-05 11:14:14,199 [INFO] IPUIPlugin:80 - create IPUIPlugin
2025-11-05 11:14:14,199 [INFO] PluginManager:220 - loadIPPluginJar : add hash
2025-11-05 11:14:14,203 [INFO] IPUIPlugin:80 - create IPUIPlugin
2025-11-05 11:14:14,203 [INFO] PluginManager:220 - loadIPPluginJar : add i2c
2025-11-05 11:14:14,206 [INFO] IPUIPlugin:80 - create IPUIPlugin
2025-11-05 11:14:14,206 [INFO] PluginManager:220 - loadIPPluginJar : add i2s
2025-11-05 11:14:14,209 [INFO] IPUIPlugin:80 - create IPUIPlugin
2025-11-05 11:14:14,209 [INFO] PluginManager:220 - loadIPPluginJar : add i3c
2025-11-05 11:14:14,212 [INFO] IPUIPlugin:80 - create IPUIPlugin
2025-11-05 11:14:14,212 [INFO] PluginManager:220 - loadIPPluginJar : add ipddr
2025-11-05 11:14:14,218 [INFO] IPUIPlugin:80 - create IPUIPlugin
2025-11-05 11:14:14,219 [INFO] PluginManager:220 - loadIPPluginJar : add linkedlist
2025-11-05 11:14:14,221 [INFO] IPUIPlugin:80 - create IPUIPlugin
2025-11-05 11:14:14,222 [INFO] PluginManager:220 - loadIPPluginJar : add lorawan
2025-11-05 11:14:14,223 [INFO] IPUIPlugin:80 - create IPUIPlugin
2025-11-05 11:14:14,223 [INFO] PluginManager:220 - loadIPPluginJar : add ltdc
2025-11-05 11:14:14,229 [INFO] IPUIPlugin:80 - create IPUIPlugin
2025-11-05 11:14:14,229 [INFO] PluginManager:220 - loadIPPluginJar : add mdma
2025-11-05 11:14:14,233 [INFO] IPUIPlugin:80 - create IPUIPlugin
2025-11-05 11:14:14,233 [INFO] PluginManager:220 - loadIPPluginJar : add nvic
2025-11-05 11:14:14,235 [INFO] IPUIPlugin:80 - create IPUIPlugin
2025-11-05 11:14:14,235 [INFO] PluginManager:220 - loadIPPluginJar : add opamp
2025-11-05 11:14:14,239 [INFO] IPUIPlugin:80 - create IPUIPlugin
2025-11-05 11:14:14,239 [INFO] PluginManager:220 - loadIPPluginJar : add openamp
2025-11-05 11:14:14,243 [INFO] IPUIPlugin:80 - create IPUIPlugin
2025-11-05 11:14:14,243 [INFO] PluginManager:220 - loadIPPluginJar : add pdm2pcm
2025-11-05 11:14:14,249 [INFO] IPUIPlugin:80 - create IPUIPlugin
2025-11-05 11:14:14,252 [INFO] PluginManager:220 - loadIPPluginJar : add plateformsettings
2025-11-05 11:14:14,253 [INFO] IPUIPlugin:80 - create IPUIPlugin
2025-11-05 11:14:14,253 [INFO] PluginManager:220 - loadIPPluginJar : add quadspi
2025-11-05 11:14:14,255 [INFO] IPUIPlugin:80 - create IPUIPlugin
2025-11-05 11:14:14,256 [INFO] PluginManager:220 - loadIPPluginJar : add radio
2025-11-05 11:14:14,259 [INFO] IPUIPlugin:80 - create IPUIPlugin
2025-11-05 11:14:14,259 [INFO] PluginManager:220 - loadIPPluginJar : add resmgrutility
2025-11-05 11:14:14,263 [INFO] IPUIPlugin:80 - create IPUIPlugin
2025-11-05 11:14:14,263 [INFO] PluginManager:220 - loadIPPluginJar : add sai
2025-11-05 11:14:14,266 [INFO] IPUIPlugin:80 - create IPUIPlugin
2025-11-05 11:14:14,266 [INFO] PluginManager:220 - loadIPPluginJar : add spi
2025-11-05 11:14:14,273 [INFO] IPUIPlugin:80 - create IPUIPlugin
2025-11-05 11:14:14,273 [INFO] PluginManager:220 - loadIPPluginJar : add stm32_wpan
2025-11-05 11:14:14,275 [INFO] IPUIPlugin:80 - create IPUIPlugin
2025-11-05 11:14:14,275 [INFO] PluginManager:220 - loadIPPluginJar : add tim
2025-11-05 11:14:14,278 [INFO] IPUIPlugin:80 - create IPUIPlugin
2025-11-05 11:14:14,278 [INFO] PluginManager:220 - loadIPPluginJar : add touchsensing
2025-11-05 11:14:14,280 [INFO] IPUIPlugin:80 - create IPUIPlugin
2025-11-05 11:14:14,281 [INFO] PluginManager:220 - loadIPPluginJar : add tracer_emb
2025-11-05 11:14:14,282 [INFO] IPUIPlugin:80 - create IPUIPlugin
2025-11-05 11:14:14,282 [INFO] PluginManager:220 - loadIPPluginJar : add ts
2025-11-05 11:14:14,284 [INFO] IPUIPlugin:80 - create IPUIPlugin
2025-11-05 11:14:14,284 [INFO] PluginManager:220 - loadIPPluginJar : add tsc
2025-11-05 11:14:14,285 [INFO] IPUIPlugin:80 - create IPUIPlugin
2025-11-05 11:14:14,286 [INFO] PluginManager:220 - loadIPPluginJar : add ucpd
2025-11-05 11:14:14,288 [INFO] IPUIPlugin:80 - create IPUIPlugin
2025-11-05 11:14:14,288 [INFO] PluginManager:220 - loadIPPluginJar : add usart
2025-11-05 11:14:14,291 [INFO] IPUIPlugin:80 - create IPUIPlugin
2025-11-05 11:14:14,292 [INFO] PluginManager:220 - loadIPPluginJar : add usbx
2025-11-05 11:14:14,411 [FATAL] Updater:351 - Updater called before beeing initialized
2025-11-05 11:14:14,465 [INFO] RulesReader:64 - Compatibility file has been processed (317 Rules)
2025-11-05 11:14:14,475 [INFO] RulesReader:64 - Compatibility file has been processed (317 Rules)
2025-11-05 11:14:14,484 [INFO] CADModel:165 - CPN selected for project level
2025-11-05 11:14:14,484 [INFO] CADModel:114 - Register for checkConnection events
2025-11-05 11:14:14,484 [FATAL] Updater:351 - Updater called before beeing initialized
2025-11-05 11:14:14,484 [ERROR] CADModel:125 - Updater not yet initialized, retry later 
2025-11-05 11:14:14,606 [FATAL] Updater:351 - Updater called before beeing initialized
2025-11-05 11:14:14,608 [INFO] CADModel:165 - CPN selected for project level
2025-11-05 11:14:14,608 [INFO] CADModel:114 - Register for checkConnection events
2025-11-05 11:14:14,608 [FATAL] Updater:351 - Updater called before beeing initialized
2025-11-05 11:14:14,608 [ERROR] CADModel:125 - Updater not yet initialized, retry later 
2025-11-05 11:14:14,611 [FATAL] Updater:351 - Updater called before beeing initialized
2025-11-05 11:14:14,699 [FATAL] Updater:351 - Updater called before beeing initialized
2025-11-05 11:14:14,702 [INFO] DbMcusAds:53 - JSON generation date=Thu Oct 02 15:06:05 IST 2025 (1759397765645)
2025-11-05 11:14:14,702 [FATAL] Updater:351 - Updater called before beeing initialized
2025-11-05 11:14:14,736 [WARN] DetailPanel:346 - Failed to get advertising image, set to default
2025-11-05 11:14:14,795 [FATAL] Updater:351 - Updater called before beeing initialized
2025-11-05 11:14:14,797 [FATAL] Updater:351 - Updater called before beeing initialized
2025-11-05 11:14:14,797 [FATAL] Updater:351 - Updater called before beeing initialized
2025-11-05 11:14:14,798 [WARN] DetailPanel:346 - Failed to get advertising image, set to default
2025-11-05 11:14:14,798 [FATAL] Updater:351 - Updater called before beeing initialized
2025-11-05 11:14:14,835 [ERROR] Updater:1198 - MainUpdater not yet initialized. External WinMGr cannot be set.
2025-11-05 11:14:14,838 [INFO] Updater:1134 - Updater Version found : 6.15.0
2025-11-05 11:14:14,860 [INFO] ApplicationProperties:184 - Using Application install path: C:\ST\STM32CubeIDE_1.19.0\STM32CubeIDE\plugins\com.st.stm32cube.common.mx_6.15.0.202507011659
2025-11-05 11:14:16,451 [ERROR] LogOutputStream:75 - [STDERR_REDIRECT] Nov 05, 2025 11:14:16 AM java.util.prefs.WindowsPreferences <init>
2025-11-05 11:14:16,458 [ERROR] LogOutputStream:75 - [STDERR_REDIRECT] WARNING: Could not open/create prefs root node Software\JavaSoft\Prefs at root 0xffffffff80000002. Windows RegCreateKeyEx(...) returned error code 5.
2025-11-05 11:14:16,459 [ERROR] LogOutputStream:75 - [STDERR_REDIRECT] 
2025-11-05 11:14:16,506 [INFO] ThirdPartyUpdaterWithRetryManager:70 - Updater plugin not ready yet. [2/15]
2025-11-05 11:14:17,022 [INFO] MainUpdater:2872 - connection check result : 10
2025-11-05 11:14:17,024 [INFO] MainUpdater:289 - Updater Check For Update Now.
2025-11-05 11:14:17,025 [INFO] MicroXplorer:498 - Change Database Version : DB.6.0.150
2025-11-05 11:14:17,058 [INFO] McuFinderGlobals:63 - Set McuFinder mode to 2 (CubeIDE integrated)
2025-11-05 11:14:17,064 [INFO] UserAuth:487 - Internet connection configuration mode: 1
2025-11-05 11:14:17,117 [INFO] JxBrowserEngine:152 - Initiate JxBrowser Engine with user profile folder
2025-11-05 11:14:17,243 [INFO] CheckServerUpdateThread:120 - End of CheckServer Thread
2025-11-05 11:14:19,022 [INFO] WebApp:169 - Instantiating new browser for Auth
2025-11-05 11:14:19,756 [WARN] PackLoader:240 - Cannot read IP mode file for STMicroelectronics.FP-SNS-MOTENVWB1.1.4.0
2025-11-05 11:14:19,765 [WARN] PackLoader:240 - Cannot read IP mode file for STMicroelectronics.FP-ATR-ASTRA1.2.0.2
2025-11-05 11:14:19,777 [WARN] PackLoader:240 - Cannot read IP mode file for STMicroelectronics.X-CUBE-SMBUS.2.1.0
2025-11-05 11:14:19,779 [INFO] WebApp:463 - Apply proxy settings
2025-11-05 11:14:19,779 [INFO] WebApp:548 - Chromium requires no authentication
2025-11-05 11:14:19,784 [WARN] PackLoader:240 - Cannot read IP mode file for STMicroelectronics.X-CUBE-ST60.1.0.0
2025-11-05 11:14:19,795 [INFO] WebApp:491 - Direct internet connection detected
2025-11-05 11:14:19,811 [WARN] PackLoader:240 - Cannot read IP mode file for STMicroelectronics.X-CUBE-AZRTOS-F7.1.1.0
2025-11-05 11:14:19,817 [WARN] PackLoader:240 - Cannot read IP mode file for STMicroelectronics.FP-SNS-MOTENV1.5.1.0
2025-11-05 11:14:19,848 [WARN] PackLoader:240 - Cannot read IP mode file for Infineon.AIROC-Wi-Fi-Bluetooth-STM32.1.7.1
2025-11-05 11:14:19,857 [INFO] WebApp:900 - Register for checkConnection events
2025-11-05 11:14:19,857 [INFO] WebApp:463 - Apply proxy settings
2025-11-05 11:14:19,857 [INFO] WebApp:548 - Chromium requires no authentication
2025-11-05 11:14:19,858 [INFO] WebApp:491 - Direct internet connection detected
2025-11-05 11:14:19,903 [WARN] PackLoader:240 - Cannot read IP mode file for STMicroelectronics.X-CUBE-AZRTOS-H7.3.4.0
2025-11-05 11:14:19,918 [WARN] PackLoader:240 - Cannot read IP mode file for STMicroelectronics.X-CUBE-DISPLAY.3.0.0
2025-11-05 11:14:19,933 [WARN] PackLoader:240 - Cannot read IP mode file for STMicroelectronics.X-CUBE-NFC10.1.0.0
2025-11-05 11:14:19,940 [WARN] PackLoader:240 - Cannot read IP mode file for STMicroelectronics.X-CUBE-ST60.1.1.0
2025-11-05 11:14:19,945 [WARN] PackLoader:240 - Cannot read IP mode file for emotas.I-CUBE-CANOPEN.1.3.0
2025-11-05 11:14:19,949 [WARN] PackLoader:240 - Cannot read IP mode file for STMicroelectronics.X-CUBE-GNSS1.7.1.0
2025-11-05 11:14:19,954 [WARN] PackLoader:240 - Cannot read IP mode file for STMicroelectronics.FP-SNS-STBOX1.2.1.0
2025-11-05 11:14:19,961 [WARN] PackLoader:240 - Cannot read IP mode file for STMicroelectronics.FP-SNS-SMARTAG2.1.2.0
2025-11-05 11:14:19,966 [WARN] PackLoader:240 - Cannot read IP mode file for STMicroelectronics.FP-SNS-FLIGHT1.5.1.0
2025-11-05 11:14:19,973 [INFO] LogOutputStream:77 - [STDOUT_REDIRECT] 1 : Invalid condition id : UX_CORESTACK_Condition cause : null
2025-11-05 11:14:19,974 [INFO] LogOutputStream:77 - [STDOUT_REDIRECT] 1 : Invalid condition id : UX_CORESTACK_Condition cause : null
2025-11-05 11:14:19,975 [INFO] LogOutputStream:77 - [STDOUT_REDIRECT] 1 : Invalid condition id : UX_CORESTACK_Condition cause : null
2025-11-05 11:14:19,976 [INFO] LogOutputStream:77 - [STDOUT_REDIRECT] 1 : Invalid condition id : UX_CORESTACK_Condition cause : null
2025-11-05 11:14:19,977 [INFO] LogOutputStream:77 - [STDOUT_REDIRECT] 1 : Invalid condition id : UX_CORESTACK_Condition cause : null
2025-11-05 11:14:19,980 [WARN] PackLoader:240 - Cannot read IP mode file for STMicroelectronics.X-CUBE-AZRTOS-WL.2.0.0
2025-11-05 11:14:19,983 [WARN] PackLoader:240 - Cannot read IP mode file for STMicroelectronics.FP-SNS-MOTENV1.5.0.0
2025-11-05 11:14:19,992 [WARN] PackLoader:240 - Cannot read IP mode file for WES.I-CUBE-Cesium.1.3.0
2025-11-05 11:14:19,997 [WARN] PackLoader:240 - Cannot read IP mode file for STMicroelectronics.X-CUBE-BLE2.3.3.0
2025-11-05 11:14:20,002 [WARN] PackLoader:240 - Cannot read IP mode file for STMicroelectronics.X-CUBE-NFC9.1.0.0
2025-11-05 11:14:20,007 [WARN] PackLoader:240 - Cannot read IP mode file for wolfSSL.I-CUBE-wolfSSL.5.8.0
2025-11-05 11:14:20,010 [WARN] PackLoader:240 - Cannot read IP mode file for STMicroelectronics.X-CUBE-BLE1.7.1.0
2025-11-05 11:14:20,013 [WARN] PackLoader:240 - Cannot read IP mode file for wolfSSL.I-CUBE-wolfMQTT.1.19.2
2025-11-05 11:14:20,018 [WARN] PackLoader:240 - Cannot read IP mode file for STMicroelectronics.X-CUBE-EEPRMA1.5.2.0
2025-11-05 11:14:20,027 [WARN] PackLoader:240 - Cannot read IP mode file for STMicroelectronics.X-CUBE-ST67W61.1.1.0
2025-11-05 11:14:20,031 [WARN] PackLoader:240 - Cannot read IP mode file for STMicroelectronics.X-CUBE-AI.10.1.0
2025-11-05 11:14:20,039 [WARN] PackLoader:240 - Cannot read IP mode file for STMicroelectronics.X-CUBE-AZRTOS-G0.1.1.0
2025-11-05 11:14:20,043 [WARN] PackLoader:240 - Cannot read IP mode file for STMicroelectronics.X-CUBE-SAFEA1.1.2.2
2025-11-05 11:14:20,046 [WARN] PackLoader:240 - Cannot read IP mode file for STMicroelectronics.X-CUBE-NFC4.3.0.0
2025-11-05 11:14:20,052 [WARN] PackLoader:240 - Cannot read IP mode file for EmbeddedOffice.I-CUBE-FS-RTOS.1.0.1
2025-11-05 11:14:20,055 [WARN] PackLoader:240 - Cannot read IP mode file for STMicroelectronics.X-CUBE-WB05N.2.0.0
2025-11-05 11:14:20,058 [WARN] PackLoader:240 - Cannot read IP mode file for wolfSSL.I-CUBE-wolfTPM.3.8.0
2025-11-05 11:14:20,063 [WARN] PackLoader:240 - Cannot read IP mode file for STMicroelectronics.X-CUBE-TCPP.4.2.0
2025-11-05 11:14:20,068 [WARN] PackLoader:240 - Cannot read IP mode file for RealThread.X-CUBE-RT-Thread_Nano.4.1.1
2025-11-05 11:14:20,070 [WARN] PackLoader:240 - Cannot read IP mode file for STMicroelectronics.FP-ATR-SIGFOX1.3.2.0
2025-11-05 11:14:20,075 [WARN] PackLoader:240 - Cannot read IP mode file for ITTIA_DB.I-CUBE-ITTIADB.8.9.0
2025-11-05 11:14:20,078 [WARN] PackLoader:240 - Cannot read IP mode file for STMicroelectronics.X-CUBE-ST67W61.1.0.0
2025-11-05 11:14:20,082 [WARN] PackLoader:240 - Cannot read IP mode file for STMicroelectronics.X-CUBE-AI.10.2.0
2025-11-05 11:14:20,096 [WARN] PackLoader:240 - Cannot read IP mode file for SEGGER.I-CUBE-embOS.1.3.1
2025-11-05 11:14:20,120 [WARN] PackLoader:240 - Cannot read IP mode file for STMicroelectronics.X-CUBE-ALGOBUILD.1.4.0
2025-11-05 11:14:20,142 [WARN] PackLoader:240 - Cannot read IP mode file for STMicroelectronics.X-CUBE-MEMS1.11.3.0
2025-11-05 11:14:20,208 [WARN] PackLoader:240 - Cannot read IP mode file for STMicroelectronics.X-CUBE-PM33A1.1.0.0
2025-11-05 11:14:20,216 [WARN] PackLoader:240 - Cannot read IP mode file for STMicroelectronics.X-CUBE-AZRTOS-F4.1.1.0
2025-11-05 11:14:20,220 [WARN] PackLoader:240 - Cannot read IP mode file for Avnet-IotConnect.X-CUBE-IoTC-DA16k-PMOD.1.0.0
2025-11-05 11:14:20,223 [WARN] PackLoader:240 - Cannot read IP mode file for STMicroelectronics.X-CUBE-ISPU.2.1.0
2025-11-05 11:14:20,230 [WARN] PackLoader:240 - Cannot read IP mode file for STMicroelectronics.X-CUBE-IPS.3.2.0
2025-11-05 11:14:20,236 [WARN] PackLoader:240 - Cannot read IP mode file for STMicroelectronics.X-CUBE-NFC12.1.0.0
2025-11-05 11:14:20,245 [WARN] PackLoader:240 - Cannot read IP mode file for STMicroelectronics.X-CUBE-AZRTOS-L5.2.0.0
2025-11-05 11:14:20,247 [INFO] WebApp:225 - Starting web application
2025-11-05 11:14:20,248 [INFO] WebApp:593 - Web application path used C:\ST\STM32CubeIDE_1.19.0\STM32CubeIDE\plugins\com.st.stm32cube.common.mx_6.15.0.202507011659\db\plugins\mcufinder\reactClient1\index.html
2025-11-05 11:14:20,253 [WARN] PackLoader:240 - Cannot read IP mode file for STMicroelectronics.X-CUBE-NFC6.3.1.0
2025-11-05 11:14:20,258 [WARN] PackLoader:240 - Cannot read IP mode file for STMicroelectronics.X-CUBE-FREERTOS.1.3.1
2025-11-05 11:14:20,264 [WARN] PackLoader:240 - Cannot read IP mode file for STMicroelectronics.X-CUBE-TOUCHGFX.4.26.0
2025-11-05 11:14:20,267 [WARN] PackLoader:240 - Cannot read IP mode file for STMicroelectronics.FP-SNS-STAIOTCFT.1.0.0
2025-11-05 11:14:20,273 [WARN] PackLoader:240 - Cannot read IP mode file for STMicroelectronics.X-CUBE-DPower.1.3.0
2025-11-05 11:14:20,283 [WARN] ConditionMgr:438 - getConditionDescription Invalid condition id : LAN8742 Phy interface Condition cause : null
2025-11-05 11:14:20,283 [WARN] PackLoader:240 - Cannot read IP mode file for STMicroelectronics.X-CUBE-AZRTOS-L4.2.0.0
2025-11-05 11:14:20,285 [WARN] ConditionMgr:1044 - genDependencies : Invalid condition id : LAN8742 Phy interface Condition cause : null
2025-11-05 11:14:20,285 [WARN] ConditionMgr:1044 - genDependencies : Invalid condition id : LAN8742 Phy interface Condition cause : null
2025-11-05 11:14:20,286 [WARN] ConditionMgr:1044 - genDependencies : Invalid condition id : LAN8742 Phy interface Condition cause : null
2025-11-05 11:14:20,292 [WARN] PackLoader:240 - Cannot read IP mode file for STMicroelectronics.X-CUBE-SFXS2LP1.4.0.0
2025-11-05 11:14:20,299 [WARN] PackLoader:240 - Cannot read IP mode file for STMicroelectronics.X-CUBE-BLEMGR.4.1.0
2025-11-05 11:14:20,318 [WARN] ConditionMgr:438 - getConditionDescription Invalid condition id : UX DEVICE CLASS RTOS Condition cause : null
2025-11-05 11:14:20,319 [WARN] ConditionMgr:438 - getConditionDescription Invalid condition id : UX DEVICE CLASS RTOS Condition cause : null
2025-11-05 11:14:20,319 [WARN] PackLoader:240 - Cannot read IP mode file for STMicroelectronics.X-CUBE-AZRTOS-WB.2.0.0
2025-11-05 11:14:20,321 [WARN] ConditionMgr:1044 - genDependencies : Invalid condition id : UX DEVICE CLASS RTOS Condition cause : null
2025-11-05 11:14:20,321 [WARN] ConditionMgr:1044 - genDependencies : Invalid condition id : UX DEVICE CLASS RTOS Condition cause : null
2025-11-05 11:14:20,321 [WARN] ConditionMgr:1044 - genDependencies : Invalid condition id : UX DEVICE CLASS RTOS Condition cause : null
2025-11-05 11:14:20,321 [WARN] ConditionMgr:1044 - genDependencies : Invalid condition id : UX DEVICE CLASS RTOS Condition cause : null
2025-11-05 11:14:20,321 [WARN] ConditionMgr:1044 - genDependencies : Invalid condition id : UX DEVICE CLASS RTOS Condition cause : null
2025-11-05 11:14:20,327 [WARN] PackLoader:240 - Cannot read IP mode file for STMicroelectronics.X-CUBE-GNSS1.7.0.1
2025-11-05 11:14:20,329 [WARN] PackLoader:240 - Cannot read IP mode file for STMicroelectronics.X-CUBE-TOUCHGFX.4.25.0
2025-11-05 11:14:20,335 [WARN] PackLoader:240 - Cannot read IP mode file for STMicroelectronics.FP-SNS-STBOX1.2.0.0
2025-11-05 11:14:20,341 [WARN] ConditionMgr:438 - getConditionDescription Invalid condition id : Cortex-A Device cause : null
2025-11-05 11:14:20,353 [WARN] ConditionMgr:1044 - genDependencies : Invalid condition id : Cortex-A Device cause : null
2025-11-05 11:14:20,354 [WARN] ConditionMgr:1044 - genDependencies : Invalid condition id : Cortex-A Device cause : null
2025-11-05 11:14:20,354 [WARN] ConditionMgr:1044 - genDependencies : Invalid condition id : Cortex-A Device cause : null
2025-11-05 11:14:20,373 [WARN] PackLoader:240 - Cannot read IP mode file for STMicroelectronics.X-CUBE-SUBG2.5.0.0
2025-11-05 11:14:20,386 [INFO] WebApp:191 - Connection restablished
2025-11-05 11:14:20,387 [INFO] UserAuth:487 - Internet connection configuration mode: 1
2025-11-05 11:14:20,391 [WARN] PackLoader:240 - Cannot read IP mode file for STMicroelectronics.X-CUBE-AZRTOS-H7RS.1.1.0
2025-11-05 11:14:20,397 [WARN] PackLoader:240 - Cannot read IP mode file for Cesanta.I-CUBE-Mongoose.7.13.0
2025-11-05 11:14:20,409 [WARN] PackLoader:240 - Cannot read IP mode file for STMicroelectronics.X-CUBE-AZRTOS-G4.2.0.0
2025-11-05 11:14:20,417 [WARN] PackLoader:240 - Cannot read IP mode file for wolfSSL.I-CUBE-wolfSSH.1.4.20
2025-11-05 11:14:20,421 [WARN] PackLoader:240 - Cannot read IP mode file for STMicroelectronics.X-CUBE-NFC7.2.0.0
2025-11-05 11:14:20,428 [WARN] PackLoader:240 - Cannot read IP mode file for STMicroelectronics.X-CUBE-IPS.3.1.0
2025-11-05 11:14:20,435 [WARN] PackLoader:240 - Cannot read IP mode file for STMicroelectronics.X-CUBE-ALS.1.0.2
2025-11-05 11:14:20,440 [WARN] PackLoader:240 - Cannot read IP mode file for STMicroelectronics.X-CUBE-STSE01.1.0.0
2025-11-05 11:14:20,446 [WARN] PackLoader:240 - Cannot read IP mode file for portGmbH.I-Cube-SoM-uGOAL.1.1.0
2025-11-05 11:14:20,453 [WARN] PackLoader:240 - Cannot read IP mode file for STMicroelectronics.X-CUBE-TOF1.3.4.3
2025-11-05 11:14:20,459 [INFO] ThirdParty:978 - Integrity check success = true
2025-11-05 11:14:20,460 [INFO] IntegrityCheckThread:100 - exiting critical section [integrity check]
2025-11-05 11:14:20,460 [INFO] IntegrityCheckThread:103 - End integrity checks thread
2025-11-05 18:26:54,422 [INFO] WebApp:194 - Connection lost
2025-11-05 18:26:54,728 [INFO] WebApp:191 - Connection restablished
2025-11-05 18:26:57,529 [INFO] WebApp:194 - Connection lost
2025-11-05 18:26:57,909 [INFO] WebApp:191 - Connection restablished
2025-11-05 18:27:01,090 [INFO] WebApp:194 - Connection lost
2025-11-05 18:27:01,347 [INFO] WebApp:191 - Connection restablished
2025-11-05 18:27:35,020 [ERROR] LogOutputStream:75 - [STDERR_REDIRECT] 
