2025-06-17 00:04:19,271 [INFO] RtosManager:967 - Current active RTOS is FREERTOS [Cortex-M4NS]
2025-06-17 00:04:19,975 [WARN] FreeRTOS:563 - Case being investigated as it may cause exception (when called to early by set config state
2025-06-17 00:04:20,442 [ERROR] RtosPanel:558 - Can not restore the selected Tab for FREERTOS(A reason can be that the tab is no more available.)
2025-06-17 00:04:20,707 [ERROR] RtosPanel:558 - Can not restore the selected Tab for FREERTOS(A reason can be that the tab is no more available.)
2025-06-17 00:06:09,013 [INFO] TasksAndQueuesTab:757 - Dynamic
2025-06-17 00:06:09,014 [WARN] TasksAndQueuesTab:763 - 128 128
2025-06-17 00:06:09,015 [WARN] TasksAndQueuesTab:775 - max value is: 768.0
2025-06-17 00:06:49,211 [INFO] TasksAndQueuesTab:757 - Dynamic
2025-06-17 00:06:49,211 [WARN] TasksAndQueuesTab:763 - 128 128
2025-06-17 00:06:49,212 [WARN] TasksAndQueuesTab:775 - max value is: 768.0
2025-06-17 00:07:32,290 [INFO] TasksAndQueuesTab:757 - Dynamic
2025-06-17 00:07:32,290 [WARN] TasksAndQueuesTab:763 - 128 128
2025-06-17 00:07:32,291 [WARN] TasksAndQueuesTab:775 - max value is: 768.0
2025-06-17 00:07:45,265 [INFO] EditThreadDialog:704 - RAM SIZE (in KB): 64
2025-06-17 00:07:45,266 [INFO] EditThreadDialog:706 - RAM SIZE (in words): 16384
2025-06-17 00:07:50,694 [INFO] TasksAndQueuesTab:757 - Dynamic
2025-06-17 00:07:50,695 [WARN] TasksAndQueuesTab:763 - 128 128
2025-06-17 00:07:50,696 [WARN] TasksAndQueuesTab:775 - max value is: 768.0
2025-06-17 00:07:50,696 [INFO] TasksAndQueuesTab:757 - Dynamic
2025-06-17 00:07:50,696 [WARN] TasksAndQueuesTab:763 - 128 128
2025-06-17 00:07:50,697 [WARN] TasksAndQueuesTab:775 - max value is: 768.0
2025-06-17 00:07:51,012 [ERROR] RtosPanel:558 - Can not restore the selected Tab for FREERTOS(A reason can be that the tab is no more available.)
2025-06-17 00:08:12,695 [INFO] TasksAndQueuesTab:757 - Dynamic
2025-06-17 00:08:12,695 [WARN] TasksAndQueuesTab:763 - 128 128
2025-06-17 00:08:12,695 [WARN] TasksAndQueuesTab:775 - max value is: 768.0
2025-06-17 00:08:12,695 [INFO] TasksAndQueuesTab:757 - Dynamic
2025-06-17 00:08:12,695 [WARN] TasksAndQueuesTab:763 - 128 128
2025-06-17 00:08:12,695 [WARN] TasksAndQueuesTab:775 - max value is: 768.0
2025-06-17 00:08:14,518 [INFO] EditThreadDialog:704 - RAM SIZE (in KB): 64
2025-06-17 00:08:14,518 [INFO] EditThreadDialog:706 - RAM SIZE (in words): 16384
2025-06-17 00:08:17,327 [INFO] TasksAndQueuesTab:757 - Dynamic
2025-06-17 00:08:17,328 [WARN] TasksAndQueuesTab:763 - 128 128
2025-06-17 00:08:17,329 [WARN] TasksAndQueuesTab:775 - max value is: 768.0
2025-06-17 00:08:17,329 [INFO] TasksAndQueuesTab:757 - Dynamic
2025-06-17 00:08:17,330 [WARN] TasksAndQueuesTab:763 - 128 128
2025-06-17 00:08:17,333 [WARN] TasksAndQueuesTab:775 - max value is: 768.0
2025-06-17 00:08:17,333 [INFO] TasksAndQueuesTab:757 - Dynamic
2025-06-17 00:08:17,334 [WARN] TasksAndQueuesTab:763 - 128 128
2025-06-17 00:08:17,335 [WARN] TasksAndQueuesTab:775 - max value is: 768.0
2025-06-17 00:08:19,991 [INFO] EditThreadDialog:704 - RAM SIZE (in KB): 64
2025-06-17 00:08:19,991 [INFO] EditThreadDialog:706 - RAM SIZE (in words): 16384
2025-06-17 00:08:23,031 [INFO] TasksAndQueuesTab:757 - Dynamic
2025-06-17 00:08:23,032 [WARN] TasksAndQueuesTab:763 - 128 128
2025-06-17 00:08:23,032 [WARN] TasksAndQueuesTab:775 - max value is: 768.0
2025-06-17 00:08:23,032 [INFO] TasksAndQueuesTab:757 - Dynamic
2025-06-17 00:08:23,032 [WARN] TasksAndQueuesTab:763 - 128 128
2025-06-17 00:08:23,033 [WARN] TasksAndQueuesTab:775 - max value is: 768.0
2025-06-17 00:08:23,033 [INFO] TasksAndQueuesTab:757 - Dynamic
2025-06-17 00:08:23,033 [WARN] TasksAndQueuesTab:763 - 128 128
2025-06-17 00:08:23,033 [WARN] TasksAndQueuesTab:775 - max value is: 768.0
2025-06-17 00:08:23,033 [INFO] TasksAndQueuesTab:757 - Dynamic
2025-06-17 00:08:23,033 [WARN] TasksAndQueuesTab:763 - 128 128
2025-06-17 00:08:23,033 [WARN] TasksAndQueuesTab:775 - max value is: 768.0
2025-06-17 00:08:26,841 [INFO] EditThreadDialog:704 - RAM SIZE (in KB): 64
2025-06-17 00:08:26,842 [INFO] EditThreadDialog:706 - RAM SIZE (in words): 16384
2025-06-17 00:08:29,203 [INFO] TasksAndQueuesTab:757 - Dynamic
2025-06-17 00:08:29,204 [WARN] TasksAndQueuesTab:763 - 128 128
2025-06-17 00:08:29,204 [WARN] TasksAndQueuesTab:775 - max value is: 768.0
2025-06-17 00:08:29,204 [INFO] TasksAndQueuesTab:757 - Dynamic
2025-06-17 00:08:29,204 [WARN] TasksAndQueuesTab:763 - 128 128
2025-06-17 00:08:29,204 [WARN] TasksAndQueuesTab:775 - max value is: 768.0
2025-06-17 00:08:29,205 [INFO] TasksAndQueuesTab:757 - Dynamic
2025-06-17 00:08:29,205 [WARN] TasksAndQueuesTab:763 - 128 128
2025-06-17 00:08:29,205 [WARN] TasksAndQueuesTab:775 - max value is: 768.0
2025-06-17 00:08:29,205 [INFO] TasksAndQueuesTab:757 - Dynamic
2025-06-17 00:08:29,205 [WARN] TasksAndQueuesTab:763 - 128 128
2025-06-17 00:08:29,205 [WARN] TasksAndQueuesTab:775 - max value is: 768.0
2025-06-17 00:08:29,205 [INFO] TasksAndQueuesTab:757 - Dynamic
2025-06-17 00:08:29,205 [WARN] TasksAndQueuesTab:763 - 128 128
2025-06-17 00:08:29,206 [WARN] TasksAndQueuesTab:775 - max value is: 768.0
2025-06-17 00:08:39,887 [INFO] TasksAndQueuesTab:757 - Dynamic
2025-06-17 00:08:39,887 [WARN] TasksAndQueuesTab:763 - 128 128
2025-06-17 00:08:39,887 [WARN] TasksAndQueuesTab:775 - max value is: 768.0
2025-06-17 00:08:39,887 [INFO] TasksAndQueuesTab:757 - Dynamic
2025-06-17 00:08:39,888 [WARN] TasksAndQueuesTab:763 - 128 128
2025-06-17 00:08:39,888 [WARN] TasksAndQueuesTab:775 - max value is: 768.0
2025-06-17 00:08:39,888 [INFO] TasksAndQueuesTab:757 - Dynamic
2025-06-17 00:08:39,888 [WARN] TasksAndQueuesTab:763 - 128 128
2025-06-17 00:08:39,888 [WARN] TasksAndQueuesTab:775 - max value is: 768.0
2025-06-17 00:08:39,888 [INFO] TasksAndQueuesTab:757 - Dynamic
2025-06-17 00:08:39,888 [WARN] TasksAndQueuesTab:763 - 128 128
2025-06-17 00:08:39,888 [WARN] TasksAndQueuesTab:775 - max value is: 768.0
2025-06-17 00:08:39,888 [INFO] TasksAndQueuesTab:757 - Dynamic
2025-06-17 00:08:39,888 [WARN] TasksAndQueuesTab:763 - 128 128
2025-06-17 00:08:39,889 [WARN] TasksAndQueuesTab:775 - max value is: 768.0
2025-06-17 00:08:42,976 [INFO] EditThreadDialog:704 - RAM SIZE (in KB): 64
2025-06-17 00:08:42,978 [INFO] EditThreadDialog:706 - RAM SIZE (in words): 16384
2025-06-17 00:08:50,354 [INFO] TasksAndQueuesTab:757 - Dynamic
2025-06-17 00:08:50,354 [WARN] TasksAndQueuesTab:763 - 128 128
2025-06-17 00:08:50,354 [WARN] TasksAndQueuesTab:775 - max value is: 768.0
2025-06-17 00:08:50,355 [INFO] TasksAndQueuesTab:757 - Dynamic
2025-06-17 00:08:50,355 [WARN] TasksAndQueuesTab:763 - 128 128
2025-06-17 00:08:50,355 [WARN] TasksAndQueuesTab:775 - max value is: 768.0
2025-06-17 00:08:50,355 [INFO] TasksAndQueuesTab:757 - Dynamic
2025-06-17 00:08:50,355 [WARN] TasksAndQueuesTab:763 - 128 128
2025-06-17 00:08:50,356 [WARN] TasksAndQueuesTab:775 - max value is: 768.0
2025-06-17 00:08:50,356 [INFO] TasksAndQueuesTab:757 - Dynamic
2025-06-17 00:08:50,356 [WARN] TasksAndQueuesTab:763 - 128 128
2025-06-17 00:08:50,356 [WARN] TasksAndQueuesTab:775 - max value is: 768.0
2025-06-17 00:09:03,176 [INFO] TasksAndQueuesTab:757 - Dynamic
2025-06-17 00:09:03,176 [WARN] TasksAndQueuesTab:763 - 128 128
2025-06-17 00:09:03,176 [WARN] TasksAndQueuesTab:775 - max value is: 768.0
2025-06-17 00:09:03,176 [INFO] TasksAndQueuesTab:757 - Dynamic
2025-06-17 00:09:03,177 [WARN] TasksAndQueuesTab:763 - 128 128
2025-06-17 00:09:03,177 [WARN] TasksAndQueuesTab:775 - max value is: 768.0
2025-06-17 00:09:03,177 [INFO] TasksAndQueuesTab:757 - Dynamic
2025-06-17 00:09:03,177 [WARN] TasksAndQueuesTab:763 - 128 128
2025-06-17 00:09:03,177 [WARN] TasksAndQueuesTab:775 - max value is: 768.0
2025-06-17 00:09:03,177 [INFO] TasksAndQueuesTab:757 - Dynamic
2025-06-17 00:09:03,177 [WARN] TasksAndQueuesTab:763 - 128 128
2025-06-17 00:09:03,177 [WARN] TasksAndQueuesTab:775 - max value is: 768.0
2025-06-17 00:09:53,949 [INFO] EditThreadDialog:704 - RAM SIZE (in KB): 64
2025-06-17 00:09:53,949 [INFO] EditThreadDialog:706 - RAM SIZE (in words): 16384
2025-06-17 00:10:10,854 [INFO] TasksAndQueuesTab:757 - Dynamic
2025-06-17 00:10:10,854 [WARN] TasksAndQueuesTab:763 - 128 128
2025-06-17 00:10:10,855 [WARN] TasksAndQueuesTab:775 - max value is: 768.0
2025-06-17 00:10:10,855 [INFO] TasksAndQueuesTab:757 - Dynamic
2025-06-17 00:10:10,855 [WARN] TasksAndQueuesTab:763 - 128 128
2025-06-17 00:10:10,855 [WARN] TasksAndQueuesTab:775 - max value is: 768.0
2025-06-17 00:10:10,855 [INFO] TasksAndQueuesTab:757 - Dynamic
2025-06-17 00:10:10,855 [WARN] TasksAndQueuesTab:763 - 128 128
2025-06-17 00:10:10,855 [WARN] TasksAndQueuesTab:775 - max value is: 768.0
2025-06-17 00:10:16,909 [INFO] TasksAndQueuesTab:757 - Dynamic
2025-06-17 00:10:16,910 [WARN] TasksAndQueuesTab:763 - 128 128
2025-06-17 00:10:16,910 [WARN] TasksAndQueuesTab:775 - max value is: 768.0
2025-06-17 00:10:16,910 [INFO] TasksAndQueuesTab:757 - Dynamic
2025-06-17 00:10:16,910 [WARN] TasksAndQueuesTab:763 - 128 128
2025-06-17 00:10:16,910 [WARN] TasksAndQueuesTab:775 - max value is: 768.0
2025-06-17 00:10:24,263 [INFO] TasksAndQueuesTab:757 - Dynamic
2025-06-17 00:10:24,266 [WARN] TasksAndQueuesTab:763 - 128 128
2025-06-17 00:10:24,267 [WARN] TasksAndQueuesTab:775 - max value is: 768.0
2025-06-17 00:10:56,113 [INFO] EditThreadDialog:704 - RAM SIZE (in KB): 64
2025-06-17 00:10:56,113 [INFO] EditThreadDialog:706 - RAM SIZE (in words): 16384
2025-06-17 00:11:53,044 [INFO] TasksAndQueuesTab:757 - Dynamic
2025-06-17 00:11:53,045 [WARN] TasksAndQueuesTab:763 - 128 128
2025-06-17 00:11:53,046 [WARN] TasksAndQueuesTab:775 - max value is: 768.0
2025-06-17 00:11:57,780 [INFO] EditThreadDialog:704 - RAM SIZE (in KB): 64
2025-06-17 00:11:57,780 [INFO] EditThreadDialog:706 - RAM SIZE (in words): 16384
2025-06-17 00:12:13,372 [INFO] TasksAndQueuesTab:757 - Dynamic
2025-06-17 00:12:13,372 [WARN] TasksAndQueuesTab:763 - 128 128
2025-06-17 00:12:13,373 [WARN] TasksAndQueuesTab:775 - max value is: 768.0
2025-06-17 00:12:13,373 [INFO] TasksAndQueuesTab:757 - Dynamic
2025-06-17 00:12:13,373 [WARN] TasksAndQueuesTab:763 - 128 128
2025-06-17 00:12:13,374 [WARN] TasksAndQueuesTab:775 - max value is: 768.0
2025-06-17 00:12:19,709 [INFO] EditThreadDialog:704 - RAM SIZE (in KB): 64
2025-06-17 00:12:19,709 [INFO] EditThreadDialog:706 - RAM SIZE (in words): 16384
2025-06-17 00:12:36,226 [INFO] TasksAndQueuesTab:757 - Dynamic
2025-06-17 00:12:36,226 [WARN] TasksAndQueuesTab:763 - 128 128
2025-06-17 00:12:36,226 [WARN] TasksAndQueuesTab:775 - max value is: 768.0
2025-06-17 00:12:36,226 [INFO] TasksAndQueuesTab:757 - Dynamic
2025-06-17 00:12:36,227 [WARN] TasksAndQueuesTab:763 - 128 128
2025-06-17 00:12:36,227 [WARN] TasksAndQueuesTab:775 - max value is: 768.0
2025-06-17 00:12:49,684 [INFO] EditThreadDialog:704 - RAM SIZE (in KB): 64
2025-06-17 00:12:49,684 [INFO] EditThreadDialog:706 - RAM SIZE (in words): 16384
2025-06-17 00:13:10,990 [INFO] EditThreadDialog:704 - RAM SIZE (in KB): 64
2025-06-17 00:13:10,990 [INFO] EditThreadDialog:706 - RAM SIZE (in words): 16384
2025-06-17 00:13:58,377 [INFO] UtilMem:75 - End SaveConfig() Used Memory: 945954760 Bytes (1073741824)
2025-06-17 00:13:58,792 [INFO] UtilMem:75 - End SaveConfig() Used Memory: 977412040 Bytes (1073741824)
2025-06-17 00:14:02,157 [INFO] UtilMem:75 - End SaveConfig() Used Memory: 825730552 Bytes (1073741824)
2025-06-17 00:14:06,569 [INFO] BlockDiagram:2775 - set Specific Code input for plugin: SPI
2025-06-17 00:14:06,569 [INFO] BlockDiagram:2775 - set Specific Code input for plugin: FREERTOS
2025-06-17 00:14:06,569 [INFO] BlockDiagram:2775 - set Specific Code input for plugin: ADV_TRACE
2025-06-17 00:14:06,569 [INFO] BlockDiagram:2775 - set Specific Code input for plugin: SUBGHZ
2025-06-17 00:14:06,569 [INFO] BlockDiagram:2775 - set Specific Code input for plugin: TIM1_8WL5
2025-06-17 00:14:06,571 [INFO] BlockDiagram:2775 - set Specific Code input for plugin: TIM1_8WL5
2025-06-17 00:14:06,571 [INFO] BlockDiagram:2775 - set Specific Code input for plugin: SYS
2025-06-17 00:14:06,571 [INFO] BlockDiagram:2775 - set Specific Code input for plugin: RCC
2025-06-17 00:14:06,571 [INFO] BlockDiagram:2775 - set Specific Code input for plugin: TINY_LPM
2025-06-17 00:14:06,571 [INFO] BlockDiagram:2775 - set Specific Code input for plugin: RTC
2025-06-17 00:14:06,571 [INFO] BlockDiagram:2775 - set Specific Code input for plugin: NVIC
2025-06-17 00:14:06,571 [INFO] BlockDiagram:2775 - set Specific Code input for plugin: MISC
2025-06-17 00:14:06,571 [INFO] BlockDiagram:2775 - set Specific Code input for plugin: USART
2025-06-17 00:14:06,571 [INFO] BlockDiagram:2775 - set Specific Code input for plugin: DMA
2025-06-17 00:14:06,571 [INFO] BlockDiagram:2775 - set Specific Code input for plugin: TIMER
2025-06-17 00:14:06,571 [INFO] BlockDiagram:2775 - set Specific Code input for plugin: DEBUG
2025-06-17 00:14:06,571 [INFO] BlockDiagram:2775 - set Specific Code input for plugin: GPIO
2025-06-17 00:14:06,571 [INFO] BlockDiagram:2775 - set Specific Code input for plugin: SubGHz_Phy
2025-06-17 00:14:06,575 [INFO] CodeGenerator:882 - code generatio: config db path: C:\ST\STM32CubeIDE_1.16.0\STM32CubeIDE\plugins\com.st.stm32cube.common.mx_6.14.0.202502271554\\db\
2025-06-17 00:14:06,616 [WARN] IP:2250 - HourFormat not found: check if there is a RefParameter without a condition.
2025-06-17 00:14:06,616 [WARN] IP:2250 - SynchPrediv not found: check if there is a RefParameter without a condition.
2025-06-17 00:14:06,616 [WARN] IP:2250 - OutPut1 not found: check if there is a RefParameter without a condition.
2025-06-17 00:14:06,616 [WARN] IP:2250 - OutPut2 not found: check if there is a RefParameter without a condition.
2025-06-17 00:14:06,616 [WARN] IP:2250 - OutPut3 not found: check if there is a RefParameter without a condition.
2025-06-17 00:14:06,616 [WARN] IP:2250 - BinMixBcdU not found: check if there is a RefParameter without a condition.
2025-06-17 00:14:06,616 [WARN] IP:2250 - HourFormat not found: check if there is a RefParameter without a condition.
2025-06-17 00:14:06,616 [WARN] IP:2250 - SynchPrediv not found: check if there is a RefParameter without a condition.
2025-06-17 00:14:06,616 [WARN] IP:2250 - BinMixBcdU not found: check if there is a RefParameter without a condition.
2025-06-17 00:14:06,618 [WARN] IP:2250 - Hours not found: check if there is a RefParameter without a condition.
2025-06-17 00:14:06,618 [WARN] IP:2250 - Minutes not found: check if there is a RefParameter without a condition.
2025-06-17 00:14:06,618 [WARN] IP:2250 - Seconds not found: check if there is a RefParameter without a condition.
2025-06-17 00:14:06,618 [WARN] IP:2250 - TimeFormat not found: check if there is a RefParameter without a condition.
2025-06-17 00:14:06,619 [WARN] IP:2250 - DayLightSaving not found: check if there is a RefParameter without a condition.
2025-06-17 00:14:06,619 [WARN] IP:2250 - StoreOperation not found: check if there is a RefParameter without a condition.
2025-06-17 00:14:06,619 [WARN] IP:2250 - WeekDay not found: check if there is a RefParameter without a condition.
2025-06-17 00:14:06,619 [WARN] IP:2250 - Month not found: check if there is a RefParameter without a condition.
2025-06-17 00:14:06,622 [WARN] IP:2250 - Date not found: check if there is a RefParameter without a condition.
2025-06-17 00:14:06,622 [WARN] IP:2250 - Year not found: check if there is a RefParameter without a condition.
2025-06-17 00:14:06,622 [WARN] IP:2250 - HourFormat not found: check if there is a RefParameter without a condition.
2025-06-17 00:14:06,622 [WARN] IP:2250 - SynchPrediv not found: check if there is a RefParameter without a condition.
2025-06-17 00:14:06,622 [WARN] IP:2250 - OutPut1 not found: check if there is a RefParameter without a condition.
2025-06-17 00:14:06,622 [WARN] IP:2250 - OutPut2 not found: check if there is a RefParameter without a condition.
2025-06-17 00:14:06,622 [WARN] IP:2250 - OutPut3 not found: check if there is a RefParameter without a condition.
2025-06-17 00:14:06,622 [WARN] IP:2250 - BinMixBcdU not found: check if there is a RefParameter without a condition.
2025-06-17 00:14:06,622 [WARN] IP:2250 - Hours_A not found: check if there is a RefParameter without a condition.
2025-06-17 00:14:06,622 [WARN] IP:2250 - Minutes_A not found: check if there is a RefParameter without a condition.
2025-06-17 00:14:06,622 [WARN] IP:2250 - Seconds_A not found: check if there is a RefParameter without a condition.
2025-06-17 00:14:06,622 [WARN] IP:2250 - AlarmMaskDateWeekDay not found: check if there is a RefParameter without a condition.
2025-06-17 00:14:06,625 [WARN] IP:2250 - AlarmMaskHours not found: check if there is a RefParameter without a condition.
2025-06-17 00:14:06,625 [WARN] IP:2250 - AlarmMaskMinutes not found: check if there is a RefParameter without a condition.
2025-06-17 00:14:06,625 [WARN] IP:2250 - AlarmMaskSeconds not found: check if there is a RefParameter without a condition.
2025-06-17 00:14:06,625 [WARN] IP:2250 - AlarmDateWeekDaySel not found: check if there is a RefParameter without a condition.
2025-06-17 00:14:06,625 [WARN] IP:2250 - AlarmDateWeekDay not found: check if there is a RefParameter without a condition.
2025-06-17 00:14:06,625 [WARN] IP:2250 - AlarmDateWeekDayARG not found: check if there is a RefParameter without a condition.
2025-06-17 00:14:06,635 [WARN] IP:2250 - UTIL_SEQ_EN_M0 not found: check if there is a RefParameter without a condition.
2025-06-17 00:14:06,671 [INFO] Argument:325 - Argument : hdmavalue: null
2025-06-17 00:14:06,671 [INFO] Argument:327 - 	 sub Args: 
2025-06-17 00:14:06,671 [INFO] Argument:325 - Argument : Instancevalue: DMA1_Channel1
2025-06-17 00:14:06,671 [INFO] Argument:335 - Argument : Instancevalue: DMA1_Channel1
2025-06-17 00:14:06,671 [INFO] Argument:325 - Argument : Initvalue: null
2025-06-17 00:14:06,671 [INFO] Argument:327 - 	 sub Args: 
2025-06-17 00:14:06,671 [INFO] Argument:325 - Argument : Requestvalue: DMA_REQUEST_USART2_TX
2025-06-17 00:14:06,671 [INFO] Argument:335 - Argument : Requestvalue: DMA_REQUEST_USART2_TX
2025-06-17 00:14:06,671 [INFO] Argument:325 - Argument : Directionvalue: DMA_MEMORY_TO_PERIPH
2025-06-17 00:14:06,671 [INFO] Argument:335 - Argument : Directionvalue: DMA_MEMORY_TO_PERIPH
2025-06-17 00:14:06,671 [INFO] Argument:325 - Argument : PeriphIncvalue: DMA_PINC_DISABLE
2025-06-17 00:14:06,671 [INFO] Argument:335 - Argument : PeriphIncvalue: DMA_PINC_DISABLE
2025-06-17 00:14:06,671 [INFO] Argument:325 - Argument : MemIncvalue: DMA_MINC_ENABLE
2025-06-17 00:14:06,671 [INFO] Argument:335 - Argument : MemIncvalue: DMA_MINC_ENABLE
2025-06-17 00:14:06,671 [INFO] Argument:325 - Argument : PeriphDataAlignmentvalue: DMA_PDATAALIGN_BYTE
2025-06-17 00:14:06,671 [INFO] Argument:335 - Argument : PeriphDataAlignmentvalue: DMA_PDATAALIGN_BYTE
2025-06-17 00:14:06,671 [INFO] Argument:325 - Argument : MemDataAlignmentvalue: DMA_MDATAALIGN_BYTE
2025-06-17 00:14:06,671 [INFO] Argument:335 - Argument : MemDataAlignmentvalue: DMA_MDATAALIGN_BYTE
2025-06-17 00:14:06,671 [INFO] Argument:325 - Argument : Modevalue: DMA_NORMAL
2025-06-17 00:14:06,671 [INFO] Argument:335 - Argument : Modevalue: DMA_NORMAL
2025-06-17 00:14:06,671 [INFO] Argument:325 - Argument : Priorityvalue: DMA_PRIORITY_LOW
2025-06-17 00:14:06,671 [INFO] Argument:335 - Argument : Priorityvalue: DMA_PRIORITY_LOW
2025-06-17 00:14:06,671 [INFO] Argument:325 - Argument : Lockvalue: null
2025-06-17 00:14:06,671 [INFO] Argument:335 - Argument : Lockvalue: null
2025-06-17 00:14:06,671 [INFO] Argument:325 - Argument : Statevalue: null
2025-06-17 00:14:06,671 [INFO] Argument:335 - Argument : Statevalue: null
2025-06-17 00:14:06,671 [INFO] Argument:325 - Argument : Parentvalue: null
2025-06-17 00:14:06,671 [INFO] Argument:335 - Argument : Parentvalue: null
2025-06-17 00:14:06,671 [INFO] Argument:325 - Argument : XferCpltCallbackvalue: null
2025-06-17 00:14:06,671 [INFO] Argument:335 - Argument : XferCpltCallbackvalue: null
2025-06-17 00:14:06,671 [INFO] Argument:325 - Argument : XferHalfCpltCallbackvalue: null
2025-06-17 00:14:06,671 [INFO] Argument:335 - Argument : XferHalfCpltCallbackvalue: null
2025-06-17 00:14:06,671 [INFO] Argument:325 - Argument : XferM1CpltCallbackvalue: null
2025-06-17 00:14:06,671 [INFO] Argument:335 - Argument : XferM1CpltCallbackvalue: null
2025-06-17 00:14:06,671 [INFO] Argument:325 - Argument : XferM1HalfCpltCallbackvalue: null
2025-06-17 00:14:06,671 [INFO] Argument:335 - Argument : XferM1HalfCpltCallbackvalue: null
2025-06-17 00:14:06,671 [INFO] Argument:325 - Argument : XferErrorCallbackvalue: null
2025-06-17 00:14:06,671 [INFO] Argument:335 - Argument : XferErrorCallbackvalue: null
2025-06-17 00:14:06,671 [INFO] Argument:325 - Argument : XferAbortCallbackvalue: null
2025-06-17 00:14:06,671 [INFO] Argument:335 - Argument : XferAbortCallbackvalue: null
2025-06-17 00:14:06,671 [INFO] Argument:325 - Argument : ErrorCodevalue: null
2025-06-17 00:14:06,671 [INFO] Argument:335 - Argument : ErrorCodevalue: null
2025-06-17 00:14:06,671 [INFO] Argument:325 - Argument : DmaBaseAddressvalue: null
2025-06-17 00:14:06,671 [INFO] Argument:335 - Argument : DmaBaseAddressvalue: null
2025-06-17 00:14:06,671 [INFO] Argument:325 - Argument : ChannelIndexvalue: null
2025-06-17 00:14:06,671 [INFO] Argument:335 - Argument : ChannelIndexvalue: null
2025-06-17 00:14:06,671 [INFO] Argument:325 - Argument : DMAmuxChannelvalue: null
2025-06-17 00:14:06,671 [INFO] Argument:335 - Argument : DMAmuxChannelvalue: null
2025-06-17 00:14:06,671 [INFO] Argument:325 - Argument : DMAmuxChannelStatusvalue: null
2025-06-17 00:14:06,671 [INFO] Argument:335 - Argument : DMAmuxChannelStatusvalue: null
2025-06-17 00:14:06,671 [INFO] Argument:325 - Argument : DMAmuxChannelStatusMaskvalue: null
2025-06-17 00:14:06,671 [INFO] Argument:335 - Argument : DMAmuxChannelStatusMaskvalue: null
2025-06-17 00:14:06,671 [INFO] Argument:325 - Argument : DMAmuxRequestGenvalue: null
2025-06-17 00:14:06,671 [INFO] Argument:335 - Argument : DMAmuxRequestGenvalue: null
2025-06-17 00:14:06,671 [INFO] Argument:325 - Argument : DMAmuxRequestGenStatusvalue: null
2025-06-17 00:14:06,671 [INFO] Argument:335 - Argument : DMAmuxRequestGenStatusvalue: null
2025-06-17 00:14:06,671 [INFO] Argument:325 - Argument : DMAmuxRequestGenStatusMaskvalue: null
2025-06-17 00:14:06,671 [INFO] Argument:335 - Argument : DMAmuxRequestGenStatusMaskvalue: null
2025-06-17 00:14:07,064 [INFO] CodeEngine:263 - oldGeneratedFile, D:\Projects\LoRa_SOM\RAK3172\Load_Balancer\MXTmpFiles\license.tmp_save
2025-06-17 00:14:09,966 [INFO] CodeEngine:287 - Generated code: D:\Projects\LoRa_SOM\RAK3172\Load_Balancer\MXTmpFiles\license.tmp
2025-06-17 00:14:11,057 [INFO] CodeEngine:263 - oldGeneratedFile, D:\Projects\LoRa_SOM\RAK3172\Load_Balancer\Core\Src\gpio.c_save
2025-06-17 00:14:13,187 [INFO] CodeEngine:287 - Generated code: D:\Projects\LoRa_SOM\RAK3172\Load_Balancer\Core\Src\gpio.c
2025-06-17 00:14:13,344 [INFO] CodeEngine:263 - oldGeneratedFile, D:\Projects\LoRa_SOM\RAK3172\Load_Balancer\Core\Inc\gpio.h_save
2025-06-17 00:14:14,179 [INFO] CodeEngine:287 - Generated code: D:\Projects\LoRa_SOM\RAK3172\Load_Balancer\Core\Inc\gpio.h
2025-06-17 00:14:14,799 [WARN] IPConfigManager:103 - WARNING: Missing Config File for DEBUG ip!!
2025-06-17 00:14:16,790 [WARN] IP:2250 - HourFormat not found: check if there is a RefParameter without a condition.
2025-06-17 00:14:16,792 [WARN] IP:2250 - SynchPrediv not found: check if there is a RefParameter without a condition.
2025-06-17 00:14:16,792 [WARN] IP:2250 - OutPut1 not found: check if there is a RefParameter without a condition.
2025-06-17 00:14:16,792 [WARN] IP:2250 - OutPut2 not found: check if there is a RefParameter without a condition.
2025-06-17 00:14:16,793 [WARN] IP:2250 - OutPut3 not found: check if there is a RefParameter without a condition.
2025-06-17 00:14:16,793 [WARN] IP:2250 - BinMixBcdU not found: check if there is a RefParameter without a condition.
2025-06-17 00:14:16,793 [WARN] IP:2250 - HourFormat not found: check if there is a RefParameter without a condition.
2025-06-17 00:14:16,794 [WARN] IP:2250 - SynchPrediv not found: check if there is a RefParameter without a condition.
2025-06-17 00:14:16,794 [WARN] IP:2250 - BinMixBcdU not found: check if there is a RefParameter without a condition.
2025-06-17 00:14:16,795 [WARN] IP:2250 - Hours not found: check if there is a RefParameter without a condition.
2025-06-17 00:14:16,795 [WARN] IP:2250 - Minutes not found: check if there is a RefParameter without a condition.
2025-06-17 00:14:16,795 [WARN] IP:2250 - Seconds not found: check if there is a RefParameter without a condition.
2025-06-17 00:14:16,795 [WARN] IP:2250 - TimeFormat not found: check if there is a RefParameter without a condition.
2025-06-17 00:14:16,795 [WARN] IP:2250 - DayLightSaving not found: check if there is a RefParameter without a condition.
2025-06-17 00:14:16,795 [WARN] IP:2250 - StoreOperation not found: check if there is a RefParameter without a condition.
2025-06-17 00:14:16,796 [WARN] IP:2250 - WeekDay not found: check if there is a RefParameter without a condition.
2025-06-17 00:14:16,796 [WARN] IP:2250 - Month not found: check if there is a RefParameter without a condition.
2025-06-17 00:14:16,796 [WARN] IP:2250 - Date not found: check if there is a RefParameter without a condition.
2025-06-17 00:14:16,796 [WARN] IP:2250 - Year not found: check if there is a RefParameter without a condition.
2025-06-17 00:14:19,855 [INFO] Middleware:1452 - No code input for Bsp Dependency
2025-06-17 00:14:19,947 [INFO] CodeEngine:263 - oldGeneratedFile, D:\Projects\LoRa_SOM\RAK3172\Load_Balancer\MXTmpFiles\rtos_inc.tmp_save
2025-06-17 00:14:20,228 [INFO] CodeEngine:287 - Generated code: D:\Projects\LoRa_SOM\RAK3172\Load_Balancer\MXTmpFiles\rtos_inc.tmp
2025-06-17 00:14:20,255 [INFO] CodeEngine:263 - oldGeneratedFile, D:\Projects\LoRa_SOM\RAK3172\Load_Balancer\MXTmpFiles\rtos_kernelInit.tmp_save
2025-06-17 00:14:20,529 [INFO] CodeEngine:287 - Generated code: D:\Projects\LoRa_SOM\RAK3172\Load_Balancer\MXTmpFiles\rtos_kernelInit.tmp
2025-06-17 00:14:20,563 [INFO] CodeEngine:263 - oldGeneratedFile, D:\Projects\LoRa_SOM\RAK3172\Load_Balancer\MXTmpFiles\rtos_kernelStart.tmp_save
2025-06-17 00:14:20,850 [INFO] CodeEngine:287 - Generated code: D:\Projects\LoRa_SOM\RAK3172\Load_Balancer\MXTmpFiles\rtos_kernelStart.tmp
2025-06-17 00:14:20,886 [INFO] CodeEngine:263 - oldGeneratedFile, D:\Projects\LoRa_SOM\RAK3172\Load_Balancer\MXTmpFiles\rtos_typedefs.tmp_save
2025-06-17 00:14:21,060 [INFO] CodeEngine:287 - Generated code: D:\Projects\LoRa_SOM\RAK3172\Load_Balancer\MXTmpFiles\rtos_typedefs.tmp
2025-06-17 00:14:21,101 [INFO] CodeEngine:263 - oldGeneratedFile, D:\Projects\LoRa_SOM\RAK3172\Load_Balancer\MXTmpFiles\rtos_vars.tmp_save
2025-06-17 00:14:21,345 [INFO] CodeEngine:287 - Generated code: D:\Projects\LoRa_SOM\RAK3172\Load_Balancer\MXTmpFiles\rtos_vars.tmp
2025-06-17 00:14:21,387 [INFO] CodeEngine:263 - oldGeneratedFile, D:\Projects\LoRa_SOM\RAK3172\Load_Balancer\MXTmpFiles\rtos_pfp.tmp_save
2025-06-17 00:14:21,644 [INFO] CodeEngine:287 - Generated code: D:\Projects\LoRa_SOM\RAK3172\Load_Balancer\MXTmpFiles\rtos_pfp.tmp
2025-06-17 00:14:21,687 [INFO] CodeEngine:263 - oldGeneratedFile, D:\Projects\LoRa_SOM\RAK3172\Load_Balancer\MXTmpFiles\rtos_obj_creat.tmp_save
2025-06-17 00:14:21,912 [INFO] CodeEngine:287 - Generated code: D:\Projects\LoRa_SOM\RAK3172\Load_Balancer\MXTmpFiles\rtos_obj_creat.tmp
2025-06-17 00:14:21,943 [INFO] CodeEngine:263 - oldGeneratedFile, D:\Projects\LoRa_SOM\RAK3172\Load_Balancer\MXTmpFiles\rtos_default_thread.tmp_save
2025-06-17 00:14:22,159 [INFO] CodeEngine:287 - Generated code: D:\Projects\LoRa_SOM\RAK3172\Load_Balancer\MXTmpFiles\rtos_default_thread.tmp
2025-06-17 00:14:22,195 [INFO] CodeEngine:263 - oldGeneratedFile, D:\Projects\LoRa_SOM\RAK3172\Load_Balancer\MXTmpFiles\rtos_threads.tmp_save
2025-06-17 00:14:22,421 [INFO] CodeEngine:287 - Generated code: D:\Projects\LoRa_SOM\RAK3172\Load_Balancer\MXTmpFiles\rtos_threads.tmp
2025-06-17 00:14:22,590 [INFO] CodeEngine:263 - oldGeneratedFile, D:\Projects\LoRa_SOM\RAK3172\Load_Balancer\MXTmpFiles\RTOS_variables_SubGHz_Phy.tmp_save
2025-06-17 00:14:23,027 [INFO] CodeEngine:287 - Generated code: D:\Projects\LoRa_SOM\RAK3172\Load_Balancer\MXTmpFiles\RTOS_variables_SubGHz_Phy.tmp
2025-06-17 00:14:23,069 [INFO] CodeEngine:263 - oldGeneratedFile, D:\Projects\LoRa_SOM\RAK3172\Load_Balancer\MXTmpFiles\RTOS_pool_create_SubGHz_Phy.tmp_save
2025-06-17 00:14:23,344 [INFO] CodeEngine:287 - Generated code: D:\Projects\LoRa_SOM\RAK3172\Load_Balancer\MXTmpFiles\RTOS_pool_create_SubGHz_Phy.tmp
2025-06-17 00:14:23,384 [INFO] CodeEngine:263 - oldGeneratedFile, D:\Projects\LoRa_SOM\RAK3172\Load_Balancer\MXTmpFiles\RTOS_defines_SubGHz_Phy.tmp_save
2025-06-17 00:14:23,745 [INFO] CodeEngine:287 - Generated code: D:\Projects\LoRa_SOM\RAK3172\Load_Balancer\MXTmpFiles\RTOS_defines_SubGHz_Phy.tmp
2025-06-17 00:14:23,842 [INFO] Middleware:1452 - No code input for Bsp Dependency
2025-06-17 00:14:23,880 [INFO] CodeEngine:263 - oldGeneratedFile, D:\Projects\LoRa_SOM\RAK3172\Load_Balancer\MXTmpFiles\rtos_inc.tmp_save
2025-06-17 00:14:24,218 [INFO] CodeEngine:287 - Generated code: D:\Projects\LoRa_SOM\RAK3172\Load_Balancer\MXTmpFiles\rtos_inc.tmp
2025-06-17 00:14:24,237 [INFO] CodeEngine:263 - oldGeneratedFile, D:\Projects\LoRa_SOM\RAK3172\Load_Balancer\MXTmpFiles\rtos_kernelInit.tmp_save
2025-06-17 00:14:24,497 [INFO] CodeEngine:287 - Generated code: D:\Projects\LoRa_SOM\RAK3172\Load_Balancer\MXTmpFiles\rtos_kernelInit.tmp
2025-06-17 00:14:24,515 [INFO] CodeEngine:263 - oldGeneratedFile, D:\Projects\LoRa_SOM\RAK3172\Load_Balancer\MXTmpFiles\rtos_kernelStart.tmp_save
2025-06-17 00:14:24,821 [INFO] CodeEngine:287 - Generated code: D:\Projects\LoRa_SOM\RAK3172\Load_Balancer\MXTmpFiles\rtos_kernelStart.tmp
2025-06-17 00:14:24,838 [INFO] CodeEngine:263 - oldGeneratedFile, D:\Projects\LoRa_SOM\RAK3172\Load_Balancer\MXTmpFiles\rtos_typedefs.tmp_save
2025-06-17 00:14:25,048 [INFO] CodeEngine:287 - Generated code: D:\Projects\LoRa_SOM\RAK3172\Load_Balancer\MXTmpFiles\rtos_typedefs.tmp
2025-06-17 00:14:25,103 [INFO] CodeEngine:263 - oldGeneratedFile, D:\Projects\LoRa_SOM\RAK3172\Load_Balancer\MXTmpFiles\rtos_vars.tmp_save
2025-06-17 00:14:25,336 [INFO] CodeEngine:287 - Generated code: D:\Projects\LoRa_SOM\RAK3172\Load_Balancer\MXTmpFiles\rtos_vars.tmp
2025-06-17 00:14:25,347 [INFO] CodeEngine:263 - oldGeneratedFile, D:\Projects\LoRa_SOM\RAK3172\Load_Balancer\MXTmpFiles\rtos_pfp.tmp_save
2025-06-17 00:14:25,542 [INFO] CodeEngine:287 - Generated code: D:\Projects\LoRa_SOM\RAK3172\Load_Balancer\MXTmpFiles\rtos_pfp.tmp
2025-06-17 00:14:25,584 [INFO] CodeEngine:263 - oldGeneratedFile, D:\Projects\LoRa_SOM\RAK3172\Load_Balancer\MXTmpFiles\rtos_obj_creat.tmp_save
2025-06-17 00:14:25,752 [INFO] CodeEngine:287 - Generated code: D:\Projects\LoRa_SOM\RAK3172\Load_Balancer\MXTmpFiles\rtos_obj_creat.tmp
2025-06-17 00:14:25,769 [INFO] CodeEngine:263 - oldGeneratedFile, D:\Projects\LoRa_SOM\RAK3172\Load_Balancer\MXTmpFiles\rtos_default_thread.tmp_save
2025-06-17 00:14:25,946 [INFO] CodeEngine:287 - Generated code: D:\Projects\LoRa_SOM\RAK3172\Load_Balancer\MXTmpFiles\rtos_default_thread.tmp
2025-06-17 00:14:25,962 [INFO] CodeEngine:263 - oldGeneratedFile, D:\Projects\LoRa_SOM\RAK3172\Load_Balancer\MXTmpFiles\rtos_threads.tmp_save
2025-06-17 00:14:26,108 [INFO] CodeEngine:287 - Generated code: D:\Projects\LoRa_SOM\RAK3172\Load_Balancer\MXTmpFiles\rtos_threads.tmp
2025-06-17 00:14:26,169 [INFO] CodeEngine:263 - oldGeneratedFile, D:\Projects\LoRa_SOM\RAK3172\Load_Balancer\Core\Inc\FreeRTOSConfig.h_save
2025-06-17 00:14:26,515 [INFO] CodeEngine:287 - Generated code: D:\Projects\LoRa_SOM\RAK3172\Load_Balancer\Core\Inc\FreeRTOSConfig.h
2025-06-17 00:14:26,570 [INFO] CodeEngine:263 - oldGeneratedFile, D:\Projects\LoRa_SOM\RAK3172\Load_Balancer\Core\Src\app_freertos.c_save
2025-06-17 00:14:26,991 [INFO] CodeEngine:287 - Generated code: D:\Projects\LoRa_SOM\RAK3172\Load_Balancer\Core\Src\app_freertos.c
2025-06-17 00:14:27,136 [INFO] CodeEngine:263 - oldGeneratedFile, D:\Projects\LoRa_SOM\RAK3172\Load_Balancer\Core\Src\dma.c_save
2025-06-17 00:14:27,387 [INFO] CodeEngine:287 - Generated code: D:\Projects\LoRa_SOM\RAK3172\Load_Balancer\Core\Src\dma.c
2025-06-17 00:14:27,453 [INFO] CodeEngine:263 - oldGeneratedFile, D:\Projects\LoRa_SOM\RAK3172\Load_Balancer\Core\Inc\dma.h_save
2025-06-17 00:14:27,678 [INFO] CodeEngine:287 - Generated code: D:\Projects\LoRa_SOM\RAK3172\Load_Balancer\Core\Inc\dma.h
2025-06-17 00:14:27,774 [INFO] CodeEngine:263 - oldGeneratedFile, D:\Projects\LoRa_SOM\RAK3172\Load_Balancer\Core\Src\rtc.c_save
2025-06-17 00:14:28,190 [INFO] CodeEngine:287 - Generated code: D:\Projects\LoRa_SOM\RAK3172\Load_Balancer\Core\Src\rtc.c
2025-06-17 00:14:28,254 [INFO] CodeEngine:263 - oldGeneratedFile, D:\Projects\LoRa_SOM\RAK3172\Load_Balancer\Core\Inc\rtc.h_save
2025-06-17 00:14:28,471 [INFO] CodeEngine:287 - Generated code: D:\Projects\LoRa_SOM\RAK3172\Load_Balancer\Core\Inc\rtc.h
2025-06-17 00:14:28,523 [INFO] CodeEngine:263 - oldGeneratedFile, D:\Projects\LoRa_SOM\RAK3172\Load_Balancer\Core\Src\spi.c_save
2025-06-17 00:14:28,858 [INFO] CodeEngine:287 - Generated code: D:\Projects\LoRa_SOM\RAK3172\Load_Balancer\Core\Src\spi.c
2025-06-17 00:14:28,869 [INFO] CodeEngine:263 - oldGeneratedFile, D:\Projects\LoRa_SOM\RAK3172\Load_Balancer\Core\Inc\spi.h_save
2025-06-17 00:14:29,064 [INFO] CodeEngine:287 - Generated code: D:\Projects\LoRa_SOM\RAK3172\Load_Balancer\Core\Inc\spi.h
2025-06-17 00:14:29,114 [INFO] CodeEngine:263 - oldGeneratedFile, D:\Projects\LoRa_SOM\RAK3172\Load_Balancer\Core\Src\subghz.c_save
2025-06-17 00:14:29,451 [INFO] CodeEngine:287 - Generated code: D:\Projects\LoRa_SOM\RAK3172\Load_Balancer\Core\Src\subghz.c
2025-06-17 00:14:29,469 [INFO] CodeEngine:263 - oldGeneratedFile, D:\Projects\LoRa_SOM\RAK3172\Load_Balancer\Core\Inc\subghz.h_save
2025-06-17 00:14:29,688 [INFO] CodeEngine:287 - Generated code: D:\Projects\LoRa_SOM\RAK3172\Load_Balancer\Core\Inc\subghz.h
2025-06-17 00:14:29,821 [INFO] CodeEngine:263 - oldGeneratedFile, D:\Projects\LoRa_SOM\RAK3172\Load_Balancer\Core\Inc\platform.h_save
2025-06-17 00:14:30,045 [INFO] CodeEngine:287 - Generated code: D:\Projects\LoRa_SOM\RAK3172\Load_Balancer\Core\Inc\platform.h
2025-06-17 00:14:30,095 [INFO] CodeEngine:263 - oldGeneratedFile, D:\Projects\LoRa_SOM\RAK3172\Load_Balancer\Core\Inc\stm32_lpm_if.h_save
2025-06-17 00:14:30,239 [INFO] CodeEngine:287 - Generated code: D:\Projects\LoRa_SOM\RAK3172\Load_Balancer\Core\Inc\stm32_lpm_if.h
2025-06-17 00:14:30,295 [INFO] CodeEngine:263 - oldGeneratedFile, D:\Projects\LoRa_SOM\RAK3172\Load_Balancer\Core\Inc\sys_app.h_save
2025-06-17 00:14:30,468 [INFO] CodeEngine:287 - Generated code: D:\Projects\LoRa_SOM\RAK3172\Load_Balancer\Core\Inc\sys_app.h
2025-06-17 00:14:30,525 [INFO] CodeEngine:263 - oldGeneratedFile, D:\Projects\LoRa_SOM\RAK3172\Load_Balancer\Core\Inc\sys_conf.h_save
2025-06-17 00:14:30,695 [INFO] CodeEngine:287 - Generated code: D:\Projects\LoRa_SOM\RAK3172\Load_Balancer\Core\Inc\sys_conf.h
2025-06-17 00:14:30,758 [INFO] CodeEngine:263 - oldGeneratedFile, D:\Projects\LoRa_SOM\RAK3172\Load_Balancer\Core\Inc\sys_debug.h_save
2025-06-17 00:14:30,939 [INFO] CodeEngine:287 - Generated code: D:\Projects\LoRa_SOM\RAK3172\Load_Balancer\Core\Inc\sys_debug.h
2025-06-17 00:14:30,994 [INFO] CodeEngine:263 - oldGeneratedFile, D:\Projects\LoRa_SOM\RAK3172\Load_Balancer\Core\Inc\utilities_conf.h_save
2025-06-17 00:14:31,209 [INFO] CodeEngine:287 - Generated code: D:\Projects\LoRa_SOM\RAK3172\Load_Balancer\Core\Inc\utilities_conf.h
2025-06-17 00:14:31,267 [INFO] CodeEngine:263 - oldGeneratedFile, D:\Projects\LoRa_SOM\RAK3172\Load_Balancer\Core\Inc\utilities_def.h_save
2025-06-17 00:14:31,454 [INFO] CodeEngine:287 - Generated code: D:\Projects\LoRa_SOM\RAK3172\Load_Balancer\Core\Inc\utilities_def.h
2025-06-17 00:14:31,502 [INFO] CodeEngine:263 - oldGeneratedFile, D:\Projects\LoRa_SOM\RAK3172\Load_Balancer\Core\Inc\stm32wlxx_nucleo_conf.h_save
2025-06-17 00:14:31,674 [INFO] CodeEngine:287 - Generated code: D:\Projects\LoRa_SOM\RAK3172\Load_Balancer\Core\Inc\stm32wlxx_nucleo_conf.h
2025-06-17 00:14:31,742 [INFO] CodeEngine:263 - oldGeneratedFile, D:\Projects\LoRa_SOM\RAK3172\Load_Balancer\Core\Src\stm32_lpm_if.c_save
2025-06-17 00:14:31,909 [INFO] CodeEngine:287 - Generated code: D:\Projects\LoRa_SOM\RAK3172\Load_Balancer\Core\Src\stm32_lpm_if.c
2025-06-17 00:14:31,970 [INFO] CodeEngine:263 - oldGeneratedFile, D:\Projects\LoRa_SOM\RAK3172\Load_Balancer\Core\Src\sys_app.c_save
2025-06-17 00:14:32,207 [INFO] CodeEngine:287 - Generated code: D:\Projects\LoRa_SOM\RAK3172\Load_Balancer\Core\Src\sys_app.c
2025-06-17 00:14:32,258 [INFO] CodeEngine:263 - oldGeneratedFile, D:\Projects\LoRa_SOM\RAK3172\Load_Balancer\Core\Src\sys_debug.c_save
2025-06-17 00:14:32,437 [INFO] CodeEngine:287 - Generated code: D:\Projects\LoRa_SOM\RAK3172\Load_Balancer\Core\Src\sys_debug.c
2025-06-17 00:14:32,489 [INFO] CodeEngine:263 - oldGeneratedFile, D:\Projects\LoRa_SOM\RAK3172\Load_Balancer\SubGHz_Phy\App\app_subghz_phy.c_save
2025-06-17 00:14:32,674 [INFO] CodeEngine:287 - Generated code: D:\Projects\LoRa_SOM\RAK3172\Load_Balancer\SubGHz_Phy\App\app_subghz_phy.c
2025-06-17 00:14:32,724 [INFO] CodeEngine:263 - oldGeneratedFile, D:\Projects\LoRa_SOM\RAK3172\Load_Balancer\SubGHz_Phy\App\app_subghz_phy.h_save
2025-06-17 00:14:32,889 [INFO] CodeEngine:287 - Generated code: D:\Projects\LoRa_SOM\RAK3172\Load_Balancer\SubGHz_Phy\App\app_subghz_phy.h
2025-06-17 00:14:32,950 [INFO] CodeEngine:263 - oldGeneratedFile, D:\Projects\LoRa_SOM\RAK3172\Load_Balancer\SubGHz_Phy\App\subghz_phy_app.c_save
2025-06-17 00:14:33,158 [INFO] CodeEngine:287 - Generated code: D:\Projects\LoRa_SOM\RAK3172\Load_Balancer\SubGHz_Phy\App\subghz_phy_app.c
2025-06-17 00:14:33,220 [INFO] CodeEngine:263 - oldGeneratedFile, D:\Projects\LoRa_SOM\RAK3172\Load_Balancer\SubGHz_Phy\App\subghz_phy_app.h_save
2025-06-17 00:14:33,414 [INFO] CodeEngine:287 - Generated code: D:\Projects\LoRa_SOM\RAK3172\Load_Balancer\SubGHz_Phy\App\subghz_phy_app.h
2025-06-17 00:14:33,463 [INFO] CodeEngine:263 - oldGeneratedFile, D:\Projects\LoRa_SOM\RAK3172\Load_Balancer\SubGHz_Phy\App\app_version.h_save
2025-06-17 00:14:33,632 [INFO] CodeEngine:287 - Generated code: D:\Projects\LoRa_SOM\RAK3172\Load_Balancer\SubGHz_Phy\App\app_version.h
2025-06-17 00:14:33,680 [INFO] CodeEngine:263 - oldGeneratedFile, D:\Projects\LoRa_SOM\RAK3172\Load_Balancer\SubGHz_Phy\Target\mw_log_conf.h_save
2025-06-17 00:14:33,877 [INFO] CodeEngine:287 - Generated code: D:\Projects\LoRa_SOM\RAK3172\Load_Balancer\SubGHz_Phy\Target\mw_log_conf.h
2025-06-17 00:14:33,953 [INFO] CodeEngine:263 - oldGeneratedFile, D:\Projects\LoRa_SOM\RAK3172\Load_Balancer\SubGHz_Phy\Target\radio_board_if.c_save
2025-06-17 00:14:34,202 [INFO] CodeEngine:287 - Generated code: D:\Projects\LoRa_SOM\RAK3172\Load_Balancer\SubGHz_Phy\Target\radio_board_if.c
2025-06-17 00:14:34,261 [INFO] CodeEngine:263 - oldGeneratedFile, D:\Projects\LoRa_SOM\RAK3172\Load_Balancer\SubGHz_Phy\Target\radio_board_if.h_save
2025-06-17 00:14:34,468 [INFO] CodeEngine:287 - Generated code: D:\Projects\LoRa_SOM\RAK3172\Load_Balancer\SubGHz_Phy\Target\radio_board_if.h
2025-06-17 00:14:34,540 [INFO] CodeEngine:263 - oldGeneratedFile, D:\Projects\LoRa_SOM\RAK3172\Load_Balancer\SubGHz_Phy\Target\radio_conf.h_save
2025-06-17 00:14:34,722 [INFO] CodeEngine:287 - Generated code: D:\Projects\LoRa_SOM\RAK3172\Load_Balancer\SubGHz_Phy\Target\radio_conf.h
2025-06-17 00:14:34,782 [INFO] CodeEngine:263 - oldGeneratedFile, D:\Projects\LoRa_SOM\RAK3172\Load_Balancer\SubGHz_Phy\Target\timer.h_save
2025-06-17 00:14:34,940 [INFO] CodeEngine:287 - Generated code: D:\Projects\LoRa_SOM\RAK3172\Load_Balancer\SubGHz_Phy\Target\timer.h
2025-06-17 00:14:34,993 [INFO] CodeEngine:263 - oldGeneratedFile, D:\Projects\LoRa_SOM\RAK3172\Load_Balancer\Core\Inc\timer_if.h_save
2025-06-17 00:14:35,159 [INFO] CodeEngine:287 - Generated code: D:\Projects\LoRa_SOM\RAK3172\Load_Balancer\Core\Inc\timer_if.h
2025-06-17 00:14:35,209 [INFO] CodeEngine:263 - oldGeneratedFile, D:\Projects\LoRa_SOM\RAK3172\Load_Balancer\Core\Src\timer_if.c_save
2025-06-17 00:14:35,500 [INFO] CodeEngine:287 - Generated code: D:\Projects\LoRa_SOM\RAK3172\Load_Balancer\Core\Src\timer_if.c
2025-06-17 00:14:35,510 [INFO] CodeEngine:263 - oldGeneratedFile, D:\Projects\LoRa_SOM\RAK3172\Load_Balancer\MXTmpFiles\RTOS_variables_SubGHz_Phy.tmp_save
2025-06-17 00:14:35,642 [INFO] CodeEngine:287 - Generated code: D:\Projects\LoRa_SOM\RAK3172\Load_Balancer\MXTmpFiles\RTOS_variables_SubGHz_Phy.tmp
2025-06-17 00:14:35,651 [INFO] CodeEngine:263 - oldGeneratedFile, D:\Projects\LoRa_SOM\RAK3172\Load_Balancer\MXTmpFiles\RTOS_pool_create_SubGHz_Phy.tmp_save
2025-06-17 00:14:35,789 [INFO] CodeEngine:287 - Generated code: D:\Projects\LoRa_SOM\RAK3172\Load_Balancer\MXTmpFiles\RTOS_pool_create_SubGHz_Phy.tmp
2025-06-17 00:14:35,801 [INFO] CodeEngine:263 - oldGeneratedFile, D:\Projects\LoRa_SOM\RAK3172\Load_Balancer\MXTmpFiles\RTOS_defines_SubGHz_Phy.tmp_save
2025-06-17 00:14:35,938 [INFO] CodeEngine:287 - Generated code: D:\Projects\LoRa_SOM\RAK3172\Load_Balancer\MXTmpFiles\RTOS_defines_SubGHz_Phy.tmp
2025-06-17 00:14:36,005 [INFO] CodeEngine:263 - oldGeneratedFile, D:\Projects\LoRa_SOM\RAK3172\Load_Balancer\Core\Inc\usart_if.h_save
2025-06-17 00:14:36,161 [INFO] CodeEngine:287 - Generated code: D:\Projects\LoRa_SOM\RAK3172\Load_Balancer\Core\Inc\usart_if.h
2025-06-17 00:14:36,210 [INFO] CodeEngine:263 - oldGeneratedFile, D:\Projects\LoRa_SOM\RAK3172\Load_Balancer\Core\Src\usart_if.c_save
2025-06-17 00:14:36,378 [INFO] CodeEngine:287 - Generated code: D:\Projects\LoRa_SOM\RAK3172\Load_Balancer\Core\Src\usart_if.c
2025-06-17 00:14:36,442 [INFO] CodeEngine:263 - oldGeneratedFile, D:\Projects\LoRa_SOM\RAK3172\Load_Balancer\Core\Src\tim.c_save
2025-06-17 00:14:36,791 [INFO] CodeEngine:287 - Generated code: D:\Projects\LoRa_SOM\RAK3172\Load_Balancer\Core\Src\tim.c
2025-06-17 00:14:36,810 [INFO] CodeEngine:263 - oldGeneratedFile, D:\Projects\LoRa_SOM\RAK3172\Load_Balancer\Core\Inc\tim.h_save
2025-06-17 00:14:37,069 [INFO] CodeEngine:287 - Generated code: D:\Projects\LoRa_SOM\RAK3172\Load_Balancer\Core\Inc\tim.h
2025-06-17 00:14:37,128 [INFO] CodeEngine:263 - oldGeneratedFile, D:\Projects\LoRa_SOM\RAK3172\Load_Balancer\Core\Src\usart.c_save
2025-06-17 00:14:37,477 [INFO] CodeEngine:287 - Generated code: D:\Projects\LoRa_SOM\RAK3172\Load_Balancer\Core\Src\usart.c
2025-06-17 00:14:37,492 [INFO] CodeEngine:263 - oldGeneratedFile, D:\Projects\LoRa_SOM\RAK3172\Load_Balancer\Core\Inc\usart.h_save
2025-06-17 00:14:37,691 [INFO] CodeEngine:287 - Generated code: D:\Projects\LoRa_SOM\RAK3172\Load_Balancer\Core\Inc\usart.h
2025-06-17 00:14:37,786 [INFO] CodeEngine:263 - oldGeneratedFile, D:\Projects\LoRa_SOM\RAK3172\Load_Balancer\Core\Src\stm32wlxx_it.c_save
2025-06-17 00:14:38,375 [INFO] CodeEngine:287 - Generated code: D:\Projects\LoRa_SOM\RAK3172\Load_Balancer\Core\Src\stm32wlxx_it.c
2025-06-17 00:14:38,423 [INFO] CodeEngine:263 - oldGeneratedFile, D:\Projects\LoRa_SOM\RAK3172\Load_Balancer\Core\Inc\stm32wlxx_it.h_save
2025-06-17 00:14:38,636 [INFO] CodeEngine:287 - Generated code: D:\Projects\LoRa_SOM\RAK3172\Load_Balancer\Core\Inc\stm32wlxx_it.h
2025-06-17 00:14:39,389 [INFO] CodeEngine:263 - oldGeneratedFile, D:\Projects\LoRa_SOM\RAK3172\Load_Balancer\Core\Src\stm32wlxx_hal_msp.c_save
2025-06-17 00:14:39,942 [INFO] CodeEngine:287 - Generated code: D:\Projects\LoRa_SOM\RAK3172\Load_Balancer\Core\Src\stm32wlxx_hal_msp.c
2025-06-17 00:14:39,989 [INFO] CodeEngine:263 - oldGeneratedFile, D:\Projects\LoRa_SOM\RAK3172\Load_Balancer\MXTmpFiles\system.tmp_save
2025-06-17 00:14:40,275 [INFO] CodeEngine:287 - Generated code: D:\Projects\LoRa_SOM\RAK3172\Load_Balancer\MXTmpFiles\system.tmp
2025-06-17 00:14:40,392 [INFO] CodeEngine:319 - oldGeneratedFile, D:\Projects\LoRa_SOM\RAK3172\Load_Balancer\Core\Inc\stm32wlxx_hal_conf.h_save
2025-06-17 00:14:40,816 [INFO] CodeEngine:343 - Generated code: D:\Projects\LoRa_SOM\RAK3172\Load_Balancer\Core\Inc\stm32wlxx_hal_conf.h
2025-06-17 00:14:41,259 [INFO] CodeEngine:263 - oldGeneratedFile, D:\Projects\LoRa_SOM\RAK3172\Load_Balancer\Core\Inc\main.h_save
2025-06-17 00:14:41,694 [INFO] CodeEngine:287 - Generated code: D:\Projects\LoRa_SOM\RAK3172\Load_Balancer\Core\Inc\main.h
2025-06-17 00:14:41,786 [INFO] CodeEngine:263 - oldGeneratedFile, D:\Projects\LoRa_SOM\RAK3172\Load_Balancer\Core\Src\main.c_save
2025-06-17 00:14:42,134 [INFO] CodeEngine:287 - Generated code: D:\Projects\LoRa_SOM\RAK3172\Load_Balancer\Core\Src\main.c
2025-06-17 00:14:43,873 [INFO] ProjectBuilder:3324 - Time for Copy HAL[1] : 1127mS.
2025-06-17 00:14:43,907 [INFO] ProjectBuilder:4912 - Project Generator version: 4.6.0-B36
2025-06-17 00:14:44,675 [INFO] ConfigFileManager:1590 - The Die is : DIE497
2025-06-17 00:14:54,124 [INFO] ProjectBuilder:5191 - Time for Generating toolchain IDE Files: 10216mS.
2025-06-17 00:14:54,126 [INFO] ProjectBuilder:3181 - Time for Copy CMSIS : 1mS.
2025-06-17 00:14:54,148 [INFO] ProjectBuilder:3181 - Time for Copy CMSIS : 0mS.
2025-06-17 00:15:10,060 [WARN] IP:2250 - HourFormat not found: check if there is a RefParameter without a condition.
2025-06-17 00:15:10,061 [WARN] IP:2250 - SynchPrediv not found: check if there is a RefParameter without a condition.
2025-06-17 00:15:10,061 [WARN] IP:2250 - OutPut1 not found: check if there is a RefParameter without a condition.
2025-06-17 00:15:10,062 [WARN] IP:2250 - OutPut2 not found: check if there is a RefParameter without a condition.
2025-06-17 00:15:10,062 [WARN] IP:2250 - OutPut3 not found: check if there is a RefParameter without a condition.
2025-06-17 00:15:10,062 [WARN] IP:2250 - BinMixBcdU not found: check if there is a RefParameter without a condition.
2025-06-17 00:15:10,062 [WARN] IP:2250 - HourFormat not found: check if there is a RefParameter without a condition.
2025-06-17 00:15:10,062 [WARN] IP:2250 - SynchPrediv not found: check if there is a RefParameter without a condition.
2025-06-17 00:15:10,063 [WARN] IP:2250 - BinMixBcdU not found: check if there is a RefParameter without a condition.
2025-06-17 00:15:10,063 [WARN] IP:2250 - Hours not found: check if there is a RefParameter without a condition.
2025-06-17 00:15:10,063 [WARN] IP:2250 - Minutes not found: check if there is a RefParameter without a condition.
2025-06-17 00:15:10,063 [WARN] IP:2250 - Seconds not found: check if there is a RefParameter without a condition.
2025-06-17 00:15:10,063 [WARN] IP:2250 - TimeFormat not found: check if there is a RefParameter without a condition.
2025-06-17 00:15:10,063 [WARN] IP:2250 - DayLightSaving not found: check if there is a RefParameter without a condition.
2025-06-17 00:15:10,063 [WARN] IP:2250 - StoreOperation not found: check if there is a RefParameter without a condition.
2025-06-17 00:15:10,063 [WARN] IP:2250 - WeekDay not found: check if there is a RefParameter without a condition.
2025-06-17 00:15:10,063 [WARN] IP:2250 - Month not found: check if there is a RefParameter without a condition.
2025-06-17 00:15:10,063 [WARN] IP:2250 - Date not found: check if there is a RefParameter without a condition.
2025-06-17 00:15:10,063 [WARN] IP:2250 - Year not found: check if there is a RefParameter without a condition.
2025-06-17 00:15:10,064 [WARN] IP:2250 - HourFormat not found: check if there is a RefParameter without a condition.
2025-06-17 00:15:10,064 [WARN] IP:2250 - SynchPrediv not found: check if there is a RefParameter without a condition.
2025-06-17 00:15:10,064 [WARN] IP:2250 - OutPut1 not found: check if there is a RefParameter without a condition.
2025-06-17 00:15:10,064 [WARN] IP:2250 - OutPut2 not found: check if there is a RefParameter without a condition.
2025-06-17 00:15:10,064 [WARN] IP:2250 - OutPut3 not found: check if there is a RefParameter without a condition.
2025-06-17 00:15:10,064 [WARN] IP:2250 - BinMixBcdU not found: check if there is a RefParameter without a condition.
2025-06-17 00:15:10,064 [WARN] IP:2250 - Hours_A not found: check if there is a RefParameter without a condition.
2025-06-17 00:15:10,064 [WARN] IP:2250 - Minutes_A not found: check if there is a RefParameter without a condition.
2025-06-17 00:15:10,065 [WARN] IP:2250 - Seconds_A not found: check if there is a RefParameter without a condition.
2025-06-17 00:15:10,065 [WARN] IP:2250 - AlarmMaskDateWeekDay not found: check if there is a RefParameter without a condition.
2025-06-17 00:15:10,065 [WARN] IP:2250 - AlarmMaskHours not found: check if there is a RefParameter without a condition.
2025-06-17 00:15:10,065 [WARN] IP:2250 - AlarmMaskMinutes not found: check if there is a RefParameter without a condition.
2025-06-17 00:15:10,065 [WARN] IP:2250 - AlarmMaskSeconds not found: check if there is a RefParameter without a condition.
2025-06-17 00:15:10,065 [WARN] IP:2250 - AlarmDateWeekDaySel not found: check if there is a RefParameter without a condition.
2025-06-17 00:15:10,065 [WARN] IP:2250 - AlarmDateWeekDay not found: check if there is a RefParameter without a condition.
2025-06-17 00:15:10,065 [WARN] IP:2250 - AlarmDateWeekDayARG not found: check if there is a RefParameter without a condition.
2025-06-17 00:15:10,066 [WARN] IP:2250 - HourFormat not found: check if there is a RefParameter without a condition.
2025-06-17 00:15:10,066 [WARN] IP:2250 - SynchPrediv not found: check if there is a RefParameter without a condition.
2025-06-17 00:15:10,066 [WARN] IP:2250 - OutPut1 not found: check if there is a RefParameter without a condition.
2025-06-17 00:15:10,066 [WARN] IP:2250 - OutPut2 not found: check if there is a RefParameter without a condition.
2025-06-17 00:15:10,066 [WARN] IP:2250 - OutPut3 not found: check if there is a RefParameter without a condition.
2025-06-17 00:15:10,066 [WARN] IP:2250 - BinMixBcdU not found: check if there is a RefParameter without a condition.
2025-06-17 00:15:10,066 [WARN] IP:2250 - HourFormat not found: check if there is a RefParameter without a condition.
2025-06-17 00:15:10,067 [WARN] IP:2250 - SynchPrediv not found: check if there is a RefParameter without a condition.
2025-06-17 00:15:10,067 [WARN] IP:2250 - BinMixBcdU not found: check if there is a RefParameter without a condition.
2025-06-17 00:15:10,067 [WARN] IP:2250 - Hours not found: check if there is a RefParameter without a condition.
2025-06-17 00:15:10,067 [WARN] IP:2250 - Minutes not found: check if there is a RefParameter without a condition.
2025-06-17 00:15:10,067 [WARN] IP:2250 - Seconds not found: check if there is a RefParameter without a condition.
2025-06-17 00:15:10,067 [WARN] IP:2250 - TimeFormat not found: check if there is a RefParameter without a condition.
2025-06-17 00:15:10,067 [WARN] IP:2250 - DayLightSaving not found: check if there is a RefParameter without a condition.
2025-06-17 00:15:10,068 [WARN] IP:2250 - StoreOperation not found: check if there is a RefParameter without a condition.
2025-06-17 00:15:10,068 [WARN] IP:2250 - WeekDay not found: check if there is a RefParameter without a condition.
2025-06-17 00:15:10,068 [WARN] IP:2250 - Month not found: check if there is a RefParameter without a condition.
2025-06-17 00:15:10,068 [WARN] IP:2250 - Date not found: check if there is a RefParameter without a condition.
2025-06-17 00:15:10,068 [WARN] IP:2250 - Year not found: check if there is a RefParameter without a condition.
2025-06-17 00:15:10,069 [WARN] IP:2250 - HourFormat not found: check if there is a RefParameter without a condition.
2025-06-17 00:15:10,069 [WARN] IP:2250 - SynchPrediv not found: check if there is a RefParameter without a condition.
2025-06-17 00:15:10,069 [WARN] IP:2250 - OutPut1 not found: check if there is a RefParameter without a condition.
2025-06-17 00:15:10,069 [WARN] IP:2250 - OutPut2 not found: check if there is a RefParameter without a condition.
2025-06-17 00:15:10,069 [WARN] IP:2250 - OutPut3 not found: check if there is a RefParameter without a condition.
2025-06-17 00:15:10,069 [WARN] IP:2250 - BinMixBcdU not found: check if there is a RefParameter without a condition.
2025-06-17 00:15:10,070 [WARN] IP:2250 - Hours_A not found: check if there is a RefParameter without a condition.
2025-06-17 00:15:10,070 [WARN] IP:2250 - Minutes_A not found: check if there is a RefParameter without a condition.
2025-06-17 00:15:10,070 [WARN] IP:2250 - Seconds_A not found: check if there is a RefParameter without a condition.
2025-06-17 00:15:10,070 [WARN] IP:2250 - AlarmMaskDateWeekDay not found: check if there is a RefParameter without a condition.
2025-06-17 00:15:10,070 [WARN] IP:2250 - AlarmMaskHours not found: check if there is a RefParameter without a condition.
2025-06-17 00:15:10,070 [WARN] IP:2250 - AlarmMaskMinutes not found: check if there is a RefParameter without a condition.
2025-06-17 00:15:10,070 [WARN] IP:2250 - AlarmMaskSeconds not found: check if there is a RefParameter without a condition.
2025-06-17 00:15:10,070 [WARN] IP:2250 - AlarmDateWeekDaySel not found: check if there is a RefParameter without a condition.
2025-06-17 00:15:10,070 [WARN] IP:2250 - AlarmDateWeekDay not found: check if there is a RefParameter without a condition.
2025-06-17 00:15:10,071 [WARN] IP:2250 - AlarmDateWeekDayARG not found: check if there is a RefParameter without a condition.
2025-06-17 00:15:10,103 [WARN] IP:2250 - UTIL_SEQ_EN_M0 not found: check if there is a RefParameter without a condition.
2025-06-17 00:15:10,108 [WARN] IP:2250 - UTIL_SEQ_EN_M0 not found: check if there is a RefParameter without a condition.
2025-06-17 00:15:10,415 [ERROR] RtosPanel:558 - Can not restore the selected Tab for FREERTOS(A reason can be that the tab is no more available.)
2025-06-17 00:15:46,031 [WARN] MainPanel:289 - <html><b><center>Warning: This peripheral has no parameters to be configured<br></b></html>
2025-06-17 00:16:13,626 [WARN] IP:2250 - HourFormat not found: check if there is a RefParameter without a condition.
2025-06-17 00:16:13,629 [WARN] IP:2250 - SynchPrediv not found: check if there is a RefParameter without a condition.
2025-06-17 00:16:13,629 [WARN] IP:2250 - OutPut1 not found: check if there is a RefParameter without a condition.
2025-06-17 00:16:13,629 [WARN] IP:2250 - OutPut2 not found: check if there is a RefParameter without a condition.
2025-06-17 00:16:13,629 [WARN] IP:2250 - OutPut3 not found: check if there is a RefParameter without a condition.
2025-06-17 00:16:13,629 [WARN] IP:2250 - BinMixBcdU not found: check if there is a RefParameter without a condition.
2025-06-17 00:16:13,629 [WARN] IP:2250 - HourFormat not found: check if there is a RefParameter without a condition.
2025-06-17 00:16:13,629 [WARN] IP:2250 - SynchPrediv not found: check if there is a RefParameter without a condition.
2025-06-17 00:16:13,629 [WARN] IP:2250 - BinMixBcdU not found: check if there is a RefParameter without a condition.
2025-06-17 00:16:13,629 [WARN] IP:2250 - Hours not found: check if there is a RefParameter without a condition.
2025-06-17 00:16:13,629 [WARN] IP:2250 - Minutes not found: check if there is a RefParameter without a condition.
2025-06-17 00:16:13,629 [WARN] IP:2250 - Seconds not found: check if there is a RefParameter without a condition.
2025-06-17 00:16:13,629 [WARN] IP:2250 - TimeFormat not found: check if there is a RefParameter without a condition.
2025-06-17 00:16:13,629 [WARN] IP:2250 - DayLightSaving not found: check if there is a RefParameter without a condition.
2025-06-17 00:16:13,629 [WARN] IP:2250 - StoreOperation not found: check if there is a RefParameter without a condition.
2025-06-17 00:16:13,629 [WARN] IP:2250 - WeekDay not found: check if there is a RefParameter without a condition.
2025-06-17 00:16:13,629 [WARN] IP:2250 - Month not found: check if there is a RefParameter without a condition.
2025-06-17 00:16:13,629 [WARN] IP:2250 - Date not found: check if there is a RefParameter without a condition.
2025-06-17 00:16:13,629 [WARN] IP:2250 - Year not found: check if there is a RefParameter without a condition.
2025-06-17 00:16:13,629 [WARN] IP:2250 - HourFormat not found: check if there is a RefParameter without a condition.
2025-06-17 00:16:13,629 [WARN] IP:2250 - SynchPrediv not found: check if there is a RefParameter without a condition.
2025-06-17 00:16:13,629 [WARN] IP:2250 - OutPut1 not found: check if there is a RefParameter without a condition.
2025-06-17 00:16:13,631 [WARN] IP:2250 - OutPut2 not found: check if there is a RefParameter without a condition.
2025-06-17 00:16:13,631 [WARN] IP:2250 - OutPut3 not found: check if there is a RefParameter without a condition.
2025-06-17 00:16:13,631 [WARN] IP:2250 - BinMixBcdU not found: check if there is a RefParameter without a condition.
2025-06-17 00:16:13,631 [WARN] IP:2250 - Hours_A not found: check if there is a RefParameter without a condition.
2025-06-17 00:16:13,631 [WARN] IP:2250 - Minutes_A not found: check if there is a RefParameter without a condition.
2025-06-17 00:16:13,631 [WARN] IP:2250 - Seconds_A not found: check if there is a RefParameter without a condition.
2025-06-17 00:16:13,631 [WARN] IP:2250 - AlarmMaskDateWeekDay not found: check if there is a RefParameter without a condition.
2025-06-17 00:16:13,631 [WARN] IP:2250 - AlarmMaskHours not found: check if there is a RefParameter without a condition.
2025-06-17 00:16:13,631 [WARN] IP:2250 - AlarmMaskMinutes not found: check if there is a RefParameter without a condition.
2025-06-17 00:16:13,631 [WARN] IP:2250 - AlarmMaskSeconds not found: check if there is a RefParameter without a condition.
2025-06-17 00:16:13,631 [WARN] IP:2250 - AlarmDateWeekDaySel not found: check if there is a RefParameter without a condition.
2025-06-17 00:16:13,631 [WARN] IP:2250 - AlarmDateWeekDay not found: check if there is a RefParameter without a condition.
2025-06-17 00:16:13,631 [WARN] IP:2250 - AlarmDateWeekDayARG not found: check if there is a RefParameter without a condition.
2025-06-17 00:16:31,212 [INFO] UtilMem:75 - End SaveConfig() Used Memory: 837521832 Bytes (1073741824)
2025-06-17 00:17:16,242 [ERROR] RtosPanel:558 - Can not restore the selected Tab for FREERTOS(A reason can be that the tab is no more available.)
2025-06-17 00:17:59,069 [INFO] UtilMem:75 - End SaveConfig() Used Memory: 887479432 Bytes (1073741824)
2025-06-17 00:17:59,265 [INFO] UtilMem:75 - End SaveConfig() Used Memory: 904778888 Bytes (1073741824)
2025-06-17 00:18:00,586 [INFO] UtilMem:75 - End SaveConfig() Used Memory: 976082056 Bytes (1073741824)
2025-06-17 00:18:01,144 [INFO] BlockDiagram:2775 - set Specific Code input for plugin: SPI
2025-06-17 00:18:01,145 [INFO] BlockDiagram:2775 - set Specific Code input for plugin: FREERTOS
2025-06-17 00:18:01,145 [INFO] BlockDiagram:2775 - set Specific Code input for plugin: ADV_TRACE
2025-06-17 00:18:01,145 [INFO] BlockDiagram:2775 - set Specific Code input for plugin: SUBGHZ
2025-06-17 00:18:01,145 [INFO] BlockDiagram:2775 - set Specific Code input for plugin: TIM1_8WL5
2025-06-17 00:18:01,145 [INFO] BlockDiagram:2775 - set Specific Code input for plugin: TIM1_8WL5
2025-06-17 00:18:01,145 [INFO] BlockDiagram:2775 - set Specific Code input for plugin: SYS
2025-06-17 00:18:01,145 [INFO] BlockDiagram:2775 - set Specific Code input for plugin: RCC
2025-06-17 00:18:01,145 [INFO] BlockDiagram:2775 - set Specific Code input for plugin: TINY_LPM
2025-06-17 00:18:01,145 [INFO] BlockDiagram:2775 - set Specific Code input for plugin: RTC
2025-06-17 00:18:01,145 [INFO] BlockDiagram:2775 - set Specific Code input for plugin: NVIC
2025-06-17 00:18:01,146 [INFO] BlockDiagram:2775 - set Specific Code input for plugin: MISC
2025-06-17 00:18:01,146 [INFO] BlockDiagram:2775 - set Specific Code input for plugin: USART
2025-06-17 00:18:01,146 [INFO] BlockDiagram:2775 - set Specific Code input for plugin: DMA
2025-06-17 00:18:01,146 [INFO] BlockDiagram:2775 - set Specific Code input for plugin: TIMER
2025-06-17 00:18:01,146 [INFO] BlockDiagram:2775 - set Specific Code input for plugin: DEBUG
2025-06-17 00:18:01,147 [INFO] BlockDiagram:2775 - set Specific Code input for plugin: GPIO
2025-06-17 00:18:01,147 [INFO] BlockDiagram:2775 - set Specific Code input for plugin: SubGHz_Phy
2025-06-17 00:18:01,149 [INFO] CodeGenerator:882 - code generatio: config db path: C:\ST\STM32CubeIDE_1.16.0\STM32CubeIDE\plugins\com.st.stm32cube.common.mx_6.14.0.202502271554\\db\
2025-06-17 00:18:01,204 [WARN] IP:2250 - HourFormat not found: check if there is a RefParameter without a condition.
2025-06-17 00:18:01,205 [WARN] IP:2250 - SynchPrediv not found: check if there is a RefParameter without a condition.
2025-06-17 00:18:01,205 [WARN] IP:2250 - OutPut1 not found: check if there is a RefParameter without a condition.
2025-06-17 00:18:01,205 [WARN] IP:2250 - OutPut2 not found: check if there is a RefParameter without a condition.
2025-06-17 00:18:01,205 [WARN] IP:2250 - OutPut3 not found: check if there is a RefParameter without a condition.
2025-06-17 00:18:01,206 [WARN] IP:2250 - BinMixBcdU not found: check if there is a RefParameter without a condition.
2025-06-17 00:18:01,206 [WARN] IP:2250 - HourFormat not found: check if there is a RefParameter without a condition.
2025-06-17 00:18:01,207 [WARN] IP:2250 - SynchPrediv not found: check if there is a RefParameter without a condition.
2025-06-17 00:18:01,207 [WARN] IP:2250 - BinMixBcdU not found: check if there is a RefParameter without a condition.
2025-06-17 00:18:01,207 [WARN] IP:2250 - Hours not found: check if there is a RefParameter without a condition.
2025-06-17 00:18:01,208 [WARN] IP:2250 - Minutes not found: check if there is a RefParameter without a condition.
2025-06-17 00:18:01,208 [WARN] IP:2250 - Seconds not found: check if there is a RefParameter without a condition.
2025-06-17 00:18:01,208 [WARN] IP:2250 - TimeFormat not found: check if there is a RefParameter without a condition.
2025-06-17 00:18:01,208 [WARN] IP:2250 - DayLightSaving not found: check if there is a RefParameter without a condition.
2025-06-17 00:18:01,208 [WARN] IP:2250 - StoreOperation not found: check if there is a RefParameter without a condition.
2025-06-17 00:18:01,208 [WARN] IP:2250 - WeekDay not found: check if there is a RefParameter without a condition.
2025-06-17 00:18:01,208 [WARN] IP:2250 - Month not found: check if there is a RefParameter without a condition.
2025-06-17 00:18:01,209 [WARN] IP:2250 - Date not found: check if there is a RefParameter without a condition.
2025-06-17 00:18:01,209 [WARN] IP:2250 - Year not found: check if there is a RefParameter without a condition.
2025-06-17 00:18:01,209 [WARN] IP:2250 - HourFormat not found: check if there is a RefParameter without a condition.
2025-06-17 00:18:01,210 [WARN] IP:2250 - SynchPrediv not found: check if there is a RefParameter without a condition.
2025-06-17 00:18:01,210 [WARN] IP:2250 - OutPut1 not found: check if there is a RefParameter without a condition.
2025-06-17 00:18:01,210 [WARN] IP:2250 - OutPut2 not found: check if there is a RefParameter without a condition.
2025-06-17 00:18:01,210 [WARN] IP:2250 - OutPut3 not found: check if there is a RefParameter without a condition.
2025-06-17 00:18:01,211 [WARN] IP:2250 - BinMixBcdU not found: check if there is a RefParameter without a condition.
2025-06-17 00:18:01,211 [WARN] IP:2250 - Hours_A not found: check if there is a RefParameter without a condition.
2025-06-17 00:18:01,211 [WARN] IP:2250 - Minutes_A not found: check if there is a RefParameter without a condition.
2025-06-17 00:18:01,211 [WARN] IP:2250 - Seconds_A not found: check if there is a RefParameter without a condition.
2025-06-17 00:18:01,212 [WARN] IP:2250 - AlarmMaskDateWeekDay not found: check if there is a RefParameter without a condition.
2025-06-17 00:18:01,212 [WARN] IP:2250 - AlarmMaskHours not found: check if there is a RefParameter without a condition.
2025-06-17 00:18:01,212 [WARN] IP:2250 - AlarmMaskMinutes not found: check if there is a RefParameter without a condition.
2025-06-17 00:18:01,212 [WARN] IP:2250 - AlarmMaskSeconds not found: check if there is a RefParameter without a condition.
2025-06-17 00:18:01,212 [WARN] IP:2250 - AlarmDateWeekDaySel not found: check if there is a RefParameter without a condition.
2025-06-17 00:18:01,213 [WARN] IP:2250 - AlarmDateWeekDay not found: check if there is a RefParameter without a condition.
2025-06-17 00:18:01,213 [WARN] IP:2250 - AlarmDateWeekDayARG not found: check if there is a RefParameter without a condition.
2025-06-17 00:18:01,226 [WARN] IP:2250 - UTIL_SEQ_EN_M0 not found: check if there is a RefParameter without a condition.
2025-06-17 00:18:01,291 [INFO] Argument:325 - Argument : hdmavalue: null
2025-06-17 00:18:01,291 [INFO] Argument:327 - 	 sub Args: 
2025-06-17 00:18:01,291 [INFO] Argument:325 - Argument : Instancevalue: DMA1_Channel1
2025-06-17 00:18:01,291 [INFO] Argument:335 - Argument : Instancevalue: DMA1_Channel1
2025-06-17 00:18:01,292 [INFO] Argument:325 - Argument : Initvalue: null
2025-06-17 00:18:01,292 [INFO] Argument:327 - 	 sub Args: 
2025-06-17 00:18:01,293 [INFO] Argument:325 - Argument : Requestvalue: DMA_REQUEST_USART2_TX
2025-06-17 00:18:01,293 [INFO] Argument:335 - Argument : Requestvalue: DMA_REQUEST_USART2_TX
2025-06-17 00:18:01,293 [INFO] Argument:325 - Argument : Directionvalue: DMA_MEMORY_TO_PERIPH
2025-06-17 00:18:01,293 [INFO] Argument:335 - Argument : Directionvalue: DMA_MEMORY_TO_PERIPH
2025-06-17 00:18:01,295 [INFO] Argument:325 - Argument : PeriphIncvalue: DMA_PINC_DISABLE
2025-06-17 00:18:01,296 [INFO] Argument:335 - Argument : PeriphIncvalue: DMA_PINC_DISABLE
2025-06-17 00:18:01,297 [INFO] Argument:325 - Argument : MemIncvalue: DMA_MINC_ENABLE
2025-06-17 00:18:01,297 [INFO] Argument:335 - Argument : MemIncvalue: DMA_MINC_ENABLE
2025-06-17 00:18:01,297 [INFO] Argument:325 - Argument : PeriphDataAlignmentvalue: DMA_PDATAALIGN_BYTE
2025-06-17 00:18:01,297 [INFO] Argument:335 - Argument : PeriphDataAlignmentvalue: DMA_PDATAALIGN_BYTE
2025-06-17 00:18:01,297 [INFO] Argument:325 - Argument : MemDataAlignmentvalue: DMA_MDATAALIGN_BYTE
2025-06-17 00:18:01,297 [INFO] Argument:335 - Argument : MemDataAlignmentvalue: DMA_MDATAALIGN_BYTE
2025-06-17 00:18:01,297 [INFO] Argument:325 - Argument : Modevalue: DMA_NORMAL
2025-06-17 00:18:01,297 [INFO] Argument:335 - Argument : Modevalue: DMA_NORMAL
2025-06-17 00:18:01,298 [INFO] Argument:325 - Argument : Priorityvalue: DMA_PRIORITY_LOW
2025-06-17 00:18:01,298 [INFO] Argument:335 - Argument : Priorityvalue: DMA_PRIORITY_LOW
2025-06-17 00:18:01,298 [INFO] Argument:325 - Argument : Lockvalue: null
2025-06-17 00:18:01,298 [INFO] Argument:335 - Argument : Lockvalue: null
2025-06-17 00:18:01,298 [INFO] Argument:325 - Argument : Statevalue: null
2025-06-17 00:18:01,298 [INFO] Argument:335 - Argument : Statevalue: null
2025-06-17 00:18:01,298 [INFO] Argument:325 - Argument : Parentvalue: null
2025-06-17 00:18:01,298 [INFO] Argument:335 - Argument : Parentvalue: null
2025-06-17 00:18:01,298 [INFO] Argument:325 - Argument : XferCpltCallbackvalue: null
2025-06-17 00:18:01,299 [INFO] Argument:335 - Argument : XferCpltCallbackvalue: null
2025-06-17 00:18:01,299 [INFO] Argument:325 - Argument : XferHalfCpltCallbackvalue: null
2025-06-17 00:18:01,299 [INFO] Argument:335 - Argument : XferHalfCpltCallbackvalue: null
2025-06-17 00:18:01,299 [INFO] Argument:325 - Argument : XferM1CpltCallbackvalue: null
2025-06-17 00:18:01,299 [INFO] Argument:335 - Argument : XferM1CpltCallbackvalue: null
2025-06-17 00:18:01,299 [INFO] Argument:325 - Argument : XferM1HalfCpltCallbackvalue: null
2025-06-17 00:18:01,299 [INFO] Argument:335 - Argument : XferM1HalfCpltCallbackvalue: null
2025-06-17 00:18:01,299 [INFO] Argument:325 - Argument : XferErrorCallbackvalue: null
2025-06-17 00:18:01,299 [INFO] Argument:335 - Argument : XferErrorCallbackvalue: null
2025-06-17 00:18:01,299 [INFO] Argument:325 - Argument : XferAbortCallbackvalue: null
2025-06-17 00:18:01,299 [INFO] Argument:335 - Argument : XferAbortCallbackvalue: null
2025-06-17 00:18:01,300 [INFO] Argument:325 - Argument : ErrorCodevalue: null
2025-06-17 00:18:01,300 [INFO] Argument:335 - Argument : ErrorCodevalue: null
2025-06-17 00:18:01,300 [INFO] Argument:325 - Argument : DmaBaseAddressvalue: null
2025-06-17 00:18:01,300 [INFO] Argument:335 - Argument : DmaBaseAddressvalue: null
2025-06-17 00:18:01,300 [INFO] Argument:325 - Argument : ChannelIndexvalue: null
2025-06-17 00:18:01,300 [INFO] Argument:335 - Argument : ChannelIndexvalue: null
2025-06-17 00:18:01,300 [INFO] Argument:325 - Argument : DMAmuxChannelvalue: null
2025-06-17 00:18:01,300 [INFO] Argument:335 - Argument : DMAmuxChannelvalue: null
2025-06-17 00:18:01,300 [INFO] Argument:325 - Argument : DMAmuxChannelStatusvalue: null
2025-06-17 00:18:01,300 [INFO] Argument:335 - Argument : DMAmuxChannelStatusvalue: null
2025-06-17 00:18:01,300 [INFO] Argument:325 - Argument : DMAmuxChannelStatusMaskvalue: null
2025-06-17 00:18:01,301 [INFO] Argument:335 - Argument : DMAmuxChannelStatusMaskvalue: null
2025-06-17 00:18:01,301 [INFO] Argument:325 - Argument : DMAmuxRequestGenvalue: null
2025-06-17 00:18:01,301 [INFO] Argument:335 - Argument : DMAmuxRequestGenvalue: null
2025-06-17 00:18:01,301 [INFO] Argument:325 - Argument : DMAmuxRequestGenStatusvalue: null
2025-06-17 00:18:01,301 [INFO] Argument:335 - Argument : DMAmuxRequestGenStatusvalue: null
2025-06-17 00:18:01,301 [INFO] Argument:325 - Argument : DMAmuxRequestGenStatusMaskvalue: null
2025-06-17 00:18:01,301 [INFO] Argument:335 - Argument : DMAmuxRequestGenStatusMaskvalue: null
2025-06-17 00:18:01,514 [INFO] CodeEngine:263 - oldGeneratedFile, D:\Projects\LoRa_SOM\RAK3172\Load_Balancer\MXTmpFiles\license.tmp_save
2025-06-17 00:18:01,847 [INFO] CodeEngine:287 - Generated code: D:\Projects\LoRa_SOM\RAK3172\Load_Balancer\MXTmpFiles\license.tmp
2025-06-17 00:18:02,061 [INFO] CodeEngine:263 - oldGeneratedFile, D:\Projects\LoRa_SOM\RAK3172\Load_Balancer\Core\Src\gpio.c_save
2025-06-17 00:18:02,264 [INFO] CodeEngine:287 - Generated code: D:\Projects\LoRa_SOM\RAK3172\Load_Balancer\Core\Src\gpio.c
2025-06-17 00:18:02,280 [INFO] CodeEngine:263 - oldGeneratedFile, D:\Projects\LoRa_SOM\RAK3172\Load_Balancer\Core\Inc\gpio.h_save
2025-06-17 00:18:02,744 [INFO] CodeEngine:287 - Generated code: D:\Projects\LoRa_SOM\RAK3172\Load_Balancer\Core\Inc\gpio.h
2025-06-17 00:18:03,196 [WARN] IPConfigManager:103 - WARNING: Missing Config File for DEBUG ip!!
2025-06-17 00:18:04,294 [WARN] IP:2250 - HourFormat not found: check if there is a RefParameter without a condition.
2025-06-17 00:18:04,294 [WARN] IP:2250 - SynchPrediv not found: check if there is a RefParameter without a condition.
2025-06-17 00:18:04,295 [WARN] IP:2250 - OutPut1 not found: check if there is a RefParameter without a condition.
2025-06-17 00:18:04,295 [WARN] IP:2250 - OutPut2 not found: check if there is a RefParameter without a condition.
2025-06-17 00:18:04,295 [WARN] IP:2250 - OutPut3 not found: check if there is a RefParameter without a condition.
2025-06-17 00:18:04,296 [WARN] IP:2250 - BinMixBcdU not found: check if there is a RefParameter without a condition.
2025-06-17 00:18:04,296 [WARN] IP:2250 - HourFormat not found: check if there is a RefParameter without a condition.
2025-06-17 00:18:04,296 [WARN] IP:2250 - SynchPrediv not found: check if there is a RefParameter without a condition.
2025-06-17 00:18:04,297 [WARN] IP:2250 - BinMixBcdU not found: check if there is a RefParameter without a condition.
2025-06-17 00:18:04,298 [WARN] IP:2250 - Hours not found: check if there is a RefParameter without a condition.
2025-06-17 00:18:04,298 [WARN] IP:2250 - Minutes not found: check if there is a RefParameter without a condition.
2025-06-17 00:18:04,298 [WARN] IP:2250 - Seconds not found: check if there is a RefParameter without a condition.
2025-06-17 00:18:04,298 [WARN] IP:2250 - TimeFormat not found: check if there is a RefParameter without a condition.
2025-06-17 00:18:04,298 [WARN] IP:2250 - DayLightSaving not found: check if there is a RefParameter without a condition.
2025-06-17 00:18:04,298 [WARN] IP:2250 - StoreOperation not found: check if there is a RefParameter without a condition.
2025-06-17 00:18:04,299 [WARN] IP:2250 - WeekDay not found: check if there is a RefParameter without a condition.
2025-06-17 00:18:04,299 [WARN] IP:2250 - Month not found: check if there is a RefParameter without a condition.
2025-06-17 00:18:04,300 [WARN] IP:2250 - Date not found: check if there is a RefParameter without a condition.
2025-06-17 00:18:04,300 [WARN] IP:2250 - Year not found: check if there is a RefParameter without a condition.
2025-06-17 00:18:06,157 [INFO] Middleware:1452 - No code input for Bsp Dependency
2025-06-17 00:18:06,191 [INFO] CodeEngine:263 - oldGeneratedFile, D:\Projects\LoRa_SOM\RAK3172\Load_Balancer\MXTmpFiles\rtos_inc.tmp_save
2025-06-17 00:18:06,625 [INFO] CodeEngine:287 - Generated code: D:\Projects\LoRa_SOM\RAK3172\Load_Balancer\MXTmpFiles\rtos_inc.tmp
2025-06-17 00:18:06,634 [INFO] CodeEngine:263 - oldGeneratedFile, D:\Projects\LoRa_SOM\RAK3172\Load_Balancer\MXTmpFiles\rtos_kernelInit.tmp_save
2025-06-17 00:18:06,868 [INFO] CodeEngine:287 - Generated code: D:\Projects\LoRa_SOM\RAK3172\Load_Balancer\MXTmpFiles\rtos_kernelInit.tmp
2025-06-17 00:18:06,879 [INFO] CodeEngine:263 - oldGeneratedFile, D:\Projects\LoRa_SOM\RAK3172\Load_Balancer\MXTmpFiles\rtos_kernelStart.tmp_save
2025-06-17 00:18:07,023 [INFO] CodeEngine:287 - Generated code: D:\Projects\LoRa_SOM\RAK3172\Load_Balancer\MXTmpFiles\rtos_kernelStart.tmp
2025-06-17 00:18:07,028 [INFO] CodeEngine:263 - oldGeneratedFile, D:\Projects\LoRa_SOM\RAK3172\Load_Balancer\MXTmpFiles\rtos_typedefs.tmp_save
2025-06-17 00:18:07,158 [INFO] CodeEngine:287 - Generated code: D:\Projects\LoRa_SOM\RAK3172\Load_Balancer\MXTmpFiles\rtos_typedefs.tmp
2025-06-17 00:18:07,163 [INFO] CodeEngine:263 - oldGeneratedFile, D:\Projects\LoRa_SOM\RAK3172\Load_Balancer\MXTmpFiles\rtos_vars.tmp_save
2025-06-17 00:18:07,374 [INFO] CodeEngine:287 - Generated code: D:\Projects\LoRa_SOM\RAK3172\Load_Balancer\MXTmpFiles\rtos_vars.tmp
2025-06-17 00:18:07,384 [INFO] CodeEngine:263 - oldGeneratedFile, D:\Projects\LoRa_SOM\RAK3172\Load_Balancer\MXTmpFiles\rtos_pfp.tmp_save
2025-06-17 00:18:07,532 [INFO] CodeEngine:287 - Generated code: D:\Projects\LoRa_SOM\RAK3172\Load_Balancer\MXTmpFiles\rtos_pfp.tmp
2025-06-17 00:18:07,542 [INFO] CodeEngine:263 - oldGeneratedFile, D:\Projects\LoRa_SOM\RAK3172\Load_Balancer\MXTmpFiles\rtos_obj_creat.tmp_save
2025-06-17 00:18:07,831 [INFO] CodeEngine:287 - Generated code: D:\Projects\LoRa_SOM\RAK3172\Load_Balancer\MXTmpFiles\rtos_obj_creat.tmp
2025-06-17 00:18:07,844 [INFO] CodeEngine:263 - oldGeneratedFile, D:\Projects\LoRa_SOM\RAK3172\Load_Balancer\MXTmpFiles\rtos_default_thread.tmp_save
2025-06-17 00:18:08,052 [INFO] CodeEngine:287 - Generated code: D:\Projects\LoRa_SOM\RAK3172\Load_Balancer\MXTmpFiles\rtos_default_thread.tmp
2025-06-17 00:18:08,062 [INFO] CodeEngine:263 - oldGeneratedFile, D:\Projects\LoRa_SOM\RAK3172\Load_Balancer\MXTmpFiles\rtos_threads.tmp_save
2025-06-17 00:18:08,242 [INFO] CodeEngine:287 - Generated code: D:\Projects\LoRa_SOM\RAK3172\Load_Balancer\MXTmpFiles\rtos_threads.tmp
2025-06-17 00:18:08,341 [INFO] CodeEngine:263 - oldGeneratedFile, D:\Projects\LoRa_SOM\RAK3172\Load_Balancer\MXTmpFiles\RTOS_variables_SubGHz_Phy.tmp_save
2025-06-17 00:18:08,890 [INFO] CodeEngine:287 - Generated code: D:\Projects\LoRa_SOM\RAK3172\Load_Balancer\MXTmpFiles\RTOS_variables_SubGHz_Phy.tmp
2025-06-17 00:18:08,896 [INFO] CodeEngine:263 - oldGeneratedFile, D:\Projects\LoRa_SOM\RAK3172\Load_Balancer\MXTmpFiles\RTOS_pool_create_SubGHz_Phy.tmp_save
2025-06-17 00:18:09,023 [INFO] CodeEngine:287 - Generated code: D:\Projects\LoRa_SOM\RAK3172\Load_Balancer\MXTmpFiles\RTOS_pool_create_SubGHz_Phy.tmp
2025-06-17 00:18:09,032 [INFO] CodeEngine:263 - oldGeneratedFile, D:\Projects\LoRa_SOM\RAK3172\Load_Balancer\MXTmpFiles\RTOS_defines_SubGHz_Phy.tmp_save
2025-06-17 00:18:09,185 [INFO] CodeEngine:287 - Generated code: D:\Projects\LoRa_SOM\RAK3172\Load_Balancer\MXTmpFiles\RTOS_defines_SubGHz_Phy.tmp
2025-06-17 00:18:09,263 [INFO] Middleware:1452 - No code input for Bsp Dependency
2025-06-17 00:18:09,292 [INFO] CodeEngine:263 - oldGeneratedFile, D:\Projects\LoRa_SOM\RAK3172\Load_Balancer\MXTmpFiles\rtos_inc.tmp_save
2025-06-17 00:18:09,601 [INFO] CodeEngine:287 - Generated code: D:\Projects\LoRa_SOM\RAK3172\Load_Balancer\MXTmpFiles\rtos_inc.tmp
2025-06-17 00:18:09,612 [INFO] CodeEngine:263 - oldGeneratedFile, D:\Projects\LoRa_SOM\RAK3172\Load_Balancer\MXTmpFiles\rtos_kernelInit.tmp_save
2025-06-17 00:18:09,874 [INFO] CodeEngine:287 - Generated code: D:\Projects\LoRa_SOM\RAK3172\Load_Balancer\MXTmpFiles\rtos_kernelInit.tmp
2025-06-17 00:18:09,893 [INFO] CodeEngine:263 - oldGeneratedFile, D:\Projects\LoRa_SOM\RAK3172\Load_Balancer\MXTmpFiles\rtos_kernelStart.tmp_save
2025-06-17 00:18:10,235 [INFO] CodeEngine:287 - Generated code: D:\Projects\LoRa_SOM\RAK3172\Load_Balancer\MXTmpFiles\rtos_kernelStart.tmp
2025-06-17 00:18:10,256 [INFO] CodeEngine:263 - oldGeneratedFile, D:\Projects\LoRa_SOM\RAK3172\Load_Balancer\MXTmpFiles\rtos_typedefs.tmp_save
2025-06-17 00:18:10,609 [INFO] CodeEngine:287 - Generated code: D:\Projects\LoRa_SOM\RAK3172\Load_Balancer\MXTmpFiles\rtos_typedefs.tmp
2025-06-17 00:18:10,659 [INFO] CodeEngine:263 - oldGeneratedFile, D:\Projects\LoRa_SOM\RAK3172\Load_Balancer\MXTmpFiles\rtos_vars.tmp_save
2025-06-17 00:18:10,856 [INFO] CodeEngine:287 - Generated code: D:\Projects\LoRa_SOM\RAK3172\Load_Balancer\MXTmpFiles\rtos_vars.tmp
2025-06-17 00:18:10,873 [INFO] CodeEngine:263 - oldGeneratedFile, D:\Projects\LoRa_SOM\RAK3172\Load_Balancer\MXTmpFiles\rtos_pfp.tmp_save
2025-06-17 00:18:11,043 [INFO] CodeEngine:287 - Generated code: D:\Projects\LoRa_SOM\RAK3172\Load_Balancer\MXTmpFiles\rtos_pfp.tmp
2025-06-17 00:18:11,080 [INFO] CodeEngine:263 - oldGeneratedFile, D:\Projects\LoRa_SOM\RAK3172\Load_Balancer\MXTmpFiles\rtos_obj_creat.tmp_save
2025-06-17 00:18:11,274 [INFO] CodeEngine:287 - Generated code: D:\Projects\LoRa_SOM\RAK3172\Load_Balancer\MXTmpFiles\rtos_obj_creat.tmp
2025-06-17 00:18:11,283 [INFO] CodeEngine:263 - oldGeneratedFile, D:\Projects\LoRa_SOM\RAK3172\Load_Balancer\MXTmpFiles\rtos_default_thread.tmp_save
2025-06-17 00:18:11,466 [INFO] CodeEngine:287 - Generated code: D:\Projects\LoRa_SOM\RAK3172\Load_Balancer\MXTmpFiles\rtos_default_thread.tmp
2025-06-17 00:18:11,479 [INFO] CodeEngine:263 - oldGeneratedFile, D:\Projects\LoRa_SOM\RAK3172\Load_Balancer\MXTmpFiles\rtos_threads.tmp_save
2025-06-17 00:18:11,673 [INFO] CodeEngine:287 - Generated code: D:\Projects\LoRa_SOM\RAK3172\Load_Balancer\MXTmpFiles\rtos_threads.tmp
2025-06-17 00:18:11,722 [INFO] CodeEngine:263 - oldGeneratedFile, D:\Projects\LoRa_SOM\RAK3172\Load_Balancer\Core\Inc\FreeRTOSConfig.h_save
2025-06-17 00:18:12,063 [INFO] CodeEngine:287 - Generated code: D:\Projects\LoRa_SOM\RAK3172\Load_Balancer\Core\Inc\FreeRTOSConfig.h
2025-06-17 00:18:12,113 [INFO] CodeEngine:263 - oldGeneratedFile, D:\Projects\LoRa_SOM\RAK3172\Load_Balancer\Core\Src\app_freertos.c_save
2025-06-17 00:18:12,699 [INFO] CodeEngine:287 - Generated code: D:\Projects\LoRa_SOM\RAK3172\Load_Balancer\Core\Src\app_freertos.c
2025-06-17 00:18:12,946 [INFO] CodeEngine:263 - oldGeneratedFile, D:\Projects\LoRa_SOM\RAK3172\Load_Balancer\Core\Src\dma.c_save
2025-06-17 00:18:13,447 [INFO] CodeEngine:287 - Generated code: D:\Projects\LoRa_SOM\RAK3172\Load_Balancer\Core\Src\dma.c
2025-06-17 00:18:13,466 [INFO] CodeEngine:263 - oldGeneratedFile, D:\Projects\LoRa_SOM\RAK3172\Load_Balancer\Core\Inc\dma.h_save
2025-06-17 00:18:13,835 [INFO] CodeEngine:287 - Generated code: D:\Projects\LoRa_SOM\RAK3172\Load_Balancer\Core\Inc\dma.h
2025-06-17 00:18:13,951 [INFO] CodeEngine:263 - oldGeneratedFile, D:\Projects\LoRa_SOM\RAK3172\Load_Balancer\Core\Src\rtc.c_save
2025-06-17 00:18:14,886 [INFO] CodeEngine:287 - Generated code: D:\Projects\LoRa_SOM\RAK3172\Load_Balancer\Core\Src\rtc.c
2025-06-17 00:18:14,914 [INFO] CodeEngine:263 - oldGeneratedFile, D:\Projects\LoRa_SOM\RAK3172\Load_Balancer\Core\Inc\rtc.h_save
2025-06-17 00:18:15,483 [INFO] CodeEngine:287 - Generated code: D:\Projects\LoRa_SOM\RAK3172\Load_Balancer\Core\Inc\rtc.h
2025-06-17 00:18:15,649 [INFO] CodeEngine:263 - oldGeneratedFile, D:\Projects\LoRa_SOM\RAK3172\Load_Balancer\Core\Src\spi.c_save
2025-06-17 00:18:16,311 [INFO] CodeEngine:287 - Generated code: D:\Projects\LoRa_SOM\RAK3172\Load_Balancer\Core\Src\spi.c
2025-06-17 00:18:16,328 [INFO] CodeEngine:263 - oldGeneratedFile, D:\Projects\LoRa_SOM\RAK3172\Load_Balancer\Core\Inc\spi.h_save
2025-06-17 00:18:16,679 [INFO] CodeEngine:287 - Generated code: D:\Projects\LoRa_SOM\RAK3172\Load_Balancer\Core\Inc\spi.h
2025-06-17 00:18:16,766 [INFO] CodeEngine:263 - oldGeneratedFile, D:\Projects\LoRa_SOM\RAK3172\Load_Balancer\Core\Src\subghz.c_save
2025-06-17 00:18:17,438 [INFO] CodeEngine:287 - Generated code: D:\Projects\LoRa_SOM\RAK3172\Load_Balancer\Core\Src\subghz.c
2025-06-17 00:18:17,451 [INFO] CodeEngine:263 - oldGeneratedFile, D:\Projects\LoRa_SOM\RAK3172\Load_Balancer\Core\Inc\subghz.h_save
2025-06-17 00:18:17,677 [INFO] CodeEngine:287 - Generated code: D:\Projects\LoRa_SOM\RAK3172\Load_Balancer\Core\Inc\subghz.h
2025-06-17 00:18:17,748 [INFO] CodeEngine:263 - oldGeneratedFile, D:\Projects\LoRa_SOM\RAK3172\Load_Balancer\Core\Inc\platform.h_save
2025-06-17 00:18:18,070 [INFO] CodeEngine:287 - Generated code: D:\Projects\LoRa_SOM\RAK3172\Load_Balancer\Core\Inc\platform.h
2025-06-17 00:18:18,082 [INFO] CodeEngine:263 - oldGeneratedFile, D:\Projects\LoRa_SOM\RAK3172\Load_Balancer\Core\Inc\stm32_lpm_if.h_save
2025-06-17 00:18:18,228 [INFO] CodeEngine:287 - Generated code: D:\Projects\LoRa_SOM\RAK3172\Load_Balancer\Core\Inc\stm32_lpm_if.h
2025-06-17 00:18:18,237 [INFO] CodeEngine:263 - oldGeneratedFile, D:\Projects\LoRa_SOM\RAK3172\Load_Balancer\Core\Inc\sys_app.h_save
2025-06-17 00:18:18,380 [INFO] CodeEngine:287 - Generated code: D:\Projects\LoRa_SOM\RAK3172\Load_Balancer\Core\Inc\sys_app.h
2025-06-17 00:18:18,412 [INFO] CodeEngine:263 - oldGeneratedFile, D:\Projects\LoRa_SOM\RAK3172\Load_Balancer\Core\Inc\sys_conf.h_save
2025-06-17 00:18:18,584 [INFO] CodeEngine:287 - Generated code: D:\Projects\LoRa_SOM\RAK3172\Load_Balancer\Core\Inc\sys_conf.h
2025-06-17 00:18:18,598 [INFO] CodeEngine:263 - oldGeneratedFile, D:\Projects\LoRa_SOM\RAK3172\Load_Balancer\Core\Inc\sys_debug.h_save
2025-06-17 00:18:18,757 [INFO] CodeEngine:287 - Generated code: D:\Projects\LoRa_SOM\RAK3172\Load_Balancer\Core\Inc\sys_debug.h
2025-06-17 00:18:18,795 [INFO] CodeEngine:263 - oldGeneratedFile, D:\Projects\LoRa_SOM\RAK3172\Load_Balancer\Core\Inc\utilities_conf.h_save
2025-06-17 00:18:18,977 [INFO] CodeEngine:287 - Generated code: D:\Projects\LoRa_SOM\RAK3172\Load_Balancer\Core\Inc\utilities_conf.h
2025-06-17 00:18:19,013 [INFO] CodeEngine:263 - oldGeneratedFile, D:\Projects\LoRa_SOM\RAK3172\Load_Balancer\Core\Inc\utilities_def.h_save
2025-06-17 00:18:19,177 [INFO] CodeEngine:287 - Generated code: D:\Projects\LoRa_SOM\RAK3172\Load_Balancer\Core\Inc\utilities_def.h
2025-06-17 00:18:19,189 [INFO] CodeEngine:263 - oldGeneratedFile, D:\Projects\LoRa_SOM\RAK3172\Load_Balancer\Core\Inc\stm32wlxx_nucleo_conf.h_save
2025-06-17 00:18:19,462 [INFO] CodeEngine:287 - Generated code: D:\Projects\LoRa_SOM\RAK3172\Load_Balancer\Core\Inc\stm32wlxx_nucleo_conf.h
2025-06-17 00:18:19,477 [INFO] CodeEngine:263 - oldGeneratedFile, D:\Projects\LoRa_SOM\RAK3172\Load_Balancer\Core\Src\stm32_lpm_if.c_save
2025-06-17 00:18:19,659 [INFO] CodeEngine:287 - Generated code: D:\Projects\LoRa_SOM\RAK3172\Load_Balancer\Core\Src\stm32_lpm_if.c
2025-06-17 00:18:19,703 [INFO] CodeEngine:263 - oldGeneratedFile, D:\Projects\LoRa_SOM\RAK3172\Load_Balancer\Core\Src\sys_app.c_save
2025-06-17 00:18:19,877 [INFO] CodeEngine:287 - Generated code: D:\Projects\LoRa_SOM\RAK3172\Load_Balancer\Core\Src\sys_app.c
2025-06-17 00:18:19,915 [INFO] CodeEngine:263 - oldGeneratedFile, D:\Projects\LoRa_SOM\RAK3172\Load_Balancer\Core\Src\sys_debug.c_save
2025-06-17 00:18:20,078 [INFO] CodeEngine:287 - Generated code: D:\Projects\LoRa_SOM\RAK3172\Load_Balancer\Core\Src\sys_debug.c
2025-06-17 00:18:20,092 [INFO] CodeEngine:263 - oldGeneratedFile, D:\Projects\LoRa_SOM\RAK3172\Load_Balancer\SubGHz_Phy\App\app_subghz_phy.c_save
2025-06-17 00:18:20,268 [INFO] CodeEngine:287 - Generated code: D:\Projects\LoRa_SOM\RAK3172\Load_Balancer\SubGHz_Phy\App\app_subghz_phy.c
2025-06-17 00:18:20,280 [INFO] CodeEngine:263 - oldGeneratedFile, D:\Projects\LoRa_SOM\RAK3172\Load_Balancer\SubGHz_Phy\App\app_subghz_phy.h_save
2025-06-17 00:18:20,438 [INFO] CodeEngine:287 - Generated code: D:\Projects\LoRa_SOM\RAK3172\Load_Balancer\SubGHz_Phy\App\app_subghz_phy.h
2025-06-17 00:18:20,473 [INFO] CodeEngine:263 - oldGeneratedFile, D:\Projects\LoRa_SOM\RAK3172\Load_Balancer\SubGHz_Phy\App\subghz_phy_app.c_save
2025-06-17 00:18:20,667 [INFO] CodeEngine:287 - Generated code: D:\Projects\LoRa_SOM\RAK3172\Load_Balancer\SubGHz_Phy\App\subghz_phy_app.c
2025-06-17 00:18:20,700 [INFO] CodeEngine:263 - oldGeneratedFile, D:\Projects\LoRa_SOM\RAK3172\Load_Balancer\SubGHz_Phy\App\subghz_phy_app.h_save
2025-06-17 00:18:20,950 [INFO] CodeEngine:287 - Generated code: D:\Projects\LoRa_SOM\RAK3172\Load_Balancer\SubGHz_Phy\App\subghz_phy_app.h
2025-06-17 00:18:20,961 [INFO] CodeEngine:263 - oldGeneratedFile, D:\Projects\LoRa_SOM\RAK3172\Load_Balancer\SubGHz_Phy\App\app_version.h_save
2025-06-17 00:18:21,191 [INFO] CodeEngine:287 - Generated code: D:\Projects\LoRa_SOM\RAK3172\Load_Balancer\SubGHz_Phy\App\app_version.h
2025-06-17 00:18:21,202 [INFO] CodeEngine:263 - oldGeneratedFile, D:\Projects\LoRa_SOM\RAK3172\Load_Balancer\SubGHz_Phy\Target\mw_log_conf.h_save
2025-06-17 00:18:21,358 [INFO] CodeEngine:287 - Generated code: D:\Projects\LoRa_SOM\RAK3172\Load_Balancer\SubGHz_Phy\Target\mw_log_conf.h
2025-06-17 00:18:21,394 [INFO] CodeEngine:263 - oldGeneratedFile, D:\Projects\LoRa_SOM\RAK3172\Load_Balancer\SubGHz_Phy\Target\radio_board_if.c_save
2025-06-17 00:18:21,651 [INFO] CodeEngine:287 - Generated code: D:\Projects\LoRa_SOM\RAK3172\Load_Balancer\SubGHz_Phy\Target\radio_board_if.c
2025-06-17 00:18:21,681 [INFO] CodeEngine:263 - oldGeneratedFile, D:\Projects\LoRa_SOM\RAK3172\Load_Balancer\SubGHz_Phy\Target\radio_board_if.h_save
2025-06-17 00:18:21,826 [INFO] CodeEngine:287 - Generated code: D:\Projects\LoRa_SOM\RAK3172\Load_Balancer\SubGHz_Phy\Target\radio_board_if.h
2025-06-17 00:18:21,859 [INFO] CodeEngine:263 - oldGeneratedFile, D:\Projects\LoRa_SOM\RAK3172\Load_Balancer\SubGHz_Phy\Target\radio_conf.h_save
2025-06-17 00:18:22,031 [INFO] CodeEngine:287 - Generated code: D:\Projects\LoRa_SOM\RAK3172\Load_Balancer\SubGHz_Phy\Target\radio_conf.h
2025-06-17 00:18:22,042 [INFO] CodeEngine:263 - oldGeneratedFile, D:\Projects\LoRa_SOM\RAK3172\Load_Balancer\SubGHz_Phy\Target\timer.h_save
2025-06-17 00:18:22,195 [INFO] CodeEngine:287 - Generated code: D:\Projects\LoRa_SOM\RAK3172\Load_Balancer\SubGHz_Phy\Target\timer.h
2025-06-17 00:18:22,202 [INFO] CodeEngine:263 - oldGeneratedFile, D:\Projects\LoRa_SOM\RAK3172\Load_Balancer\Core\Inc\timer_if.h_save
2025-06-17 00:18:22,334 [INFO] CodeEngine:287 - Generated code: D:\Projects\LoRa_SOM\RAK3172\Load_Balancer\Core\Inc\timer_if.h
2025-06-17 00:18:22,363 [INFO] CodeEngine:263 - oldGeneratedFile, D:\Projects\LoRa_SOM\RAK3172\Load_Balancer\Core\Src\timer_if.c_save
2025-06-17 00:18:22,584 [INFO] CodeEngine:287 - Generated code: D:\Projects\LoRa_SOM\RAK3172\Load_Balancer\Core\Src\timer_if.c
2025-06-17 00:18:22,595 [INFO] CodeEngine:263 - oldGeneratedFile, D:\Projects\LoRa_SOM\RAK3172\Load_Balancer\MXTmpFiles\RTOS_variables_SubGHz_Phy.tmp_save
2025-06-17 00:18:22,715 [INFO] CodeEngine:287 - Generated code: D:\Projects\LoRa_SOM\RAK3172\Load_Balancer\MXTmpFiles\RTOS_variables_SubGHz_Phy.tmp
2025-06-17 00:18:22,725 [INFO] CodeEngine:263 - oldGeneratedFile, D:\Projects\LoRa_SOM\RAK3172\Load_Balancer\MXTmpFiles\RTOS_pool_create_SubGHz_Phy.tmp_save
2025-06-17 00:18:22,861 [INFO] CodeEngine:287 - Generated code: D:\Projects\LoRa_SOM\RAK3172\Load_Balancer\MXTmpFiles\RTOS_pool_create_SubGHz_Phy.tmp
2025-06-17 00:18:22,872 [INFO] CodeEngine:263 - oldGeneratedFile, D:\Projects\LoRa_SOM\RAK3172\Load_Balancer\MXTmpFiles\RTOS_defines_SubGHz_Phy.tmp_save
2025-06-17 00:18:22,993 [INFO] CodeEngine:287 - Generated code: D:\Projects\LoRa_SOM\RAK3172\Load_Balancer\MXTmpFiles\RTOS_defines_SubGHz_Phy.tmp
2025-06-17 00:18:23,003 [INFO] CodeEngine:263 - oldGeneratedFile, D:\Projects\LoRa_SOM\RAK3172\Load_Balancer\Core\Inc\usart_if.h_save
2025-06-17 00:18:23,133 [INFO] CodeEngine:287 - Generated code: D:\Projects\LoRa_SOM\RAK3172\Load_Balancer\Core\Inc\usart_if.h
2025-06-17 00:18:23,145 [INFO] CodeEngine:263 - oldGeneratedFile, D:\Projects\LoRa_SOM\RAK3172\Load_Balancer\Core\Src\usart_if.c_save
2025-06-17 00:18:23,277 [INFO] CodeEngine:287 - Generated code: D:\Projects\LoRa_SOM\RAK3172\Load_Balancer\Core\Src\usart_if.c
2025-06-17 00:18:23,330 [INFO] CodeEngine:263 - oldGeneratedFile, D:\Projects\LoRa_SOM\RAK3172\Load_Balancer\Core\Src\tim.c_save
2025-06-17 00:18:23,577 [INFO] CodeEngine:287 - Generated code: D:\Projects\LoRa_SOM\RAK3172\Load_Balancer\Core\Src\tim.c
2025-06-17 00:18:23,589 [INFO] CodeEngine:263 - oldGeneratedFile, D:\Projects\LoRa_SOM\RAK3172\Load_Balancer\Core\Inc\tim.h_save
2025-06-17 00:18:23,725 [INFO] CodeEngine:287 - Generated code: D:\Projects\LoRa_SOM\RAK3172\Load_Balancer\Core\Inc\tim.h
2025-06-17 00:18:23,782 [INFO] CodeEngine:263 - oldGeneratedFile, D:\Projects\LoRa_SOM\RAK3172\Load_Balancer\Core\Src\usart.c_save
2025-06-17 00:18:24,024 [INFO] CodeEngine:287 - Generated code: D:\Projects\LoRa_SOM\RAK3172\Load_Balancer\Core\Src\usart.c
2025-06-17 00:18:24,037 [INFO] CodeEngine:263 - oldGeneratedFile, D:\Projects\LoRa_SOM\RAK3172\Load_Balancer\Core\Inc\usart.h_save
2025-06-17 00:18:24,193 [INFO] CodeEngine:287 - Generated code: D:\Projects\LoRa_SOM\RAK3172\Load_Balancer\Core\Inc\usart.h
2025-06-17 00:18:24,258 [INFO] CodeEngine:263 - oldGeneratedFile, D:\Projects\LoRa_SOM\RAK3172\Load_Balancer\Core\Src\stm32wlxx_it.c_save
2025-06-17 00:18:24,495 [INFO] CodeEngine:287 - Generated code: D:\Projects\LoRa_SOM\RAK3172\Load_Balancer\Core\Src\stm32wlxx_it.c
2025-06-17 00:18:24,507 [INFO] CodeEngine:263 - oldGeneratedFile, D:\Projects\LoRa_SOM\RAK3172\Load_Balancer\Core\Inc\stm32wlxx_it.h_save
2025-06-17 00:18:24,662 [INFO] CodeEngine:287 - Generated code: D:\Projects\LoRa_SOM\RAK3172\Load_Balancer\Core\Inc\stm32wlxx_it.h
2025-06-17 00:18:25,132 [INFO] CodeEngine:263 - oldGeneratedFile, D:\Projects\LoRa_SOM\RAK3172\Load_Balancer\Core\Src\stm32wlxx_hal_msp.c_save
2025-06-17 00:18:25,637 [INFO] CodeEngine:287 - Generated code: D:\Projects\LoRa_SOM\RAK3172\Load_Balancer\Core\Src\stm32wlxx_hal_msp.c
2025-06-17 00:18:25,644 [INFO] CodeEngine:263 - oldGeneratedFile, D:\Projects\LoRa_SOM\RAK3172\Load_Balancer\MXTmpFiles\system.tmp_save
2025-06-17 00:18:25,781 [INFO] CodeEngine:287 - Generated code: D:\Projects\LoRa_SOM\RAK3172\Load_Balancer\MXTmpFiles\system.tmp
2025-06-17 00:18:25,862 [INFO] CodeEngine:319 - oldGeneratedFile, D:\Projects\LoRa_SOM\RAK3172\Load_Balancer\Core\Inc\stm32wlxx_hal_conf.h_save
2025-06-17 00:18:26,156 [INFO] CodeEngine:343 - Generated code: D:\Projects\LoRa_SOM\RAK3172\Load_Balancer\Core\Inc\stm32wlxx_hal_conf.h
2025-06-17 00:18:26,332 [INFO] CodeEngine:263 - oldGeneratedFile, D:\Projects\LoRa_SOM\RAK3172\Load_Balancer\Core\Inc\main.h_save
2025-06-17 00:18:26,561 [INFO] CodeEngine:287 - Generated code: D:\Projects\LoRa_SOM\RAK3172\Load_Balancer\Core\Inc\main.h
2025-06-17 00:18:26,600 [INFO] CodeEngine:263 - oldGeneratedFile, D:\Projects\LoRa_SOM\RAK3172\Load_Balancer\Core\Src\main.c_save
2025-06-17 00:18:26,857 [INFO] CodeEngine:287 - Generated code: D:\Projects\LoRa_SOM\RAK3172\Load_Balancer\Core\Src\main.c
2025-06-17 00:18:30,225 [INFO] ProjectBuilder:3324 - Time for Copy HAL[1] : 2081mS.
2025-06-17 00:18:30,277 [INFO] ProjectBuilder:4912 - Project Generator version: 4.6.0-B36
2025-06-17 00:18:31,000 [INFO] ConfigFileManager:1590 - The Die is : DIE497
2025-06-17 00:18:38,849 [INFO] ProjectBuilder:5191 - Time for Generating toolchain IDE Files: 8571mS.
2025-06-17 00:18:38,852 [INFO] ProjectBuilder:3181 - Time for Copy CMSIS : 1mS.
2025-06-17 00:18:38,870 [INFO] ProjectBuilder:3181 - Time for Copy CMSIS : 0mS.
