14:40:50 **** Incremental Build of configuration Debug for project rak_ping_pong ****
make -j8 all 
arm-none-eabi-gcc "../SubGHz_Phy/Target/radio_board_if.c" -mcpu=cortex-m4 -std=gnu11 -g3 -DDEBUG -DCORE_CM4 -DUSE_HAL_DRIVER -DSTM32WLE5xx -c -I../Core/Inc -I../SubGHz_Phy/App -I../SubGHz_Phy/Target -I../Utilities/trace/adv_trace -I../Drivers/STM32WLxx_HAL_Driver/Inc -I../Drivers/STM32WLxx_HAL_Driver/Inc/Legacy -I../Utilities/misc -I../Utilities/sequencer -I../Utilities/timer -I../Utilities/lpm/tiny_lpm -I../Drivers/CMSIS/Device/ST/STM32WLxx/Include -I../Middlewares/Third_Party/SubGHz_Phy -I../Middlewares/Third_Party/SubGHz_Phy/stm32_radio_driver -I../Drivers/CMSIS/Include -O0 -ffunction-sections -fdata-sections -Wall -fstack-usage -fcyclomatic-complexity -MMD -MP -MF"SubGHz_Phy/Target/radio_board_if.d" -MT"SubGHz_Phy/Target/radio_board_if.o" --specs=nano.specs -mfloat-abi=soft -mthumb -o "SubGHz_Phy/Target/radio_board_if.o"
arm-none-eabi-gcc "../SubGHz_Phy/App/subghz_phy_app.c" -mcpu=cortex-m4 -std=gnu11 -g3 -DDEBUG -DCORE_CM4 -DUSE_HAL_DRIVER -DSTM32WLE5xx -c -I../Core/Inc -I../SubGHz_Phy/App -I../SubGHz_Phy/Target -I../Utilities/trace/adv_trace -I../Drivers/STM32WLxx_HAL_Driver/Inc -I../Drivers/STM32WLxx_HAL_Driver/Inc/Legacy -I../Utilities/misc -I../Utilities/sequencer -I../Utilities/timer -I../Utilities/lpm/tiny_lpm -I../Drivers/CMSIS/Device/ST/STM32WLxx/Include -I../Middlewares/Third_Party/SubGHz_Phy -I../Middlewares/Third_Party/SubGHz_Phy/stm32_radio_driver -I../Drivers/CMSIS/Include -O0 -ffunction-sections -fdata-sections -Wall -fstack-usage -fcyclomatic-complexity -MMD -MP -MF"SubGHz_Phy/App/subghz_phy_app.d" -MT"SubGHz_Phy/App/subghz_phy_app.o" --specs=nano.specs -mfloat-abi=soft -mthumb -o "SubGHz_Phy/App/subghz_phy_app.o"
arm-none-eabi-gcc "../Middlewares/Third_Party/SubGHz_Phy/stm32_radio_driver/radio.c" -mcpu=cortex-m4 -std=gnu11 -g3 -DDEBUG -DCORE_CM4 -DUSE_HAL_DRIVER -DSTM32WLE5xx -c -I../Core/Inc -I../SubGHz_Phy/App -I../SubGHz_Phy/Target -I../Utilities/trace/adv_trace -I../Drivers/STM32WLxx_HAL_Driver/Inc -I../Drivers/STM32WLxx_HAL_Driver/Inc/Legacy -I../Utilities/misc -I../Utilities/sequencer -I../Utilities/timer -I../Utilities/lpm/tiny_lpm -I../Drivers/CMSIS/Device/ST/STM32WLxx/Include -I../Middlewares/Third_Party/SubGHz_Phy -I../Middlewares/Third_Party/SubGHz_Phy/stm32_radio_driver -I../Drivers/CMSIS/Include -O0 -ffunction-sections -fdata-sections -Wall -fstack-usage -fcyclomatic-complexity -MMD -MP -MF"Middlewares/Third_Party/SubGHz_Phy/stm32_radio_driver/radio.d" -MT"Middlewares/Third_Party/SubGHz_Phy/stm32_radio_driver/radio.o" --specs=nano.specs -mfloat-abi=soft -mthumb -o "Middlewares/Third_Party/SubGHz_Phy/stm32_radio_driver/radio.o"
arm-none-eabi-gcc "../Middlewares/Third_Party/SubGHz_Phy/stm32_radio_driver/radio_driver.c" -mcpu=cortex-m4 -std=gnu11 -g3 -DDEBUG -DCORE_CM4 -DUSE_HAL_DRIVER -DSTM32WLE5xx -c -I../Core/Inc -I../SubGHz_Phy/App -I../SubGHz_Phy/Target -I../Utilities/trace/adv_trace -I../Drivers/STM32WLxx_HAL_Driver/Inc -I../Drivers/STM32WLxx_HAL_Driver/Inc/Legacy -I../Utilities/misc -I../Utilities/sequencer -I../Utilities/timer -I../Utilities/lpm/tiny_lpm -I../Drivers/CMSIS/Device/ST/STM32WLxx/Include -I../Middlewares/Third_Party/SubGHz_Phy -I../Middlewares/Third_Party/SubGHz_Phy/stm32_radio_driver -I../Drivers/CMSIS/Include -O0 -ffunction-sections -fdata-sections -Wall -fstack-usage -fcyclomatic-complexity -MMD -MP -MF"Middlewares/Third_Party/SubGHz_Phy/stm32_radio_driver/radio_driver.d" -MT"Middlewares/Third_Party/SubGHz_Phy/stm32_radio_driver/radio_driver.o" --specs=nano.specs -mfloat-abi=soft -mthumb -o "Middlewares/Third_Party/SubGHz_Phy/stm32_radio_driver/radio_driver.o"
arm-none-eabi-gcc "../Middlewares/Third_Party/SubGHz_Phy/stm32_radio_driver/radio_fw.c" -mcpu=cortex-m4 -std=gnu11 -g3 -DDEBUG -DCORE_CM4 -DUSE_HAL_DRIVER -DSTM32WLE5xx -c -I../Core/Inc -I../SubGHz_Phy/App -I../SubGHz_Phy/Target -I../Utilities/trace/adv_trace -I../Drivers/STM32WLxx_HAL_Driver/Inc -I../Drivers/STM32WLxx_HAL_Driver/Inc/Legacy -I../Utilities/misc -I../Utilities/sequencer -I../Utilities/timer -I../Utilities/lpm/tiny_lpm -I../Drivers/CMSIS/Device/ST/STM32WLxx/Include -I../Middlewares/Third_Party/SubGHz_Phy -I../Middlewares/Third_Party/SubGHz_Phy/stm32_radio_driver -I../Drivers/CMSIS/Include -O0 -ffunction-sections -fdata-sections -Wall -fstack-usage -fcyclomatic-complexity -MMD -MP -MF"Middlewares/Third_Party/SubGHz_Phy/stm32_radio_driver/radio_fw.d" -MT"Middlewares/Third_Party/SubGHz_Phy/stm32_radio_driver/radio_fw.o" --specs=nano.specs -mfloat-abi=soft -mthumb -o "Middlewares/Third_Party/SubGHz_Phy/stm32_radio_driver/radio_fw.o"
arm-none-eabi-gcc "../Middlewares/Third_Party/SubGHz_Phy/stm32_radio_driver/wl_lr_fhss.c" -mcpu=cortex-m4 -std=gnu11 -g3 -DDEBUG -DCORE_CM4 -DUSE_HAL_DRIVER -DSTM32WLE5xx -c -I../Core/Inc -I../SubGHz_Phy/App -I../SubGHz_Phy/Target -I../Utilities/trace/adv_trace -I../Drivers/STM32WLxx_HAL_Driver/Inc -I../Drivers/STM32WLxx_HAL_Driver/Inc/Legacy -I../Utilities/misc -I../Utilities/sequencer -I../Utilities/timer -I../Utilities/lpm/tiny_lpm -I../Drivers/CMSIS/Device/ST/STM32WLxx/Include -I../Middlewares/Third_Party/SubGHz_Phy -I../Middlewares/Third_Party/SubGHz_Phy/stm32_radio_driver -I../Drivers/CMSIS/Include -O0 -ffunction-sections -fdata-sections -Wall -fstack-usage -fcyclomatic-complexity -MMD -MP -MF"Middlewares/Third_Party/SubGHz_Phy/stm32_radio_driver/wl_lr_fhss.d" -MT"Middlewares/Third_Party/SubGHz_Phy/stm32_radio_driver/wl_lr_fhss.o" --specs=nano.specs -mfloat-abi=soft -mthumb -o "Middlewares/Third_Party/SubGHz_Phy/stm32_radio_driver/wl_lr_fhss.o"
arm-none-eabi-gcc "../Drivers/STM32WLxx_HAL_Driver/Src/stm32wlxx_hal_rcc.c" -mcpu=cortex-m4 -std=gnu11 -g3 -DDEBUG -DCORE_CM4 -DUSE_HAL_DRIVER -DSTM32WLE5xx -c -I../Core/Inc -I../SubGHz_Phy/App -I../SubGHz_Phy/Target -I../Utilities/trace/adv_trace -I../Drivers/STM32WLxx_HAL_Driver/Inc -I../Drivers/STM32WLxx_HAL_Driver/Inc/Legacy -I../Utilities/misc -I../Utilities/sequencer -I../Utilities/timer -I../Utilities/lpm/tiny_lpm -I../Drivers/CMSIS/Device/ST/STM32WLxx/Include -I../Middlewares/Third_Party/SubGHz_Phy -I../Middlewares/Third_Party/SubGHz_Phy/stm32_radio_driver -I../Drivers/CMSIS/Include -O0 -ffunction-sections -fdata-sections -Wall -fstack-usage -fcyclomatic-complexity -MMD -MP -MF"Drivers/STM32WLxx_HAL_Driver/Src/stm32wlxx_hal_rcc.d" -MT"Drivers/STM32WLxx_HAL_Driver/Src/stm32wlxx_hal_rcc.o" --specs=nano.specs -mfloat-abi=soft -mthumb -o "Drivers/STM32WLxx_HAL_Driver/Src/stm32wlxx_hal_rcc.o"
arm-none-eabi-gcc "../Drivers/STM32WLxx_HAL_Driver/Src/stm32wlxx_hal_rcc_ex.c" -mcpu=cortex-m4 -std=gnu11 -g3 -DDEBUG -DCORE_CM4 -DUSE_HAL_DRIVER -DSTM32WLE5xx -c -I../Core/Inc -I../SubGHz_Phy/App -I../SubGHz_Phy/Target -I../Utilities/trace/adv_trace -I../Drivers/STM32WLxx_HAL_Driver/Inc -I../Drivers/STM32WLxx_HAL_Driver/Inc/Legacy -I../Utilities/misc -I../Utilities/sequencer -I../Utilities/timer -I../Utilities/lpm/tiny_lpm -I../Drivers/CMSIS/Device/ST/STM32WLxx/Include -I../Middlewares/Third_Party/SubGHz_Phy -I../Middlewares/Third_Party/SubGHz_Phy/stm32_radio_driver -I../Drivers/CMSIS/Include -O0 -ffunction-sections -fdata-sections -Wall -fstack-usage -fcyclomatic-complexity -MMD -MP -MF"Drivers/STM32WLxx_HAL_Driver/Src/stm32wlxx_hal_rcc_ex.d" -MT"Drivers/STM32WLxx_HAL_Driver/Src/stm32wlxx_hal_rcc_ex.o" --specs=nano.specs -mfloat-abi=soft -mthumb -o "Drivers/STM32WLxx_HAL_Driver/Src/stm32wlxx_hal_rcc_ex.o"
In file included from ../SubGHz_Phy/Target/radio_conf.h:30,
                 from ../Middlewares/Third_Party/SubGHz_Phy/stm32_radio_driver/radio_fw.c:23:
../Core/Inc/platform.h:45:10: fatal error: stm32wlxx_nucleo_radio.h: No such file or directory
   45 | #include "stm32wlxx_nucleo_radio.h"
      |          ^~~~~~~~~~~~~~~~~~~~~~~~~~
In file included from ../SubGHz_Phy/Target/radio_conf.h:30,
                 from ../Middlewares/Third_Party/SubGHz_Phy/stm32_radio_driver/radio_driver.h:45,
                 from ../Middlewares/Third_Party/SubGHz_Phy/stm32_radio_driver/radio_driver.c:34:
../Core/Inc/platform.h:45:10: fatal error: stm32wlxx_nucleo_radio.h: No such file or directory
   45 | #include "stm32wlxx_nucleo_radio.h"
      |          ^~~~~~~~~~~~~~~~~~~~~~~~~~
In file included from ../SubGHz_Phy/Target/radio_conf.h:30,
                 from ../Middlewares/Third_Party/SubGHz_Phy/stm32_radio_driver/radio_driver.h:45,
                 from ../Middlewares/Third_Party/SubGHz_Phy/stm32_radio_driver/wl_lr_fhss.h:44,
                 from ../Middlewares/Third_Party/SubGHz_Phy/stm32_radio_driver/radio.c:36:
../Core/Inc/platform.h:45:10: fatal error: stm32wlxx_nucleo_radio.h: No such file or directory
   45 | #include "stm32wlxx_nucleo_radio.h"
      |          ^~~~~~~~~~~~~~~~~~~~~~~~~~
In file included from ../SubGHz_Phy/App/subghz_phy_app.c:22:
../Core/Inc/platform.h:45:10: fatal error: stm32wlxx_nucleo_radio.h: No such file or directory
   45 | #include "stm32wlxx_nucleo_radio.h"
      |          ^~~~~~~~~~~~~~~~~~~~~~~~~~
In file included from ../SubGHz_Phy/Target/radio_conf.h:30,
                 from ../Middlewares/Third_Party/SubGHz_Phy/stm32_radio_driver/radio_driver.h:45,
                 from ../Middlewares/Third_Party/SubGHz_Phy/stm32_radio_driver/wl_lr_fhss.h:44,
                 from ../Middlewares/Third_Party/SubGHz_Phy/stm32_radio_driver/wl_lr_fhss.c:39:
../Core/Inc/platform.h:45:10: fatal error: stm32wlxx_nucleo_radio.h: No such file or directory
   45 | #include "stm32wlxx_nucleo_radio.h"
      |          ^~~~~~~~~~~~~~~~~~~~~~~~~~
compilation terminated.
compilation terminated.
In file included from ../SubGHz_Phy/Target/radio_board_if.h:30,
                 from ../SubGHz_Phy/Target/radio_board_if.c:22:
../Core/Inc/platform.h:45:10: fatal error: stm32wlxx_nucleo_radio.h: No such file or directory
   45 | #include "stm32wlxx_nucleo_radio.h"
      |          ^~~~~~~~~~~~~~~~~~~~~~~~~~
compilation terminated.
compilation terminated.
compilation terminated.
compilation terminated.
make: *** [SubGHz_Phy/Target/subdir.mk:19: SubGHz_Phy/Target/radio_board_if.o] Error 1
make: *** Waiting for unfinished jobs....
make: *** [SubGHz_Phy/App/subdir.mk:22: SubGHz_Phy/App/subghz_phy_app.o] Error 1
make: *** [Middlewares/Third_Party/SubGHz_Phy/stm32_radio_driver/subdir.mk:31: Middlewares/Third_Party/SubGHz_Phy/stm32_radio_driver/radio_driver.o] Error 1
make: *** [Middlewares/Third_Party/SubGHz_Phy/stm32_radio_driver/subdir.mk:31: Middlewares/Third_Party/SubGHz_Phy/stm32_radio_driver/radio.o] Error 1
make: *** [Middlewares/Third_Party/SubGHz_Phy/stm32_radio_driver/subdir.mk:31: Middlewares/Third_Party/SubGHz_Phy/stm32_radio_driver/wl_lr_fhss.o] Error 1
make: *** [Middlewares/Third_Party/SubGHz_Phy/stm32_radio_driver/subdir.mk:31: Middlewares/Third_Party/SubGHz_Phy/stm32_radio_driver/radio_fw.o] Error 1
"make -j8 all" terminated with exit code 2. Build might be incomplete.

14:40:52 Build Failed. 13 errors, 0 warnings. (took 2s.430ms)

